2026-07-01 04:28:41 | INFO     | [main:<module>:12] - Arbitrator starting | exchanges=['mexc', 'bitget', 'gate', 'bingx'] ui_data_mode=live
2026-07-01 04:28:41 | INFO     | [arbitrator.presentation.fastapi_app:create:103] - FastAPI app created | title=Arbitrator host=127.0.0.1 port=8000 ui_data_mode=live
2026-07-01 04:28:41 | INFO     | [uvicorn.server:serve:79] - [uvicorn.error] Started server process [7444]
2026-07-01 04:28:41 | INFO     | [uvicorn.server:startup:105] - [uvicorn.error] Waiting for application startup.
2026-07-01 04:28:41 | INFO     | [arbitrator.application.app_runtime:_start_live_workers:81] - screener worker started | mode=live
2026-07-01 04:28:41 | INFO     | [arbitrator.application.app_runtime:_start_live_workers:110] - funding worker started | mode=live
2026-07-01 04:28:41 | INFO     | [arbitrator.application.app_runtime:_start_live_workers:114] - account worker started | mode=live
2026-07-01 04:28:41 | INFO     | [arbitrator.presentation.fastapi_app:lifespan:39] - app lifespan started | ui_data_mode=live
2026-07-01 04:28:41 | INFO     | [uvicorn.server:startup:105] - [uvicorn.error] Application startup complete.
2026-07-01 04:28:41 | INFO     | [arbitrator.application.symbol_universe_service:_filter:111] - Universe filtered | total=1213 after_min_exchanges=669 after_exclusions=668
2026-07-01 04:28:41 | INFO     | [arbitrator.application.screener_stream_worker:_discovery_phase:164] - Volume discovery started | symbols=668 threshold_usdt=50000.0 timeout_s=30.0
2026-07-01 04:28:41 | INFO     | [arbitrator.application.multi_exchange_watcher:_spawn_watchers:61] - Spawning watchers | exchanges=['mexc', 'bitget', 'gate', 'bingx'] symbols={'mexc': 545, 'bitget': 573, 'gate': 636, 'bingx': 466}
2026-07-01 04:28:41 | DEBUG    | [arbitrator.application.multi_exchange_watcher:_watch:81] - Watcher start | exchange=mexc symbols=545
2026-07-01 04:28:41 | INFO     | [arbitrator.application.account_stream_worker:_async_main:124] - Account stream spawned | exchanges=['mexc', 'bitget', 'gate', 'bingx']
2026-07-01 04:28:41 | INFO     | [starlette._exception_handler:sender:39] - [uvicorn.error] 127.0.0.1:52404 - "WebSocket /ws/screener" [accepted]
2026-07-01 04:28:41 | INFO     | [arbitrator.presentation.ws.screener_ws_handler:handle:35] - ws connected | endpoint=/ws/screener
2026-07-01 04:28:41 | DEBUG    | [arbitrator.application.strategy_table_service:refresh:75] - strategy recompute | changed=0 symbols=0
2026-07-01 04:28:41 | INFO     | [websockets.legacy.server:handler:161] - [uvicorn.error] connection open
2026-07-01 04:28:41 | INFO     | [starlette._exception_handler:sender:39] - [uvicorn.error] 127.0.0.1:52426 - "WebSocket /ws/orders" [accepted]
2026-07-01 04:28:41 | INFO     | [arbitrator.presentation.ws.orders_ws_handler:handle:26] - ws connected | endpoint=/ws/orders
2026-07-01 04:28:41 | INFO     | [websockets.legacy.server:handler:161] - [uvicorn.error] connection open
2026-07-01 04:28:41 | INFO     | [starlette._exception_handler:sender:39] - [uvicorn.error] 127.0.0.1:52427 - "WebSocket /ws/settings" [accepted]
2026-07-01 04:28:41 | INFO     | [arbitrator.presentation.ws.settings_ws_handler:handle:25] - ws connected | endpoint=/ws/settings
2026-07-01 04:28:41 | INFO     | [websockets.legacy.server:handler:161] - [uvicorn.error] connection open
2026-07-01 04:28:42 | INFO     | [arbitrator.exchanges.ccxt_base:_ensure_open:1336] - Exchange client opened | exchange=mexc
2026-07-01 04:28:42 | INFO     | [arbitrator.exchanges.ccxt_base:_ensure_open:1336] - Exchange client opened | exchange=mexc
2026-07-01 04:28:42 | DEBUG    | [arbitrator.application.multi_exchange_watcher:_watch:81] - Watcher start | exchange=bitget symbols=573
2026-07-01 04:28:42 | DEBUG    | [arbitrator.application.strategy_table_service:refresh:75] - strategy recompute | changed=0 symbols=0
2026-07-01 04:28:42 | INFO     | [arbitrator.exchanges.ccxt_base:_ensure_open:1336] - Exchange client opened | exchange=bitget
2026-07-01 04:28:42 | INFO     | [arbitrator.exchanges.ccxt_base:_ensure_open:1336] - Exchange client opened | exchange=bitget
2026-07-01 04:28:42 | DEBUG    | [arbitrator.application.multi_exchange_watcher:_watch:81] - Watcher start | exchange=gate symbols=636
2026-07-01 04:28:43 | INFO     | [arbitrator.exchanges.ccxt_base:_ensure_open:1336] - Exchange client opened | exchange=gate
2026-07-01 04:28:43 | INFO     | [arbitrator.exchanges.ccxt_base:_ensure_open:1336] - Exchange client opened | exchange=gate
2026-07-01 04:28:43 | DEBUG    | [arbitrator.application.multi_exchange_watcher:_watch:81] - Watcher start | exchange=bingx symbols=466
2026-07-01 04:28:43 | DEBUG    | [arbitrator.application.strategy_table_service:refresh:75] - strategy recompute | changed=0 symbols=0
2026-07-01 04:28:43 | INFO     | [arbitrator.exchanges.ccxt_base:_ensure_open:1336] - Exchange client opened | exchange=bingx
2026-07-01 04:28:43 | INFO     | [arbitrator.exchanges.ccxt_base:_ensure_open:1336] - Exchange client opened | exchange=bingx
2026-07-01 04:28:44 | DEBUG    | [arbitrator.application.strategy_table_service:refresh:75] - strategy recompute | changed=0 symbols=0
2026-07-01 04:28:45 | DEBUG    | [arbitrator.application.strategy_table_service:refresh:75] - strategy recompute | changed=0 symbols=0
2026-07-01 04:28:46 | DEBUG    | [arbitrator.application.strategy_table_service:refresh:75] - strategy recompute | changed=0 symbols=0
2026-07-01 04:28:47 | DEBUG    | [arbitrator.application.strategy_table_service:refresh:75] - strategy recompute | changed=0 symbols=0
2026-07-01 04:28:49 | DEBUG    | [arbitrator.application.strategy_table_service:refresh:75] - strategy recompute | changed=0 symbols=0
2026-07-01 04:28:50 | DEBUG    | [arbitrator.application.strategy_table_service:refresh:75] - strategy recompute | changed=0 symbols=0
2026-07-01 04:28:51 | DEBUG    | [arbitrator.application.strategy_table_service:refresh:75] - strategy recompute | changed=0 symbols=0
2026-07-01 04:28:52 | DEBUG    | [arbitrator.application.strategy_table_service:refresh:75] - strategy recompute | changed=0 symbols=0
2026-07-01 04:28:53 | DEBUG    | [arbitrator.application.strategy_table_service:refresh:75] - strategy recompute | changed=0 symbols=0
2026-07-01 04:28:54 | DEBUG    | [arbitrator.application.strategy_table_service:refresh:75] - strategy recompute | changed=0 symbols=0
2026-07-01 04:28:55 | DEBUG    | [arbitrator.exchanges.ccxt_base:_ensure_markets_loaded:1353] - Markets loaded | exchange=bingx count=3032
2026-07-01 04:28:55 | INFO     | [arbitrator.exchanges.ccxt_base:watch_tickers:209] - Streaming tickers | exchange=bingx symbols=466 mode=fanout chunks=-
2026-07-01 04:28:55 | DEBUG    | [arbitrator.application.strategy_table_service:refresh:75] - strategy recompute | changed=0 symbols=0
2026-07-01 04:28:56 | DEBUG    | [arbitrator.exchanges.ccxt_base:_ensure_markets_loaded:1353] - Markets loaded | exchange=bitget count=1928
2026-07-01 04:28:56 | INFO     | [arbitrator.exchanges.ccxt_base:watch_open_positions:603] - Position stream started | exchange=bitget mode=ws
2026-07-01 04:28:56 | INFO     | [arbitrator.exchanges.ccxt_base:watch_usdt_balance:635] - Balance stream started | exchange=bitget mode=ws
2026-07-01 04:28:56 | DEBUG    | [arbitrator.application.strategy_table_service:refresh:75] - strategy recompute | changed=0 symbols=0
2026-07-01 04:28:57 | DEBUG    | [arbitrator.exchanges.ccxt_base:_ensure_markets_loaded:1353] - Markets loaded | exchange=bingx count=3032
2026-07-01 04:28:57 | INFO     | [arbitrator.exchanges.ccxt_base:watch_open_positions:603] - Position stream started | exchange=bingx mode=ws
2026-07-01 04:28:57 | INFO     | [arbitrator.exchanges.ccxt_base:watch_usdt_balance:635] - Balance stream started | exchange=bingx mode=ws
2026-07-01 04:28:57 | INFO     | [uvicorn.server:_serve:98] - [uvicorn.error] Shutting down
2026-07-01 04:28:57 | INFO     | [arbitrator.presentation.ws.orders_ws_handler:handle:34] - ws disconnected | endpoint=/ws/orders
2026-07-01 04:28:57 | INFO     | [asyncio.events:_run:80] - [uvicorn.error] connection closed
2026-07-01 04:28:57 | INFO     | [asyncio.events:_run:80] - [uvicorn.error] connection closed
2026-07-01 04:28:57 | INFO     | [arbitrator.presentation.ws.settings_ws_handler:handle:33] - ws disconnected | endpoint=/ws/settings
2026-07-01 04:28:57 | INFO     | [asyncio.events:_run:80] - [uvicorn.error] connection closed
2026-07-01 04:28:58 | INFO     | [asyncio.tasks:wait_for:452] - [uvicorn.error] Waiting for background tasks to complete. (CTRL+C to force quit)
2026-07-01 04:28:58 | DEBUG    | [arbitrator.application.strategy_table_service:refresh:75] - strategy recompute | changed=0 symbols=0
2026-07-01 04:28:58 | INFO     | [arbitrator.presentation.ws.screener_ws_handler:handle:43] - ws disconnected | endpoint=/ws/screener
2026-07-01 04:28:58 | INFO     | [uvicorn.server:shutdown:301] - [uvicorn.error] Waiting for application shutdown.
2026-07-01 04:28:58 | DEBUG    | [arbitrator.exchanges.ccxt_base:_ensure_markets_loaded:1353] - Markets loaded | exchange=mexc count=3151
2026-07-01 04:28:58 | INFO     | [arbitrator.application.app_runtime:stop:55] - screener worker stopped
2026-07-01 04:28:58 | INFO     | [arbitrator.exchanges.ccxt_base:watch_tickers:209] - Streaming tickers | exchange=mexc symbols=545 mode=bulk chunks=11
2026-07-01 04:28:58 | DEBUG    | [arbitrator.exchanges.ccxt_base:_stream_bulk:1181] - Bulk stream chunks | exchange=mexc chunks=11 chunk_size=50
2026-07-01 04:28:58 | INFO     | [arbitrator.application.app_runtime:stop:58] - account worker stopped
2026-07-01 04:28:58 | DEBUG    | [arbitrator.exchanges.ccxt_base:close:1168] - Exchange closed | exchange=mexc
2026-07-01 04:28:58 | INFO     | [arbitrator.application.app_runtime:stop:61] - funding worker stopped
2026-07-01 04:28:58 | DEBUG    | [arbitrator.exchanges.ccxt_base:close:1168] - Exchange closed | exchange=bitget
2026-07-01 04:28:58 | INFO     | [arbitrator.presentation.fastapi_app:lifespan:45] - app lifespan stopped
2026-07-01 04:28:58 | DEBUG    | [arbitrator.exchanges.ccxt_base:close:1168] - Exchange closed | exchange=gate
2026-07-01 04:28:58 | DEBUG    | [arbitrator.exchanges.ccxt_base:close:1168] - Exchange closed | exchange=bingx
2026-07-01 04:28:58 | INFO     | [uvicorn.server:shutdown:301] - [uvicorn.error] Application shutdown complete.
2026-07-01 04:28:58 | INFO     | [uvicorn.server:serve:79] - [uvicorn.error] Finished server process [7444]
2026-07-01 04:28:58 | DEBUG    | [arbitrator.exchanges.ccxt_base:_watch_chunk:1206] - watch_tickers transient, retrying | exchange=mexc chunk=3 err=NetworkError delay_s=5.0
2026-07-01 04:28:58 | INFO     | [arbitrator.application.funding_rate_worker:_thread_main:65] - funding worker stopped
2026-07-01 04:28:58 | DEBUG    | [arbitrator.exchanges.ccxt_base:_watch_chunk:1206] - watch_tickers transient, retrying | exchange=mexc chunk=4 err=NetworkError delay_s=5.0
2026-07-01 04:28:58 | DEBUG    | [arbitrator.exchanges.ccxt_base:_watch_chunk:1206] - watch_tickers transient, retrying | exchange=mexc chunk=5 err=NetworkError delay_s=5.0
2026-07-01 04:28:58 | DEBUG    | [arbitrator.exchanges.ccxt_base:_watch_chunk:1206] - watch_tickers transient, retrying | exchange=mexc chunk=6 err=NetworkError delay_s=5.0
2026-07-01 04:28:58 | DEBUG    | [arbitrator.exchanges.ccxt_base:_watch_chunk:1206] - watch_tickers transient, retrying | exchange=mexc chunk=7 err=NetworkError delay_s=5.0
2026-07-01 04:28:58 | DEBUG    | [arbitrator.exchanges.ccxt_base:_watch_chunk:1206] - watch_tickers transient, retrying | exchange=mexc chunk=8 err=NetworkError delay_s=5.0
2026-07-01 04:28:58 | DEBUG    | [arbitrator.exchanges.ccxt_base:_watch_chunk:1206] - watch_tickers transient, retrying | exchange=mexc chunk=9 err=NetworkError delay_s=5.0
2026-07-01 04:28:58 | DEBUG    | [arbitrator.exchanges.ccxt_base:_watch_chunk:1206] - watch_tickers transient, retrying | exchange=mexc chunk=10 err=NetworkError delay_s=5.0
2026-07-01 04:28:58 | ERROR    | [asyncio.base_events:call_exception_handler:1797] - [asyncio] Future exception was never retrieved
future: <Future finished exception=NetworkError(RuntimeError('cannot schedule new futures after shutdown'))>
ccxt.base.errors.NetworkError: cannot schedule new futures after shutdown
2026-07-01 04:28:59 | DEBUG    | [arbitrator.exchanges.ccxt_base:close:1168] - Exchange closed | exchange=mexc
