2026-07-01 03:27:37 | INFO     | [main:<module>:12] - Arbitrator starting | exchanges=['mexc', 'bitget', 'gate', 'bingx'] ui_data_mode=live
2026-07-01 03:27:37 | INFO     | [arbitrator.presentation.fastapi_app:create:102] - FastAPI app created | title=Arbitrator host=127.0.0.1 port=8000 ui_data_mode=live
2026-07-01 03:27:37 | INFO     | [uvicorn.main:run:614] - [uvicorn.error] Uvicorn running on http://127.0.0.1:8000 (Press CTRL+C to quit)
2026-07-01 03:27:37 | INFO     | [uvicorn.supervisors.basereload:run:51] - [uvicorn.error] Started reloader process [2836] using WatchFiles
2026-07-01 03:27:38 | INFO     | [watchfiles.main:watch:148] - [watchfiles.main] 2 changes detected
2026-07-01 03:27:39 | INFO     | [watchfiles.main:watch:148] - [watchfiles.main] 1 change detected
2026-07-01 03:27:41 | INFO     | [watchfiles.main:watch:148] - [watchfiles.main] 3 changes detected
2026-07-01 03:27:42 | INFO     | [watchfiles.main:watch:148] - [watchfiles.main] 1 change detected
2026-07-01 03:28:13 | INFO     | [watchfiles.main:watch:148] - [watchfiles.main] 1 change detected
2026-07-01 03:29:23 | INFO     | [watchfiles.main:watch:148] - [watchfiles.main] 1 change detected
2026-07-01 03:29:24 | INFO     | [watchfiles.main:watch:148] - [watchfiles.main] 1 change detected
2026-07-01 03:29:26 | INFO     | [watchfiles.main:watch:148] - [watchfiles.main] 1 change detected
2026-07-01 03:29:28 | INFO     | [watchfiles.main:watch:148] - [watchfiles.main] 1 change detected
2026-07-01 03:29:29 | INFO     | [watchfiles.main:watch:148] - [watchfiles.main] 1 change detected
2026-07-01 03:29:30 | INFO     | [watchfiles.main:watch:148] - [watchfiles.main] 1 change detected
2026-07-01 03:29:30 | INFO     | [watchfiles.main:watch:148] - [watchfiles.main] 1 change detected
2026-07-01 03:29:40 | INFO     | [watchfiles.main:watch:148] - [watchfiles.main] 1 change detected
2026-07-01 03:29:41 | INFO     | [watchfiles.main:watch:148] - [watchfiles.main] 1 change detected
2026-07-01 03:29:42 | INFO     | [watchfiles.main:watch:148] - [watchfiles.main] 1 change detected
2026-07-01 03:29:43 | INFO     | [watchfiles.main:watch:148] - [watchfiles.main] 5 changes detected
2026-07-01 03:29:43 | INFO     | [watchfiles.main:watch:148] - [watchfiles.main] 1 change detected
2026-07-01 03:29:49 | INFO     | [watchfiles.main:watch:148] - [watchfiles.main] 1 change detected
2026-07-01 03:29:57 | INFO     | [watchfiles.main:watch:148] - [watchfiles.main] 1 change detected
2026-07-01 03:31:37 | INFO     | [watchfiles.main:watch:148] - [watchfiles.main] 4 changes detected
2026-07-01 03:33:58 | INFO     | [watchfiles.main:watch:148] - [watchfiles.main] 2 changes detected
2026-07-01 03:33:58 | WARNING  | [uvicorn.main:run:615] - [uvicorn.error] WatchFiles detected changes in 'src\arbitrator\application\opportunity_session_state.py'. Reloading...
2026-07-01 03:34:02 | INFO     | [watchfiles.main:watch:148] - [watchfiles.main] 4 changes detected
2026-07-01 03:34:02 | WARNING  | [uvicorn.main:run:615] - [uvicorn.error] WatchFiles detected changes in 'src\arbitrator\application\opportunity_strategy_service.py'. Reloading...
2026-07-01 03:34:03 | INFO     | [watchfiles.main:watch:148] - [watchfiles.main] 2 changes detected
2026-07-01 03:34:04 | INFO     | [watchfiles.main:watch:148] - [watchfiles.main] 1 change detected
2026-07-01 03:34:06 | INFO     | [watchfiles.main:watch:148] - [watchfiles.main] 3 changes detected
2026-07-01 03:34:07 | INFO     | [watchfiles.main:watch:148] - [watchfiles.main] 1 change detected
2026-07-01 03:34:27 | INFO     | [watchfiles.main:watch:148] - [watchfiles.main] 2 changes detected
2026-07-01 03:34:27 | WARNING  | [uvicorn.main:run:615] - [uvicorn.error] WatchFiles detected changes in 'src\arbitrator\presentation\serializers\opportunity_serializer.py'. Reloading...
2026-07-01 03:34:30 | INFO     | [watchfiles.main:watch:148] - [watchfiles.main] 2 changes detected
2026-07-01 03:34:31 | INFO     | [watchfiles.main:watch:148] - [watchfiles.main] 2 changes detected
2026-07-01 03:34:31 | INFO     | [watchfiles.main:watch:148] - [watchfiles.main] 1 change detected
2026-07-01 03:34:33 | INFO     | [watchfiles.main:watch:148] - [watchfiles.main] 3 changes detected
2026-07-01 03:34:33 | INFO     | [watchfiles.main:watch:148] - [watchfiles.main] 1 change detected
2026-07-01 03:34:34 | INFO     | [watchfiles.main:watch:148] - [watchfiles.main] 1 change detected
2026-07-01 03:34:35 | INFO     | [watchfiles.main:watch:148] - [watchfiles.main] 1 change detected
2026-07-01 03:34:35 | WARNING  | [uvicorn.main:run:615] - [uvicorn.error] WatchFiles detected changes in 'src\arbitrator\presentation\serializers\opportunity_serializer.py'. Reloading...
2026-07-01 03:34:37 | INFO     | [watchfiles.main:watch:148] - [watchfiles.main] 2 changes detected
2026-07-01 03:34:37 | WARNING  | [uvicorn.main:run:615] - [uvicorn.error] WatchFiles detected changes in 'src\arbitrator\application\strategy_table_service.py'. Reloading...
2026-07-01 03:34:38 | INFO     | [watchfiles.main:watch:148] - [watchfiles.main] 4 changes detected
2026-07-01 03:34:39 | INFO     | [watchfiles.main:watch:148] - [watchfiles.main] 2 changes detected
2026-07-01 03:34:39 | INFO     | [watchfiles.main:watch:148] - [watchfiles.main] 1 change detected
2026-07-01 03:34:41 | INFO     | [watchfiles.main:watch:148] - [watchfiles.main] 3 changes detected
2026-07-01 03:34:41 | INFO     | [watchfiles.main:watch:148] - [watchfiles.main] 5 changes detected
2026-07-01 03:34:43 | INFO     | [watchfiles.main:watch:148] - [watchfiles.main] 1 change detected
2026-07-01 03:34:55 | INFO     | [watchfiles.main:watch:148] - [watchfiles.main] 1 change detected
2026-07-01 03:34:55 | WARNING  | [uvicorn.main:run:615] - [uvicorn.error] WatchFiles detected changes in 'src\arbitrator\presentation\ws\opportunity_ws_handler.py'. Reloading...
2026-07-01 03:34:59 | INFO     | [watchfiles.main:watch:148] - [watchfiles.main] 3 changes detected
2026-07-01 03:34:59 | WARNING  | [uvicorn.main:run:615] - [uvicorn.error] WatchFiles detected changes in 'src\arbitrator\presentation\fastapi_app.py'. Reloading...
