2026-06-25 04:49:12 | INFO     | [__main__:<module>:16] - Arbitrator starting | exchanges=['mexc', 'bitget', 'gate', 'bingx']
2026-06-25 04:49:13 | INFO     | [arbitrator.presentation.streamlit_app:run:104] - UI run | section=Screener
2026-06-25 04:49:15 | INFO     | [__main__:<module>:16] - Arbitrator starting | exchanges=['mexc', 'bitget', 'gate', 'bingx']
2026-06-25 04:49:15 | INFO     | [arbitrator.presentation.streamlit_app:run:104] - UI run | section=Screener
2026-06-25 04:49:15 | INFO     | [arbitrator.presentation.sidebar.screener.screener_view:render:76] - Screener reconnect requested from UI
2026-06-25 04:49:15 | INFO     | [__main__:<module>:16] - Arbitrator starting | exchanges=['mexc', 'bitget', 'gate', 'bingx']
2026-06-25 04:49:15 | INFO     | [arbitrator.presentation.streamlit_app:run:104] - UI run | section=Screener
2026-06-25 04:49:15 | INFO     | [arbitrator.presentation.sidebar.screener.screener_view:_ensure_worker:228] - Screener background worker started | nonce=1 stream_volume_usdt=50000.0
2026-06-25 04:49:16 | INFO     | [arbitrator.application.symbol_universe_service:_filter:111] - Universe filtered | total=1395 after_min_exchanges=728 after_exclusions=727
2026-06-25 04:49:16 | INFO     | [arbitrator.application.screener_stream_worker:_discovery_phase:165] - Volume discovery started | symbols=727 threshold_usdt=50000.0 timeout_s=30.0
2026-06-25 04:49:16 | INFO     | [arbitrator.application.multi_exchange_watcher:_spawn_watchers:52] - Spawning watchers | exchanges=['mexc', 'bitget', 'gate', 'bingx'] symbols={'mexc': 582, 'bitget': 596, 'gate': 661, 'bingx': 473}
2026-06-25 04:49:16 | DEBUG    | [arbitrator.application.multi_exchange_watcher:_watch:72] - Watcher start | exchange=mexc symbols=582
2026-06-25 04:49:16 | INFO     | [arbitrator.exchanges.ccxt_base:_ensure_open:931] - Exchange client opened | exchange=mexc
2026-06-25 04:49:16 | DEBUG    | [arbitrator.application.multi_exchange_watcher:_watch:72] - Watcher start | exchange=bitget symbols=596
2026-06-25 04:49:16 | INFO     | [arbitrator.exchanges.ccxt_base:_ensure_open:931] - Exchange client opened | exchange=bitget
2026-06-25 04:49:16 | DEBUG    | [arbitrator.application.multi_exchange_watcher:_watch:72] - Watcher start | exchange=gate symbols=661
2026-06-25 04:49:17 | INFO     | [arbitrator.exchanges.ccxt_base:_ensure_open:931] - Exchange client opened | exchange=gate
2026-06-25 04:49:17 | DEBUG    | [arbitrator.application.multi_exchange_watcher:_watch:72] - Watcher start | exchange=bingx symbols=473
2026-06-25 04:49:17 | INFO     | [arbitrator.exchanges.ccxt_base:_ensure_open:931] - Exchange client opened | exchange=bingx
2026-06-25 04:49:24 | DEBUG    | [arbitrator.exchanges.ccxt_base:_ensure_markets_loaded:948] - Markets loaded | exchange=bitget count=1913
2026-06-25 04:49:24 | INFO     | [arbitrator.exchanges.ccxt_base:watch_tickers:160] - Streaming tickers | exchange=bitget symbols=596 mode=bulk chunks=12
2026-06-25 04:49:24 | DEBUG    | [arbitrator.exchanges.ccxt_base:_stream_bulk:819] - Bulk stream chunks | exchange=bitget chunks=12 chunk_size=50
2026-06-25 04:49:26 | DEBUG    | [arbitrator.exchanges.ccxt_base:_ensure_markets_loaded:948] - Markets loaded | exchange=mexc count=3238
2026-06-25 04:49:26 | DEBUG    | [arbitrator.exchanges.mexc:watch_tickers:52] - watch_tickers skipped non-api contracts | exchange=mexc skipped=32
2026-06-25 04:49:26 | INFO     | [arbitrator.exchanges.ccxt_base:watch_tickers:160] - Streaming tickers | exchange=mexc symbols=550 mode=bulk chunks=11
2026-06-25 04:49:26 | DEBUG    | [arbitrator.exchanges.ccxt_base:_stream_bulk:819] - Bulk stream chunks | exchange=mexc chunks=11 chunk_size=50
2026-06-25 04:49:26 | DEBUG    | [arbitrator.exchanges.ccxt_base:_ensure_markets_loaded:948] - Markets loaded | exchange=bingx count=3026
2026-06-25 04:49:26 | INFO     | [arbitrator.exchanges.ccxt_base:watch_tickers:160] - Streaming tickers | exchange=bingx symbols=473 mode=fanout chunks=-
2026-06-25 04:49:38 | INFO     | [__main__:<module>:16] - Arbitrator starting | exchanges=['mexc', 'bitget', 'gate', 'bingx']
2026-06-25 04:49:38 | INFO     | [arbitrator.presentation.streamlit_app:run:104] - UI run | section=Screener
2026-06-25 04:49:41 | INFO     | [__main__:<module>:16] - Arbitrator starting | exchanges=['mexc', 'bitget', 'gate', 'bingx']
2026-06-25 04:49:41 | INFO     | [arbitrator.presentation.streamlit_app:run:104] - UI run | section=Screener
2026-06-25 04:49:42 | INFO     | [__main__:<module>:16] - Arbitrator starting | exchanges=['mexc', 'bitget', 'gate', 'bingx']
2026-06-25 04:49:42 | INFO     | [arbitrator.presentation.streamlit_app:run:104] - UI run | section=Screener
2026-06-25 04:49:45 | DEBUG    | [arbitrator.exchanges.ccxt_base:_ensure_markets_loaded:948] - Markets loaded | exchange=gate count=5987
2026-06-25 04:49:45 | DEBUG    | [arbitrator.exchanges.gate:watch_tickers:52] - watch_tickers skipped non-tradable contracts | exchange=gate skipped=5
2026-06-25 04:49:45 | INFO     | [arbitrator.exchanges.ccxt_base:watch_tickers:160] - Streaming tickers | exchange=gate symbols=656 mode=bulk chunks=14
2026-06-25 04:49:45 | DEBUG    | [arbitrator.exchanges.ccxt_base:_stream_bulk:819] - Bulk stream chunks | exchange=gate chunks=14 chunk_size=50
2026-06-25 04:49:46 | INFO     | [arbitrator.application.screener_stream_worker:_discovery_phase:192] - Volume discovery timed out | eligible=574 pending=153
2026-06-25 04:49:46 | DEBUG    | [arbitrator.application.multi_exchange_watcher:_watch:86] - Watcher cancelled | exchange=bingx
2026-06-25 04:49:46 | DEBUG    | [arbitrator.application.multi_exchange_watcher:_watch:86] - Watcher cancelled | exchange=mexc
2026-06-25 04:49:46 | DEBUG    | [arbitrator.application.multi_exchange_watcher:_watch:86] - Watcher cancelled | exchange=bitget
2026-06-25 04:49:46 | DEBUG    | [arbitrator.application.multi_exchange_watcher:_watch:86] - Watcher cancelled | exchange=gate
2026-06-25 04:49:47 | DEBUG    | [arbitrator.exchanges.ccxt_base:close:806] - Exchange closed | exchange=mexc
2026-06-25 04:49:48 | DEBUG    | [arbitrator.exchanges.ccxt_base:close:806] - Exchange closed | exchange=bitget
2026-06-25 04:49:48 | DEBUG    | [arbitrator.exchanges.ccxt_base:close:806] - Exchange closed | exchange=gate
2026-06-25 04:49:49 | DEBUG    | [arbitrator.exchanges.ccxt_base:close:806] - Exchange closed | exchange=bingx
2026-06-25 04:49:49 | INFO     | [arbitrator.application.screener_stream_worker:_async_main:139] - Volume gate applied | threshold_usdt=50000.0 eligible=574 rejected=0
2026-06-25 04:49:49 | INFO     | [arbitrator.application.multi_exchange_watcher:_spawn_watchers:52] - Spawning watchers | exchanges=['mexc', 'bitget', 'gate', 'bingx'] symbols={'mexc': 553, 'bitget': 472, 'gate': 534, 'bingx': 459}
2026-06-25 04:49:49 | DEBUG    | [arbitrator.application.multi_exchange_watcher:_watch:72] - Watcher start | exchange=mexc symbols=553
2026-06-25 04:49:49 | INFO     | [arbitrator.exchanges.ccxt_base:_ensure_open:931] - Exchange client opened | exchange=mexc
2026-06-25 04:49:49 | DEBUG    | [arbitrator.application.multi_exchange_watcher:_watch:72] - Watcher start | exchange=bitget symbols=472
2026-06-25 04:49:50 | INFO     | [arbitrator.exchanges.ccxt_base:_ensure_open:931] - Exchange client opened | exchange=bitget
2026-06-25 04:49:50 | DEBUG    | [arbitrator.application.multi_exchange_watcher:_watch:72] - Watcher start | exchange=gate symbols=534
2026-06-25 04:49:50 | INFO     | [arbitrator.exchanges.ccxt_base:_ensure_open:931] - Exchange client opened | exchange=gate
2026-06-25 04:49:50 | DEBUG    | [arbitrator.application.multi_exchange_watcher:_watch:72] - Watcher start | exchange=bingx symbols=459
2026-06-25 04:49:50 | INFO     | [arbitrator.exchanges.ccxt_base:_ensure_open:931] - Exchange client opened | exchange=bingx
2026-06-25 04:49:57 | DEBUG    | [arbitrator.exchanges.ccxt_base:_ensure_markets_loaded:948] - Markets loaded | exchange=bingx count=3026
2026-06-25 04:49:57 | INFO     | [arbitrator.exchanges.ccxt_base:watch_tickers:160] - Streaming tickers | exchange=bingx symbols=459 mode=fanout chunks=-
2026-06-25 04:49:58 | DEBUG    | [arbitrator.exchanges.ccxt_base:_ensure_markets_loaded:948] - Markets loaded | exchange=bitget count=1913
2026-06-25 04:49:58 | INFO     | [arbitrator.exchanges.ccxt_base:watch_tickers:160] - Streaming tickers | exchange=bitget symbols=472 mode=bulk chunks=10
2026-06-25 04:49:58 | DEBUG    | [arbitrator.exchanges.ccxt_base:_stream_bulk:819] - Bulk stream chunks | exchange=bitget chunks=10 chunk_size=50
2026-06-25 04:49:59 | DEBUG    | [arbitrator.exchanges.ccxt_base:_ensure_markets_loaded:948] - Markets loaded | exchange=mexc count=3238
2026-06-25 04:49:59 | DEBUG    | [arbitrator.exchanges.mexc:watch_tickers:52] - watch_tickers skipped non-api contracts | exchange=mexc skipped=3
2026-06-25 04:49:59 | INFO     | [arbitrator.exchanges.ccxt_base:watch_tickers:160] - Streaming tickers | exchange=mexc symbols=550 mode=bulk chunks=11
2026-06-25 04:49:59 | DEBUG    | [arbitrator.exchanges.ccxt_base:_stream_bulk:819] - Bulk stream chunks | exchange=mexc chunks=11 chunk_size=50
2026-06-25 04:50:06 | DEBUG    | [arbitrator.exchanges.ccxt_base:_ensure_markets_loaded:948] - Markets loaded | exchange=gate count=5987
2026-06-25 04:50:06 | DEBUG    | [arbitrator.exchanges.gate:watch_tickers:52] - watch_tickers skipped non-tradable contracts | exchange=gate skipped=3
2026-06-25 04:50:06 | INFO     | [arbitrator.exchanges.ccxt_base:watch_tickers:160] - Streaming tickers | exchange=gate symbols=531 mode=bulk chunks=11
2026-06-25 04:50:06 | DEBUG    | [arbitrator.exchanges.ccxt_base:_stream_bulk:819] - Bulk stream chunks | exchange=gate chunks=11 chunk_size=50
