2026-07-01 04:30:20 | INFO     | [main:<module>:12] - Arbitrator starting | exchanges=['mexc', 'bitget', 'gate', 'bingx'] ui_data_mode=live
2026-07-01 04:30:20 | INFO     | [arbitrator.presentation.fastapi_app:create:103] - FastAPI app created | title=Arbitrator host=127.0.0.1 port=8000 ui_data_mode=live
2026-07-01 04:30:20 | INFO     | [uvicorn.server:serve:79] - [uvicorn.error] Started server process [20656]
2026-07-01 04:30:20 | INFO     | [uvicorn.server:startup:105] - [uvicorn.error] Waiting for application startup.
2026-07-01 04:30:20 | INFO     | [arbitrator.application.app_runtime:_start_live_workers:81] - screener worker started | mode=live
2026-07-01 04:30:20 | INFO     | [arbitrator.application.app_runtime:_start_live_workers:110] - funding worker started | mode=live
2026-07-01 04:30:20 | INFO     | [arbitrator.application.app_runtime:_start_live_workers:114] - account worker started | mode=live
2026-07-01 04:30:20 | INFO     | [arbitrator.presentation.fastapi_app:lifespan:39] - app lifespan started | ui_data_mode=live
2026-07-01 04:30:20 | INFO     | [arbitrator.application.symbol_universe_service:_filter:111] - Universe filtered | total=1213 after_min_exchanges=669 after_exclusions=668
2026-07-01 04:30:20 | INFO     | [uvicorn.server:startup:105] - [uvicorn.error] Application startup complete.
2026-07-01 04:30:20 | INFO     | [arbitrator.application.screener_stream_worker:_discovery_phase:164] - Volume discovery started | symbols=668 threshold_usdt=50000.0 timeout_s=30.0
2026-07-01 04:30:20 | INFO     | [arbitrator.application.account_stream_worker:_async_main:124] - Account stream spawned | exchanges=['mexc', 'bitget', 'gate', 'bingx']
2026-07-01 04:30:20 | INFO     | [arbitrator.application.multi_exchange_watcher:_spawn_watchers:61] - Spawning watchers | exchanges=['mexc', 'bitget', 'gate', 'bingx'] symbols={'mexc': 545, 'bitget': 573, 'gate': 636, 'bingx': 466}
2026-07-01 04:30:20 | DEBUG    | [arbitrator.application.multi_exchange_watcher:_watch:81] - Watcher start | exchange=mexc symbols=545
2026-07-01 04:30:20 | INFO     | [starlette._exception_handler:sender:39] - [uvicorn.error] 127.0.0.1:52678 - "WebSocket /ws/orders" [accepted]
2026-07-01 04:30:20 | INFO     | [arbitrator.presentation.ws.orders_ws_handler:handle:26] - ws connected | endpoint=/ws/orders
2026-07-01 04:30:20 | INFO     | [websockets.legacy.server:handler:161] - [uvicorn.error] connection open
2026-07-01 04:30:20 | INFO     | [starlette._exception_handler:sender:39] - [uvicorn.error] 127.0.0.1:52702 - "WebSocket /ws/settings" [accepted]
2026-07-01 04:30:20 | INFO     | [arbitrator.presentation.ws.settings_ws_handler:handle:25] - ws connected | endpoint=/ws/settings
2026-07-01 04:30:20 | INFO     | [websockets.legacy.server:handler:161] - [uvicorn.error] connection open
2026-07-01 04:30:20 | INFO     | [starlette._exception_handler:sender:39] - [uvicorn.error] 127.0.0.1:52703 - "WebSocket /ws/screener" [accepted]
2026-07-01 04:30:20 | INFO     | [arbitrator.presentation.ws.screener_ws_handler:handle:35] - ws connected | endpoint=/ws/screener
2026-07-01 04:30:20 | DEBUG    | [arbitrator.application.strategy_table_service:refresh:75] - strategy recompute | changed=0 symbols=0
2026-07-01 04:30:20 | INFO     | [websockets.legacy.server:handler:161] - [uvicorn.error] connection open
2026-07-01 04:30:20 | INFO     | [arbitrator.exchanges.ccxt_base:_ensure_open:1336] - Exchange client opened | exchange=mexc
2026-07-01 04:30:20 | DEBUG    | [arbitrator.application.multi_exchange_watcher:_watch:81] - Watcher start | exchange=bitget symbols=573
2026-07-01 04:30:20 | INFO     | [arbitrator.exchanges.ccxt_base:_ensure_open:1336] - Exchange client opened | exchange=mexc
2026-07-01 04:30:21 | INFO     | [arbitrator.exchanges.ccxt_base:_ensure_open:1336] - Exchange client opened | exchange=bitget
2026-07-01 04:30:21 | DEBUG    | [arbitrator.application.multi_exchange_watcher:_watch:81] - Watcher start | exchange=gate symbols=636
2026-07-01 04:30:21 | DEBUG    | [arbitrator.application.strategy_table_service:refresh:75] - strategy recompute | changed=0 symbols=0
2026-07-01 04:30:21 | INFO     | [arbitrator.exchanges.ccxt_base:_ensure_open:1336] - Exchange client opened | exchange=bitget
2026-07-01 04:30:21 | INFO     | [arbitrator.exchanges.ccxt_base:_ensure_open:1336] - Exchange client opened | exchange=gate
2026-07-01 04:30:21 | INFO     | [arbitrator.exchanges.ccxt_base:_ensure_open:1336] - Exchange client opened | exchange=gate
2026-07-01 04:30:21 | DEBUG    | [arbitrator.application.multi_exchange_watcher:_watch:81] - Watcher start | exchange=bingx symbols=466
2026-07-01 04:30:22 | DEBUG    | [arbitrator.application.strategy_table_service:refresh:75] - strategy recompute | changed=0 symbols=0
2026-07-01 04:30:22 | INFO     | [arbitrator.exchanges.ccxt_base:_ensure_open:1336] - Exchange client opened | exchange=bingx
2026-07-01 04:30:22 | INFO     | [arbitrator.exchanges.ccxt_base:_ensure_open:1336] - Exchange client opened | exchange=bingx
2026-07-01 04:30:23 | DEBUG    | [arbitrator.application.strategy_table_service:refresh:75] - strategy recompute | changed=0 symbols=0
2026-07-01 04:30:24 | DEBUG    | [arbitrator.application.strategy_table_service:refresh:75] - strategy recompute | changed=0 symbols=0
2026-07-01 04:30:25 | DEBUG    | [arbitrator.application.strategy_table_service:refresh:75] - strategy recompute | changed=0 symbols=0
2026-07-01 04:30:26 | DEBUG    | [arbitrator.application.strategy_table_service:refresh:75] - strategy recompute | changed=0 symbols=0
2026-07-01 04:30:27 | DEBUG    | [arbitrator.application.strategy_table_service:refresh:75] - strategy recompute | changed=0 symbols=0
2026-07-01 04:30:28 | DEBUG    | [arbitrator.application.strategy_table_service:refresh:75] - strategy recompute | changed=0 symbols=0
2026-07-01 04:30:29 | DEBUG    | [arbitrator.application.strategy_table_service:refresh:75] - strategy recompute | changed=0 symbols=0
2026-07-01 04:30:30 | DEBUG    | [arbitrator.application.strategy_table_service:refresh:75] - strategy recompute | changed=0 symbols=0
2026-07-01 04:30:32 | DEBUG    | [arbitrator.application.strategy_table_service:refresh:75] - strategy recompute | changed=0 symbols=0
2026-07-01 04:30:33 | DEBUG    | [arbitrator.application.strategy_table_service:refresh:75] - strategy recompute | changed=0 symbols=0
2026-07-01 04:30:34 | DEBUG    | [arbitrator.application.strategy_table_service:refresh:75] - strategy recompute | changed=0 symbols=0
2026-07-01 04:30:34 | DEBUG    | [arbitrator.exchanges.ccxt_base:_ensure_markets_loaded:1353] - Markets loaded | exchange=bingx count=3032
2026-07-01 04:30:34 | INFO     | [arbitrator.exchanges.ccxt_base:watch_open_positions:603] - Position stream started | exchange=bingx mode=ws
2026-07-01 04:30:34 | INFO     | [arbitrator.exchanges.ccxt_base:watch_usdt_balance:635] - Balance stream started | exchange=bingx mode=ws
2026-07-01 04:30:35 | DEBUG    | [arbitrator.exchanges.ccxt_base:_ensure_markets_loaded:1353] - Markets loaded | exchange=bingx count=3032
2026-07-01 04:30:35 | INFO     | [arbitrator.exchanges.ccxt_base:watch_tickers:209] - Streaming tickers | exchange=bingx symbols=466 mode=fanout chunks=-
2026-07-01 04:30:35 | DEBUG    | [arbitrator.exchanges.ccxt_base:_ensure_markets_loaded:1353] - Markets loaded | exchange=bitget count=1928
2026-07-01 04:30:35 | INFO     | [arbitrator.exchanges.ccxt_base:watch_tickers:209] - Streaming tickers | exchange=bitget symbols=573 mode=bulk chunks=12
2026-07-01 04:30:35 | DEBUG    | [arbitrator.exchanges.ccxt_base:_stream_bulk:1181] - Bulk stream chunks | exchange=bitget chunks=12 chunk_size=50
2026-07-01 04:30:35 | DEBUG    | [arbitrator.application.strategy_table_service:refresh:75] - strategy recompute | changed=0 symbols=0
2026-07-01 04:30:36 | DEBUG    | [arbitrator.exchanges.ccxt_base:_ensure_markets_loaded:1353] - Markets loaded | exchange=bitget count=1928
2026-07-01 04:30:36 | INFO     | [arbitrator.exchanges.ccxt_base:watch_open_positions:603] - Position stream started | exchange=bitget mode=ws
2026-07-01 04:30:36 | INFO     | [arbitrator.exchanges.ccxt_base:watch_usdt_balance:635] - Balance stream started | exchange=bitget mode=ws
2026-07-01 04:30:36 | DEBUG    | [arbitrator.application.strategy_table_service:refresh:75] - strategy recompute | changed=0 symbols=0
2026-07-01 04:30:37 | DEBUG    | [arbitrator.application.strategy_table_service:refresh:75] - strategy recompute | changed=0 symbols=0
2026-07-01 04:30:37 | DEBUG    | [arbitrator.exchanges.ccxt_base:_ensure_markets_loaded:1353] - Markets loaded | exchange=mexc count=3151
2026-07-01 04:30:37 | INFO     | [arbitrator.exchanges.ccxt_base:watch_open_positions:603] - Position stream started | exchange=mexc mode=rest_poll
2026-07-01 04:30:37 | INFO     | [arbitrator.exchanges.ccxt_base:watch_usdt_balance:635] - Balance stream started | exchange=mexc mode=ws
2026-07-01 04:30:38 | DEBUG    | [arbitrator.exchanges.ccxt_base:_ensure_markets_loaded:1353] - Markets loaded | exchange=mexc count=3151
2026-07-01 04:30:38 | INFO     | [arbitrator.exchanges.ccxt_base:watch_tickers:209] - Streaming tickers | exchange=mexc symbols=545 mode=bulk chunks=11
2026-07-01 04:30:38 | DEBUG    | [arbitrator.exchanges.ccxt_base:_stream_bulk:1181] - Bulk stream chunks | exchange=mexc chunks=11 chunk_size=50
2026-07-01 04:30:38 | DEBUG    | [arbitrator.application.strategy_table_service:refresh:75] - strategy recompute | changed=0 symbols=0
2026-07-01 04:30:39 | DEBUG    | [arbitrator.application.strategy_table_service:refresh:75] - strategy recompute | changed=2 symbols=2
