2026-07-01 03:53:00 | INFO     | [main:<module>:12] - Arbitrator starting | exchanges=['mexc', 'bitget', 'gate', 'bingx'] ui_data_mode=live
2026-07-01 03:53:00 | INFO     | [arbitrator.presentation.fastapi_app:create:103] - FastAPI app created | title=Arbitrator host=127.0.0.1 port=8000 ui_data_mode=live
2026-07-01 03:53:00 | INFO     | [uvicorn.server:serve:79] - [uvicorn.error] Started server process [15736]
2026-07-01 03:53:00 | INFO     | [uvicorn.server:startup:105] - [uvicorn.error] Waiting for application startup.
2026-07-01 03:53:00 | INFO     | [arbitrator.application.app_runtime:_start_live_workers:81] - screener worker started | mode=live
2026-07-01 03:53:00 | INFO     | [arbitrator.application.app_runtime:_start_live_workers:110] - funding worker started | mode=live
2026-07-01 03:53:00 | INFO     | [arbitrator.application.app_runtime:_start_live_workers:114] - account worker started | mode=live
2026-07-01 03:53:00 | INFO     | [arbitrator.presentation.fastapi_app:lifespan:39] - app lifespan started | ui_data_mode=live
2026-07-01 03:53:00 | INFO     | [uvicorn.server:startup:105] - [uvicorn.error] Application startup complete.
2026-07-01 03:53:00 | INFO     | [uvicorn.server:_serve:98] - [uvicorn.error] Shutting down
2026-07-01 03:53:00 | INFO     | [arbitrator.application.symbol_universe_service:_filter:111] - Universe filtered | total=1213 after_min_exchanges=669 after_exclusions=668
2026-07-01 03:53:00 | INFO     | [arbitrator.application.account_stream_worker:_async_main:124] - Account stream spawned | exchanges=['mexc', 'bitget', 'gate', 'bingx']
2026-07-01 03:53:00 | INFO     | [arbitrator.application.screener_stream_worker:_discovery_phase:164] - Volume discovery started | symbols=668 threshold_usdt=50000.0 timeout_s=30.0
2026-07-01 03:53:00 | INFO     | [arbitrator.application.multi_exchange_watcher:_spawn_watchers:61] - Spawning watchers | exchanges=['mexc', 'bitget', 'gate', 'bingx'] symbols={'mexc': 545, 'bitget': 573, 'gate': 636, 'bingx': 466}
2026-07-01 03:53:00 | DEBUG    | [arbitrator.application.multi_exchange_watcher:_watch:81] - Watcher start | exchange=mexc symbols=545
2026-07-01 03:53:00 | INFO     | [uvicorn.server:shutdown:301] - [uvicorn.error] Waiting for application shutdown.
2026-07-01 03:53:00 | INFO     | [arbitrator.application.app_runtime:stop:55] - screener worker stopped
2026-07-01 03:53:00 | INFO     | [arbitrator.application.app_runtime:stop:58] - account worker stopped
2026-07-01 03:53:00 | INFO     | [arbitrator.application.app_runtime:stop:61] - funding worker stopped
2026-07-01 03:53:00 | INFO     | [arbitrator.presentation.fastapi_app:lifespan:45] - app lifespan stopped
2026-07-01 03:53:00 | DEBUG    | [arbitrator.exchanges.ccxt_base:close:1158] - Exchange closed | exchange=mexc
2026-07-01 03:53:00 | INFO     | [uvicorn.server:shutdown:301] - [uvicorn.error] Application shutdown complete.
2026-07-01 03:53:00 | DEBUG    | [arbitrator.exchanges.ccxt_base:close:1158] - Exchange closed | exchange=bitget
2026-07-01 03:53:00 | INFO     | [uvicorn.server:serve:79] - [uvicorn.error] Finished server process [15736]
2026-07-01 03:53:00 | DEBUG    | [arbitrator.exchanges.ccxt_base:close:1158] - Exchange closed | exchange=gate
2026-07-01 03:53:00 | DEBUG    | [arbitrator.exchanges.ccxt_base:close:1158] - Exchange closed | exchange=bingx
2026-07-01 03:53:00 | INFO     | [arbitrator.application.funding_rate_worker:_thread_main:65] - funding worker stopped
2026-07-01 03:53:01 | INFO     | [arbitrator.exchanges.ccxt_base:_ensure_open:1323] - Exchange client opened | exchange=mexc
2026-07-01 03:53:01 | INFO     | [arbitrator.exchanges.ccxt_base:_ensure_open:1323] - Exchange client opened | exchange=mexc
2026-07-01 03:53:01 | DEBUG    | [arbitrator.application.multi_exchange_watcher:_watch:81] - Watcher start | exchange=bitget symbols=573
