2026-07-01 04:30:48 | INFO     | [main:<module>:12] - Arbitrator starting | exchanges=['mexc', 'bitget', 'gate', 'bingx'] ui_data_mode=live
2026-07-01 04:30:48 | INFO     | [arbitrator.presentation.fastapi_app:create:103] - FastAPI app created | title=Arbitrator host=127.0.0.1 port=8000 ui_data_mode=live
2026-07-01 04:30:48 | INFO     | [uvicorn.main:run:614] - [uvicorn.error] Uvicorn running on http://127.0.0.1:8000 (Press CTRL+C to quit)
2026-07-01 04:30:48 | INFO     | [uvicorn.supervisors.basereload:run:51] - [uvicorn.error] Started reloader process [11000] using WatchFiles
2026-07-01 04:30:50 | INFO     | [watchfiles.main:watch:148] - [watchfiles.main] 2 changes detected
2026-07-01 04:30:50 | INFO     | [watchfiles.main:watch:148] - [watchfiles.main] 1 change detected
2026-07-01 04:30:52 | INFO     | [watchfiles.main:watch:148] - [watchfiles.main] 3 changes detected
2026-07-01 04:30:54 | INFO     | [watchfiles.main:watch:148] - [watchfiles.main] 1 change detected
2026-07-01 04:31:09 | INFO     | [watchfiles.main:watch:148] - [watchfiles.main] 2 changes detected
2026-07-01 04:31:09 | WARNING  | [uvicorn.main:run:615] - [uvicorn.error] WatchFiles detected changes in 'tests\strategy\test_signal_service.py'. Reloading...
2026-07-01 04:31:12 | INFO     | [watchfiles.main:watch:148] - [watchfiles.main] 2 changes detected
2026-07-01 04:31:13 | INFO     | [watchfiles.main:watch:148] - [watchfiles.main] 2 changes detected
2026-07-01 04:31:13 | INFO     | [watchfiles.main:watch:148] - [watchfiles.main] 1 change detected
2026-07-01 04:31:15 | INFO     | [watchfiles.main:watch:148] - [watchfiles.main] 3 changes detected
2026-07-01 04:31:16 | INFO     | [watchfiles.main:watch:148] - [watchfiles.main] 1 change detected
2026-07-01 04:31:52 | INFO     | [watchfiles.main:watch:148] - [watchfiles.main] 1 change detected
2026-07-01 04:33:54 | INFO     | [watchfiles.main:watch:148] - [watchfiles.main] 4 changes detected
2026-07-01 04:34:02 | INFO     | [watchfiles.main:watch:148] - [watchfiles.main] 24 changes detected
2026-07-01 04:34:02 | INFO     | [watchfiles.main:watch:148] - [watchfiles.main] 2 changes detected
2026-07-01 04:36:54 | INFO     | [watchfiles.main:watch:148] - [watchfiles.main] 4 changes detected
