2026-06-30 08:50:23 | INFO     | [main:<module>:12] - Arbitrator starting | exchanges=['mexc', 'bitget', 'gate', 'bingx'] ui_data_mode=mock_data
2026-06-30 08:50:23 | INFO     | [arbitrator.presentation.fastapi_app:create:102] - FastAPI app created | title=Arbitrator host=127.0.0.1 port=8000 ui_data_mode=mock_data
2026-06-30 08:50:23 | INFO     | [uvicorn.main:run:614] - [uvicorn.error] Uvicorn running on http://127.0.0.1:8000 (Press CTRL+C to quit)
2026-06-30 08:50:23 | INFO     | [uvicorn.supervisors.basereload:run:51] - [uvicorn.error] Started reloader process [25808] using WatchFiles
2026-06-30 08:50:25 | INFO     | [watchfiles.main:watch:148] - [watchfiles.main] 2 changes detected
2026-06-30 08:50:25 | INFO     | [watchfiles.main:watch:148] - [watchfiles.main] 1 change detected
2026-06-30 08:50:27 | INFO     | [watchfiles.main:watch:148] - [watchfiles.main] 4 changes detected
2026-06-30 08:50:28 | INFO     | [watchfiles.main:watch:148] - [watchfiles.main] 1 change detected
2026-06-30 08:50:28 | INFO     | [watchfiles.main:watch:148] - [watchfiles.main] 1 change detected
2026-06-30 08:50:28 | INFO     | [watchfiles.main:watch:148] - [watchfiles.main] 1 change detected
2026-06-30 08:50:29 | INFO     | [watchfiles.main:watch:148] - [watchfiles.main] 1 change detected
2026-06-30 08:50:29 | INFO     | [watchfiles.main:watch:148] - [watchfiles.main] 1 change detected
2026-06-30 08:50:30 | INFO     | [watchfiles.main:watch:148] - [watchfiles.main] 2 changes detected
2026-06-30 08:50:30 | INFO     | [watchfiles.main:watch:148] - [watchfiles.main] 2 changes detected
2026-06-30 08:50:30 | INFO     | [watchfiles.main:watch:148] - [watchfiles.main] 1 change detected
2026-06-30 08:50:31 | INFO     | [watchfiles.main:watch:148] - [watchfiles.main] 1 change detected
2026-06-30 08:50:31 | INFO     | [watchfiles.main:watch:148] - [watchfiles.main] 1 change detected
2026-06-30 08:50:32 | INFO     | [watchfiles.main:watch:148] - [watchfiles.main] 1 change detected
2026-06-30 08:50:32 | INFO     | [watchfiles.main:watch:148] - [watchfiles.main] 1 change detected
2026-06-30 08:50:32 | INFO     | [watchfiles.main:watch:148] - [watchfiles.main] 1 change detected
2026-06-30 08:50:33 | INFO     | [watchfiles.main:watch:148] - [watchfiles.main] 1 change detected
2026-06-30 08:50:33 | INFO     | [watchfiles.main:watch:148] - [watchfiles.main] 1 change detected
2026-06-30 08:50:34 | INFO     | [watchfiles.main:watch:148] - [watchfiles.main] 1 change detected
2026-06-30 08:50:34 | INFO     | [watchfiles.main:watch:148] - [watchfiles.main] 1 change detected
2026-06-30 08:50:35 | INFO     | [watchfiles.main:watch:148] - [watchfiles.main] 1 change detected
2026-06-30 08:50:35 | INFO     | [watchfiles.main:watch:148] - [watchfiles.main] 1 change detected
2026-06-30 08:50:36 | INFO     | [watchfiles.main:watch:148] - [watchfiles.main] 1 change detected
2026-06-30 08:50:36 | INFO     | [watchfiles.main:watch:148] - [watchfiles.main] 1 change detected
2026-06-30 08:50:37 | INFO     | [watchfiles.main:watch:148] - [watchfiles.main] 1 change detected
2026-06-30 08:50:37 | INFO     | [watchfiles.main:watch:148] - [watchfiles.main] 1 change detected
2026-06-30 08:50:37 | INFO     | [watchfiles.main:watch:148] - [watchfiles.main] 1 change detected
2026-06-30 08:50:38 | INFO     | [watchfiles.main:watch:148] - [watchfiles.main] 1 change detected
2026-06-30 08:50:38 | INFO     | [watchfiles.main:watch:148] - [watchfiles.main] 1 change detected
2026-06-30 08:50:39 | INFO     | [watchfiles.main:watch:148] - [watchfiles.main] 1 change detected
2026-06-30 08:50:39 | INFO     | [watchfiles.main:watch:148] - [watchfiles.main] 1 change detected
2026-06-30 08:50:39 | INFO     | [watchfiles.main:watch:148] - [watchfiles.main] 1 change detected
2026-06-30 08:50:40 | INFO     | [watchfiles.main:watch:148] - [watchfiles.main] 1 change detected
2026-06-30 08:50:40 | INFO     | [watchfiles.main:watch:148] - [watchfiles.main] 1 change detected
2026-06-30 08:50:41 | INFO     | [watchfiles.main:watch:148] - [watchfiles.main] 1 change detected
2026-06-30 08:50:41 | INFO     | [watchfiles.main:watch:148] - [watchfiles.main] 1 change detected
2026-06-30 08:50:42 | INFO     | [watchfiles.main:watch:148] - [watchfiles.main] 1 change detected
2026-06-30 08:50:42 | INFO     | [watchfiles.main:watch:148] - [watchfiles.main] 1 change detected
2026-06-30 08:50:42 | INFO     | [watchfiles.main:watch:148] - [watchfiles.main] 1 change detected
2026-06-30 08:50:43 | INFO     | [watchfiles.main:watch:148] - [watchfiles.main] 1 change detected
2026-06-30 08:50:43 | INFO     | [watchfiles.main:watch:148] - [watchfiles.main] 1 change detected
2026-06-30 08:50:44 | INFO     | [watchfiles.main:watch:148] - [watchfiles.main] 1 change detected
2026-06-30 08:50:44 | INFO     | [watchfiles.main:watch:148] - [watchfiles.main] 1 change detected
2026-06-30 08:50:45 | INFO     | [watchfiles.main:watch:148] - [watchfiles.main] 1 change detected
2026-06-30 08:50:45 | INFO     | [watchfiles.main:watch:148] - [watchfiles.main] 2 changes detected
2026-06-30 08:50:45 | INFO     | [watchfiles.main:watch:148] - [watchfiles.main] 1 change detected
2026-06-30 08:50:46 | INFO     | [watchfiles.main:watch:148] - [watchfiles.main] 1 change detected
2026-06-30 08:50:46 | INFO     | [watchfiles.main:watch:148] - [watchfiles.main] 2 changes detected
2026-06-30 08:50:46 | INFO     | [watchfiles.main:watch:148] - [watchfiles.main] 1 change detected
2026-06-30 08:50:47 | INFO     | [watchfiles.main:watch:148] - [watchfiles.main] 1 change detected
2026-06-30 08:50:47 | INFO     | [watchfiles.main:watch:148] - [watchfiles.main] 1 change detected
2026-06-30 08:50:48 | INFO     | [watchfiles.main:watch:148] - [watchfiles.main] 1 change detected
2026-06-30 08:50:48 | INFO     | [watchfiles.main:watch:148] - [watchfiles.main] 1 change detected
2026-06-30 08:50:48 | INFO     | [watchfiles.main:watch:148] - [watchfiles.main] 1 change detected
2026-06-30 08:50:49 | INFO     | [watchfiles.main:watch:148] - [watchfiles.main] 1 change detected
2026-06-30 08:50:49 | INFO     | [watchfiles.main:watch:148] - [watchfiles.main] 1 change detected
2026-06-30 08:50:50 | INFO     | [watchfiles.main:watch:148] - [watchfiles.main] 1 change detected
2026-06-30 08:50:50 | INFO     | [watchfiles.main:watch:148] - [watchfiles.main] 1 change detected
2026-06-30 08:50:50 | INFO     | [watchfiles.main:watch:148] - [watchfiles.main] 1 change detected
2026-06-30 08:50:51 | INFO     | [watchfiles.main:watch:148] - [watchfiles.main] 1 change detected
2026-06-30 08:50:51 | INFO     | [watchfiles.main:watch:148] - [watchfiles.main] 1 change detected
2026-06-30 08:50:52 | INFO     | [watchfiles.main:watch:148] - [watchfiles.main] 1 change detected
2026-06-30 08:50:52 | INFO     | [watchfiles.main:watch:148] - [watchfiles.main] 1 change detected
2026-06-30 08:50:52 | INFO     | [watchfiles.main:watch:148] - [watchfiles.main] 1 change detected
2026-06-30 08:50:53 | INFO     | [watchfiles.main:watch:148] - [watchfiles.main] 1 change detected
2026-06-30 08:50:53 | INFO     | [watchfiles.main:watch:148] - [watchfiles.main] 1 change detected
2026-06-30 08:50:54 | INFO     | [watchfiles.main:watch:148] - [watchfiles.main] 1 change detected
2026-06-30 08:50:54 | INFO     | [watchfiles.main:watch:148] - [watchfiles.main] 1 change detected
2026-06-30 08:50:54 | INFO     | [watchfiles.main:watch:148] - [watchfiles.main] 1 change detected
2026-06-30 08:50:55 | INFO     | [watchfiles.main:watch:148] - [watchfiles.main] 1 change detected
2026-06-30 08:50:55 | INFO     | [watchfiles.main:watch:148] - [watchfiles.main] 1 change detected
2026-06-30 08:50:56 | INFO     | [watchfiles.main:watch:148] - [watchfiles.main] 1 change detected
2026-06-30 08:50:56 | INFO     | [watchfiles.main:watch:148] - [watchfiles.main] 1 change detected
2026-06-30 08:50:56 | INFO     | [watchfiles.main:watch:148] - [watchfiles.main] 1 change detected
2026-06-30 08:50:57 | INFO     | [watchfiles.main:watch:148] - [watchfiles.main] 1 change detected
2026-06-30 08:50:57 | INFO     | [watchfiles.main:watch:148] - [watchfiles.main] 1 change detected
2026-06-30 08:50:58 | INFO     | [watchfiles.main:watch:148] - [watchfiles.main] 1 change detected
2026-06-30 08:50:58 | INFO     | [watchfiles.main:watch:148] - [watchfiles.main] 1 change detected
2026-06-30 08:50:58 | INFO     | [watchfiles.main:watch:148] - [watchfiles.main] 1 change detected
2026-06-30 08:50:59 | INFO     | [watchfiles.main:watch:148] - [watchfiles.main] 1 change detected
2026-06-30 08:50:59 | INFO     | [watchfiles.main:watch:148] - [watchfiles.main] 1 change detected
2026-06-30 08:51:00 | INFO     | [watchfiles.main:watch:148] - [watchfiles.main] 1 change detected
2026-06-30 08:51:00 | INFO     | [watchfiles.main:watch:148] - [watchfiles.main] 1 change detected
2026-06-30 08:51:00 | INFO     | [watchfiles.main:watch:148] - [watchfiles.main] 1 change detected
2026-06-30 08:51:01 | INFO     | [watchfiles.main:watch:148] - [watchfiles.main] 1 change detected
2026-06-30 08:51:01 | INFO     | [watchfiles.main:watch:148] - [watchfiles.main] 1 change detected
2026-06-30 08:51:02 | INFO     | [watchfiles.main:watch:148] - [watchfiles.main] 1 change detected
2026-06-30 08:51:02 | INFO     | [watchfiles.main:watch:148] - [watchfiles.main] 1 change detected
2026-06-30 08:51:02 | INFO     | [watchfiles.main:watch:148] - [watchfiles.main] 1 change detected
2026-06-30 08:51:03 | INFO     | [watchfiles.main:watch:148] - [watchfiles.main] 1 change detected
2026-06-30 08:51:03 | INFO     | [watchfiles.main:watch:148] - [watchfiles.main] 1 change detected
2026-06-30 08:51:04 | INFO     | [watchfiles.main:watch:148] - [watchfiles.main] 1 change detected
2026-06-30 08:51:04 | INFO     | [watchfiles.main:watch:148] - [watchfiles.main] 1 change detected
2026-06-30 08:51:04 | INFO     | [watchfiles.main:watch:148] - [watchfiles.main] 1 change detected
2026-06-30 08:51:05 | INFO     | [watchfiles.main:watch:148] - [watchfiles.main] 1 change detected
2026-06-30 08:51:05 | INFO     | [watchfiles.main:watch:148] - [watchfiles.main] 1 change detected
2026-06-30 08:51:06 | INFO     | [watchfiles.main:watch:148] - [watchfiles.main] 1 change detected
2026-06-30 08:51:06 | INFO     | [watchfiles.main:watch:148] - [watchfiles.main] 1 change detected
2026-06-30 08:51:06 | INFO     | [watchfiles.main:watch:148] - [watchfiles.main] 1 change detected
2026-06-30 08:51:07 | INFO     | [watchfiles.main:watch:148] - [watchfiles.main] 1 change detected
2026-06-30 08:51:07 | INFO     | [watchfiles.main:watch:148] - [watchfiles.main] 1 change detected
2026-06-30 08:51:08 | INFO     | [watchfiles.main:watch:148] - [watchfiles.main] 1 change detected
2026-06-30 08:51:08 | INFO     | [watchfiles.main:watch:148] - [watchfiles.main] 1 change detected
2026-06-30 08:51:08 | INFO     | [watchfiles.main:watch:148] - [watchfiles.main] 1 change detected
2026-06-30 08:51:09 | INFO     | [watchfiles.main:watch:148] - [watchfiles.main] 1 change detected
2026-06-30 08:51:09 | INFO     | [watchfiles.main:watch:148] - [watchfiles.main] 1 change detected
2026-06-30 08:51:10 | INFO     | [watchfiles.main:watch:148] - [watchfiles.main] 1 change detected
2026-06-30 08:51:10 | INFO     | [watchfiles.main:watch:148] - [watchfiles.main] 1 change detected
2026-06-30 08:51:10 | INFO     | [watchfiles.main:watch:148] - [watchfiles.main] 1 change detected
2026-06-30 08:51:11 | INFO     | [watchfiles.main:watch:148] - [watchfiles.main] 1 change detected
2026-06-30 08:51:11 | INFO     | [watchfiles.main:watch:148] - [watchfiles.main] 1 change detected
2026-06-30 08:51:12 | INFO     | [watchfiles.main:watch:148] - [watchfiles.main] 1 change detected
2026-06-30 08:51:12 | INFO     | [watchfiles.main:watch:148] - [watchfiles.main] 1 change detected
2026-06-30 08:51:13 | INFO     | [watchfiles.main:watch:148] - [watchfiles.main] 1 change detected
2026-06-30 08:51:13 | INFO     | [watchfiles.main:watch:148] - [watchfiles.main] 1 change detected
2026-06-30 08:51:14 | INFO     | [watchfiles.main:watch:148] - [watchfiles.main] 1 change detected
2026-06-30 08:51:14 | INFO     | [watchfiles.main:watch:148] - [watchfiles.main] 1 change detected
2026-06-30 08:51:14 | INFO     | [watchfiles.main:watch:148] - [watchfiles.main] 2 changes detected
2026-06-30 08:51:15 | INFO     | [watchfiles.main:watch:148] - [watchfiles.main] 1 change detected
2026-06-30 08:51:15 | INFO     | [watchfiles.main:watch:148] - [watchfiles.main] 1 change detected
2026-06-30 08:51:16 | INFO     | [watchfiles.main:watch:148] - [watchfiles.main] 1 change detected
2026-06-30 08:51:16 | INFO     | [watchfiles.main:watch:148] - [watchfiles.main] 1 change detected
2026-06-30 08:51:16 | INFO     | [watchfiles.main:watch:148] - [watchfiles.main] 1 change detected
2026-06-30 08:51:17 | INFO     | [watchfiles.main:watch:148] - [watchfiles.main] 1 change detected
2026-06-30 08:51:17 | INFO     | [watchfiles.main:watch:148] - [watchfiles.main] 1 change detected
2026-06-30 08:51:17 | INFO     | [watchfiles.main:watch:148] - [watchfiles.main] 1 change detected
2026-06-30 08:51:18 | INFO     | [watchfiles.main:watch:148] - [watchfiles.main] 1 change detected
2026-06-30 08:51:18 | INFO     | [watchfiles.main:watch:148] - [watchfiles.main] 1 change detected
2026-06-30 08:51:19 | INFO     | [watchfiles.main:watch:148] - [watchfiles.main] 1 change detected
2026-06-30 08:51:19 | INFO     | [watchfiles.main:watch:148] - [watchfiles.main] 1 change detected
2026-06-30 08:51:19 | INFO     | [watchfiles.main:watch:148] - [watchfiles.main] 1 change detected
2026-06-30 08:51:20 | INFO     | [watchfiles.main:watch:148] - [watchfiles.main] 1 change detected
2026-06-30 08:51:20 | INFO     | [watchfiles.main:watch:148] - [watchfiles.main] 1 change detected
2026-06-30 08:51:21 | INFO     | [watchfiles.main:watch:148] - [watchfiles.main] 1 change detected
2026-06-30 08:51:21 | INFO     | [watchfiles.main:watch:148] - [watchfiles.main] 1 change detected
2026-06-30 08:51:21 | INFO     | [watchfiles.main:watch:148] - [watchfiles.main] 1 change detected
2026-06-30 08:51:22 | INFO     | [watchfiles.main:watch:148] - [watchfiles.main] 1 change detected
2026-06-30 08:51:22 | INFO     | [watchfiles.main:watch:148] - [watchfiles.main] 1 change detected
2026-06-30 08:51:23 | INFO     | [watchfiles.main:watch:148] - [watchfiles.main] 1 change detected
2026-06-30 08:51:23 | INFO     | [watchfiles.main:watch:148] - [watchfiles.main] 1 change detected
2026-06-30 08:51:23 | INFO     | [watchfiles.main:watch:148] - [watchfiles.main] 1 change detected
2026-06-30 08:51:24 | INFO     | [watchfiles.main:watch:148] - [watchfiles.main] 1 change detected
2026-06-30 08:51:24 | INFO     | [watchfiles.main:watch:148] - [watchfiles.main] 1 change detected
2026-06-30 08:51:25 | INFO     | [watchfiles.main:watch:148] - [watchfiles.main] 1 change detected
2026-06-30 08:51:25 | INFO     | [watchfiles.main:watch:148] - [watchfiles.main] 1 change detected
2026-06-30 08:51:26 | INFO     | [watchfiles.main:watch:148] - [watchfiles.main] 2 changes detected
2026-06-30 08:51:26 | INFO     | [watchfiles.main:watch:148] - [watchfiles.main] 1 change detected
2026-06-30 08:51:26 | INFO     | [watchfiles.main:watch:148] - [watchfiles.main] 1 change detected
2026-06-30 08:51:27 | INFO     | [watchfiles.main:watch:148] - [watchfiles.main] 1 change detected
2026-06-30 08:51:27 | INFO     | [watchfiles.main:watch:148] - [watchfiles.main] 1 change detected
2026-06-30 08:51:27 | INFO     | [watchfiles.main:watch:148] - [watchfiles.main] 1 change detected
2026-06-30 08:51:28 | INFO     | [watchfiles.main:watch:148] - [watchfiles.main] 1 change detected
2026-06-30 08:51:28 | INFO     | [watchfiles.main:watch:148] - [watchfiles.main] 1 change detected
2026-06-30 08:51:29 | INFO     | [watchfiles.main:watch:148] - [watchfiles.main] 1 change detected
2026-06-30 08:51:29 | INFO     | [watchfiles.main:watch:148] - [watchfiles.main] 1 change detected
2026-06-30 08:51:30 | INFO     | [watchfiles.main:watch:148] - [watchfiles.main] 1 change detected
2026-06-30 08:51:30 | INFO     | [watchfiles.main:watch:148] - [watchfiles.main] 1 change detected
2026-06-30 08:51:30 | INFO     | [watchfiles.main:watch:148] - [watchfiles.main] 1 change detected
2026-06-30 08:51:31 | INFO     | [watchfiles.main:watch:148] - [watchfiles.main] 1 change detected
2026-06-30 08:51:31 | INFO     | [watchfiles.main:watch:148] - [watchfiles.main] 1 change detected
2026-06-30 08:51:31 | INFO     | [watchfiles.main:watch:148] - [watchfiles.main] 1 change detected
2026-06-30 08:51:32 | INFO     | [watchfiles.main:watch:148] - [watchfiles.main] 1 change detected
2026-06-30 08:51:32 | INFO     | [watchfiles.main:watch:148] - [watchfiles.main] 1 change detected
2026-06-30 08:51:33 | INFO     | [watchfiles.main:watch:148] - [watchfiles.main] 1 change detected
2026-06-30 08:51:33 | INFO     | [watchfiles.main:watch:148] - [watchfiles.main] 1 change detected
2026-06-30 08:51:33 | INFO     | [watchfiles.main:watch:148] - [watchfiles.main] 1 change detected
2026-06-30 08:51:34 | INFO     | [watchfiles.main:watch:148] - [watchfiles.main] 1 change detected
2026-06-30 08:51:34 | INFO     | [watchfiles.main:watch:148] - [watchfiles.main] 1 change detected
2026-06-30 08:51:35 | INFO     | [watchfiles.main:watch:148] - [watchfiles.main] 1 change detected
2026-06-30 08:51:35 | INFO     | [watchfiles.main:watch:148] - [watchfiles.main] 1 change detected
2026-06-30 08:51:35 | INFO     | [watchfiles.main:watch:148] - [watchfiles.main] 1 change detected
2026-06-30 08:51:36 | INFO     | [watchfiles.main:watch:148] - [watchfiles.main] 1 change detected
2026-06-30 08:51:36 | INFO     | [watchfiles.main:watch:148] - [watchfiles.main] 1 change detected
2026-06-30 08:51:37 | INFO     | [watchfiles.main:watch:148] - [watchfiles.main] 1 change detected
2026-06-30 08:51:37 | INFO     | [watchfiles.main:watch:148] - [watchfiles.main] 1 change detected
2026-06-30 08:51:37 | INFO     | [watchfiles.main:watch:148] - [watchfiles.main] 1 change detected
2026-06-30 08:51:38 | INFO     | [watchfiles.main:watch:148] - [watchfiles.main] 1 change detected
2026-06-30 08:51:38 | INFO     | [watchfiles.main:watch:148] - [watchfiles.main] 1 change detected
2026-06-30 08:51:39 | INFO     | [watchfiles.main:watch:148] - [watchfiles.main] 1 change detected
2026-06-30 08:51:39 | INFO     | [watchfiles.main:watch:148] - [watchfiles.main] 1 change detected
2026-06-30 08:51:39 | INFO     | [watchfiles.main:watch:148] - [watchfiles.main] 1 change detected
2026-06-30 08:51:40 | INFO     | [watchfiles.main:watch:148] - [watchfiles.main] 1 change detected
2026-06-30 08:51:40 | INFO     | [watchfiles.main:watch:148] - [watchfiles.main] 1 change detected
2026-06-30 08:51:41 | INFO     | [watchfiles.main:watch:148] - [watchfiles.main] 1 change detected
2026-06-30 08:51:41 | INFO     | [watchfiles.main:watch:148] - [watchfiles.main] 1 change detected
2026-06-30 08:51:41 | INFO     | [watchfiles.main:watch:148] - [watchfiles.main] 1 change detected
2026-06-30 08:51:42 | INFO     | [watchfiles.main:watch:148] - [watchfiles.main] 1 change detected
2026-06-30 08:51:42 | INFO     | [watchfiles.main:watch:148] - [watchfiles.main] 1 change detected
2026-06-30 08:51:43 | INFO     | [watchfiles.main:watch:148] - [watchfiles.main] 1 change detected
2026-06-30 08:51:43 | INFO     | [watchfiles.main:watch:148] - [watchfiles.main] 1 change detected
2026-06-30 08:51:43 | INFO     | [watchfiles.main:watch:148] - [watchfiles.main] 1 change detected
2026-06-30 08:51:44 | INFO     | [watchfiles.main:watch:148] - [watchfiles.main] 1 change detected
2026-06-30 08:51:44 | INFO     | [watchfiles.main:watch:148] - [watchfiles.main] 1 change detected
2026-06-30 08:51:45 | INFO     | [watchfiles.main:watch:148] - [watchfiles.main] 1 change detected
2026-06-30 08:51:45 | INFO     | [watchfiles.main:watch:148] - [watchfiles.main] 2 changes detected
2026-06-30 08:51:45 | INFO     | [watchfiles.main:watch:148] - [watchfiles.main] 1 change detected
2026-06-30 08:51:46 | INFO     | [watchfiles.main:watch:148] - [watchfiles.main] 1 change detected
2026-06-30 08:51:46 | INFO     | [watchfiles.main:watch:148] - [watchfiles.main] 1 change detected
2026-06-30 08:51:47 | INFO     | [watchfiles.main:watch:148] - [watchfiles.main] 1 change detected
2026-06-30 08:51:47 | INFO     | [watchfiles.main:watch:148] - [watchfiles.main] 1 change detected
2026-06-30 08:51:47 | INFO     | [watchfiles.main:watch:148] - [watchfiles.main] 2 changes detected
2026-06-30 08:51:48 | INFO     | [watchfiles.main:watch:148] - [watchfiles.main] 1 change detected
2026-06-30 08:51:48 | INFO     | [watchfiles.main:watch:148] - [watchfiles.main] 1 change detected
2026-06-30 08:51:49 | INFO     | [watchfiles.main:watch:148] - [watchfiles.main] 1 change detected
2026-06-30 08:51:49 | INFO     | [watchfiles.main:watch:148] - [watchfiles.main] 1 change detected
2026-06-30 08:51:49 | INFO     | [watchfiles.main:watch:148] - [watchfiles.main] 1 change detected
2026-06-30 08:51:50 | INFO     | [watchfiles.main:watch:148] - [watchfiles.main] 1 change detected
2026-06-30 08:51:50 | INFO     | [watchfiles.main:watch:148] - [watchfiles.main] 2 changes detected
2026-06-30 08:51:51 | INFO     | [watchfiles.main:watch:148] - [watchfiles.main] 1 change detected
2026-06-30 08:51:51 | INFO     | [watchfiles.main:watch:148] - [watchfiles.main] 1 change detected
2026-06-30 08:51:51 | INFO     | [watchfiles.main:watch:148] - [watchfiles.main] 1 change detected
2026-06-30 08:51:52 | INFO     | [watchfiles.main:watch:148] - [watchfiles.main] 1 change detected
2026-06-30 08:51:52 | INFO     | [watchfiles.main:watch:148] - [watchfiles.main] 2 changes detected
2026-06-30 08:51:53 | INFO     | [watchfiles.main:watch:148] - [watchfiles.main] 1 change detected
2026-06-30 08:51:53 | INFO     | [watchfiles.main:watch:148] - [watchfiles.main] 1 change detected
2026-06-30 08:51:53 | INFO     | [watchfiles.main:watch:148] - [watchfiles.main] 1 change detected
2026-06-30 08:51:54 | INFO     | [watchfiles.main:watch:148] - [watchfiles.main] 1 change detected
2026-06-30 08:51:54 | INFO     | [watchfiles.main:watch:148] - [watchfiles.main] 1 change detected
2026-06-30 08:51:55 | INFO     | [watchfiles.main:watch:148] - [watchfiles.main] 1 change detected
2026-06-30 08:51:55 | INFO     | [watchfiles.main:watch:148] - [watchfiles.main] 1 change detected
2026-06-30 08:51:55 | INFO     | [watchfiles.main:watch:148] - [watchfiles.main] 1 change detected
2026-06-30 08:51:56 | INFO     | [watchfiles.main:watch:148] - [watchfiles.main] 1 change detected
2026-06-30 08:51:56 | INFO     | [watchfiles.main:watch:148] - [watchfiles.main] 1 change detected
2026-06-30 08:51:57 | INFO     | [watchfiles.main:watch:148] - [watchfiles.main] 1 change detected
2026-06-30 08:51:57 | INFO     | [watchfiles.main:watch:148] - [watchfiles.main] 1 change detected
2026-06-30 08:51:57 | INFO     | [watchfiles.main:watch:148] - [watchfiles.main] 1 change detected
2026-06-30 08:51:58 | INFO     | [watchfiles.main:watch:148] - [watchfiles.main] 1 change detected
2026-06-30 08:51:58 | INFO     | [watchfiles.main:watch:148] - [watchfiles.main] 1 change detected
2026-06-30 08:51:59 | INFO     | [watchfiles.main:watch:148] - [watchfiles.main] 1 change detected
2026-06-30 08:51:59 | INFO     | [watchfiles.main:watch:148] - [watchfiles.main] 1 change detected
2026-06-30 08:52:00 | INFO     | [watchfiles.main:watch:148] - [watchfiles.main] 1 change detected
2026-06-30 08:52:00 | INFO     | [watchfiles.main:watch:148] - [watchfiles.main] 1 change detected
2026-06-30 08:52:00 | INFO     | [watchfiles.main:watch:148] - [watchfiles.main] 1 change detected
2026-06-30 08:52:01 | INFO     | [watchfiles.main:watch:148] - [watchfiles.main] 1 change detected
2026-06-30 08:52:01 | INFO     | [watchfiles.main:watch:148] - [watchfiles.main] 1 change detected
2026-06-30 08:52:01 | INFO     | [watchfiles.main:watch:148] - [watchfiles.main] 1 change detected
2026-06-30 08:52:02 | INFO     | [watchfiles.main:watch:148] - [watchfiles.main] 1 change detected
2026-06-30 08:52:02 | INFO     | [watchfiles.main:watch:148] - [watchfiles.main] 1 change detected
2026-06-30 08:52:03 | INFO     | [watchfiles.main:watch:148] - [watchfiles.main] 1 change detected
2026-06-30 08:52:03 | INFO     | [watchfiles.main:watch:148] - [watchfiles.main] 1 change detected
2026-06-30 08:52:03 | INFO     | [watchfiles.main:watch:148] - [watchfiles.main] 1 change detected
2026-06-30 08:52:04 | INFO     | [watchfiles.main:watch:148] - [watchfiles.main] 1 change detected
2026-06-30 08:52:04 | INFO     | [watchfiles.main:watch:148] - [watchfiles.main] 1 change detected
2026-06-30 08:52:05 | INFO     | [watchfiles.main:watch:148] - [watchfiles.main] 1 change detected
2026-06-30 08:52:05 | INFO     | [watchfiles.main:watch:148] - [watchfiles.main] 1 change detected
2026-06-30 08:52:05 | INFO     | [watchfiles.main:watch:148] - [watchfiles.main] 1 change detected
2026-06-30 08:52:06 | INFO     | [watchfiles.main:watch:148] - [watchfiles.main] 1 change detected
2026-06-30 08:52:06 | INFO     | [watchfiles.main:watch:148] - [watchfiles.main] 1 change detected
2026-06-30 08:52:07 | INFO     | [watchfiles.main:watch:148] - [watchfiles.main] 1 change detected
2026-06-30 08:52:07 | INFO     | [watchfiles.main:watch:148] - [watchfiles.main] 1 change detected
2026-06-30 08:52:07 | INFO     | [watchfiles.main:watch:148] - [watchfiles.main] 1 change detected
2026-06-30 08:52:08 | INFO     | [watchfiles.main:watch:148] - [watchfiles.main] 1 change detected
2026-06-30 08:52:08 | INFO     | [watchfiles.main:watch:148] - [watchfiles.main] 1 change detected
2026-06-30 08:52:09 | INFO     | [watchfiles.main:watch:148] - [watchfiles.main] 1 change detected
2026-06-30 08:52:09 | INFO     | [watchfiles.main:watch:148] - [watchfiles.main] 1 change detected
2026-06-30 08:52:09 | INFO     | [watchfiles.main:watch:148] - [watchfiles.main] 1 change detected
2026-06-30 08:52:10 | INFO     | [watchfiles.main:watch:148] - [watchfiles.main] 1 change detected
2026-06-30 08:52:10 | INFO     | [watchfiles.main:watch:148] - [watchfiles.main] 1 change detected
2026-06-30 08:52:11 | INFO     | [watchfiles.main:watch:148] - [watchfiles.main] 1 change detected
2026-06-30 08:52:11 | INFO     | [watchfiles.main:watch:148] - [watchfiles.main] 1 change detected
2026-06-30 08:52:11 | INFO     | [watchfiles.main:watch:148] - [watchfiles.main] 1 change detected
2026-06-30 08:52:12 | INFO     | [watchfiles.main:watch:148] - [watchfiles.main] 1 change detected
2026-06-30 08:52:12 | INFO     | [watchfiles.main:watch:148] - [watchfiles.main] 1 change detected
2026-06-30 08:52:13 | INFO     | [watchfiles.main:watch:148] - [watchfiles.main] 1 change detected
2026-06-30 08:52:13 | INFO     | [watchfiles.main:watch:148] - [watchfiles.main] 4 changes detected
2026-06-30 08:52:13 | INFO     | [watchfiles.main:watch:148] - [watchfiles.main] 1 change detected
2026-06-30 08:52:14 | INFO     | [watchfiles.main:watch:148] - [watchfiles.main] 1 change detected
2026-06-30 08:52:14 | INFO     | [watchfiles.main:watch:148] - [watchfiles.main] 1 change detected
2026-06-30 08:52:14 | INFO     | [watchfiles.main:watch:148] - [watchfiles.main] 1 change detected
2026-06-30 08:52:15 | INFO     | [watchfiles.main:watch:148] - [watchfiles.main] 1 change detected
2026-06-30 08:52:15 | INFO     | [watchfiles.main:watch:148] - [watchfiles.main] 1 change detected
2026-06-30 08:52:16 | INFO     | [watchfiles.main:watch:148] - [watchfiles.main] 1 change detected
2026-06-30 08:52:16 | INFO     | [watchfiles.main:watch:148] - [watchfiles.main] 1 change detected
2026-06-30 08:52:16 | INFO     | [watchfiles.main:watch:148] - [watchfiles.main] 1 change detected
2026-06-30 08:52:17 | INFO     | [watchfiles.main:watch:148] - [watchfiles.main] 1 change detected
2026-06-30 08:52:17 | INFO     | [watchfiles.main:watch:148] - [watchfiles.main] 1 change detected
2026-06-30 08:52:18 | INFO     | [watchfiles.main:watch:148] - [watchfiles.main] 1 change detected
2026-06-30 08:52:18 | INFO     | [watchfiles.main:watch:148] - [watchfiles.main] 1 change detected
2026-06-30 08:52:18 | INFO     | [watchfiles.main:watch:148] - [watchfiles.main] 1 change detected
2026-06-30 08:52:19 | INFO     | [watchfiles.main:watch:148] - [watchfiles.main] 1 change detected
2026-06-30 08:52:19 | INFO     | [watchfiles.main:watch:148] - [watchfiles.main] 1 change detected
2026-06-30 08:52:20 | INFO     | [watchfiles.main:watch:148] - [watchfiles.main] 1 change detected
2026-06-30 08:52:20 | INFO     | [watchfiles.main:watch:148] - [watchfiles.main] 1 change detected
2026-06-30 08:52:20 | INFO     | [watchfiles.main:watch:148] - [watchfiles.main] 1 change detected
2026-06-30 08:52:21 | INFO     | [watchfiles.main:watch:148] - [watchfiles.main] 1 change detected
2026-06-30 08:52:21 | INFO     | [watchfiles.main:watch:148] - [watchfiles.main] 1 change detected
2026-06-30 08:52:22 | INFO     | [watchfiles.main:watch:148] - [watchfiles.main] 1 change detected
2026-06-30 08:52:22 | INFO     | [watchfiles.main:watch:148] - [watchfiles.main] 1 change detected
2026-06-30 08:52:22 | INFO     | [watchfiles.main:watch:148] - [watchfiles.main] 1 change detected
2026-06-30 08:52:23 | INFO     | [watchfiles.main:watch:148] - [watchfiles.main] 1 change detected
2026-06-30 08:52:23 | INFO     | [watchfiles.main:watch:148] - [watchfiles.main] 1 change detected
2026-06-30 08:52:24 | INFO     | [watchfiles.main:watch:148] - [watchfiles.main] 1 change detected
2026-06-30 08:52:24 | INFO     | [watchfiles.main:watch:148] - [watchfiles.main] 1 change detected
2026-06-30 08:52:24 | INFO     | [watchfiles.main:watch:148] - [watchfiles.main] 1 change detected
2026-06-30 08:52:25 | INFO     | [watchfiles.main:watch:148] - [watchfiles.main] 1 change detected
