2026-07-01 04:29:47 | INFO     | [main:<module>:12] - Arbitrator starting | exchanges=['mexc', 'bitget', 'gate', 'bingx'] ui_data_mode=live
2026-07-01 04:29:47 | INFO     | [arbitrator.presentation.fastapi_app:create:103] - FastAPI app created | title=Arbitrator host=127.0.0.1 port=8000 ui_data_mode=live
2026-07-01 04:29:47 | INFO     | [uvicorn.server:serve:79] - [uvicorn.error] Started server process [19536]
2026-07-01 04:29:47 | INFO     | [uvicorn.server:startup:105] - [uvicorn.error] Waiting for application startup.
2026-07-01 04:29:47 | INFO     | [arbitrator.application.app_runtime:_start_live_workers:81] - screener worker started | mode=live
2026-07-01 04:29:47 | INFO     | [arbitrator.application.app_runtime:_start_live_workers:110] - funding worker started | mode=live
2026-07-01 04:29:47 | INFO     | [arbitrator.application.app_runtime:_start_live_workers:114] - account worker started | mode=live
2026-07-01 04:29:47 | INFO     | [arbitrator.presentation.fastapi_app:lifespan:39] - app lifespan started | ui_data_mode=live
2026-07-01 04:29:48 | INFO     | [uvicorn.server:startup:105] - [uvicorn.error] Application startup complete.
2026-07-01 04:29:48 | INFO     | [arbitrator.application.symbol_universe_service:_filter:111] - Universe filtered | total=1213 after_min_exchanges=669 after_exclusions=668
2026-07-01 04:29:48 | INFO     | [arbitrator.application.screener_stream_worker:_discovery_phase:164] - Volume discovery started | symbols=668 threshold_usdt=50000.0 timeout_s=30.0
2026-07-01 04:29:48 | INFO     | [arbitrator.application.multi_exchange_watcher:_spawn_watchers:61] - Spawning watchers | exchanges=['mexc', 'bitget', 'gate', 'bingx'] symbols={'mexc': 545, 'bitget': 573, 'gate': 636, 'bingx': 466}
2026-07-01 04:29:48 | DEBUG    | [arbitrator.application.multi_exchange_watcher:_watch:81] - Watcher start | exchange=mexc symbols=545
2026-07-01 04:29:48 | INFO     | [arbitrator.application.account_stream_worker:_async_main:124] - Account stream spawned | exchanges=['mexc', 'bitget', 'gate', 'bingx']
2026-07-01 04:29:48 | INFO     | [starlette._exception_handler:sender:39] - [uvicorn.error] 127.0.0.1:52601 - "WebSocket /ws/screener" [accepted]
2026-07-01 04:29:48 | INFO     | [arbitrator.presentation.ws.screener_ws_handler:handle:35] - ws connected | endpoint=/ws/screener
2026-07-01 04:29:48 | DEBUG    | [arbitrator.application.strategy_table_service:refresh:75] - strategy recompute | changed=0 symbols=0
2026-07-01 04:29:48 | INFO     | [websockets.legacy.server:handler:161] - [uvicorn.error] connection open
2026-07-01 04:29:48 | INFO     | [starlette._exception_handler:sender:39] - [uvicorn.error] 127.0.0.1:52621 - "WebSocket /ws/settings" [accepted]
2026-07-01 04:29:48 | INFO     | [arbitrator.presentation.ws.settings_ws_handler:handle:25] - ws connected | endpoint=/ws/settings
2026-07-01 04:29:48 | INFO     | [websockets.legacy.server:handler:161] - [uvicorn.error] connection open
2026-07-01 04:29:48 | INFO     | [starlette._exception_handler:sender:39] - [uvicorn.error] 127.0.0.1:52622 - "WebSocket /ws/orders" [accepted]
2026-07-01 04:29:48 | INFO     | [arbitrator.presentation.ws.orders_ws_handler:handle:26] - ws connected | endpoint=/ws/orders
2026-07-01 04:29:48 | INFO     | [websockets.legacy.server:handler:161] - [uvicorn.error] connection open
2026-07-01 04:29:48 | INFO     | [arbitrator.exchanges.ccxt_base:_ensure_open:1336] - Exchange client opened | exchange=mexc
2026-07-01 04:29:48 | INFO     | [arbitrator.exchanges.ccxt_base:_ensure_open:1336] - Exchange client opened | exchange=mexc
2026-07-01 04:29:48 | DEBUG    | [arbitrator.application.multi_exchange_watcher:_watch:81] - Watcher start | exchange=bitget symbols=573
2026-07-01 04:29:49 | INFO     | [arbitrator.exchanges.ccxt_base:_ensure_open:1336] - Exchange client opened | exchange=bitget
2026-07-01 04:29:49 | DEBUG    | [arbitrator.application.multi_exchange_watcher:_watch:81] - Watcher start | exchange=gate symbols=636
2026-07-01 04:29:49 | DEBUG    | [arbitrator.application.strategy_table_service:refresh:75] - strategy recompute | changed=0 symbols=0
2026-07-01 04:29:49 | INFO     | [arbitrator.exchanges.ccxt_base:_ensure_open:1336] - Exchange client opened | exchange=bitget
2026-07-01 04:29:49 | INFO     | [arbitrator.exchanges.ccxt_base:_ensure_open:1336] - Exchange client opened | exchange=gate
2026-07-01 04:29:49 | DEBUG    | [arbitrator.application.multi_exchange_watcher:_watch:81] - Watcher start | exchange=bingx symbols=466
2026-07-01 04:29:49 | INFO     | [arbitrator.exchanges.ccxt_base:_ensure_open:1336] - Exchange client opened | exchange=gate
2026-07-01 04:29:50 | INFO     | [arbitrator.exchanges.ccxt_base:_ensure_open:1336] - Exchange client opened | exchange=bingx
2026-07-01 04:29:50 | INFO     | [arbitrator.exchanges.ccxt_base:_ensure_open:1336] - Exchange client opened | exchange=bingx
2026-07-01 04:29:50 | DEBUG    | [arbitrator.application.strategy_table_service:refresh:75] - strategy recompute | changed=0 symbols=0
2026-07-01 04:29:51 | DEBUG    | [arbitrator.application.strategy_table_service:refresh:75] - strategy recompute | changed=0 symbols=0
2026-07-01 04:29:52 | DEBUG    | [arbitrator.application.strategy_table_service:refresh:75] - strategy recompute | changed=0 symbols=0
2026-07-01 04:29:53 | DEBUG    | [arbitrator.application.strategy_table_service:refresh:75] - strategy recompute | changed=0 symbols=0
2026-07-01 04:29:54 | DEBUG    | [arbitrator.application.strategy_table_service:refresh:75] - strategy recompute | changed=0 symbols=0
2026-07-01 04:29:55 | DEBUG    | [arbitrator.application.strategy_table_service:refresh:75] - strategy recompute | changed=0 symbols=0
2026-07-01 04:29:56 | DEBUG    | [arbitrator.application.strategy_table_service:refresh:75] - strategy recompute | changed=0 symbols=0
2026-07-01 04:29:57 | DEBUG    | [arbitrator.application.strategy_table_service:refresh:75] - strategy recompute | changed=0 symbols=0
2026-07-01 04:29:58 | DEBUG    | [arbitrator.application.strategy_table_service:refresh:75] - strategy recompute | changed=0 symbols=0
2026-07-01 04:29:59 | DEBUG    | [arbitrator.application.strategy_table_service:refresh:75] - strategy recompute | changed=0 symbols=0
2026-07-01 04:30:00 | DEBUG    | [arbitrator.application.strategy_table_service:refresh:75] - strategy recompute | changed=0 symbols=0
2026-07-01 04:30:01 | DEBUG    | [arbitrator.exchanges.ccxt_base:_ensure_markets_loaded:1353] - Markets loaded | exchange=bingx count=3032
2026-07-01 04:30:01 | INFO     | [arbitrator.exchanges.ccxt_base:watch_tickers:209] - Streaming tickers | exchange=bingx symbols=466 mode=fanout chunks=-
2026-07-01 04:30:01 | DEBUG    | [arbitrator.application.strategy_table_service:refresh:75] - strategy recompute | changed=0 symbols=0
2026-07-01 04:30:02 | DEBUG    | [arbitrator.application.strategy_table_service:refresh:75] - strategy recompute | changed=0 symbols=0
2026-07-01 04:30:03 | DEBUG    | [arbitrator.exchanges.ccxt_base:_ensure_markets_loaded:1353] - Markets loaded | exchange=bitget count=1928
2026-07-01 04:30:03 | INFO     | [arbitrator.exchanges.ccxt_base:watch_open_positions:603] - Position stream started | exchange=bitget mode=ws
2026-07-01 04:30:03 | DEBUG    | [arbitrator.exchanges.ccxt_base:_ensure_markets_loaded:1353] - Markets loaded | exchange=bitget count=1928
2026-07-01 04:30:03 | DEBUG    | [arbitrator.exchanges.ccxt_base:_ensure_markets_loaded:1353] - Markets loaded | exchange=bingx count=3032
2026-07-01 04:30:03 | INFO     | [arbitrator.exchanges.ccxt_base:watch_tickers:209] - Streaming tickers | exchange=bitget symbols=573 mode=bulk chunks=12
2026-07-01 04:30:03 | INFO     | [arbitrator.exchanges.ccxt_base:watch_open_positions:603] - Position stream started | exchange=bingx mode=ws
2026-07-01 04:30:03 | DEBUG    | [arbitrator.exchanges.ccxt_base:_stream_bulk:1181] - Bulk stream chunks | exchange=bitget chunks=12 chunk_size=50
2026-07-01 04:30:03 | INFO     | [arbitrator.exchanges.ccxt_base:watch_usdt_balance:635] - Balance stream started | exchange=bitget mode=ws
2026-07-01 04:30:03 | INFO     | [arbitrator.exchanges.ccxt_base:watch_usdt_balance:635] - Balance stream started | exchange=bingx mode=ws
2026-07-01 04:30:04 | DEBUG    | [arbitrator.application.strategy_table_service:refresh:75] - strategy recompute | changed=0 symbols=0
2026-07-01 04:30:04 | DEBUG    | [arbitrator.exchanges.ccxt_base:_ensure_markets_loaded:1353] - Markets loaded | exchange=mexc count=3151
2026-07-01 04:30:04 | INFO     | [arbitrator.exchanges.ccxt_base:watch_tickers:209] - Streaming tickers | exchange=mexc symbols=545 mode=bulk chunks=11
2026-07-01 04:30:04 | DEBUG    | [arbitrator.exchanges.ccxt_base:_stream_bulk:1181] - Bulk stream chunks | exchange=mexc chunks=11 chunk_size=50
2026-07-01 04:30:04 | DEBUG    | [arbitrator.exchanges.ccxt_base:_ensure_markets_loaded:1353] - Markets loaded | exchange=mexc count=3151
2026-07-01 04:30:04 | INFO     | [arbitrator.exchanges.ccxt_base:watch_open_positions:603] - Position stream started | exchange=mexc mode=rest_poll
2026-07-01 04:30:04 | INFO     | [arbitrator.exchanges.ccxt_base:watch_usdt_balance:635] - Balance stream started | exchange=mexc mode=ws
2026-07-01 04:30:05 | DEBUG    | [arbitrator.application.strategy_table_service:refresh:75] - strategy recompute | changed=0 symbols=0
2026-07-01 04:30:06 | DEBUG    | [arbitrator.application.strategy_table_service:refresh:75] - strategy recompute | changed=0 symbols=0
2026-07-01 04:30:07 | DEBUG    | [arbitrator.application.strategy_table_service:refresh:75] - strategy recompute | changed=2 symbols=2
2026-07-01 04:30:08 | DEBUG    | [arbitrator.application.strategy_table_service:refresh:75] - strategy recompute | changed=151 symbols=151
2026-07-01 04:30:09 | DEBUG    | [arbitrator.application.strategy_table_service:refresh:75] - strategy recompute | changed=157 symbols=301
2026-07-01 04:30:10 | DEBUG    | [arbitrator.application.strategy_table_service:refresh:75] - strategy recompute | changed=165 symbols=451
2026-07-01 04:30:11 | DEBUG    | [arbitrator.application.strategy_table_service:refresh:75] - strategy recompute | changed=12 symbols=451
2026-07-01 04:30:12 | INFO     | [uvicorn.server:_serve:98] - [uvicorn.error] Shutting down
2026-07-01 04:30:12 | INFO     | [arbitrator.presentation.ws.orders_ws_handler:handle:34] - ws disconnected | endpoint=/ws/orders
2026-07-01 04:30:12 | INFO     | [asyncio.events:_run:80] - [uvicorn.error] connection closed
2026-07-01 04:30:12 | INFO     | [arbitrator.presentation.ws.settings_ws_handler:handle:33] - ws disconnected | endpoint=/ws/settings
2026-07-01 04:30:12 | INFO     | [asyncio.events:_run:80] - [uvicorn.error] connection closed
2026-07-01 04:30:12 | INFO     | [asyncio.events:_run:80] - [uvicorn.error] connection closed
2026-07-01 04:30:12 | INFO     | [asyncio.tasks:wait_for:452] - [uvicorn.error] Waiting for background tasks to complete. (CTRL+C to force quit)
2026-07-01 04:30:12 | DEBUG    | [arbitrator.application.strategy_table_service:refresh:75] - strategy recompute | changed=129 symbols=546
2026-07-01 04:30:12 | INFO     | [arbitrator.presentation.ws.screener_ws_handler:handle:43] - ws disconnected | endpoint=/ws/screener
2026-07-01 04:30:12 | INFO     | [uvicorn.server:shutdown:301] - [uvicorn.error] Waiting for application shutdown.
2026-07-01 04:30:12 | INFO     | [arbitrator.application.app_runtime:stop:55] - screener worker stopped
2026-07-01 04:30:12 | INFO     | [arbitrator.application.app_runtime:stop:58] - account worker stopped
2026-07-01 04:30:12 | INFO     | [arbitrator.application.app_runtime:stop:61] - funding worker stopped
2026-07-01 04:30:12 | INFO     | [arbitrator.presentation.fastapi_app:lifespan:45] - app lifespan stopped
2026-07-01 04:30:12 | DEBUG    | [arbitrator.exchanges.ccxt_base:close:1168] - Exchange closed | exchange=mexc
2026-07-01 04:30:12 | INFO     | [uvicorn.server:shutdown:301] - [uvicorn.error] Application shutdown complete.
2026-07-01 04:30:12 | DEBUG    | [arbitrator.exchanges.ccxt_base:close:1168] - Exchange closed | exchange=bitget
2026-07-01 04:30:12 | INFO     | [uvicorn.server:serve:79] - [uvicorn.error] Finished server process [19536]
2026-07-01 04:30:12 | DEBUG    | [arbitrator.exchanges.ccxt_base:close:1168] - Exchange closed | exchange=gate
2026-07-01 04:30:12 | DEBUG    | [arbitrator.exchanges.ccxt_base:close:1168] - Exchange closed | exchange=bingx
2026-07-01 04:30:12 | INFO     | [arbitrator.application.funding_rate_worker:_thread_main:65] - funding worker stopped
2026-07-01 04:30:13 | DEBUG    | [arbitrator.exchanges.ccxt_base:_watch_chunk:1206] - watch_tickers transient, retrying | exchange=mexc chunk=4 err=NetworkError delay_s=5.0
2026-07-01 04:30:13 | DEBUG    | [arbitrator.exchanges.ccxt_base:_watch_chunk:1206] - watch_tickers transient, retrying | exchange=mexc chunk=5 err=NetworkError delay_s=5.0
2026-07-01 04:30:13 | DEBUG    | [arbitrator.exchanges.ccxt_base:_watch_chunk:1206] - watch_tickers transient, retrying | exchange=mexc chunk=6 err=NetworkError delay_s=5.0
2026-07-01 04:30:13 | ERROR    | [arbitrator.exchanges.ccxt_base:_ensure_markets_loaded:1351] - load_markets failed | exchange=gate
Traceback (most recent call last):

  File "c:\Users\dev_home\.cursor\extensions\ms-python.debugpy-2026.6.0-win32-x64\bundled\libs\debugpy\_vendored\pydevd\_pydev_bundle\pydev_monkey.py", line 1134, in __call__
    ret = self.original_func(*self.args, **self.kwargs)
          │    │              │    │       │    └ {}
          │    │              │    │       └ <_pydev_bundle.pydev_monkey._NewThreadStartupWithTrace object at 0x00000220250A2AD0>
          │    │              │    └ ()
          │    │              └ <_pydev_bundle.pydev_monkey._NewThreadStartupWithTrace object at 0x00000220250A2AD0>
          │    └ <bound method Thread._bootstrap of <Thread(screener-stream:0, started daemon 7740)>>
          └ <_pydev_bundle.pydev_monkey._NewThreadStartupWithTrace object at 0x00000220250A2AD0>

  File "C:\Users\dev_home\AppData\Local\Programs\Python\Python311\Lib\threading.py", line 1002, in _bootstrap
    self._bootstrap_inner()
    │    └ <function Thread._bootstrap_inner at 0x000002201A3BCB80>
    └ <Thread(screener-stream:0, started daemon 7740)>
  File "C:\Users\dev_home\AppData\Local\Programs\Python\Python311\Lib\threading.py", line 1045, in _bootstrap_inner
    self.run()
    │    └ <function Thread.run at 0x000002201A3BC860>
    └ <Thread(screener-stream:0, started daemon 7740)>
  File "C:\Users\dev_home\AppData\Local\Programs\Python\Python311\Lib\threading.py", line 982, in run
    self._target(*self._args, **self._kwargs)
    │    │        │    │        │    └ {}
    │    │        │    │        └ <Thread(screener-stream:0, started daemon 7740)>
    │    │        │    └ ()
    │    │        └ <Thread(screener-stream:0, started daemon 7740)>
    │    └ <bound method ScreenerStreamWorker._thread_main of <arbitrator.application.screener_stream_worker.ScreenerStreamWorker object...
    └ <Thread(screener-stream:0, started daemon 7740)>

  File "C:\shere-folder\arbitrator\src\arbitrator\application\screener_stream_worker.py", line 88, in _thread_main
    asyncio.run(self._async_main())
    │       │   │    └ <function ScreenerStreamWorker._async_main at 0x0000022023AB0040>
    │       │   └ <arbitrator.application.screener_stream_worker.ScreenerStreamWorker object at 0x00000220250A2750>
    │       └ <function run at 0x000002201CCAACA0>
    └ <module 'asyncio' from 'C:\\Users\\dev_home\\AppData\\Local\\Programs\\Python\\Python311\\Lib\\asyncio\\__init__.py'>

  File "C:\Users\dev_home\AppData\Local\Programs\Python\Python311\Lib\asyncio\runners.py", line 190, in run
    return runner.run(main)
           │      │   └ <coroutine object ScreenerStreamWorker._async_main at 0x0000022025048A40>
           │      └ <function Runner.run at 0x000002201CCAB100>
           └ <asyncio.runners.Runner object at 0x0000022024F2D8D0>
  File "C:\Users\dev_home\AppData\Local\Programs\Python\Python311\Lib\asyncio\runners.py", line 118, in run
    return self._loop.run_until_complete(task)
           │    │     │                  └ <Task cancelling name='Task-3' coro=<ScreenerStreamWorker._async_main() running at C:\shere-folder\arbitrator\src\arbitrator\...
           │    │     └ <function BaseEventLoop.run_until_complete at 0x000002201CCA8B80>
           │    └ <ProactorEventLoop running=True closed=False debug=False>
           └ <asyncio.runners.Runner object at 0x0000022024F2D8D0>
  File "C:\Users\dev_home\AppData\Local\Programs\Python\Python311\Lib\asyncio\base_events.py", line 640, in run_until_complete
    self.run_forever()
    │    └ <function ProactorEventLoop.run_forever at 0x000002201CD41B20>
    └ <ProactorEventLoop running=True closed=False debug=False>
  File "C:\Users\dev_home\AppData\Local\Programs\Python\Python311\Lib\asyncio\windows_events.py", line 321, in run_forever
    super().run_forever()
  File "C:\Users\dev_home\AppData\Local\Programs\Python\Python311\Lib\asyncio\base_events.py", line 607, in run_forever
    self._run_once()
    │    └ <function BaseEventLoop._run_once at 0x000002201CCAA8E0>
    └ <ProactorEventLoop running=True closed=False debug=False>
  File "C:\Users\dev_home\AppData\Local\Programs\Python\Python311\Lib\asyncio\base_events.py", line 1922, in _run_once
    handle._run()
    │      └ <function Handle._run at 0x000002201CC16340>
    └ <Handle Task.task_wakeup(<Task finishe...er shutdown')>)>
  File "C:\Users\dev_home\AppData\Local\Programs\Python\Python311\Lib\asyncio\events.py", line 80, in _run
    self._context.run(self._callback, *self._args)
    │    │            │    │           │    └ <member '_args' of 'Handle' objects>
    │    │            │    │           └ <Handle Task.task_wakeup(<Task finishe...er shutdown')>)>
    │    │            │    └ <member '_callback' of 'Handle' objects>
    │    │            └ <Handle Task.task_wakeup(<Task finishe...er shutdown')>)>
    │    └ <member '_context' of 'Handle' objects>
    └ <Handle Task.task_wakeup(<Task finishe...er shutdown')>)>

  File "C:\shere-folder\arbitrator\src\arbitrator\exchanges\gate.py", line 46, in watch_tickers
    await self._ensure_markets_loaded(client)
          │    │                      └ ccxt.async_support.gate()
          │    └ <function CcxtBase._ensure_markets_loaded at 0x0000022023A7AA20>
          └ <arbitrator.exchanges.gate.Gate object at 0x00000220250B5710>

> File "C:\shere-folder\arbitrator\src\arbitrator\exchanges\ccxt_base.py", line 1348, in _ensure_markets_loaded
    await client.load_markets()
          │      └ <function Exchange.load_markets at 0x00000220216FEE80>
          └ ccxt.async_support.gate()

  File "C:\shere-folder\arbitrator\.venv\Lib\site-packages\ccxt\async_support\base\exchange.py", line 365, in load_markets
    raise e
  File "C:\shere-folder\arbitrator\.venv\Lib\site-packages\ccxt\async_support\base\exchange.py", line 357, in load_markets
    result = await self.markets_loading
                   │    └ None
                   └ ccxt.async_support.gate()
  File "C:\shere-folder\arbitrator\.venv\Lib\site-packages\ccxt\async_support\base\exchange.py", line 324, in load_markets_helper
    markets = await self.fetch_markets(params)
                    │    │             └ {}
                    │    └ <function gate.fetch_markets at 0x0000022022CD4A40>
                    └ ccxt.async_support.gate()
  File "C:\shere-folder\arbitrator\.venv\Lib\site-packages\ccxt\async_support\gate.py", line 1343, in fetch_markets
    results = await asyncio.gather(*rawPromises)
                    │       │       └ [<coroutine object gate.fetch_spot_markets at 0x0000022024ADFEF0>, <coroutine object gate.fetch_swap_markets at 0x00000220250...
                    │       └ <function gather at 0x000002201CC639C0>
                    └ <module 'asyncio' from 'C:\\Users\\dev_home\\AppData\\Local\\Programs\\Python\\Python311\\Lib\\asyncio\\__init__.py'>
  File "C:\shere-folder\arbitrator\.venv\Lib\site-packages\ccxt\async_support\gate.py", line 1667, in fetch_option_markets
    response = await self.publicOptionsGetContracts(query)
                     │    │                         └ {'underlying': 'BNB_USDT'}
                     │    └ <function Entry.__init__.<locals>.unbound_method at 0x00000220203A7600>
                     └ ccxt.async_support.gate()
  File "C:\shere-folder\arbitrator\.venv\Lib\site-packages\ccxt\async_support\base\exchange.py", line 1033, in request
    return await self.fetch2(path, api, method, params, headers, body, config)
                 │    │      │     │    │       │       │        │     └ {'cost': 1}
                 │    │      │     │    │       │       │        └ None
                 │    │      │     │    │       │       └ None
                 │    │      │     │    │       └ {'underlying': 'BNB_USDT'}
                 │    │      │     │    └ 'GET'
                 │    │      │     └ ['public', 'options']
                 │    │      └ 'contracts'
                 │    └ <function Exchange.fetch2 at 0x000002202181AF20>
                 └ ccxt.async_support.gate()
  File "C:\shere-folder\arbitrator\.venv\Lib\site-packages\ccxt\async_support\base\exchange.py", line 1029, in fetch2
    raise e
  File "C:\shere-folder\arbitrator\.venv\Lib\site-packages\ccxt\async_support\base\exchange.py", line 1017, in fetch2
    return await self.fetch(request['url'], request['method'], request['headers'], request['body'])
                 │    │     │               │                  │                   └ {'url': 'https://api.gateio.ws/api/v4/options/contracts?underlying=BNB_USDT', 'method': 'GET', 'body': None, 'headers': None}
                 │    │     │               │                  └ {'url': 'https://api.gateio.ws/api/v4/options/contracts?underlying=BNB_USDT', 'method': 'GET', 'body': None, 'headers': None}
                 │    │     │               └ {'url': 'https://api.gateio.ws/api/v4/options/contracts?underlying=BNB_USDT', 'method': 'GET', 'body': None, 'headers': None}
                 │    │     └ {'url': 'https://api.gateio.ws/api/v4/options/contracts?underlying=BNB_USDT', 'method': 'GET', 'body': None, 'headers': None}
                 │    └ <function Exchange.fetch at 0x00000220216FECA0>
                 └ ccxt.async_support.gate()
  File "C:\shere-folder\arbitrator\.venv\Lib\site-packages\ccxt\async_support\base\exchange.py", line 241, in fetch
    async with session_method(yarl.URL(url, encoded=True),
               │              │    │   └ 'https://api.gateio.ws/api/v4/options/contracts?underlying=BNB_USDT'
               │              │    └ <class 'yarl.URL'>
               │              └ <module 'yarl' from 'C:\\shere-folder\\arbitrator\\.venv\\Lib\\site-packages\\yarl\\__init__.py'>
               └ <bound method ClientSession.get of <aiohttp.client.ClientSession object at 0x0000022025129A10>>
  File "C:\shere-folder\arbitrator\.venv\Lib\site-packages\aiohttp\client.py", line 1521, in __aenter__
    self._resp: _RetType = await self._coro
    │    │                       │    └ <member '_coro' of '_BaseRequestContextManager' objects>
    │    │                       └ <aiohttp.client._BaseRequestContextManager object at 0x00000220394E8AC0>
    │    └ <member '_resp' of '_BaseRequestContextManager' objects>
    └ <aiohttp.client._BaseRequestContextManager object at 0x00000220394E8AC0>
  File "C:\shere-folder\arbitrator\.venv\Lib\site-packages\aiohttp\client.py", line 673, in _request
    auth = await self._loop.run_in_executor(
                 │    │     └ <function BaseEventLoop.run_in_executor at 0x000002201CCA9440>
                 │    └ <ProactorEventLoop running=True closed=False debug=False>
                 └ <aiohttp.client.ClientSession object at 0x0000022025129A10>
  File "C:\Users\dev_home\AppData\Local\Programs\Python\Python311\Lib\asyncio\base_events.py", line 829, in run_in_executor
    executor.submit(func, *args), loop=self)
    │        │      │      │           └ <ProactorEventLoop running=True closed=False debug=False>
    │        │      │      └ ('api.gateio.ws',)
    │        │      └ <bound method ClientSession._get_netrc_auth of <aiohttp.client.ClientSession object at 0x0000022025129A10>>
    │        └ <function ThreadPoolExecutor.submit at 0x00000220251C40E0>
    └ <concurrent.futures.thread.ThreadPoolExecutor object at 0x00000220251BF090>
  File "C:\Users\dev_home\AppData\Local\Programs\Python\Python311\Lib\concurrent\futures\thread.py", line 167, in submit
    raise RuntimeError('cannot schedule new futures after shutdown')

RuntimeError: cannot schedule new futures after shutdown
2026-07-01 04:30:13 | DEBUG    | [arbitrator.exchanges.ccxt_base:_watch_chunk:1206] - watch_tickers transient, retrying | exchange=mexc chunk=7 err=NetworkError delay_s=5.0
2026-07-01 04:30:13 | DEBUG    | [arbitrator.exchanges.ccxt_base:_watch_chunk:1206] - watch_tickers transient, retrying | exchange=mexc chunk=8 err=NetworkError delay_s=5.0
2026-07-01 04:30:13 | DEBUG    | [arbitrator.exchanges.ccxt_base:_watch_chunk:1206] - watch_tickers transient, retrying | exchange=mexc chunk=9 err=NetworkError delay_s=5.0
2026-07-01 04:30:13 | DEBUG    | [arbitrator.exchanges.ccxt_base:close:1168] - Exchange closed | exchange=mexc
