2026-06-30 06:34:09 | INFO     | [main:<module>:12] - Arbitrator starting | exchanges=['mexc', 'bitget', 'gate', 'bingx'] ui_data_mode=mock_data
2026-06-30 06:34:09 | INFO     | [arbitrator.presentation.fastapi_app:create:102] - FastAPI app created | title=Arbitrator host=127.0.0.1 port=8000 ui_data_mode=mock_data
2026-06-30 06:34:09 | INFO     | [uvicorn.main:run:614] - [uvicorn.error] Uvicorn running on http://127.0.0.1:8000 (Press CTRL+C to quit)
2026-06-30 06:34:09 | INFO     | [uvicorn.supervisors.basereload:run:51] - [uvicorn.error] Started reloader process [13356] using WatchFiles
2026-06-30 06:34:11 | INFO     | [watchfiles.main:watch:148] - [watchfiles.main] 2 changes detected
2026-06-30 06:34:11 | INFO     | [watchfiles.main:watch:148] - [watchfiles.main] 1 change detected
2026-06-30 06:34:13 | INFO     | [watchfiles.main:watch:148] - [watchfiles.main] 3 changes detected
2026-06-30 06:34:15 | INFO     | [watchfiles.main:watch:148] - [watchfiles.main] 1 change detected
2026-06-30 06:35:36 | INFO     | [watchfiles.main:watch:148] - [watchfiles.main] 2 changes detected
2026-06-30 06:35:36 | INFO     | [watchfiles.main:watch:148] - [watchfiles.main] 1 change detected
2026-06-30 06:35:36 | INFO     | [watchfiles.main:watch:148] - [watchfiles.main] 1 change detected
2026-06-30 06:35:37 | INFO     | [watchfiles.main:watch:148] - [watchfiles.main] 1 change detected
2026-06-30 06:35:37 | INFO     | [watchfiles.main:watch:148] - [watchfiles.main] 1 change detected
2026-06-30 06:35:38 | INFO     | [watchfiles.main:watch:148] - [watchfiles.main] 1 change detected
2026-06-30 06:35:38 | INFO     | [watchfiles.main:watch:148] - [watchfiles.main] 1 change detected
2026-06-30 06:35:38 | INFO     | [watchfiles.main:watch:148] - [watchfiles.main] 1 change detected
2026-06-30 06:35:39 | INFO     | [watchfiles.main:watch:148] - [watchfiles.main] 1 change detected
2026-06-30 06:35:39 | INFO     | [watchfiles.main:watch:148] - [watchfiles.main] 1 change detected
2026-06-30 06:35:40 | INFO     | [watchfiles.main:watch:148] - [watchfiles.main] 1 change detected
2026-06-30 06:35:40 | INFO     | [watchfiles.main:watch:148] - [watchfiles.main] 1 change detected
2026-06-30 06:35:40 | INFO     | [watchfiles.main:watch:148] - [watchfiles.main] 1 change detected
2026-06-30 06:35:41 | INFO     | [watchfiles.main:watch:148] - [watchfiles.main] 1 change detected
2026-06-30 06:35:41 | INFO     | [watchfiles.main:watch:148] - [watchfiles.main] 1 change detected
2026-06-30 06:35:42 | INFO     | [watchfiles.main:watch:148] - [watchfiles.main] 1 change detected
2026-06-30 06:35:42 | INFO     | [watchfiles.main:watch:148] - [watchfiles.main] 1 change detected
2026-06-30 06:35:43 | INFO     | [watchfiles.main:watch:148] - [watchfiles.main] 1 change detected
2026-06-30 06:35:43 | INFO     | [watchfiles.main:watch:148] - [watchfiles.main] 1 change detected
2026-06-30 06:35:43 | INFO     | [watchfiles.main:watch:148] - [watchfiles.main] 1 change detected
2026-06-30 06:35:44 | INFO     | [watchfiles.main:watch:148] - [watchfiles.main] 1 change detected
2026-06-30 06:35:44 | INFO     | [watchfiles.main:watch:148] - [watchfiles.main] 1 change detected
2026-06-30 06:35:45 | INFO     | [watchfiles.main:watch:148] - [watchfiles.main] 1 change detected
2026-06-30 06:35:45 | INFO     | [watchfiles.main:watch:148] - [watchfiles.main] 1 change detected
2026-06-30 06:35:45 | INFO     | [watchfiles.main:watch:148] - [watchfiles.main] 1 change detected
2026-06-30 06:35:46 | INFO     | [watchfiles.main:watch:148] - [watchfiles.main] 1 change detected
2026-06-30 06:35:46 | INFO     | [watchfiles.main:watch:148] - [watchfiles.main] 1 change detected
2026-06-30 06:35:47 | INFO     | [watchfiles.main:watch:148] - [watchfiles.main] 1 change detected
2026-06-30 06:35:47 | INFO     | [watchfiles.main:watch:148] - [watchfiles.main] 1 change detected
2026-06-30 06:35:47 | INFO     | [watchfiles.main:watch:148] - [watchfiles.main] 1 change detected
2026-06-30 06:35:48 | INFO     | [watchfiles.main:watch:148] - [watchfiles.main] 1 change detected
2026-06-30 06:35:48 | INFO     | [watchfiles.main:watch:148] - [watchfiles.main] 1 change detected
2026-06-30 06:35:49 | INFO     | [watchfiles.main:watch:148] - [watchfiles.main] 4 changes detected
2026-06-30 06:35:49 | INFO     | [watchfiles.main:watch:148] - [watchfiles.main] 1 change detected
2026-06-30 06:35:49 | INFO     | [watchfiles.main:watch:148] - [watchfiles.main] 1 change detected
2026-06-30 06:35:50 | INFO     | [watchfiles.main:watch:148] - [watchfiles.main] 1 change detected
2026-06-30 06:35:50 | INFO     | [watchfiles.main:watch:148] - [watchfiles.main] 1 change detected
2026-06-30 06:35:50 | INFO     | [watchfiles.main:watch:148] - [watchfiles.main] 1 change detected
2026-06-30 06:35:51 | INFO     | [watchfiles.main:watch:148] - [watchfiles.main] 1 change detected
2026-06-30 06:35:51 | INFO     | [watchfiles.main:watch:148] - [watchfiles.main] 1 change detected
2026-06-30 06:35:51 | INFO     | [watchfiles.main:watch:148] - [watchfiles.main] 1 change detected
2026-06-30 06:35:52 | INFO     | [watchfiles.main:watch:148] - [watchfiles.main] 1 change detected
2026-06-30 06:35:52 | INFO     | [watchfiles.main:watch:148] - [watchfiles.main] 1 change detected
2026-06-30 06:35:53 | INFO     | [watchfiles.main:watch:148] - [watchfiles.main] 1 change detected
2026-06-30 06:35:53 | INFO     | [watchfiles.main:watch:148] - [watchfiles.main] 1 change detected
2026-06-30 06:35:54 | INFO     | [watchfiles.main:watch:148] - [watchfiles.main] 1 change detected
2026-06-30 06:35:54 | INFO     | [watchfiles.main:watch:148] - [watchfiles.main] 1 change detected
2026-06-30 06:35:54 | INFO     | [watchfiles.main:watch:148] - [watchfiles.main] 1 change detected
2026-06-30 06:35:55 | INFO     | [watchfiles.main:watch:148] - [watchfiles.main] 1 change detected
2026-06-30 06:35:55 | INFO     | [watchfiles.main:watch:148] - [watchfiles.main] 1 change detected
