2026-06-25 23:07:58 | INFO     | [__main__:<module>:16] - Arbitrator starting | exchanges=['mexc', 'bitget', 'gate', 'bingx']
2026-06-25 23:07:58 | INFO     | [arbitrator.presentation.streamlit_app:run:105] - UI run | section=Screener
2026-06-25 23:08:04 | INFO     | [__main__:<module>:16] - Arbitrator starting | exchanges=['mexc', 'bitget', 'gate', 'bingx']
2026-06-25 23:08:04 | INFO     | [arbitrator.presentation.streamlit_app:run:105] - UI run | section=Screener
2026-06-25 23:08:04 | INFO     | [arbitrator.presentation.sidebar.screener.screener_view:render:77] - Screener reconnect requested from UI
2026-06-25 23:08:04 | INFO     | [__main__:<module>:16] - Arbitrator starting | exchanges=['mexc', 'bitget', 'gate', 'bingx']
2026-06-25 23:08:04 | INFO     | [arbitrator.presentation.streamlit_app:run:105] - UI run | section=Screener
2026-06-25 23:08:04 | INFO     | [arbitrator.presentation.sidebar.screener.screener_view:_ensure_worker:229] - Screener background worker started | nonce=1 stream_volume_usdt=50000.0
2026-06-25 23:08:04 | INFO     | [arbitrator.application.symbol_universe_service:_is_stale:68] - Universe stale | reason=ttl age_hours=33.5 ttl_hours=24.0
2026-06-25 23:08:04 | INFO     | [arbitrator.application.symbol_universe_service:_refresh:80] - Refreshing universe | exchanges=['mexc', 'bitget', 'gate', 'bingx']
2026-06-25 23:08:05 | INFO     | [arbitrator.exchanges.ccxt_base:_ensure_open:946] - Exchange client opened | exchange=mexc
2026-06-25 23:08:05 | INFO     | [arbitrator.exchanges.ccxt_base:_ensure_open:946] - Exchange client opened | exchange=bitget
2026-06-25 23:08:06 | INFO     | [arbitrator.exchanges.ccxt_base:_ensure_open:946] - Exchange client opened | exchange=gate
2026-06-25 23:08:06 | INFO     | [arbitrator.exchanges.ccxt_base:_ensure_open:946] - Exchange client opened | exchange=bingx
2026-06-25 23:08:13 | DEBUG    | [arbitrator.exchanges.ccxt_base:_ensure_markets_loaded:963] - Markets loaded | exchange=bingx count=3035
2026-06-25 23:08:13 | INFO     | [arbitrator.exchanges.ccxt_base:list_symbols:328] - list_symbols | exchange=bingx count=697
2026-06-25 23:08:14 | DEBUG    | [arbitrator.exchanges.ccxt_base:_ensure_markets_loaded:963] - Markets loaded | exchange=bitget count=1917
2026-06-25 23:08:14 | INFO     | [arbitrator.exchanges.ccxt_base:list_symbols:328] - list_symbols | exchange=bitget count=666
2026-06-25 23:08:17 | DEBUG    | [arbitrator.exchanges.ccxt_base:_ensure_markets_loaded:963] - Markets loaded | exchange=mexc count=3212
2026-06-25 23:08:17 | INFO     | [arbitrator.exchanges.ccxt_base:list_symbols:328] - list_symbols | exchange=mexc count=807
2026-06-25 23:08:17 | INFO     | [arbitrator.exchanges.mexc:list_symbols:32] - list_symbols filtered non-api contracts | exchange=mexc removed=200 remaining=607
2026-06-25 23:08:24 | DEBUG    | [arbitrator.exchanges.ccxt_base:_ensure_markets_loaded:963] - Markets loaded | exchange=gate count=6759
2026-06-25 23:08:24 | INFO     | [arbitrator.exchanges.ccxt_base:list_symbols:328] - list_symbols | exchange=gate count=808
2026-06-25 23:08:24 | INFO     | [arbitrator.exchanges.gate:list_symbols:32] - list_symbols filtered non-tradable contracts | exchange=gate removed=7 remaining=801
2026-06-25 23:08:24 | INFO     | [arbitrator.config.json_symbol_universe_repository:save:47] - Universe cache saved | path=C:\shere-folder\arbitrator\src\arbitrator\data\symbols_universe.json exchanges=['mexc', 'bitget', 'gate', 'bingx'] total=2771
2026-06-25 23:08:24 | INFO     | [arbitrator.application.symbol_universe_service:_filter:111] - Universe filtered | total=1217 after_min_exchanges=668 after_exclusions=667
2026-06-25 23:08:24 | INFO     | [arbitrator.application.screener_stream_worker:_discovery_phase:164] - Volume discovery started | symbols=667 threshold_usdt=50000.0 timeout_s=30.0
2026-06-25 23:08:24 | INFO     | [arbitrator.application.multi_exchange_watcher:_spawn_watchers:61] - Spawning watchers | exchanges=['mexc', 'bitget', 'gate', 'bingx'] symbols={'mexc': 548, 'bitget': 570, 'gate': 634, 'bingx': 467}
2026-06-25 23:08:24 | DEBUG    | [arbitrator.application.multi_exchange_watcher:_watch:81] - Watcher start | exchange=mexc symbols=548
2026-06-25 23:08:24 | INFO     | [arbitrator.exchanges.ccxt_base:watch_tickers:161] - Streaming tickers | exchange=mexc symbols=548 mode=bulk chunks=11
2026-06-25 23:08:24 | DEBUG    | [arbitrator.exchanges.ccxt_base:_stream_bulk:828] - Bulk stream chunks | exchange=mexc chunks=11 chunk_size=50
2026-06-25 23:08:24 | DEBUG    | [arbitrator.application.multi_exchange_watcher:_watch:81] - Watcher start | exchange=bitget symbols=570
2026-06-25 23:08:24 | INFO     | [arbitrator.exchanges.ccxt_base:watch_tickers:161] - Streaming tickers | exchange=bitget symbols=570 mode=bulk chunks=12
2026-06-25 23:08:24 | DEBUG    | [arbitrator.exchanges.ccxt_base:_stream_bulk:828] - Bulk stream chunks | exchange=bitget chunks=12 chunk_size=50
2026-06-25 23:08:24 | DEBUG    | [arbitrator.application.multi_exchange_watcher:_watch:81] - Watcher start | exchange=gate symbols=634
2026-06-25 23:08:24 | INFO     | [arbitrator.exchanges.ccxt_base:watch_tickers:161] - Streaming tickers | exchange=gate symbols=634 mode=bulk chunks=13
2026-06-25 23:08:24 | DEBUG    | [arbitrator.exchanges.ccxt_base:_stream_bulk:828] - Bulk stream chunks | exchange=gate chunks=13 chunk_size=50
2026-06-25 23:08:24 | DEBUG    | [arbitrator.application.multi_exchange_watcher:_watch:81] - Watcher start | exchange=bingx symbols=467
2026-06-25 23:08:24 | INFO     | [arbitrator.exchanges.ccxt_base:watch_tickers:161] - Streaming tickers | exchange=bingx symbols=467 mode=fanout chunks=-
2026-06-25 23:08:40 | INFO     | [__main__:<module>:16] - Arbitrator starting | exchanges=['mexc', 'bitget', 'gate', 'bingx']
2026-06-25 23:08:40 | INFO     | [arbitrator.presentation.streamlit_app:run:105] - UI run | section=Screener
2026-06-25 23:08:48 | INFO     | [__main__:<module>:16] - Arbitrator starting | exchanges=['mexc', 'bitget', 'gate', 'bingx']
2026-06-25 23:08:48 | INFO     | [arbitrator.presentation.streamlit_app:run:105] - UI run | section=Screener
2026-06-25 23:08:49 | INFO     | [__main__:<module>:16] - Arbitrator starting | exchanges=['mexc', 'bitget', 'gate', 'bingx']
2026-06-25 23:08:49 | INFO     | [arbitrator.presentation.streamlit_app:run:105] - UI run | section=Screener
2026-06-25 23:08:49 | INFO     | [arbitrator.presentation.sidebar.screener.screener_view:_navigate_to_opportunities:194] - Screener opened opportunities | count=1 first_symbol=MOCA/USDT:USDT
2026-06-25 23:08:50 | INFO     | [__main__:<module>:16] - Arbitrator starting | exchanges=['mexc', 'bitget', 'gate', 'bingx']
2026-06-25 23:08:50 | INFO     | [arbitrator.presentation.streamlit_app:run:105] - UI run | section=Opportunity
2026-06-25 23:08:50 | INFO     | [arbitrator.presentation.sidebar.opportunity.opportunity_view:_ensure_worker:125] - Opportunity stream worker started | symbol=MOCA/USDT:USDT short=mexc long=mexc
2026-06-25 23:08:51 | INFO     | [arbitrator.exchanges.ccxt_base:_ensure_open:946] - Exchange client opened | exchange=mexc
2026-06-25 23:08:51 | ERROR    | [arbitrator.exchanges.ccxt_base:_watch_chunk:846] - watch_tickers error | exchange=mexc chunk=0 symbols=50
Traceback (most recent call last):

  File "c:\Users\dev_home\.cursor\extensions\ms-python.debugpy-2026.6.0-win32-x64\bundled\libs\debugpy\_vendored\pydevd\_pydev_bundle\pydev_monkey.py", line 1134, in __call__
    ret = self.original_func(*self.args, **self.kwargs)
          │    │              │    │       │    └ {}
          │    │              │    │       └ <_pydev_bundle.pydev_monkey._NewThreadStartupWithTrace object at 0x000001B312910D50>
          │    │              │    └ ()
          │    │              └ <_pydev_bundle.pydev_monkey._NewThreadStartupWithTrace object at 0x000001B312910D50>
          │    └ <bound method Thread._bootstrap of <Thread(screener-stream:1, started daemon 11640)>>
          └ <_pydev_bundle.pydev_monkey._NewThreadStartupWithTrace object at 0x000001B312910D50>

  File "C:\Users\dev_home\AppData\Local\Programs\Python\Python311\Lib\threading.py", line 1002, in _bootstrap
    self._bootstrap_inner()
    │    └ <function Thread._bootstrap_inner at 0x000001B35C801300>
    └ <Thread(screener-stream:1, started daemon 11640)>
  File "C:\Users\dev_home\AppData\Local\Programs\Python\Python311\Lib\threading.py", line 1045, in _bootstrap_inner
    self.run()
    │    └ <function Thread.run at 0x000001B35C800FE0>
    └ <Thread(screener-stream:1, started daemon 11640)>
  File "C:\Users\dev_home\AppData\Local\Programs\Python\Python311\Lib\threading.py", line 982, in run
    self._target(*self._args, **self._kwargs)
    │    │        │    │        │    └ {}
    │    │        │    │        └ <Thread(screener-stream:1, started daemon 11640)>
    │    │        │    └ ()
    │    │        └ <Thread(screener-stream:1, started daemon 11640)>
    │    └ <bound method ScreenerStreamWorker._thread_main of <arbitrator.application.screener_stream_worker.ScreenerStreamWorker object...
    └ <Thread(screener-stream:1, started daemon 11640)>

  File "C:\shere-folder\arbitrator\src\arbitrator\application\screener_stream_worker.py", line 88, in _thread_main
    asyncio.run(self._async_main())
    │       │   │    └ <function ScreenerStreamWorker._async_main at 0x000001B3122D6A20>
    │       │   └ <arbitrator.application.screener_stream_worker.ScreenerStreamWorker object at 0x000001B311F25410>
    │       └ <function run at 0x000001B35FA43E20>
    └ <module 'asyncio' from 'C:\\Users\\dev_home\\AppData\\Local\\Programs\\Python\\Python311\\Lib\\asyncio\\__init__.py'>

  File "C:\Users\dev_home\AppData\Local\Programs\Python\Python311\Lib\asyncio\runners.py", line 190, in run
    return runner.run(main)
           │      │   └ <coroutine object ScreenerStreamWorker._async_main at 0x000001B3632E60C0>
           │      └ <function Runner.run at 0x000001B35FA70680>
           └ <asyncio.runners.Runner object at 0x000001B3129109D0>
  File "C:\Users\dev_home\AppData\Local\Programs\Python\Python311\Lib\asyncio\runners.py", line 118, in run
    return self._loop.run_until_complete(task)
           │    │     │                  └ <Task cancelling name='Task-97' coro=<ScreenerStreamWorker._async_main() running at C:\shere-folder\arbitrator\src\arbitrator...
           │    │     └ <function BaseEventLoop.run_until_complete at 0x000001B35FA6E0C0>
           │    └ <ProactorEventLoop running=True closed=False debug=False>
           └ <asyncio.runners.Runner object at 0x000001B3129109D0>
  File "C:\Users\dev_home\AppData\Local\Programs\Python\Python311\Lib\asyncio\base_events.py", line 640, in run_until_complete
    self.run_forever()
    │    └ <function ProactorEventLoop.run_forever at 0x000001B35FAEC040>
    └ <ProactorEventLoop running=True closed=False debug=False>
  File "C:\Users\dev_home\AppData\Local\Programs\Python\Python311\Lib\asyncio\windows_events.py", line 321, in run_forever
    super().run_forever()
  File "C:\Users\dev_home\AppData\Local\Programs\Python\Python311\Lib\asyncio\base_events.py", line 607, in run_forever
    self._run_once()
    │    └ <function BaseEventLoop._run_once at 0x000001B35FA6FE20>
    └ <ProactorEventLoop running=True closed=False debug=False>
  File "C:\Users\dev_home\AppData\Local\Programs\Python\Python311\Lib\asyncio\base_events.py", line 1922, in _run_once
    handle._run()
    │      └ <function Handle._run at 0x000001B35F8D3880>
    └ <Handle Task.task_wakeup(<Future finis...g code 1006')>)>
  File "C:\Users\dev_home\AppData\Local\Programs\Python\Python311\Lib\asyncio\events.py", line 80, in _run
    self._context.run(self._callback, *self._args)
    │    │            │    │           │    └ <member '_args' of 'Handle' objects>
    │    │            │    │           └ <Handle Task.task_wakeup(<Future finis...g code 1006')>)>
    │    │            │    └ <member '_callback' of 'Handle' objects>
    │    │            └ <Handle Task.task_wakeup(<Future finis...g code 1006')>)>
    │    └ <member '_context' of 'Handle' objects>
    └ <Handle Task.task_wakeup(<Future finis...g code 1006')>)>

> File "C:\shere-folder\arbitrator\src\arbitrator\exchanges\ccxt_base.py", line 842, in _watch_chunk
    payload = await client.watch_tickers(chunk)
                    │      │             └ ['0G/USDT:USDT', '1000000BABYDOGE/USDT:USDT', '1000000MOG/USDT:USDT', '1000BONK/USDT:USDT', '1000RATS/USDT:USDT', '1INCH/USDT...
                    │      └ <function mexc.watch_tickers at 0x000001B368869580>
                    └ ccxt.async_support.mexc()

  File "C:\shere-folder\arbitrator\.venv\Lib\site-packages\ccxt\pro\mexc.py", line 257, in watch_tickers
    ticker = await self.watch_multiple(url, messageHashes, self.extend(request, params), messageHashes)
                   │    │              │    │              │    │      │        │        └ ['ticker']
                   │    │              │    │              │    │      │        └ {}
                   │    │              │    │              │    │      └ {'method': 'sub.tickers', 'params': {}}
                   │    │              │    │              │    └ <staticmethod(<function Exchange.extend at 0x000001B365599D00>)>
                   │    │              │    │              └ ccxt.async_support.mexc()
                   │    │              │    └ ['ticker']
                   │    │              └ 'wss://contract.mexc.com/edge'
                   │    └ <function Exchange.watch_multiple at 0x000001B366D05440>
                   └ ccxt.async_support.mexc()

ccxt.base.errors.NetworkError: Connection closed by remote server, closing code 1006
2026-06-25 23:08:51 | DEBUG    | [arbitrator.exchanges.ccxt_base:_watch_chunk:853] - Retrying chunk after delay | exchange=mexc chunk=0 delay_s=5.0
2026-06-25 23:08:51 | ERROR    | [arbitrator.exchanges.ccxt_base:_watch_chunk:846] - watch_tickers error | exchange=mexc chunk=1 symbols=50
Traceback (most recent call last):

  File "c:\Users\dev_home\.cursor\extensions\ms-python.debugpy-2026.6.0-win32-x64\bundled\libs\debugpy\_vendored\pydevd\_pydev_bundle\pydev_monkey.py", line 1134, in __call__
    ret = self.original_func(*self.args, **self.kwargs)
          │    │              │    │       │    └ {}
          │    │              │    │       └ <_pydev_bundle.pydev_monkey._NewThreadStartupWithTrace object at 0x000001B312910D50>
          │    │              │    └ ()
          │    │              └ <_pydev_bundle.pydev_monkey._NewThreadStartupWithTrace object at 0x000001B312910D50>
          │    └ <bound method Thread._bootstrap of <Thread(screener-stream:1, started daemon 11640)>>
          └ <_pydev_bundle.pydev_monkey._NewThreadStartupWithTrace object at 0x000001B312910D50>

  File "C:\Users\dev_home\AppData\Local\Programs\Python\Python311\Lib\threading.py", line 1002, in _bootstrap
    self._bootstrap_inner()
    │    └ <function Thread._bootstrap_inner at 0x000001B35C801300>
    └ <Thread(screener-stream:1, started daemon 11640)>
  File "C:\Users\dev_home\AppData\Local\Programs\Python\Python311\Lib\threading.py", line 1045, in _bootstrap_inner
    self.run()
    │    └ <function Thread.run at 0x000001B35C800FE0>
    └ <Thread(screener-stream:1, started daemon 11640)>
  File "C:\Users\dev_home\AppData\Local\Programs\Python\Python311\Lib\threading.py", line 982, in run
    self._target(*self._args, **self._kwargs)
    │    │        │    │        │    └ {}
    │    │        │    │        └ <Thread(screener-stream:1, started daemon 11640)>
    │    │        │    └ ()
    │    │        └ <Thread(screener-stream:1, started daemon 11640)>
    │    └ <bound method ScreenerStreamWorker._thread_main of <arbitrator.application.screener_stream_worker.ScreenerStreamWorker object...
    └ <Thread(screener-stream:1, started daemon 11640)>

  File "C:\shere-folder\arbitrator\src\arbitrator\application\screener_stream_worker.py", line 88, in _thread_main
    asyncio.run(self._async_main())
    │       │   │    └ <function ScreenerStreamWorker._async_main at 0x000001B3122D6A20>
    │       │   └ <arbitrator.application.screener_stream_worker.ScreenerStreamWorker object at 0x000001B311F25410>
    │       └ <function run at 0x000001B35FA43E20>
    └ <module 'asyncio' from 'C:\\Users\\dev_home\\AppData\\Local\\Programs\\Python\\Python311\\Lib\\asyncio\\__init__.py'>

  File "C:\Users\dev_home\AppData\Local\Programs\Python\Python311\Lib\asyncio\runners.py", line 190, in run
    return runner.run(main)
           │      │   └ <coroutine object ScreenerStreamWorker._async_main at 0x000001B3632E60C0>
           │      └ <function Runner.run at 0x000001B35FA70680>
           └ <asyncio.runners.Runner object at 0x000001B3129109D0>
  File "C:\Users\dev_home\AppData\Local\Programs\Python\Python311\Lib\asyncio\runners.py", line 118, in run
    return self._loop.run_until_complete(task)
           │    │     │                  └ <Task cancelling name='Task-97' coro=<ScreenerStreamWorker._async_main() running at C:\shere-folder\arbitrator\src\arbitrator...
           │    │     └ <function BaseEventLoop.run_until_complete at 0x000001B35FA6E0C0>
           │    └ <ProactorEventLoop running=True closed=False debug=False>
           └ <asyncio.runners.Runner object at 0x000001B3129109D0>
  File "C:\Users\dev_home\AppData\Local\Programs\Python\Python311\Lib\asyncio\base_events.py", line 640, in run_until_complete
    self.run_forever()
    │    └ <function ProactorEventLoop.run_forever at 0x000001B35FAEC040>
    └ <ProactorEventLoop running=True closed=False debug=False>
  File "C:\Users\dev_home\AppData\Local\Programs\Python\Python311\Lib\asyncio\windows_events.py", line 321, in run_forever
    super().run_forever()
  File "C:\Users\dev_home\AppData\Local\Programs\Python\Python311\Lib\asyncio\base_events.py", line 607, in run_forever
    self._run_once()
    │    └ <function BaseEventLoop._run_once at 0x000001B35FA6FE20>
    └ <ProactorEventLoop running=True closed=False debug=False>
  File "C:\Users\dev_home\AppData\Local\Programs\Python\Python311\Lib\asyncio\base_events.py", line 1922, in _run_once
    handle._run()
    │      └ <function Handle._run at 0x000001B35F8D3880>
    └ <Handle Task.task_wakeup(<Future finis...g code 1006')>)>
  File "C:\Users\dev_home\AppData\Local\Programs\Python\Python311\Lib\asyncio\events.py", line 80, in _run
    self._context.run(self._callback, *self._args)
    │    │            │    │           │    └ <member '_args' of 'Handle' objects>
    │    │            │    │           └ <Handle Task.task_wakeup(<Future finis...g code 1006')>)>
    │    │            │    └ <member '_callback' of 'Handle' objects>
    │    │            └ <Handle Task.task_wakeup(<Future finis...g code 1006')>)>
    │    └ <member '_context' of 'Handle' objects>
    └ <Handle Task.task_wakeup(<Future finis...g code 1006')>)>

> File "C:\shere-folder\arbitrator\src\arbitrator\exchanges\ccxt_base.py", line 842, in _watch_chunk
    payload = await client.watch_tickers(chunk)
                    │      │             └ ['ASR/USDT:USDT', 'ASTER/USDT:USDT', 'ASTEROID/USDT:USDT', 'ASTR/USDT:USDT', 'AT/USDT:USDT', 'ATH/USDT:USDT', 'ATOM/USDT:USDT...
                    │      └ <function mexc.watch_tickers at 0x000001B368869580>
                    └ ccxt.async_support.mexc()

  File "C:\shere-folder\arbitrator\.venv\Lib\site-packages\ccxt\pro\mexc.py", line 257, in watch_tickers
    ticker = await self.watch_multiple(url, messageHashes, self.extend(request, params), messageHashes)
                   │    │              │    │              │    │      │        │        └ ['ticker']
                   │    │              │    │              │    │      │        └ {}
                   │    │              │    │              │    │      └ {'method': 'sub.tickers', 'params': {}}
                   │    │              │    │              │    └ <staticmethod(<function Exchange.extend at 0x000001B365599D00>)>
                   │    │              │    │              └ ccxt.async_support.mexc()
                   │    │              │    └ ['ticker']
                   │    │              └ 'wss://contract.mexc.com/edge'
                   │    └ <function Exchange.watch_multiple at 0x000001B366D05440>
                   └ ccxt.async_support.mexc()

ccxt.base.errors.NetworkError: Connection closed by remote server, closing code 1006
2026-06-25 23:08:51 | DEBUG    | [arbitrator.exchanges.ccxt_base:_watch_chunk:853] - Retrying chunk after delay | exchange=mexc chunk=1 delay_s=5.0
2026-06-25 23:08:51 | ERROR    | [arbitrator.exchanges.ccxt_base:_watch_chunk:846] - watch_tickers error | exchange=mexc chunk=2 symbols=50
Traceback (most recent call last):

  File "c:\Users\dev_home\.cursor\extensions\ms-python.debugpy-2026.6.0-win32-x64\bundled\libs\debugpy\_vendored\pydevd\_pydev_bundle\pydev_monkey.py", line 1134, in __call__
    ret = self.original_func(*self.args, **self.kwargs)
          │    │              │    │       │    └ {}
          │    │              │    │       └ <_pydev_bundle.pydev_monkey._NewThreadStartupWithTrace object at 0x000001B312910D50>
          │    │              │    └ ()
          │    │              └ <_pydev_bundle.pydev_monkey._NewThreadStartupWithTrace object at 0x000001B312910D50>
          │    └ <bound method Thread._bootstrap of <Thread(screener-stream:1, started daemon 11640)>>
          └ <_pydev_bundle.pydev_monkey._NewThreadStartupWithTrace object at 0x000001B312910D50>

  File "C:\Users\dev_home\AppData\Local\Programs\Python\Python311\Lib\threading.py", line 1002, in _bootstrap
    self._bootstrap_inner()
    │    └ <function Thread._bootstrap_inner at 0x000001B35C801300>
    └ <Thread(screener-stream:1, started daemon 11640)>
  File "C:\Users\dev_home\AppData\Local\Programs\Python\Python311\Lib\threading.py", line 1045, in _bootstrap_inner
    self.run()
    │    └ <function Thread.run at 0x000001B35C800FE0>
    └ <Thread(screener-stream:1, started daemon 11640)>
  File "C:\Users\dev_home\AppData\Local\Programs\Python\Python311\Lib\threading.py", line 982, in run
    self._target(*self._args, **self._kwargs)
    │    │        │    │        │    └ {}
    │    │        │    │        └ <Thread(screener-stream:1, started daemon 11640)>
    │    │        │    └ ()
    │    │        └ <Thread(screener-stream:1, started daemon 11640)>
    │    └ <bound method ScreenerStreamWorker._thread_main of <arbitrator.application.screener_stream_worker.ScreenerStreamWorker object...
    └ <Thread(screener-stream:1, started daemon 11640)>

  File "C:\shere-folder\arbitrator\src\arbitrator\application\screener_stream_worker.py", line 88, in _thread_main
    asyncio.run(self._async_main())
    │       │   │    └ <function ScreenerStreamWorker._async_main at 0x000001B3122D6A20>
    │       │   └ <arbitrator.application.screener_stream_worker.ScreenerStreamWorker object at 0x000001B311F25410>
    │       └ <function run at 0x000001B35FA43E20>
    └ <module 'asyncio' from 'C:\\Users\\dev_home\\AppData\\Local\\Programs\\Python\\Python311\\Lib\\asyncio\\__init__.py'>

  File "C:\Users\dev_home\AppData\Local\Programs\Python\Python311\Lib\asyncio\runners.py", line 190, in run
    return runner.run(main)
           │      │   └ <coroutine object ScreenerStreamWorker._async_main at 0x000001B3632E60C0>
           │      └ <function Runner.run at 0x000001B35FA70680>
           └ <asyncio.runners.Runner object at 0x000001B3129109D0>
  File "C:\Users\dev_home\AppData\Local\Programs\Python\Python311\Lib\asyncio\runners.py", line 118, in run
    return self._loop.run_until_complete(task)
           │    │     │                  └ <Task cancelling name='Task-97' coro=<ScreenerStreamWorker._async_main() running at C:\shere-folder\arbitrator\src\arbitrator...
           │    │     └ <function BaseEventLoop.run_until_complete at 0x000001B35FA6E0C0>
           │    └ <ProactorEventLoop running=True closed=False debug=False>
           └ <asyncio.runners.Runner object at 0x000001B3129109D0>
  File "C:\Users\dev_home\AppData\Local\Programs\Python\Python311\Lib\asyncio\base_events.py", line 640, in run_until_complete
    self.run_forever()
    │    └ <function ProactorEventLoop.run_forever at 0x000001B35FAEC040>
    └ <ProactorEventLoop running=True closed=False debug=False>
  File "C:\Users\dev_home\AppData\Local\Programs\Python\Python311\Lib\asyncio\windows_events.py", line 321, in run_forever
    super().run_forever()
  File "C:\Users\dev_home\AppData\Local\Programs\Python\Python311\Lib\asyncio\base_events.py", line 607, in run_forever
    self._run_once()
    │    └ <function BaseEventLoop._run_once at 0x000001B35FA6FE20>
    └ <ProactorEventLoop running=True closed=False debug=False>
  File "C:\Users\dev_home\AppData\Local\Programs\Python\Python311\Lib\asyncio\base_events.py", line 1922, in _run_once
    handle._run()
    │      └ <function Handle._run at 0x000001B35F8D3880>
    └ <Handle Task.task_wakeup(<Future finis...g code 1006')>)>
  File "C:\Users\dev_home\AppData\Local\Programs\Python\Python311\Lib\asyncio\events.py", line 80, in _run
    self._context.run(self._callback, *self._args)
    │    │            │    │           │    └ <member '_args' of 'Handle' objects>
    │    │            │    │           └ <Handle Task.task_wakeup(<Future finis...g code 1006')>)>
    │    │            │    └ <member '_callback' of 'Handle' objects>
    │    │            └ <Handle Task.task_wakeup(<Future finis...g code 1006')>)>
    │    └ <member '_context' of 'Handle' objects>
    └ <Handle Task.task_wakeup(<Future finis...g code 1006')>)>

> File "C:\shere-folder\arbitrator\src\arbitrator\exchanges\ccxt_base.py", line 842, in _watch_chunk
    payload = await client.watch_tickers(chunk)
                    │      │             └ ['BREV/USDT:USDT', 'BROCCOLI/USDT:USDT', 'BROCCOLIF3B/USDT:USDT', 'BSB/USDT:USDT', 'BSV/USDT:USDT', 'BTC/USDT:USDT', 'BTR/USD...
                    │      └ <function mexc.watch_tickers at 0x000001B368869580>
                    └ ccxt.async_support.mexc()

  File "C:\shere-folder\arbitrator\.venv\Lib\site-packages\ccxt\pro\mexc.py", line 257, in watch_tickers
    ticker = await self.watch_multiple(url, messageHashes, self.extend(request, params), messageHashes)
                   │    │              │    │              │    │      │        │        └ ['ticker']
                   │    │              │    │              │    │      │        └ {}
                   │    │              │    │              │    │      └ {'method': 'sub.tickers', 'params': {}}
                   │    │              │    │              │    └ <staticmethod(<function Exchange.extend at 0x000001B365599D00>)>
                   │    │              │    │              └ ccxt.async_support.mexc()
                   │    │              │    └ ['ticker']
                   │    │              └ 'wss://contract.mexc.com/edge'
                   │    └ <function Exchange.watch_multiple at 0x000001B366D05440>
                   └ ccxt.async_support.mexc()

ccxt.base.errors.NetworkError: Connection closed by remote server, closing code 1006
2026-06-25 23:08:51 | DEBUG    | [arbitrator.exchanges.ccxt_base:_watch_chunk:853] - Retrying chunk after delay | exchange=mexc chunk=2 delay_s=5.0
2026-06-25 23:08:51 | INFO     | [arbitrator.exchanges.ccxt_base:_ensure_open:946] - Exchange client opened | exchange=mexc
2026-06-25 23:08:52 | DEBUG    | [arbitrator.exchanges.ccxt_base:close:815] - Exchange closed | exchange=mexc
2026-06-25 23:08:54 | DEBUG    | [arbitrator.exchanges.ccxt_base:close:815] - Exchange closed | exchange=bitget
2026-06-25 23:08:59 | DEBUG    | [arbitrator.exchanges.ccxt_base:close:815] - Exchange closed | exchange=gate
2026-06-25 23:08:59 | DEBUG    | [arbitrator.exchanges.ccxt_base:close:815] - Exchange closed | exchange=bingx
2026-06-25 23:08:59 | DEBUG    | [arbitrator.exchanges.ccxt_base:close:815] - Exchange closed | exchange=mexc
2026-06-25 23:08:59 | DEBUG    | [arbitrator.exchanges.ccxt_base:close:815] - Exchange closed | exchange=bitget
2026-06-25 23:08:59 | DEBUG    | [arbitrator.exchanges.ccxt_base:close:815] - Exchange closed | exchange=gate
2026-06-25 23:08:59 | DEBUG    | [arbitrator.exchanges.ccxt_base:close:815] - Exchange closed | exchange=bingx
2026-06-25 23:08:59 | INFO     | [arbitrator.application.screener_stream_worker:_thread_main:90] - Screener background stream stopped | nonce=1
2026-06-25 23:09:01 | DEBUG    | [arbitrator.exchanges.ccxt_base:_ensure_markets_loaded:963] - Markets loaded | exchange=mexc count=3212
2026-06-25 23:09:01 | INFO     | [arbitrator.exchanges.ccxt_base:watch_order_book:185] - Streaming order book | exchange=mexc symbol=MOCA/USDT:USDT limit=20
2026-06-25 23:09:01 | INFO     | [arbitrator.exchanges.ccxt_base:watch_trades:220] - Streaming trades | exchange=mexc symbol=MOCA/USDT:USDT
2026-06-25 23:09:01 | INFO     | [arbitrator.exchanges.ccxt_base:watch_tickers:161] - Streaming tickers | exchange=mexc symbols=1 mode=bulk chunks=1
2026-06-25 23:09:01 | DEBUG    | [arbitrator.exchanges.ccxt_base:_stream_bulk:828] - Bulk stream chunks | exchange=mexc chunks=1 chunk_size=50
2026-06-25 23:09:01 | DEBUG    | [arbitrator.exchanges.ccxt_base:_ensure_markets_loaded:963] - Markets loaded | exchange=mexc count=3212
2026-06-25 23:09:01 | INFO     | [arbitrator.exchanges.ccxt_base:watch_order_book:185] - Streaming order book | exchange=mexc symbol=MOCA/USDT:USDT limit=20
2026-06-25 23:09:01 | INFO     | [arbitrator.exchanges.ccxt_base:watch_trades:220] - Streaming trades | exchange=mexc symbol=MOCA/USDT:USDT
2026-06-25 23:09:01 | INFO     | [arbitrator.exchanges.ccxt_base:watch_tickers:161] - Streaming tickers | exchange=mexc symbols=1 mode=bulk chunks=1
2026-06-25 23:09:01 | DEBUG    | [arbitrator.exchanges.ccxt_base:_stream_bulk:828] - Bulk stream chunks | exchange=mexc chunks=1 chunk_size=50
