2026-07-01 03:53:28 | INFO     | [main:<module>:12] - Arbitrator starting | exchanges=['mexc', 'bitget', 'gate', 'bingx'] ui_data_mode=live
2026-07-01 03:53:28 | INFO     | [arbitrator.presentation.fastapi_app:create:103] - FastAPI app created | title=Arbitrator host=127.0.0.1 port=8000 ui_data_mode=live
2026-07-01 03:53:28 | INFO     | [uvicorn.server:serve:79] - [uvicorn.error] Started server process [14092]
2026-07-01 03:53:28 | INFO     | [uvicorn.server:startup:105] - [uvicorn.error] Waiting for application startup.
2026-07-01 03:53:28 | INFO     | [arbitrator.application.app_runtime:_start_live_workers:81] - screener worker started | mode=live
2026-07-01 03:53:28 | INFO     | [arbitrator.application.app_runtime:_start_live_workers:110] - funding worker started | mode=live
2026-07-01 03:53:28 | INFO     | [arbitrator.application.app_runtime:_start_live_workers:114] - account worker started | mode=live
2026-07-01 03:53:28 | INFO     | [arbitrator.presentation.fastapi_app:lifespan:39] - app lifespan started | ui_data_mode=live
2026-07-01 03:53:28 | INFO     | [uvicorn.server:startup:105] - [uvicorn.error] Application startup complete.
2026-07-01 03:53:28 | INFO     | [arbitrator.application.symbol_universe_service:_filter:111] - Universe filtered | total=1213 after_min_exchanges=669 after_exclusions=668
2026-07-01 03:53:28 | INFO     | [arbitrator.application.screener_stream_worker:_discovery_phase:164] - Volume discovery started | symbols=668 threshold_usdt=50000.0 timeout_s=30.0
2026-07-01 03:53:28 | INFO     | [arbitrator.application.multi_exchange_watcher:_spawn_watchers:61] - Spawning watchers | exchanges=['mexc', 'bitget', 'gate', 'bingx'] symbols={'mexc': 545, 'bitget': 573, 'gate': 636, 'bingx': 466}
2026-07-01 03:53:28 | DEBUG    | [arbitrator.application.multi_exchange_watcher:_watch:81] - Watcher start | exchange=mexc symbols=545
2026-07-01 03:53:28 | INFO     | [arbitrator.application.account_stream_worker:_async_main:124] - Account stream spawned | exchanges=['mexc', 'bitget', 'gate', 'bingx']
2026-07-01 03:53:28 | INFO     | [starlette._exception_handler:sender:39] - [uvicorn.error] 127.0.0.1:64708 - "WebSocket /ws/settings" [accepted]
2026-07-01 03:53:28 | INFO     | [arbitrator.presentation.ws.settings_ws_handler:handle:25] - ws connected | endpoint=/ws/settings
2026-07-01 03:53:28 | INFO     | [websockets.legacy.server:handler:161] - [uvicorn.error] connection open
2026-07-01 03:53:28 | INFO     | [asyncio.events:_run:80] - [uvicorn.error] connection closed
2026-07-01 03:53:28 | INFO     | [starlette._exception_handler:sender:39] - [uvicorn.error] 127.0.0.1:64967 - "WebSocket /ws/orders" [accepted]
2026-07-01 03:53:28 | INFO     | [arbitrator.presentation.ws.orders_ws_handler:handle:26] - ws connected | endpoint=/ws/orders
2026-07-01 03:53:28 | INFO     | [websockets.legacy.server:handler:161] - [uvicorn.error] connection open
2026-07-01 03:53:28 | INFO     | [asyncio.events:_run:80] - [uvicorn.error] connection closed
2026-07-01 03:53:28 | INFO     | [starlette._exception_handler:sender:39] - [uvicorn.error] 127.0.0.1:64968 - "WebSocket /ws/screener" [accepted]
2026-07-01 03:53:28 | INFO     | [arbitrator.presentation.ws.screener_ws_handler:handle:35] - ws connected | endpoint=/ws/screener
2026-07-01 03:53:28 | DEBUG    | [arbitrator.application.strategy_table_service:refresh:75] - strategy recompute | changed=0 symbols=0
2026-07-01 03:53:28 | INFO     | [websockets.legacy.server:handler:161] - [uvicorn.error] connection open
2026-07-01 03:53:28 | INFO     | [starlette._exception_handler:sender:39] - [uvicorn.error] 127.0.0.1:64969 - "WebSocket /ws/opportunity?symbol=GUA%2FUSDT&short=bingx&long=gate" [accepted]
2026-07-01 03:53:28 | INFO     | [arbitrator.presentation.ws.opportunity_ws_handler:handle:42] - ws connected | endpoint=/ws/opportunity symbol=GUA/USDT short=bingx long=gate
2026-07-01 03:53:29 | INFO     | [arbitrator.exchanges.ccxt_base:_ensure_open:1332] - Exchange client opened | exchange=mexc
2026-07-01 03:53:29 | DEBUG    | [arbitrator.application.multi_exchange_watcher:_watch:81] - Watcher start | exchange=bitget symbols=573
2026-07-01 03:53:29 | INFO     | [arbitrator.exchanges.ccxt_base:_ensure_open:1332] - Exchange client opened | exchange=mexc
2026-07-01 03:53:29 | INFO     | [arbitrator.exchanges.ccxt_base:_ensure_open:1332] - Exchange client opened | exchange=bingx
2026-07-01 03:53:29 | INFO     | [arbitrator.exchanges.ccxt_base:_ensure_open:1332] - Exchange client opened | exchange=bingx
2026-07-01 03:53:29 | INFO     | [websockets.legacy.server:handler:161] - [uvicorn.error] connection open
2026-07-01 03:53:29 | INFO     | [arbitrator.exchanges.ccxt_base:_ensure_open:1332] - Exchange client opened | exchange=bitget
2026-07-01 03:53:30 | INFO     | [arbitrator.exchanges.ccxt_base:_ensure_open:1332] - Exchange client opened | exchange=bitget
2026-07-01 03:53:30 | DEBUG    | [arbitrator.application.multi_exchange_watcher:_watch:81] - Watcher start | exchange=gate symbols=636
2026-07-01 03:53:30 | INFO     | [arbitrator.exchanges.ccxt_base:_ensure_open:1332] - Exchange client opened | exchange=gate
2026-07-01 03:53:30 | DEBUG    | [arbitrator.application.strategy_table_service:refresh:75] - strategy recompute | changed=0 symbols=0
2026-07-01 03:53:30 | INFO     | [arbitrator.exchanges.ccxt_base:_ensure_open:1332] - Exchange client opened | exchange=gate
2026-07-01 03:53:30 | INFO     | [arbitrator.exchanges.ccxt_base:_ensure_open:1332] - Exchange client opened | exchange=gate
2026-07-01 03:53:30 | DEBUG    | [arbitrator.application.multi_exchange_watcher:_watch:81] - Watcher start | exchange=bingx symbols=466
2026-07-01 03:53:30 | INFO     | [starlette._exception_handler:sender:39] - [uvicorn.error] 127.0.0.1:64973 - "WebSocket /ws/settings" [accepted]
2026-07-01 03:53:30 | INFO     | [arbitrator.presentation.ws.settings_ws_handler:handle:25] - ws connected | endpoint=/ws/settings
2026-07-01 03:53:30 | INFO     | [websockets.legacy.server:handler:161] - [uvicorn.error] connection open
2026-07-01 03:53:30 | INFO     | [asyncio.events:_run:80] - [uvicorn.error] connection closed
2026-07-01 03:53:30 | INFO     | [starlette._exception_handler:sender:39] - [uvicorn.error] 127.0.0.1:64974 - "WebSocket /ws/orders" [accepted]
2026-07-01 03:53:30 | INFO     | [arbitrator.presentation.ws.orders_ws_handler:handle:26] - ws connected | endpoint=/ws/orders
2026-07-01 03:53:30 | INFO     | [websockets.legacy.server:handler:161] - [uvicorn.error] connection open
2026-07-01 03:53:30 | INFO     | [asyncio.events:_run:80] - [uvicorn.error] connection closed
2026-07-01 03:53:31 | INFO     | [arbitrator.exchanges.ccxt_base:_ensure_open:1332] - Exchange client opened | exchange=bingx
2026-07-01 03:53:31 | INFO     | [arbitrator.exchanges.ccxt_base:_ensure_open:1332] - Exchange client opened | exchange=bingx
2026-07-01 03:53:31 | DEBUG    | [arbitrator.application.strategy_table_service:refresh:75] - strategy recompute | changed=0 symbols=0
2026-07-01 03:53:32 | DEBUG    | [arbitrator.application.strategy_table_service:refresh:75] - strategy recompute | changed=0 symbols=0
2026-07-01 03:53:32 | INFO     | [starlette._exception_handler:sender:39] - [uvicorn.error] 127.0.0.1:64980 - "WebSocket /ws/settings" [accepted]
2026-07-01 03:53:32 | INFO     | [arbitrator.presentation.ws.settings_ws_handler:handle:25] - ws connected | endpoint=/ws/settings
2026-07-01 03:53:32 | INFO     | [websockets.legacy.server:handler:161] - [uvicorn.error] connection open
2026-07-01 03:53:32 | INFO     | [asyncio.events:_run:80] - [uvicorn.error] connection closed
2026-07-01 03:53:32 | INFO     | [starlette._exception_handler:sender:39] - [uvicorn.error] 127.0.0.1:64981 - "WebSocket /ws/orders" [accepted]
2026-07-01 03:53:32 | INFO     | [arbitrator.presentation.ws.orders_ws_handler:handle:26] - ws connected | endpoint=/ws/orders
2026-07-01 03:53:32 | INFO     | [websockets.legacy.server:handler:161] - [uvicorn.error] connection open
2026-07-01 03:53:32 | INFO     | [asyncio.events:_run:80] - [uvicorn.error] connection closed
2026-07-01 03:53:33 | DEBUG    | [arbitrator.exchanges.ccxt_base:_ensure_markets_loaded:1349] - Markets loaded | exchange=bingx count=3032
2026-07-01 03:53:34 | INFO     | [arbitrator.exchanges.ccxt_base:_ensure_open:1332] - Exchange client opened | exchange=gate
2026-07-01 03:53:34 | DEBUG    | [arbitrator.application.strategy_table_service:refresh:75] - strategy recompute | changed=0 symbols=0
2026-07-01 03:53:34 | INFO     | [uvicorn.server:_serve:98] - [uvicorn.error] Shutting down
2026-07-01 03:53:34 | INFO     | [asyncio.events:_run:80] - [uvicorn.error] connection closed
2026-07-01 03:53:34 | INFO     | [asyncio.events:_run:80] - [uvicorn.error] connection closed
2026-07-01 03:53:34 | INFO     | [asyncio.tasks:wait_for:452] - [uvicorn.error] Waiting for background tasks to complete. (CTRL+C to force quit)
2026-07-01 03:53:35 | DEBUG    | [arbitrator.application.strategy_table_service:refresh:75] - strategy recompute | changed=0 symbols=0
2026-07-01 03:53:35 | INFO     | [arbitrator.presentation.ws.screener_ws_handler:handle:43] - ws disconnected | endpoint=/ws/screener
2026-07-01 03:53:36 | DEBUG    | [arbitrator.exchanges.ccxt_base:_ensure_markets_loaded:1349] - Markets loaded | exchange=bingx count=3032
2026-07-01 03:53:36 | INFO     | [arbitrator.exchanges.ccxt_base:watch_order_book:232] - Streaming order book | exchange=bingx symbol=GUA/USDT:USDT limit=20
2026-07-01 03:53:36 | INFO     | [arbitrator.exchanges.ccxt_base:watch_order_book:232] - Streaming order book | exchange=bingx symbol=GUA/USDT limit=20
2026-07-01 03:53:36 | INFO     | [arbitrator.exchanges.ccxt_base:watch_tickers:208] - Streaming tickers | exchange=bingx symbols=1 mode=fanout chunks=-
2026-07-01 03:53:48 | DEBUG    | [arbitrator.exchanges.ccxt_base:_ensure_markets_loaded:1349] - Markets loaded | exchange=mexc count=3151
2026-07-01 03:53:48 | INFO     | [arbitrator.exchanges.ccxt_base:watch_open_positions:602] - Position stream started | exchange=mexc mode=rest_poll
2026-07-01 03:53:48 | DEBUG    | [arbitrator.exchanges.ccxt_base:_ensure_markets_loaded:1349] - Markets loaded | exchange=bingx count=3032
2026-07-01 03:53:48 | INFO     | [arbitrator.exchanges.ccxt_base:watch_usdt_balance:634] - Balance stream started | exchange=mexc mode=ws
2026-07-01 03:53:48 | INFO     | [arbitrator.exchanges.ccxt_base:watch_tickers:208] - Streaming tickers | exchange=bingx symbols=466 mode=fanout chunks=-
2026-07-01 03:53:49 | DEBUG    | [arbitrator.exchanges.ccxt_base:_ensure_markets_loaded:1349] - Markets loaded | exchange=mexc count=3151
2026-07-01 03:53:49 | INFO     | [arbitrator.exchanges.ccxt_base:watch_tickers:208] - Streaming tickers | exchange=mexc symbols=545 mode=bulk chunks=11
2026-07-01 03:53:49 | DEBUG    | [arbitrator.exchanges.ccxt_base:_stream_bulk:1180] - Bulk stream chunks | exchange=mexc chunks=11 chunk_size=50
2026-07-01 03:53:50 | DEBUG    | [arbitrator.exchanges.ccxt_base:_ensure_markets_loaded:1349] - Markets loaded | exchange=bingx count=3032
2026-07-01 03:53:50 | INFO     | [arbitrator.exchanges.ccxt_base:watch_open_positions:602] - Position stream started | exchange=bingx mode=ws
2026-07-01 03:53:51 | DEBUG    | [arbitrator.exchanges.ccxt_base:_ensure_markets_loaded:1349] - Markets loaded | exchange=bitget count=1928
2026-07-01 03:53:51 | INFO     | [arbitrator.exchanges.ccxt_base:watch_usdt_balance:634] - Balance stream started | exchange=bingx mode=ws
2026-07-01 03:53:51 | INFO     | [arbitrator.exchanges.ccxt_base:watch_tickers:208] - Streaming tickers | exchange=bitget symbols=573 mode=bulk chunks=12
2026-07-01 03:53:51 | DEBUG    | [arbitrator.exchanges.ccxt_base:_stream_bulk:1180] - Bulk stream chunks | exchange=bitget chunks=12 chunk_size=50
2026-07-01 03:53:51 | DEBUG    | [arbitrator.exchanges.ccxt_base:_ensure_markets_loaded:1349] - Markets loaded | exchange=bitget count=1928
2026-07-01 03:53:51 | INFO     | [arbitrator.exchanges.ccxt_base:watch_open_positions:602] - Position stream started | exchange=bitget mode=ws
2026-07-01 03:53:51 | INFO     | [arbitrator.exchanges.ccxt_base:watch_usdt_balance:634] - Balance stream started | exchange=bitget mode=ws
2026-07-01 03:53:55 | DEBUG    | [arbitrator.exchanges.ccxt_base:_ensure_markets_loaded:1349] - Markets loaded | exchange=gate count=6253
2026-07-01 03:53:55 | INFO     | [arbitrator.exchanges.ccxt_base:watch_order_book:232] - Streaming order book | exchange=gate symbol=GUA/USDT:USDT limit=20
2026-07-01 03:53:56 | INFO     | [arbitrator.exchanges.ccxt_base:watch_order_book:232] - Streaming order book | exchange=gate symbol=GUA/USDT limit=20
2026-07-01 03:53:56 | INFO     | [arbitrator.exchanges.ccxt_base:watch_tickers:208] - Streaming tickers | exchange=gate symbols=1 mode=bulk chunks=1
2026-07-01 03:53:56 | DEBUG    | [arbitrator.exchanges.ccxt_base:_stream_bulk:1180] - Bulk stream chunks | exchange=gate chunks=1 chunk_size=50
2026-07-01 03:53:57 | DEBUG    | [arbitrator.exchanges.ccxt_base:_ensure_markets_loaded:1349] - Markets loaded | exchange=gate count=6253
2026-07-01 03:53:57 | INFO     | [arbitrator.application.fee_snapshot_service:snapshot:41] - fee snapshot complete | exchanges=2 symbols=1 loaded=2
2026-07-01 03:53:58 | INFO     | [arbitrator.application.screener_stream_worker:_discovery_phase:191] - Volume discovery timed out | eligible=546 pending=122
2026-07-01 03:53:59 | DEBUG    | [arbitrator.exchanges.ccxt_base:_watch_chunk:1205] - watch_tickers transient, retrying | exchange=mexc chunk=4 err=NetworkError delay_s=5.0
2026-07-01 03:53:59 | DEBUG    | [arbitrator.exchanges.ccxt_base:_watch_chunk:1205] - watch_tickers transient, retrying | exchange=mexc chunk=5 err=NetworkError delay_s=5.0
2026-07-01 03:53:59 | DEBUG    | [arbitrator.exchanges.ccxt_base:_watch_chunk:1205] - watch_tickers transient, retrying | exchange=mexc chunk=6 err=NetworkError delay_s=5.0
2026-07-01 03:53:59 | DEBUG    | [arbitrator.exchanges.ccxt_base:_watch_chunk:1205] - watch_tickers transient, retrying | exchange=mexc chunk=7 err=NetworkError delay_s=5.0
2026-07-01 03:53:59 | DEBUG    | [arbitrator.exchanges.ccxt_base:_watch_chunk:1205] - watch_tickers transient, retrying | exchange=mexc chunk=8 err=NetworkError delay_s=5.0
2026-07-01 03:53:59 | DEBUG    | [arbitrator.exchanges.ccxt_base:_watch_chunk:1205] - watch_tickers transient, retrying | exchange=mexc chunk=9 err=NetworkError delay_s=5.0
2026-07-01 03:53:59 | DEBUG    | [arbitrator.exchanges.ccxt_base:_watch_chunk:1205] - watch_tickers transient, retrying | exchange=mexc chunk=10 err=NetworkError delay_s=5.0
2026-07-01 03:53:59 | DEBUG    | [arbitrator.exchanges.ccxt_base:_watch_chunk:1205] - watch_tickers transient, retrying | exchange=mexc chunk=0 err=NetworkError delay_s=5.0
2026-07-01 03:53:59 | DEBUG    | [arbitrator.exchanges.ccxt_base:close:1167] - Exchange closed | exchange=mexc
2026-07-01 03:53:59 | DEBUG    | [arbitrator.exchanges.ccxt_base:close:1167] - Exchange closed | exchange=mexc
2026-07-01 03:54:00 | DEBUG    | [arbitrator.exchanges.ccxt_base:close:1167] - Exchange closed | exchange=bitget
2026-07-01 03:54:00 | ERROR    | [arbitrator.exchanges.ccxt_base:_ensure_markets_loaded:1347] - load_markets failed | exchange=gate
Traceback (most recent call last):

  File "c:\Users\dev_home\.cursor\extensions\ms-python.debugpy-2026.6.0-win32-x64\bundled\libs\debugpy\_vendored\pydevd\_pydev_bundle\pydev_monkey.py", line 1134, in __call__
    ret = self.original_func(*self.args, **self.kwargs)
          │    │              │    │       │    └ {}
          │    │              │    │       └ <_pydev_bundle.pydev_monkey._NewThreadStartupWithTrace object at 0x0000016DA484DC10>
          │    │              │    └ ()
          │    │              └ <_pydev_bundle.pydev_monkey._NewThreadStartupWithTrace object at 0x0000016DA484DC10>
          │    └ <bound method Thread._bootstrap of <Thread(screener-stream:0, started daemon 16060)>>
          └ <_pydev_bundle.pydev_monkey._NewThreadStartupWithTrace object at 0x0000016DA484DC10>

  File "C:\Users\dev_home\AppData\Local\Programs\Python\Python311\Lib\threading.py", line 1002, in _bootstrap
    self._bootstrap_inner()
    │    └ <function Thread._bootstrap_inner at 0x0000016D99C2CB80>
    └ <Thread(screener-stream:0, started daemon 16060)>
  File "C:\Users\dev_home\AppData\Local\Programs\Python\Python311\Lib\threading.py", line 1045, in _bootstrap_inner
    self.run()
    │    └ <function Thread.run at 0x0000016D99C2C860>
    └ <Thread(screener-stream:0, started daemon 16060)>
  File "C:\Users\dev_home\AppData\Local\Programs\Python\Python311\Lib\threading.py", line 982, in run
    self._target(*self._args, **self._kwargs)
    │    │        │    │        │    └ {}
    │    │        │    │        └ <Thread(screener-stream:0, started daemon 16060)>
    │    │        │    └ ()
    │    │        └ <Thread(screener-stream:0, started daemon 16060)>
    │    └ <bound method ScreenerStreamWorker._thread_main of <arbitrator.application.screener_stream_worker.ScreenerStreamWorker object...
    └ <Thread(screener-stream:0, started daemon 16060)>

  File "C:\shere-folder\arbitrator\src\arbitrator\application\screener_stream_worker.py", line 88, in _thread_main
    asyncio.run(self._async_main())
    │       │   │    └ <function ScreenerStreamWorker._async_main at 0x0000016DA3260040>
    │       │   └ <arbitrator.application.screener_stream_worker.ScreenerStreamWorker object at 0x0000016DA484D910>
    │       └ <function run at 0x0000016D9C45ACA0>
    └ <module 'asyncio' from 'C:\\Users\\dev_home\\AppData\\Local\\Programs\\Python\\Python311\\Lib\\asyncio\\__init__.py'>

  File "C:\Users\dev_home\AppData\Local\Programs\Python\Python311\Lib\asyncio\runners.py", line 190, in run
    return runner.run(main)
           │      │   └ <coroutine object ScreenerStreamWorker._async_main at 0x0000016DA47F8900>
           │      └ <function Runner.run at 0x0000016D9C45B100>
           └ <asyncio.runners.Runner object at 0x0000016DA483FA50>
  File "C:\Users\dev_home\AppData\Local\Programs\Python\Python311\Lib\asyncio\runners.py", line 118, in run
    return self._loop.run_until_complete(task)
           │    │     │                  └ <Task pending name='Task-3' coro=<ScreenerStreamWorker._async_main() running at C:\shere-folder\arbitrator\src\arbitrator\app...
           │    │     └ <function BaseEventLoop.run_until_complete at 0x0000016D9C458B80>
           │    └ <ProactorEventLoop running=True closed=False debug=False>
           └ <asyncio.runners.Runner object at 0x0000016DA483FA50>
  File "C:\Users\dev_home\AppData\Local\Programs\Python\Python311\Lib\asyncio\base_events.py", line 640, in run_until_complete
    self.run_forever()
    │    └ <function ProactorEventLoop.run_forever at 0x0000016D9C4F1B20>
    └ <ProactorEventLoop running=True closed=False debug=False>
  File "C:\Users\dev_home\AppData\Local\Programs\Python\Python311\Lib\asyncio\windows_events.py", line 321, in run_forever
    super().run_forever()
  File "C:\Users\dev_home\AppData\Local\Programs\Python\Python311\Lib\asyncio\base_events.py", line 607, in run_forever
    self._run_once()
    │    └ <function BaseEventLoop._run_once at 0x0000016D9C45A8E0>
    └ <ProactorEventLoop running=True closed=False debug=False>
  File "C:\Users\dev_home\AppData\Local\Programs\Python\Python311\Lib\asyncio\base_events.py", line 1922, in _run_once
    handle._run()
    │      └ <function Handle._run at 0x0000016D9C3C6340>
    └ <Handle Task.task_wakeup(<Task finishe...ibute 'get'")>)>
  File "C:\Users\dev_home\AppData\Local\Programs\Python\Python311\Lib\asyncio\events.py", line 80, in _run
    self._context.run(self._callback, *self._args)
    │    │            │    │           │    └ <member '_args' of 'Handle' objects>
    │    │            │    │           └ <Handle Task.task_wakeup(<Task finishe...ibute 'get'")>)>
    │    │            │    └ <member '_callback' of 'Handle' objects>
    │    │            └ <Handle Task.task_wakeup(<Task finishe...ibute 'get'")>)>
    │    └ <member '_context' of 'Handle' objects>
    └ <Handle Task.task_wakeup(<Task finishe...ibute 'get'")>)>

  File "C:\shere-folder\arbitrator\src\arbitrator\exchanges\gate.py", line 46, in watch_tickers
    await self._ensure_markets_loaded(client)
          │    │                      └ ccxt.async_support.gate()
          │    └ <function CcxtBase._ensure_markets_loaded at 0x0000016DA322AA20>
          └ <arbitrator.exchanges.gate.Gate object at 0x0000016DA484E8D0>

> File "C:\shere-folder\arbitrator\src\arbitrator\exchanges\ccxt_base.py", line 1344, in _ensure_markets_loaded
    await client.load_markets()
          │      └ <function Exchange.load_markets at 0x0000016DA0EAAE80>
          └ ccxt.async_support.gate()

  File "C:\shere-folder\arbitrator\.venv\Lib\site-packages\ccxt\async_support\base\exchange.py", line 365, in load_markets
    raise e
  File "C:\shere-folder\arbitrator\.venv\Lib\site-packages\ccxt\async_support\base\exchange.py", line 357, in load_markets
    result = await self.markets_loading
                   │    └ None
                   └ ccxt.async_support.gate()
  File "C:\shere-folder\arbitrator\.venv\Lib\site-packages\ccxt\async_support\base\exchange.py", line 324, in load_markets_helper
    markets = await self.fetch_markets(params)
                    │    │             └ {}
                    │    └ <function gate.fetch_markets at 0x0000016DA2484A40>
                    └ ccxt.async_support.gate()
  File "C:\shere-folder\arbitrator\.venv\Lib\site-packages\ccxt\async_support\gate.py", line 1343, in fetch_markets
    results = await asyncio.gather(*rawPromises)
                    │       │       └ [<coroutine object gate.fetch_spot_markets at 0x0000016DA52A6960>, <coroutine object gate.fetch_swap_markets at 0x0000016DA79...
                    │       └ <function gather at 0x0000016D9C4139C0>
                    └ <module 'asyncio' from 'C:\\Users\\dev_home\\AppData\\Local\\Programs\\Python\\Python311\\Lib\\asyncio\\__init__.py'>
  File "C:\shere-folder\arbitrator\.venv\Lib\site-packages\ccxt\async_support\gate.py", line 1667, in fetch_option_markets
    response = await self.publicOptionsGetContracts(query)
                     │    │                         └ {'underlying': 'DOGE_USDT'}
                     │    └ <function Entry.__init__.<locals>.unbound_method at 0x0000016D9FB53600>
                     └ ccxt.async_support.gate()
  File "C:\shere-folder\arbitrator\.venv\Lib\site-packages\ccxt\async_support\base\exchange.py", line 1033, in request
    return await self.fetch2(path, api, method, params, headers, body, config)
                 │    │      │     │    │       │       │        │     └ {'cost': 1}
                 │    │      │     │    │       │       │        └ None
                 │    │      │     │    │       │       └ None
                 │    │      │     │    │       └ {'underlying': 'DOGE_USDT'}
                 │    │      │     │    └ 'GET'
                 │    │      │     └ ['public', 'options']
                 │    │      └ 'contracts'
                 │    └ <function Exchange.fetch2 at 0x0000016DA0FCAF20>
                 └ ccxt.async_support.gate()
  File "C:\shere-folder\arbitrator\.venv\Lib\site-packages\ccxt\async_support\base\exchange.py", line 1029, in fetch2
    raise e
  File "C:\shere-folder\arbitrator\.venv\Lib\site-packages\ccxt\async_support\base\exchange.py", line 1017, in fetch2
    return await self.fetch(request['url'], request['method'], request['headers'], request['body'])
                 │    │     │               │                  │                   └ {'url': 'https://api.gateio.ws/api/v4/options/contracts?underlying=DOGE_USDT', 'method': 'GET', 'body': None, 'headers': None}
                 │    │     │               │                  └ {'url': 'https://api.gateio.ws/api/v4/options/contracts?underlying=DOGE_USDT', 'method': 'GET', 'body': None, 'headers': None}
                 │    │     │               └ {'url': 'https://api.gateio.ws/api/v4/options/contracts?underlying=DOGE_USDT', 'method': 'GET', 'body': None, 'headers': None}
                 │    │     └ {'url': 'https://api.gateio.ws/api/v4/options/contracts?underlying=DOGE_USDT', 'method': 'GET', 'body': None, 'headers': None}
                 │    └ <function Exchange.fetch at 0x0000016DA0EAACA0>
                 └ ccxt.async_support.gate()
  File "C:\shere-folder\arbitrator\.venv\Lib\site-packages\ccxt\async_support\base\exchange.py", line 234, in fetch
    session_method = getattr(final_session, method.lower())
                             │              │      └ <method 'lower' of 'str' objects>
                             │              └ 'GET'
                             └ None

AttributeError: 'NoneType' object has no attribute 'get'
2026-07-01 03:54:00 | DEBUG    | [arbitrator.exchanges.ccxt_base:close:1167] - Exchange closed | exchange=bitget
2026-07-01 03:54:00 | DEBUG    | [arbitrator.exchanges.ccxt_base:close:1167] - Exchange closed | exchange=gate
2026-07-01 03:54:01 | DEBUG    | [arbitrator.exchanges.ccxt_base:close:1167] - Exchange closed | exchange=gate
2026-07-01 03:54:01 | DEBUG    | [arbitrator.exchanges.ccxt_base:_ensure_markets_loaded:1349] - Markets loaded | exchange=gate count=6253
2026-07-01 03:54:01 | INFO     | [arbitrator.exchanges.gate:watch_open_positions:71] - Position stream started | exchange=gate mode=rest_poll
2026-07-01 03:54:01 | INFO     | [arbitrator.exchanges.gate:watch_usdt_balance:91] - Balance stream started | exchange=gate mode=rest_poll
2026-07-01 03:54:01 | DEBUG    | [arbitrator.exchanges.ccxt_base:close:1167] - Exchange closed | exchange=bingx
2026-07-01 03:54:01 | DEBUG    | [arbitrator.exchanges.ccxt_base:close:1167] - Exchange closed | exchange=bingx
2026-07-01 03:54:01 | INFO     | [arbitrator.application.screener_stream_worker:_async_main:137] - Volume gate applied | threshold_usdt=50000.0 eligible=546 rejected=0
2026-07-01 03:54:01 | INFO     | [arbitrator.application.multi_exchange_watcher:_spawn_watchers:61] - Spawning watchers | exchanges=['mexc', 'bitget', 'gate', 'bingx'] symbols={'mexc': 545, 'bitget': 454, 'gate': 516, 'bingx': 451}
2026-07-01 03:54:01 | DEBUG    | [arbitrator.application.multi_exchange_watcher:_watch:81] - Watcher start | exchange=mexc symbols=545
2026-07-01 03:54:01 | INFO     | [arbitrator.exchanges.ccxt_base:_ensure_open:1332] - Exchange client opened | exchange=mexc
2026-07-01 03:54:01 | DEBUG    | [arbitrator.application.multi_exchange_watcher:_watch:81] - Watcher start | exchange=bitget symbols=454
2026-07-01 03:54:02 | DEBUG    | [arbitrator.exchanges.ccxt_base:close:1167] - Exchange closed | exchange=bingx
2026-07-01 03:54:02 | INFO     | [arbitrator.exchanges.ccxt_base:_ensure_open:1332] - Exchange client opened | exchange=bitget
2026-07-01 03:54:02 | DEBUG    | [arbitrator.application.multi_exchange_watcher:_watch:81] - Watcher start | exchange=gate symbols=516
2026-07-01 03:54:02 | DEBUG    | [arbitrator.exchanges.ccxt_base:close:1167] - Exchange closed | exchange=gate
2026-07-01 03:54:02 | DEBUG    | [arbitrator.application.strategy_table_service:refresh:75] - strategy recompute | changed=546 symbols=546
2026-07-01 03:54:02 | INFO     | [arbitrator.presentation.ws.opportunity_ws_handler:handle:69] - ws disconnected | endpoint=/ws/opportunity symbol=GUA/USDT
2026-07-01 03:54:02 | INFO     | [uvicorn.server:shutdown:301] - [uvicorn.error] Waiting for application shutdown.
2026-07-01 03:54:02 | INFO     | [arbitrator.application.app_runtime:stop:55] - screener worker stopped
2026-07-01 03:54:02 | INFO     | [arbitrator.application.app_runtime:stop:58] - account worker stopped
2026-07-01 03:54:02 | INFO     | [arbitrator.application.app_runtime:stop:61] - funding worker stopped
2026-07-01 03:54:02 | INFO     | [arbitrator.presentation.fastapi_app:lifespan:45] - app lifespan stopped
2026-07-01 03:54:02 | DEBUG    | [arbitrator.exchanges.ccxt_base:close:1167] - Exchange closed | exchange=mexc
2026-07-01 03:54:02 | DEBUG    | [arbitrator.exchanges.ccxt_base:close:1167] - Exchange closed | exchange=bitget
2026-07-01 03:54:02 | DEBUG    | [arbitrator.exchanges.ccxt_base:close:1167] - Exchange closed | exchange=gate
2026-07-01 03:54:02 | INFO     | [uvicorn.server:shutdown:301] - [uvicorn.error] Application shutdown complete.
2026-07-01 03:54:02 | DEBUG    | [arbitrator.exchanges.ccxt_base:close:1167] - Exchange closed | exchange=bingx
2026-07-01 03:54:02 | INFO     | [uvicorn.server:serve:79] - [uvicorn.error] Finished server process [14092]
2026-07-01 03:54:02 | INFO     | [arbitrator.application.funding_rate_worker:_thread_main:65] - funding worker stopped
2026-07-01 03:54:02 | INFO     | [arbitrator.exchanges.ccxt_base:_ensure_open:1332] - Exchange client opened | exchange=gate
2026-07-01 03:54:02 | DEBUG    | [arbitrator.application.multi_exchange_watcher:_watch:81] - Watcher start | exchange=bingx symbols=451
2026-07-01 03:54:02 | DEBUG    | [arbitrator.exchanges.ccxt_base:close:1167] - Exchange closed | exchange=bingx
2026-07-01 03:54:02 | INFO     | [arbitrator.exchanges.ccxt_base:_ensure_open:1332] - Exchange client opened | exchange=bingx
2026-07-01 03:54:03 | DEBUG    | [arbitrator.exchanges.ccxt_base:close:1167] - Exchange closed | exchange=mexc
