2026-06-30 16:47:02 | INFO     | [arbitrator.exchanges.ccxt_base:_ensure_open:1231] - Exchange client opened | exchange=mexc
2026-06-30 16:47:03 | INFO     | [arbitrator.exchanges.ccxt_base:_ensure_open:1231] - Exchange client opened | exchange=bitget
2026-06-30 16:47:03 | INFO     | [arbitrator.exchanges.ccxt_base:_ensure_open:1231] - Exchange client opened | exchange=gate
2026-06-30 16:47:03 | INFO     | [arbitrator.exchanges.ccxt_base:_ensure_open:1231] - Exchange client opened | exchange=bingx
2026-06-30 16:47:08 | DEBUG    | [arbitrator.exchanges.ccxt_base:_ensure_markets_loaded:1248] - Markets loaded | exchange=bitget count=1928
2026-06-30 16:47:08 | DEBUG    | [arbitrator.exchanges.ccxt_base:_ensure_markets_loaded:1248] - Markets loaded | exchange=bingx count=3032
2026-06-30 16:47:10 | DEBUG    | [arbitrator.exchanges.ccxt_base:_ensure_markets_loaded:1248] - Markets loaded | exchange=mexc count=3151
2026-06-30 16:47:10 | INFO     | [arbitrator.exchanges.ccxt_base:probe_connection:429] - Connection verified | exchange=bitget trading=True usdt=21.2534916
2026-06-30 16:47:10 | DEBUG    | [arbitrator.exchanges.ccxt_base:close:1066] - Exchange closed | exchange=bitget
2026-06-30 16:47:10 | DEBUG    | [arbitrator.exchanges.ccxt_base:close:1066] - Exchange closed | exchange=bitget
2026-06-30 16:47:14 | DEBUG    | [arbitrator.exchanges.ccxt_base:_ensure_markets_loaded:1248] - Markets loaded | exchange=gate count=6253
2026-06-30 16:47:14 | ERROR    | [arbitrator.exchanges.ccxt_base:_first_usdt_balance:161] - watch_balance failed, falling back | exchange=gate
Traceback (most recent call last):

  File "C:\shere-folder\arbitrator\scripts\inspect_exchanges.py", line 281, in <module>
    main()
    └ <function main at 0x000002329E988F40>

  File "C:\shere-folder\arbitrator\scripts\inspect_exchanges.py", line 277, in main
    raise SystemExit(cli.run())
                     │   └ <function InspectExchangesCli.run at 0x00000232A0DBB240>
                     └ <__main__.InspectExchangesCli object at 0x00000232A2A176D0>

  File "C:\shere-folder\arbitrator\scripts\inspect_exchanges.py", line 37, in run
    return asyncio.run(self._dispatch(args))
           │       │   │    │         └ Namespace(json=True, command='verify', exchange=None, handler='verify')
           │       │   │    └ <function InspectExchangesCli._dispatch at 0x00000232A73987C0>
           │       │   └ <__main__.InspectExchangesCli object at 0x00000232A2A176D0>
           │       └ <function run at 0x00000232A07D6160>
           └ <module 'asyncio' from 'C:\\Users\\dev_home\\AppData\\Local\\Programs\\Python\\Python311\\Lib\\asyncio\\__init__.py'>

  File "C:\Users\dev_home\AppData\Local\Programs\Python\Python311\Lib\asyncio\runners.py", line 190, in run
    return runner.run(main)
           │      │   └ <coroutine object InspectExchangesCli._dispatch at 0x00000232A0F40740>
           │      └ <function Runner.run at 0x00000232A0C563E0>
           └ <asyncio.runners.Runner object at 0x00000232A7396B10>
  File "C:\Users\dev_home\AppData\Local\Programs\Python\Python311\Lib\asyncio\runners.py", line 118, in run
    return self._loop.run_until_complete(task)
           │    │     │                  └ <Task pending name='Task-1' coro=<InspectExchangesCli._dispatch() running at C:\shere-folder\arbitrator\scripts\inspect_excha...
           │    │     └ <function BaseEventLoop.run_until_complete at 0x00000232A0C53F60>
           │    └ <ProactorEventLoop running=True closed=False debug=False>
           └ <asyncio.runners.Runner object at 0x00000232A7396B10>
  File "C:\Users\dev_home\AppData\Local\Programs\Python\Python311\Lib\asyncio\base_events.py", line 640, in run_until_complete
    self.run_forever()
    │    └ <function ProactorEventLoop.run_forever at 0x00000232A0D37F60>
    └ <ProactorEventLoop running=True closed=False debug=False>
  File "C:\Users\dev_home\AppData\Local\Programs\Python\Python311\Lib\asyncio\windows_events.py", line 321, in run_forever
    super().run_forever()
  File "C:\Users\dev_home\AppData\Local\Programs\Python\Python311\Lib\asyncio\base_events.py", line 607, in run_forever
    self._run_once()
    │    └ <function BaseEventLoop._run_once at 0x00000232A0C55D00>
    └ <ProactorEventLoop running=True closed=False debug=False>
  File "C:\Users\dev_home\AppData\Local\Programs\Python\Python311\Lib\asyncio\base_events.py", line 1922, in _run_once
    handle._run()
    │      └ <function Handle._run at 0x00000232A07B76A0>
    └ <Handle Task.task_wakeup(<Future finished result=None>)>
  File "C:\Users\dev_home\AppData\Local\Programs\Python\Python311\Lib\asyncio\events.py", line 80, in _run
    self._context.run(self._callback, *self._args)
    │    │            │    │           │    └ <member '_args' of 'Handle' objects>
    │    │            │    │           └ <Handle Task.task_wakeup(<Future finished result=None>)>
    │    │            │    └ <member '_callback' of 'Handle' objects>
    │    │            └ <Handle Task.task_wakeup(<Future finished result=None>)>
    │    └ <member '_context' of 'Handle' objects>
    └ <Handle Task.task_wakeup(<Future finished result=None>)>

  File "C:\shere-folder\arbitrator\src\arbitrator\application\read_only_exchange_inspector.py", line 37, in verify_exchange
    return await gateway.verify_connection()
                 │       └ <function CcxtBase.verify_connection at 0x00000232A73858A0>
                 └ <arbitrator.exchanges.gate.Gate object at 0x00000232A2915310>

  File "C:\shere-folder\arbitrator\src\arbitrator\exchanges\ccxt_base.py", line 402, in verify_connection
    return await self.probe_connection()
                 │    └ <function CcxtBase.probe_connection at 0x00000232A7385940>
                 └ <arbitrator.exchanges.gate.Gate object at 0x00000232A2915310>

  File "C:\shere-folder\arbitrator\src\arbitrator\exchanges\ccxt_base.py", line 424, in probe_connection
    usdt_balance = await self._first_usdt_balance(client)
                         │    │                   └ ccxt.async_support.gate()
                         │    └ <function CcxtBase._first_usdt_balance at 0x00000232A7385300>
                         └ <arbitrator.exchanges.gate.Gate object at 0x00000232A2915310>

> File "C:\shere-folder\arbitrator\src\arbitrator\exchanges\ccxt_base.py", line 150, in _first_usdt_balance
    payload = await asyncio.wait_for(
                    │       └ <function wait_for at 0x00000232A0C3EB60>
                    └ <module 'asyncio' from 'C:\\Users\\dev_home\\AppData\\Local\\Programs\\Python\\Python311\\Lib\\asyncio\\__init__.py'>

  File "C:\Users\dev_home\AppData\Local\Programs\Python\Python311\Lib\asyncio\tasks.py", line 489, in wait_for
    return fut.result()
           │   └ <method 'result' of '_asyncio.Task' objects>
           └ <Task finished name='Task-129' coro=<gate.watch_balance() done, defined at C:\shere-folder\arbitrator\.venv\Lib\site-packages...
  File "C:\shere-folder\arbitrator\.venv\Lib\site-packages\ccxt\pro\gate.py", line 1095, in watch_balance
    return await self.subscribe_private(url, messageHash, None, channel, params, requiresUid)
                 │    │                 │    │                  │        │       └ True
                 │    │                 │    │                  │        └ {}
                 │    │                 │    │                  └ 'futures.balances'
                 │    │                 │    └ 'swap.balance'
                 │    │                 └ 'wss://fx-ws.gateio.ws/v4/ws/usdt'
                 │    └ <function gate.subscribe_private at 0x00000232A71E89A0>
                 └ ccxt.async_support.gate()
  File "C:\shere-folder\arbitrator\.venv\Lib\site-packages\ccxt\pro\gate.py", line 2055, in subscribe_private
    raise ArgumentsRequired(self.id + ' requires uid to subscribe')
          │                 │    └ 'gate'
          │                 └ ccxt.async_support.gate()
          └ <class 'ccxt.base.errors.ArgumentsRequired'>

ccxt.base.errors.ArgumentsRequired: gate requires uid to subscribe
2026-06-30 16:47:15 | INFO     | [arbitrator.exchanges.ccxt_base:probe_connection:429] - Connection verified | exchange=gate trading=True usdt=38.01584728
2026-06-30 16:47:15 | DEBUG    | [arbitrator.exchanges.ccxt_base:close:1066] - Exchange closed | exchange=gate
2026-06-30 16:47:15 | DEBUG    | [arbitrator.exchanges.ccxt_base:close:1066] - Exchange closed | exchange=gate
2026-06-30 16:48:08 | WARNING  | [arbitrator.exchanges.ccxt_base:_first_usdt_balance:156] - watch_balance timeout, falling back | exchange=bingx
2026-06-30 16:48:09 | INFO     | [arbitrator.exchanges.ccxt_base:probe_connection:429] - Connection verified | exchange=bingx trading=True usdt=31.89
2026-06-30 16:48:09 | DEBUG    | [arbitrator.exchanges.ccxt_base:close:1066] - Exchange closed | exchange=bingx
2026-06-30 16:48:09 | DEBUG    | [arbitrator.exchanges.ccxt_base:close:1066] - Exchange closed | exchange=bingx
2026-06-30 16:48:10 | WARNING  | [arbitrator.exchanges.ccxt_base:_first_usdt_balance:156] - watch_balance timeout, falling back | exchange=mexc
2026-06-30 16:48:15 | INFO     | [arbitrator.exchanges.ccxt_base:probe_connection:429] - Connection verified | exchange=mexc trading=True usdt=62.71260655966
2026-06-30 16:48:16 | DEBUG    | [arbitrator.exchanges.ccxt_base:close:1066] - Exchange closed | exchange=mexc
2026-06-30 16:48:16 | DEBUG    | [arbitrator.exchanges.ccxt_base:close:1066] - Exchange closed | exchange=mexc
