2026-06-30 17:21:44 | INFO     | [main:<module>:12] - Arbitrator starting | exchanges=['mexc', 'bitget', 'gate', 'bingx'] ui_data_mode=mock_data
2026-06-30 17:21:44 | INFO     | [arbitrator.presentation.fastapi_app:create:102] - FastAPI app created | title=Arbitrator host=127.0.0.1 port=8000 ui_data_mode=mock_data
2026-06-30 17:21:44 | INFO     | [uvicorn.main:run:614] - [uvicorn.error] Uvicorn running on http://127.0.0.1:8000 (Press CTRL+C to quit)
2026-06-30 17:21:44 | INFO     | [uvicorn.supervisors.basereload:run:51] - [uvicorn.error] Started reloader process [30328] using WatchFiles
2026-06-30 17:21:46 | INFO     | [watchfiles.main:watch:148] - [watchfiles.main] 2 changes detected
2026-06-30 17:21:46 | INFO     | [watchfiles.main:watch:148] - [watchfiles.main] 1 change detected
2026-06-30 17:21:48 | INFO     | [watchfiles.main:watch:148] - [watchfiles.main] 3 changes detected
2026-06-30 17:21:48 | INFO     | [watchfiles.main:watch:148] - [watchfiles.main] 1 change detected
2026-06-30 17:21:48 | WARNING  | [uvicorn.main:run:615] - [uvicorn.error] WatchFiles detected changes in 'src\arbitrator\presentation\mock\mock_data_provider.py'. Reloading...
2026-06-30 17:21:51 | INFO     | [watchfiles.main:watch:148] - [watchfiles.main] 6 changes detected
2026-06-30 17:21:52 | INFO     | [watchfiles.main:watch:148] - [watchfiles.main] 2 changes detected
2026-06-30 17:21:52 | INFO     | [watchfiles.main:watch:148] - [watchfiles.main] 1 change detected
2026-06-30 17:21:56 | INFO     | [watchfiles.main:watch:148] - [watchfiles.main] 1 change detected
2026-06-30 17:21:56 | INFO     | [watchfiles.main:watch:148] - [watchfiles.main] 1 change detected
2026-06-30 17:21:56 | INFO     | [watchfiles.main:watch:148] - [watchfiles.main] 2 changes detected
2026-06-30 17:21:56 | WARNING  | [uvicorn.main:run:615] - [uvicorn.error] WatchFiles detected changes in 'tests\unit\test_mock_strategy_calculator.py'. Reloading...
2026-06-30 17:21:59 | INFO     | [watchfiles.main:watch:148] - [watchfiles.main] 2 changes detected
2026-06-30 17:21:59 | INFO     | [watchfiles.main:watch:148] - [watchfiles.main] 1 change detected
2026-06-30 17:22:00 | INFO     | [watchfiles.main:watch:148] - [watchfiles.main] 2 changes detected
2026-06-30 17:22:00 | INFO     | [watchfiles.main:watch:148] - [watchfiles.main] 1 change detected
2026-06-30 17:22:02 | INFO     | [watchfiles.main:watch:148] - [watchfiles.main] 3 changes detected
2026-06-30 17:22:03 | INFO     | [watchfiles.main:watch:148] - [watchfiles.main] 1 change detected
2026-06-30 17:22:14 | INFO     | [watchfiles.main:watch:148] - [watchfiles.main] 1 change detected
2026-06-30 17:22:15 | INFO     | [watchfiles.main:watch:148] - [watchfiles.main] 1 change detected
2026-06-30 17:22:16 | INFO     | [watchfiles.main:watch:148] - [watchfiles.main] 1 change detected
2026-06-30 17:22:17 | INFO     | [watchfiles.main:watch:148] - [watchfiles.main] 4 changes detected
2026-06-30 17:22:21 | INFO     | [watchfiles.main:watch:148] - [watchfiles.main] 1 change detected
2026-06-30 17:22:30 | INFO     | [watchfiles.main:watch:148] - [watchfiles.main] 1 change detected
2026-06-30 17:22:32 | INFO     | [watchfiles.main:watch:148] - [watchfiles.main] 1 change detected
2026-06-30 17:23:05 | INFO     | [watchfiles.main:watch:148] - [watchfiles.main] 3 changes detected
2026-06-30 17:23:19 | INFO     | [watchfiles.main:watch:148] - [watchfiles.main] 5 changes detected
