2026-06-25 03:19:37 | INFO     | [__main__:<module>:16] - Arbitrator starting | exchanges=['mexc', 'bitget', 'gate', 'bingx']
2026-06-25 03:19:38 | INFO     | [arbitrator.presentation.streamlit_app:run:104] - UI run | section=Screener
2026-06-25 03:19:42 | INFO     | [__main__:<module>:16] - Arbitrator starting | exchanges=['mexc', 'bitget', 'gate', 'bingx']
2026-06-25 03:19:42 | INFO     | [arbitrator.presentation.streamlit_app:run:104] - UI run | section=Screener
2026-06-25 03:19:42 | INFO     | [arbitrator.presentation.sidebar.screener.screener_view:render:74] - Screener reconnect requested from UI
2026-06-25 03:19:43 | INFO     | [__main__:<module>:16] - Arbitrator starting | exchanges=['mexc', 'bitget', 'gate', 'bingx']
2026-06-25 03:19:43 | INFO     | [arbitrator.presentation.streamlit_app:run:104] - UI run | section=Screener
2026-06-25 03:19:43 | INFO     | [arbitrator.presentation.sidebar.screener.screener_view:_ensure_worker:218] - Screener background worker started | nonce=1 stream_volume_usdt=50000.0
2026-06-25 03:19:43 | INFO     | [arbitrator.application.symbol_universe_service:_filter:111] - Universe filtered | total=1395 after_min_exchanges=728 after_exclusions=727
2026-06-25 03:19:43 | INFO     | [arbitrator.application.screener_stream_worker:_discovery_phase:165] - Volume discovery started | symbols=727 threshold_usdt=50000.0 timeout_s=30.0
2026-06-25 03:19:43 | INFO     | [arbitrator.application.multi_exchange_watcher:_spawn_watchers:52] - Spawning watchers | exchanges=['mexc', 'bitget', 'gate', 'bingx'] symbols={'mexc': 582, 'bitget': 596, 'gate': 661, 'bingx': 473}
2026-06-25 03:19:43 | DEBUG    | [arbitrator.application.multi_exchange_watcher:_watch:72] - Watcher start | exchange=mexc symbols=582
2026-06-25 03:19:43 | INFO     | [arbitrator.exchanges.ccxt_base:_ensure_open:931] - Exchange client opened | exchange=mexc
2026-06-25 03:19:43 | DEBUG    | [arbitrator.application.multi_exchange_watcher:_watch:72] - Watcher start | exchange=bitget symbols=596
2026-06-25 03:19:44 | INFO     | [arbitrator.exchanges.ccxt_base:_ensure_open:931] - Exchange client opened | exchange=bitget
2026-06-25 03:19:44 | DEBUG    | [arbitrator.application.multi_exchange_watcher:_watch:72] - Watcher start | exchange=gate symbols=661
2026-06-25 03:19:44 | INFO     | [arbitrator.exchanges.ccxt_base:_ensure_open:931] - Exchange client opened | exchange=gate
2026-06-25 03:19:44 | DEBUG    | [arbitrator.application.multi_exchange_watcher:_watch:72] - Watcher start | exchange=bingx symbols=473
2026-06-25 03:19:44 | INFO     | [arbitrator.exchanges.ccxt_base:_ensure_open:931] - Exchange client opened | exchange=bingx
2026-06-25 03:19:51 | DEBUG    | [arbitrator.exchanges.ccxt_base:_ensure_markets_loaded:948] - Markets loaded | exchange=bitget count=1913
2026-06-25 03:19:51 | INFO     | [arbitrator.exchanges.ccxt_base:watch_tickers:160] - Streaming tickers | exchange=bitget symbols=596 mode=bulk chunks=12
2026-06-25 03:19:51 | DEBUG    | [arbitrator.exchanges.ccxt_base:_stream_bulk:819] - Bulk stream chunks | exchange=bitget chunks=12 chunk_size=50
2026-06-25 03:19:53 | DEBUG    | [arbitrator.exchanges.ccxt_base:_ensure_markets_loaded:948] - Markets loaded | exchange=mexc count=3238
2026-06-25 03:19:53 | DEBUG    | [arbitrator.exchanges.mexc:watch_tickers:52] - watch_tickers skipped non-api contracts | exchange=mexc skipped=32
2026-06-25 03:19:53 | INFO     | [arbitrator.exchanges.ccxt_base:watch_tickers:160] - Streaming tickers | exchange=mexc symbols=550 mode=bulk chunks=11
2026-06-25 03:19:53 | DEBUG    | [arbitrator.exchanges.ccxt_base:_stream_bulk:819] - Bulk stream chunks | exchange=mexc chunks=11 chunk_size=50
2026-06-25 03:19:54 | DEBUG    | [arbitrator.exchanges.ccxt_base:_ensure_markets_loaded:948] - Markets loaded | exchange=bingx count=3026
2026-06-25 03:19:54 | INFO     | [arbitrator.exchanges.ccxt_base:watch_tickers:160] - Streaming tickers | exchange=bingx symbols=473 mode=fanout chunks=-
2026-06-25 03:20:13 | INFO     | [arbitrator.application.screener_stream_worker:_discovery_phase:192] - Volume discovery timed out | eligible=570 pending=157
2026-06-25 03:20:13 | DEBUG    | [arbitrator.application.multi_exchange_watcher:_watch:86] - Watcher cancelled | exchange=bingx
2026-06-25 03:20:13 | DEBUG    | [arbitrator.application.multi_exchange_watcher:_watch:86] - Watcher cancelled | exchange=mexc
2026-06-25 03:20:13 | DEBUG    | [arbitrator.application.multi_exchange_watcher:_watch:86] - Watcher cancelled | exchange=bitget
2026-06-25 03:20:13 | DEBUG    | [arbitrator.application.multi_exchange_watcher:_watch:86] - Watcher cancelled | exchange=gate
2026-06-25 03:20:15 | DEBUG    | [arbitrator.exchanges.ccxt_base:close:806] - Exchange closed | exchange=mexc
2026-06-25 03:20:17 | DEBUG    | [arbitrator.exchanges.ccxt_base:close:806] - Exchange closed | exchange=bitget
2026-06-25 03:20:17 | DEBUG    | [arbitrator.exchanges.ccxt_base:close:806] - Exchange closed | exchange=gate
2026-06-25 03:20:18 | DEBUG    | [arbitrator.exchanges.ccxt_base:close:806] - Exchange closed | exchange=bingx
2026-06-25 03:20:18 | INFO     | [arbitrator.application.screener_stream_worker:_async_main:139] - Volume gate applied | threshold_usdt=50000.0 eligible=570 rejected=0
2026-06-25 03:20:18 | INFO     | [arbitrator.application.multi_exchange_watcher:_spawn_watchers:52] - Spawning watchers | exchanges=['mexc', 'bitget', 'gate', 'bingx'] symbols={'mexc': 554, 'bitget': 468, 'gate': 532, 'bingx': 458}
2026-06-25 03:20:18 | DEBUG    | [arbitrator.application.multi_exchange_watcher:_watch:72] - Watcher start | exchange=mexc symbols=554
2026-06-25 03:20:18 | INFO     | [arbitrator.exchanges.ccxt_base:_ensure_open:931] - Exchange client opened | exchange=mexc
2026-06-25 03:20:18 | DEBUG    | [arbitrator.application.multi_exchange_watcher:_watch:72] - Watcher start | exchange=bitget symbols=468
2026-06-25 03:20:18 | INFO     | [arbitrator.exchanges.ccxt_base:_ensure_open:931] - Exchange client opened | exchange=bitget
2026-06-25 03:20:18 | DEBUG    | [arbitrator.application.multi_exchange_watcher:_watch:72] - Watcher start | exchange=gate symbols=532
2026-06-25 03:20:19 | INFO     | [arbitrator.exchanges.ccxt_base:_ensure_open:931] - Exchange client opened | exchange=gate
2026-06-25 03:20:19 | DEBUG    | [arbitrator.application.multi_exchange_watcher:_watch:72] - Watcher start | exchange=bingx symbols=458
2026-06-25 03:20:19 | INFO     | [arbitrator.exchanges.ccxt_base:_ensure_open:931] - Exchange client opened | exchange=bingx
2026-06-25 03:20:27 | DEBUG    | [arbitrator.exchanges.ccxt_base:_ensure_markets_loaded:948] - Markets loaded | exchange=bitget count=1913
2026-06-25 03:20:27 | INFO     | [arbitrator.exchanges.ccxt_base:watch_tickers:160] - Streaming tickers | exchange=bitget symbols=468 mode=bulk chunks=10
2026-06-25 03:20:27 | DEBUG    | [arbitrator.exchanges.ccxt_base:_stream_bulk:819] - Bulk stream chunks | exchange=bitget chunks=10 chunk_size=50
2026-06-25 03:20:29 | DEBUG    | [arbitrator.exchanges.ccxt_base:_ensure_markets_loaded:948] - Markets loaded | exchange=bingx count=3026
2026-06-25 03:20:29 | INFO     | [arbitrator.exchanges.ccxt_base:watch_tickers:160] - Streaming tickers | exchange=bingx symbols=458 mode=fanout chunks=-
2026-06-25 03:20:29 | INFO     | [__main__:<module>:16] - Arbitrator starting | exchanges=['mexc', 'bitget', 'gate', 'bingx']
2026-06-25 03:20:29 | INFO     | [arbitrator.presentation.streamlit_app:run:104] - UI run | section=Screener
2026-06-25 03:20:30 | INFO     | [__main__:<module>:16] - Arbitrator starting | exchanges=['mexc', 'bitget', 'gate', 'bingx']
2026-06-25 03:20:30 | INFO     | [arbitrator.presentation.streamlit_app:run:104] - UI run | section=Screener
2026-06-25 03:20:37 | INFO     | [__main__:<module>:16] - Arbitrator starting | exchanges=['mexc', 'bitget', 'gate', 'bingx']
2026-06-25 03:20:37 | INFO     | [arbitrator.presentation.streamlit_app:run:104] - UI run | section=Screener
2026-06-25 03:20:37 | INFO     | [__main__:<module>:16] - Arbitrator starting | exchanges=['mexc', 'bitget', 'gate', 'bingx']
2026-06-25 03:20:37 | INFO     | [arbitrator.presentation.streamlit_app:run:104] - UI run | section=Screener
2026-06-25 03:20:41 | INFO     | [__main__:<module>:16] - Arbitrator starting | exchanges=['mexc', 'bitget', 'gate', 'bingx']
2026-06-25 03:20:41 | INFO     | [arbitrator.presentation.streamlit_app:run:104] - UI run | section=Opportunity
2026-06-25 03:20:41 | INFO     | [arbitrator.application.screener_stream_worker:_stream_loop:215] - Closing screener watcher
2026-06-25 03:20:41 | DEBUG    | [arbitrator.application.multi_exchange_watcher:_watch:86] - Watcher cancelled | exchange=bitget
2026-06-25 03:20:41 | DEBUG    | [arbitrator.application.multi_exchange_watcher:_watch:86] - Watcher cancelled | exchange=mexc
2026-06-25 03:20:41 | DEBUG    | [arbitrator.application.multi_exchange_watcher:_watch:86] - Watcher cancelled | exchange=gate
2026-06-25 03:20:41 | DEBUG    | [arbitrator.application.multi_exchange_watcher:_watch:86] - Watcher cancelled | exchange=bingx
2026-06-25 03:20:41 | ERROR    | [asyncio.base_events:call_exception_handler:1797] - [asyncio] Exception in callback Client.receive_loop.<locals>.after_interrupt(<Task cancell...nt_ws.py:312>>) at C:\shere-folder\arbitrator\.venv\Lib\site-packages\ccxt\async_support\base\ws\client.py:139
handle: <Handle Client.receive_loop.<locals>.after_interrupt(<Task cancell...nt_ws.py:312>>) at C:\shere-folder\arbitrator\.venv\Lib\site-packages\ccxt\async_support\base\ws\client.py:139>
Traceback (most recent call last):

  File "C:\shere-folder\arbitrator\src\arbitrator\exchanges\ccxt_base.py", line 913, in _stream_fanout
    symbol, ticker = await queue.get()
    │                      │     └ <function Queue.get at 0x00000197E2A51620>
    │                      └ <Queue at 0x197da32e210 maxsize=0 _queue=[('1000CAT/USDT:USDT', Ticker(symbol='1000CAT/USDT:USDT', last=0.001306, high_24h=0....
    └ 'AIO/USDT:USDT'

  File "C:\Users\dev_home\AppData\Local\Programs\Python\Python311\Lib\asyncio\queues.py", line 158, in get
    await getter
          └ <Future cancelled>

asyncio.exceptions.CancelledError


During handling of the above exception, another exception occurred:


Traceback (most recent call last):

  File "C:\Users\dev_home\AppData\Local\Programs\Python\Python311\Lib\asyncio\runners.py", line 190, in run
    return runner.run(main)
           │      │   └ <coroutine object ScreenerStreamWorker._async_main at 0x00000197946E4040>
           │      └ <function Runner.run at 0x00000197E2A50680>
           └ <asyncio.runners.Runner object at 0x0000019794910190>
  File "C:\Users\dev_home\AppData\Local\Programs\Python\Python311\Lib\asyncio\runners.py", line 118, in run
    return self._loop.run_until_complete(task)
           │    │     │                  └ <Task cancelled name='Task-83' coro=<ScreenerStreamWorker._async_main() done, defined at C:\shere-folder\arbitrator\src\arbit...
           │    │     └ <function BaseEventLoop.run_until_complete at 0x00000197E2A4A0C0>
           │    └ <ProactorEventLoop running=True closed=False debug=False>
           └ <asyncio.runners.Runner object at 0x0000019794910190>
  File "C:\Users\dev_home\AppData\Local\Programs\Python\Python311\Lib\asyncio\base_events.py", line 653, in run_until_complete
    return future.result()
           │      └ <method 'result' of '_asyncio.Task' objects>
           └ <Task cancelled name='Task-83' coro=<ScreenerStreamWorker._async_main() done, defined at C:\shere-folder\arbitrator\src\arbit...

  File "C:\shere-folder\arbitrator\src\arbitrator\application\screener_stream_worker.py", line 152, in _async_main
    await self._stream_loop(named_exchanges, filtered_by_exchange)
          │    │            │                └ {'binance': ['0G/USDT:USDT', '1000000BOB/USDT:USDT', '1000000MOG/USDT:USDT', '1000BONK/USDT:USDT', '1000CAT/USDT:USDT', '1000...
          │    │            └ [NamedExchange(exchange_id='mexc', display_name='MEXC', gateway=<arbitrator.exchanges.mexc.Mexc object at 0x0000019794910790>...
          │    └ <function ScreenerStreamWorker._stream_loop at 0x000001979434B240>
          └ <arbitrator.application.screener_stream_worker.ScreenerStreamWorker object at 0x00000197948DB250>

  File "C:\shere-folder\arbitrator\src\arbitrator\application\screener_stream_worker.py", line 216, in _stream_loop
    await watcher.close()
          │       └ <function MultiExchangeWatcher.close at 0x00000197942DAE80>
          └ <arbitrator.application.multi_exchange_watcher.MultiExchangeWatcher object at 0x00000197DDBB86D0>

  File "C:\shere-folder\arbitrator\src\arbitrator\application\multi_exchange_watcher.py", line 44, in close
    await self._cancel_watchers()
          │    └ <function MultiExchangeWatcher._cancel_watchers at 0x00000197942DB060>
          └ <arbitrator.application.multi_exchange_watcher.MultiExchangeWatcher object at 0x00000197DDBB86D0>

  File "C:\shere-folder\arbitrator\src\arbitrator\application\multi_exchange_watcher.py", line 103, in _cancel_watchers
    await asyncio.gather(*self._tasks, return_exceptions=True)
          │       │       │    └ []
          │       │       └ <arbitrator.application.multi_exchange_watcher.MultiExchangeWatcher object at 0x00000197DDBB86D0>
          │       └ <function gather at 0x00000197E2A3D1C0>
          └ <module 'asyncio' from 'C:\\Users\\dev_home\\AppData\\Local\\Programs\\Python\\Python311\\Lib\\asyncio\\__init__.py'>

  File "C:\shere-folder\arbitrator\src\arbitrator\application\multi_exchange_watcher.py", line 79, in _watch
    async for tickers in exch.gateway.watch_tickers(symbols):
              │          │    │                     └ ['0G/USDT:USDT', '1000000BABYDOGE/USDT:USDT', '1000000BOB/USDT:USDT', '1000000MOG/USDT:USDT', '1000BONK/USDT:USDT', '1000CAT/...
              │          │    └ <member 'gateway' of 'NamedExchange' objects>
              │          └ NamedExchange(exchange_id='bingx', display_name='BingX', gateway=<arbitrator.exchanges.bingx.Bingx object at 0x00000197943A84...
              └ {'AIO/USDT:USDT': Ticker(symbol='AIO/USDT:USDT', last=0.11803, high_24h=0.13014, low_24h=0.10931, base_volume_24h=57157545.87...

  File "C:\shere-folder\arbitrator\src\arbitrator\exchanges\ccxt_base.py", line 171, in watch_tickers
    async for update in self._stream_fanout(client, symbol_list):
              │         │    │              │       └ ['0G/USDT:USDT', '1000000BABYDOGE/USDT:USDT', '1000000BOB/USDT:USDT', '1000000MOG/USDT:USDT', '1000BONK/USDT:USDT', '1000CAT/...
              │         │    │              └ ccxt.async_support.bingx()
              │         │    └ <function CcxtBase._stream_fanout at 0x00000197EB9365C0>
              │         └ <arbitrator.exchanges.bingx.Bingx object at 0x00000197943A8490>
              └ {'AIO/USDT:USDT': Ticker(symbol='AIO/USDT:USDT', last=0.11803, high_24h=0.13014, low_24h=0.10931, base_volume_24h=57157545.87...

  File "C:\shere-folder\arbitrator\src\arbitrator\exchanges\ccxt_base.py", line 923, in _stream_fanout
    await asyncio.gather(*tasks, return_exceptions=True)
          │       │       └ [<Task cancelled name='watch_ticker:bingx:0G/USDT:USDT' coro=<CcxtBase._stream_fanout.<locals>._watch_one() done, defined at ...
          │       └ <function gather at 0x00000197E2A3D1C0>
          └ <module 'asyncio' from 'C:\\Users\\dev_home\\AppData\\Local\\Programs\\Python\\Python311\\Lib\\asyncio\\__init__.py'>

  File "C:\shere-folder\arbitrator\src\arbitrator\exchanges\ccxt_base.py", line 885, in _watch_one
    payload = await client.watch_ticker(symbol)
                    │      │            └ 'ZRX/USDT:USDT'
                    │      └ <function bingx.watch_ticker at 0x00000197EB616020>
                    └ ccxt.async_support.bingx()

  File "C:\shere-folder\arbitrator\.venv\Lib\site-packages\ccxt\pro\bingx.py", line 177, in watch_ticker
    return await self.watch(url, messageHash, self.extend(request, params), messageHash, subscription)
                 │    │     │    │            │    │      │        │        │            └ {'unsubscribe': False, 'id': 'd8b81719-3679-4933-a107-4d90d98cd1dd'}
                 │    │     │    │            │    │      │        │        └ 'ticker::ZRX/USDT:USDT'
                 │    │     │    │            │    │      │        └ {}
                 │    │     │    │            │    │      └ {'id': 'd8b81719-3679-4933-a107-4d90d98cd1dd', 'dataType': 'ZRX-USDT@ticker', 'reqType': 'sub'}
                 │    │     │    │            │    └ <staticmethod(<function Exchange.extend at 0x00000197E8561A80>)>
                 │    │     │    │            └ ccxt.async_support.bingx()
                 │    │     │    └ 'ticker::ZRX/USDT:USDT'
                 │    │     └ 'wss://open-api-swap.bingx.com/swap-market'
                 │    └ <function Exchange.watch at 0x00000197E9CD1260>
                 └ ccxt.async_support.bingx()

asyncio.exceptions.CancelledError


During handling of the above exception, another exception occurred:


Traceback (most recent call last):

  File "c:\Users\dev_home\.cursor\extensions\ms-python.debugpy-2026.6.0-win32-x64\bundled\libs\debugpy\_vendored\pydevd\_pydev_bundle\pydev_monkey.py", line 1134, in __call__
    ret = self.original_func(*self.args, **self.kwargs)
          │    │              │    │       │    └ {}
          │    │              │    │       └ <_pydev_bundle.pydev_monkey._NewThreadStartupWithTrace object at 0x00000197949130D0>
          │    │              │    └ ()
          │    │              └ <_pydev_bundle.pydev_monkey._NewThreadStartupWithTrace object at 0x00000197949130D0>
          │    └ <bound method Thread._bootstrap of <Thread(screener-stream:1, started daemon 24948)>>
          └ <_pydev_bundle.pydev_monkey._NewThreadStartupWithTrace object at 0x00000197949130D0>

  File "C:\Users\dev_home\AppData\Local\Programs\Python\Python311\Lib\threading.py", line 1002, in _bootstrap
    self._bootstrap_inner()
    │    └ <function Thread._bootstrap_inner at 0x00000197DF771300>
    └ <Thread(screener-stream:1, started daemon 24948)>
  File "C:\Users\dev_home\AppData\Local\Programs\Python\Python311\Lib\threading.py", line 1045, in _bootstrap_inner
    self.run()
    │    └ <function Thread.run at 0x00000197DF770FE0>
    └ <Thread(screener-stream:1, started daemon 24948)>
  File "C:\Users\dev_home\AppData\Local\Programs\Python\Python311\Lib\threading.py", line 982, in run
    self._target(*self._args, **self._kwargs)
    │    │        │    │        │    └ {}
    │    │        │    │        └ <Thread(screener-stream:1, started daemon 24948)>
    │    │        │    └ ()
    │    │        └ <Thread(screener-stream:1, started daemon 24948)>
    │    └ <bound method ScreenerStreamWorker._thread_main of <arbitrator.application.screener_stream_worker.ScreenerStreamWorker object...
    └ <Thread(screener-stream:1, started daemon 24948)>

  File "C:\shere-folder\arbitrator\src\arbitrator\application\screener_stream_worker.py", line 88, in _thread_main
    asyncio.run(self._async_main())
    │       │   │    └ <function ScreenerStreamWorker._async_main at 0x000001979434B100>
    │       │   └ <arbitrator.application.screener_stream_worker.ScreenerStreamWorker object at 0x00000197948DB250>
    │       └ <function run at 0x00000197E2A23E20>
    └ <module 'asyncio' from 'C:\\Users\\dev_home\\AppData\\Local\\Programs\\Python\\Python311\\Lib\\asyncio\\__init__.py'>

  File "C:\Users\dev_home\AppData\Local\Programs\Python\Python311\Lib\asyncio\runners.py", line 189, in run
    with Runner(debug=debug) as runner:
         │            │         └ <asyncio.runners.Runner object at 0x0000019794910190>
         │            └ None
         └ <class 'asyncio.runners.Runner'>
  File "C:\Users\dev_home\AppData\Local\Programs\Python\Python311\Lib\asyncio\runners.py", line 63, in __exit__
    self.close()
    │    └ <function Runner.close at 0x00000197E2A50540>
    └ <asyncio.runners.Runner object at 0x0000019794910190>
  File "C:\Users\dev_home\AppData\Local\Programs\Python\Python311\Lib\asyncio\runners.py", line 71, in close
    _cancel_all_tasks(loop)
    │                 └ <ProactorEventLoop running=True closed=False debug=False>
    └ <function _cancel_all_tasks at 0x00000197E2A502C0>
  File "C:\Users\dev_home\AppData\Local\Programs\Python\Python311\Lib\asyncio\runners.py", line 201, in _cancel_all_tasks
    loop.run_until_complete(tasks.gather(*to_cancel, return_exceptions=True))
    │    │                  │     │       └ {<Task cancelled name='Task-2454' coro=<Exchange.watch.<locals>.after.<locals>.send_message() done, defined at C:\shere-folde...
    │    │                  │     └ <function gather at 0x00000197E2A3D1C0>
    │    │                  └ <module 'asyncio.tasks' from 'C:\\Users\\dev_home\\AppData\\Local\\Programs\\Python\\Python311\\Lib\\asyncio\\tasks.py'>
    │    └ <function BaseEventLoop.run_until_complete at 0x00000197E2A4A0C0>
    └ <ProactorEventLoop running=True closed=False debug=False>
  File "C:\Users\dev_home\AppData\Local\Programs\Python\Python311\Lib\asyncio\base_events.py", line 640, in run_until_complete
    self.run_forever()
    │    └ <function ProactorEventLoop.run_forever at 0x00000197E2ACC040>
    └ <ProactorEventLoop running=True closed=False debug=False>
  File "C:\Users\dev_home\AppData\Local\Programs\Python\Python311\Lib\asyncio\windows_events.py", line 321, in run_forever
    super().run_forever()
  File "C:\Users\dev_home\AppData\Local\Programs\Python\Python311\Lib\asyncio\base_events.py", line 607, in run_forever
    self._run_once()
    │    └ <function BaseEventLoop._run_once at 0x00000197E2A4BE20>
    └ <ProactorEventLoop running=True closed=False debug=False>
  File "C:\Users\dev_home\AppData\Local\Programs\Python\Python311\Lib\asyncio\base_events.py", line 1922, in _run_once
    handle._run()
    │      └ <function Handle._run at 0x00000197E28B3880>
    └ <Handle Client.receive_loop.<locals>.after_interrupt(<Task cancell...nt_ws.py:312>>) at C:\shere-folder\arbitrator\.venv\Lib\...
> File "C:\Users\dev_home\AppData\Local\Programs\Python\Python311\Lib\asyncio\events.py", line 80, in _run
    self._context.run(self._callback, *self._args)
    │    │            │    │           │    └ <member '_args' of 'Handle' objects>
    │    │            │    │           └ <Handle Client.receive_loop.<locals>.after_interrupt(<Task cancell...nt_ws.py:312>>) at C:\shere-folder\arbitrator\.venv\Lib\...
    │    │            │    └ <member '_callback' of 'Handle' objects>
    │    │            └ <Handle Client.receive_loop.<locals>.after_interrupt(<Task cancell...nt_ws.py:312>>) at C:\shere-folder\arbitrator\.venv\Lib\...
    │    └ <member '_context' of 'Handle' objects>
    └ <Handle Client.receive_loop.<locals>.after_interrupt(<Task cancell...nt_ws.py:312>>) at C:\shere-folder\arbitrator\.venv\Lib\...
  File "C:\shere-folder\arbitrator\.venv\Lib\site-packages\ccxt\async_support\base\ws\client.py", line 140, in after_interrupt
    exception = resolved.exception()
                │        └ <method 'exception' of '_asyncio.Task' objects>
                └ <Task cancelled name='Task-2842' coro=<ClientWebSocketResponse.receive() done, defined at C:\shere-folder\arbitrator\.venv\Li...
  File "C:\shere-folder\arbitrator\.venv\Lib\site-packages\aiohttp\client_ws.py", line 336, in receive
    msg = await self._reader.read()
                │    │       └ <cyfunction WebSocketDataQueue.read at 0x00000197E67E3040>
                │    └ <aiohttp._websocket.reader_c.WebSocketDataQueue object at 0x0000019802C7DAC0>
                └ <aiohttp.client_ws.ClientWebSocketResponse object at 0x00000197D66D5550>

  File "aiohttp/_websocket/reader_c.py", line 118, in read
    raise

  File "aiohttp/_websocket/reader_c.py", line 115, in aiohttp._websocket.reader_c.WebSocketDataQueue.read
    await self._waiter

asyncio.exceptions.CancelledError
2026-06-25 03:20:42 | INFO     | [arbitrator.application.screener_stream_worker:_thread_main:90] - Screener background stream stopped | nonce=1
2026-06-25 03:20:43 | INFO     | [__main__:<module>:16] - Arbitrator starting | exchanges=['mexc', 'bitget', 'gate', 'bingx']
2026-06-25 03:20:43 | INFO     | [arbitrator.presentation.streamlit_app:run:104] - UI run | section=Open orders
2026-06-25 03:20:43 | ERROR    | [asyncio.base_events:call_exception_handler:1797] - [asyncio] Unclosed client session
client_session: <aiohttp.client.ClientSession object at 0x00000197DD51CF10>
2026-06-25 03:20:43 | WARNING  | [streamlit.runtime.scriptrunner.script_runner:_on_script_finished:772] - [ccxt.base.exchange] mexc requires to release all resources with an explicit call to the .close() coroutine. If you are using the exchange instance with async coroutines, add `await exchange.close()` to your code into a place when you're done with the exchange and don't need the exchange instance anymore (at the end of your async coroutine).
2026-06-25 03:20:43 | ERROR    | [asyncio.base_events:call_exception_handler:1797] - [asyncio] Unclosed client session
client_session: <aiohttp.client.ClientSession object at 0x00000197D7956410>
2026-06-25 03:20:43 | WARNING  | [streamlit.runtime.scriptrunner.script_runner:_on_script_finished:772] - [ccxt.base.exchange] bitget requires to release all resources with an explicit call to the .close() coroutine. If you are using the exchange instance with async coroutines, add `await exchange.close()` to your code into a place when you're done with the exchange and don't need the exchange instance anymore (at the end of your async coroutine).
2026-06-25 03:20:43 | ERROR    | [asyncio.base_events:call_exception_handler:1797] - [asyncio] Unclosed connector
connections: ['deque([(<aiohttp.client_proto.ResponseHandler object at 0x00000197DA0FA740>, 121070.062)])']
connector: <aiohttp.connector.TCPConnector object at 0x00000197DD514050>
2026-06-25 03:20:43 | ERROR    | [asyncio.base_events:call_exception_handler:1797] - [asyncio] Unclosed connector
connections: ['deque([(<aiohttp.client_proto.ResponseHandler object at 0x00000197DA0FA580>, 121067.671), (<aiohttp.client_proto.ResponseHandler object at 0x00000197DC7B3AF0>, 121067.671), (<aiohttp.client_proto.ResponseHandler object at 0x00000197DC7B3A80>, 121067.671), (<aiohttp.client_proto.ResponseHandler object at 0x00000197DC7B1710>, 121067.687), (<aiohttp.client_proto.ResponseHandler object at 0x00000197DA0FAA50>, 121067.687), (<aiohttp.client_proto.ResponseHandler object at 0x00000197DBDF08A0>, 121067.734), (<aiohttp.client_proto.ResponseHandler object at 0x00000197DBDF0980>, 121067.734)])']
connector: <aiohttp.connector.TCPConnector object at 0x00000197D7955F50>
2026-06-25 03:20:43 | ERROR    | [asyncio.base_events:call_exception_handler:1797] - [asyncio] Unclosed client session
client_session: <aiohttp.client.ClientSession object at 0x00000197D7954090>
2026-06-25 03:20:43 | WARNING  | [streamlit.runtime.scriptrunner.script_runner:_on_script_finished:772] - [ccxt.base.exchange] gate requires to release all resources with an explicit call to the .close() coroutine. If you are using the exchange instance with async coroutines, add `await exchange.close()` to your code into a place when you're done with the exchange and don't need the exchange instance anymore (at the end of your async coroutine).
2026-06-25 03:20:43 | ERROR    | [asyncio.base_events:call_exception_handler:1797] - [asyncio] Unclosed connector
connections: ['deque([(<aiohttp.client_proto.ResponseHandler object at 0x00000197DBDF25F0>, 121075.234), (<aiohttp.client_proto.ResponseHandler object at 0x00000197DA0FA820>, 121076.265), (<aiohttp.client_proto.ResponseHandler object at 0x00000197DBDF34D0>, 121078.031), (<aiohttp.client_proto.ResponseHandler object at 0x0000019794369240>, 121079.546), (<aiohttp.client_proto.ResponseHandler object at 0x00000197DBDF2EB0>, 121081.25)])']
connector: <aiohttp.connector.TCPConnector object at 0x00000197D6710190>
2026-06-25 03:20:43 | ERROR    | [asyncio.base_events:call_exception_handler:1797] - [asyncio] Unclosed client session
client_session: <aiohttp.client.ClientSession object at 0x00000197D9118E90>
2026-06-25 03:20:43 | WARNING  | [streamlit.runtime.scriptrunner.script_runner:_on_script_finished:772] - [ccxt.base.exchange] bingx requires to release all resources with an explicit call to the .close() coroutine. If you are using the exchange instance with async coroutines, add `await exchange.close()` to your code into a place when you're done with the exchange and don't need the exchange instance anymore (at the end of your async coroutine).
2026-06-25 03:20:43 | ERROR    | [asyncio.base_events:call_exception_handler:1797] - [asyncio] Unclosed connector
connections: ['deque([(<aiohttp.client_proto.ResponseHandler object at 0x00000197DA0FA510>, 121067.312), (<aiohttp.client_proto.ResponseHandler object at 0x00000197DBDF0670>, 121067.671), (<aiohttp.client_proto.ResponseHandler object at 0x00000197DBDF06E0>, 121068.906)])']
connector: <aiohttp.connector.TCPConnector object at 0x00000197D911A7D0>
2026-06-25 03:20:43 | ERROR    | [asyncio.base_events:call_exception_handler:1797] - [asyncio] Task was destroyed but it is pending!
task: <Task pending name='Task-2870' coro=<ClientWebSocketResponse.receive() done, defined at C:\shere-folder\arbitrator\.venv\Lib\site-packages\aiohttp\client_ws.py:312> wait_for=<Future pending cb=[Task.task_wakeup()]> cb=[Client.receive_loop.<locals>.after_interrupt() at C:\shere-folder\arbitrator\.venv\Lib\site-packages\ccxt\async_support\base\ws\client.py:139]>
2026-06-25 03:20:45 | INFO     | [__main__:<module>:16] - Arbitrator starting | exchanges=['mexc', 'bitget', 'gate', 'bingx']
2026-06-25 03:20:45 | INFO     | [arbitrator.presentation.streamlit_app:run:104] - UI run | section=Open orders
2026-06-25 03:20:45 | INFO     | [__main__:<module>:16] - Arbitrator starting | exchanges=['mexc', 'bitget', 'gate', 'bingx']
2026-06-25 03:20:45 | INFO     | [arbitrator.presentation.streamlit_app:run:104] - UI run | section=Open orders
2026-06-25 03:20:45 | INFO     | [arbitrator.presentation.sidebar.open_orders.open_orders_view:_render_poll_fragment:82] - Open orders manual refresh
2026-06-25 03:20:45 | INFO     | [arbitrator.exchanges.ccxt_base:_ensure_open:931] - Exchange client opened | exchange=mexc
2026-06-25 03:20:46 | INFO     | [arbitrator.exchanges.ccxt_base:_ensure_open:931] - Exchange client opened | exchange=bitget
2026-06-25 03:20:46 | INFO     | [arbitrator.exchanges.ccxt_base:_ensure_open:931] - Exchange client opened | exchange=gate
2026-06-25 03:20:46 | INFO     | [arbitrator.exchanges.ccxt_base:_ensure_open:931] - Exchange client opened | exchange=bingx
2026-06-25 03:20:48 | INFO     | [__main__:<module>:16] - Arbitrator starting | exchanges=['mexc', 'bitget', 'gate', 'bingx']
2026-06-25 03:20:48 | INFO     | [arbitrator.presentation.streamlit_app:run:104] - UI run | section=Closed orders
2026-06-25 03:20:51 | INFO     | [__main__:<module>:16] - Arbitrator starting | exchanges=['mexc', 'bitget', 'gate', 'bingx']
2026-06-25 03:20:51 | INFO     | [arbitrator.presentation.streamlit_app:run:104] - UI run | section=Closed orders
2026-06-25 03:20:52 | INFO     | [__main__:<module>:16] - Arbitrator starting | exchanges=['mexc', 'bitget', 'gate', 'bingx']
2026-06-25 03:20:53 | INFO     | [arbitrator.presentation.streamlit_app:run:104] - UI run | section=Closed orders
2026-06-25 03:20:53 | INFO     | [arbitrator.exchanges.ccxt_base:_ensure_open:931] - Exchange client opened | exchange=mexc
2026-06-25 03:20:54 | INFO     | [arbitrator.exchanges.ccxt_base:_ensure_open:931] - Exchange client opened | exchange=bitget
2026-06-25 03:20:54 | INFO     | [__main__:<module>:16] - Arbitrator starting | exchanges=['mexc', 'bitget', 'gate', 'bingx']
2026-06-25 03:20:54 | INFO     | [arbitrator.presentation.streamlit_app:run:104] - UI run | section=Closed orders
2026-06-25 03:20:55 | INFO     | [arbitrator.exchanges.ccxt_base:_ensure_open:931] - Exchange client opened | exchange=bingx
2026-06-25 03:20:55 | INFO     | [__main__:<module>:16] - Arbitrator starting | exchanges=['mexc', 'bitget', 'gate', 'bingx']
2026-06-25 03:20:55 | INFO     | [arbitrator.presentation.streamlit_app:run:104] - UI run | section=Closed orders
2026-06-25 03:20:56 | DEBUG    | [arbitrator.exchanges.ccxt_base:_ensure_markets_loaded:948] - Markets loaded | exchange=mexc count=3238
2026-06-25 03:20:56 | INFO     | [arbitrator.exchanges.ccxt_base:fetch_open_positions:429] - Open positions fetched | exchange=bingx count=0
2026-06-25 03:20:56 | INFO     | [arbitrator.exchanges.ccxt_base:fetch_open_positions:429] - Open positions fetched | exchange=bitget count=0
2026-06-25 03:20:56 | INFO     | [arbitrator.exchanges.ccxt_base:_ensure_open:931] - Exchange client opened | exchange=mexc
2026-06-25 03:20:56 | DEBUG    | [arbitrator.exchanges.ccxt_base:close:806] - Exchange closed | exchange=bingx
2026-06-25 03:20:56 | DEBUG    | [arbitrator.exchanges.ccxt_base:close:806] - Exchange closed | exchange=bitget
2026-06-25 03:20:57 | INFO     | [arbitrator.exchanges.ccxt_base:_ensure_open:931] - Exchange client opened | exchange=bitget
2026-06-25 03:20:57 | INFO     | [arbitrator.exchanges.ccxt_base:_ensure_open:931] - Exchange client opened | exchange=gate
2026-06-25 03:20:58 | INFO     | [arbitrator.exchanges.ccxt_base:_ensure_open:931] - Exchange client opened | exchange=bingx
2026-06-25 03:21:02 | INFO     | [arbitrator.exchanges.ccxt_base:fetch_open_positions:429] - Open positions fetched | exchange=mexc count=0
2026-06-25 03:21:03 | DEBUG    | [arbitrator.exchanges.ccxt_base:close:806] - Exchange closed | exchange=mexc
2026-06-25 03:21:06 | DEBUG    | [arbitrator.exchanges.ccxt_base:_ensure_markets_loaded:948] - Markets loaded | exchange=bitget count=1913
2026-06-25 03:21:08 | DEBUG    | [arbitrator.exchanges.ccxt_base:_ensure_markets_loaded:948] - Markets loaded | exchange=bingx count=3026
2026-06-25 03:21:08 | INFO     | [arbitrator.exchanges.ccxt_base:fetch_closed_positions:449] - fetchMyTrades requires symbols | exchange=bingx
2026-06-25 03:21:08 | DEBUG    | [arbitrator.exchanges.ccxt_base:_ensure_markets_loaded:948] - Markets loaded | exchange=mexc count=3238
2026-06-25 03:21:09 | INFO     | [arbitrator.exchanges.ccxt_base:fetch_closed_positions:489] - Closed positions fetched | exchange=bitget count=0
2026-06-25 03:21:09 | DEBUG    | [arbitrator.exchanges.ccxt_base:close:806] - Exchange closed | exchange=bingx
2026-06-25 03:21:09 | DEBUG    | [arbitrator.exchanges.ccxt_base:close:806] - Exchange closed | exchange=bitget
2026-06-25 03:21:10 | DEBUG    | [arbitrator.exchanges.ccxt_base:_ensure_markets_loaded:948] - Markets loaded | exchange=gate count=5987
2026-06-25 03:21:11 | INFO     | [arbitrator.exchanges.ccxt_base:fetch_open_positions:429] - Open positions fetched | exchange=gate count=0
2026-06-25 03:21:11 | DEBUG    | [arbitrator.exchanges.ccxt_base:close:806] - Exchange closed | exchange=gate
2026-06-25 03:21:11 | DEBUG    | [arbitrator.exchanges.ccxt_base:_ensure_markets_loaded:948] - Markets loaded | exchange=bitget count=1913
2026-06-25 03:21:13 | DEBUG    | [arbitrator.exchanges.ccxt_base:_ensure_markets_loaded:948] - Markets loaded | exchange=mexc count=3238
2026-06-25 03:21:13 | DEBUG    | [arbitrator.exchanges.ccxt_base:_ensure_markets_loaded:948] - Markets loaded | exchange=bingx count=3026
2026-06-25 03:21:13 | INFO     | [arbitrator.exchanges.ccxt_base:fetch_closed_positions:449] - fetchMyTrades requires symbols | exchange=bingx
2026-06-25 03:21:14 | DEBUG    | [arbitrator.exchanges.ccxt_base:close:806] - Exchange closed | exchange=bingx
2026-06-25 03:21:14 | INFO     | [arbitrator.exchanges.ccxt_base:fetch_closed_positions:489] - Closed positions fetched | exchange=mexc count=1
2026-06-25 03:21:14 | INFO     | [arbitrator.exchanges.ccxt_base:fetch_closed_positions:489] - Closed positions fetched | exchange=bitget count=0
2026-06-25 03:21:14 | DEBUG    | [arbitrator.exchanges.ccxt_base:close:806] - Exchange closed | exchange=mexc
2026-06-25 03:21:14 | DEBUG    | [arbitrator.exchanges.ccxt_base:close:806] - Exchange closed | exchange=bitget
2026-06-25 03:21:18 | DEBUG    | [arbitrator.exchanges.ccxt_base:_ensure_markets_loaded:948] - Markets loaded | exchange=gate count=5987
2026-06-25 03:21:18 | INFO     | [arbitrator.exchanges.ccxt_base:fetch_closed_positions:489] - Closed positions fetched | exchange=gate count=0
2026-06-25 03:21:19 | DEBUG    | [arbitrator.exchanges.ccxt_base:close:806] - Exchange closed | exchange=gate
2026-06-25 03:21:19 | INFO     | [arbitrator.exchanges.ccxt_base:fetch_closed_positions:489] - Closed positions fetched | exchange=mexc count=1
2026-06-25 03:21:19 | DEBUG    | [arbitrator.exchanges.ccxt_base:close:806] - Exchange closed | exchange=mexc
2026-06-25 03:21:21 | DEBUG    | [arbitrator.exchanges.ccxt_base:_ensure_markets_loaded:948] - Markets loaded | exchange=gate count=5987
2026-06-25 03:21:21 | INFO     | [arbitrator.exchanges.ccxt_base:fetch_closed_positions:489] - Closed positions fetched | exchange=gate count=0
2026-06-25 03:21:21 | DEBUG    | [arbitrator.exchanges.ccxt_base:close:806] - Exchange closed | exchange=gate
