2026-07-01 04:14:31 | INFO     | [main:<module>:12] - Arbitrator starting | exchanges=['mexc', 'bitget', 'gate', 'bingx'] ui_data_mode=live
2026-07-01 04:14:31 | INFO     | [arbitrator.presentation.fastapi_app:create:103] - FastAPI app created | title=Arbitrator host=127.0.0.1 port=8000 ui_data_mode=live
2026-07-01 04:14:31 | INFO     | [uvicorn.server:serve:79] - [uvicorn.error] Started server process [5708]
2026-07-01 04:14:31 | INFO     | [uvicorn.server:startup:105] - [uvicorn.error] Waiting for application startup.
2026-07-01 04:14:31 | INFO     | [arbitrator.application.app_runtime:_start_live_workers:81] - screener worker started | mode=live
2026-07-01 04:14:31 | INFO     | [arbitrator.application.app_runtime:_start_live_workers:110] - funding worker started | mode=live
2026-07-01 04:14:31 | INFO     | [arbitrator.application.app_runtime:_start_live_workers:114] - account worker started | mode=live
2026-07-01 04:14:31 | INFO     | [arbitrator.presentation.fastapi_app:lifespan:39] - app lifespan started | ui_data_mode=live
2026-07-01 04:14:31 | INFO     | [uvicorn.server:startup:105] - [uvicorn.error] Application startup complete.
2026-07-01 04:14:31 | INFO     | [arbitrator.application.symbol_universe_service:_filter:111] - Universe filtered | total=1213 after_min_exchanges=669 after_exclusions=668
2026-07-01 04:14:31 | INFO     | [arbitrator.application.screener_stream_worker:_discovery_phase:164] - Volume discovery started | symbols=668 threshold_usdt=50000.0 timeout_s=30.0
2026-07-01 04:14:31 | INFO     | [arbitrator.application.multi_exchange_watcher:_spawn_watchers:61] - Spawning watchers | exchanges=['mexc', 'bitget', 'gate', 'bingx'] symbols={'mexc': 545, 'bitget': 573, 'gate': 636, 'bingx': 466}
2026-07-01 04:14:31 | INFO     | [arbitrator.application.account_stream_worker:_async_main:124] - Account stream spawned | exchanges=['mexc', 'bitget', 'gate', 'bingx']
2026-07-01 04:14:31 | DEBUG    | [arbitrator.application.multi_exchange_watcher:_watch:81] - Watcher start | exchange=mexc symbols=545
2026-07-01 04:14:31 | INFO     | [starlette._exception_handler:sender:39] - [uvicorn.error] 127.0.0.1:51306 - "WebSocket /ws/screener" [accepted]
2026-07-01 04:14:31 | INFO     | [arbitrator.presentation.ws.screener_ws_handler:handle:35] - ws connected | endpoint=/ws/screener
2026-07-01 04:14:31 | DEBUG    | [arbitrator.application.strategy_table_service:refresh:75] - strategy recompute | changed=0 symbols=0
2026-07-01 04:14:31 | INFO     | [websockets.legacy.server:handler:161] - [uvicorn.error] connection open
2026-07-01 04:14:31 | INFO     | [starlette._exception_handler:sender:39] - [uvicorn.error] 127.0.0.1:51372 - "WebSocket /ws/opportunity?symbol=BTW%2FUSDT&short=bitget&long=bingx" [accepted]
2026-07-01 04:14:31 | INFO     | [arbitrator.presentation.ws.opportunity_ws_handler:handle:42] - ws connected | endpoint=/ws/opportunity symbol=BTW/USDT short=bitget long=bingx
2026-07-01 04:14:31 | INFO     | [arbitrator.exchanges.ccxt_base:_ensure_open:1332] - Exchange client opened | exchange=mexc
2026-07-01 04:14:31 | DEBUG    | [arbitrator.application.multi_exchange_watcher:_watch:81] - Watcher start | exchange=bitget symbols=573
2026-07-01 04:14:31 | INFO     | [arbitrator.exchanges.ccxt_base:_ensure_open:1332] - Exchange client opened | exchange=mexc
2026-07-01 04:14:32 | INFO     | [arbitrator.exchanges.ccxt_base:_ensure_open:1332] - Exchange client opened | exchange=bitget
2026-07-01 04:14:32 | INFO     | [arbitrator.exchanges.ccxt_base:_ensure_open:1332] - Exchange client opened | exchange=bitget
2026-07-01 04:14:32 | INFO     | [websockets.legacy.server:handler:161] - [uvicorn.error] connection open
2026-07-01 04:14:32 | INFO     | [arbitrator.exchanges.ccxt_base:_ensure_open:1332] - Exchange client opened | exchange=bitget
2026-07-01 04:14:32 | DEBUG    | [arbitrator.application.multi_exchange_watcher:_watch:81] - Watcher start | exchange=gate symbols=636
2026-07-01 04:14:32 | INFO     | [arbitrator.exchanges.ccxt_base:_ensure_open:1332] - Exchange client opened | exchange=bingx
2026-07-01 04:14:32 | INFO     | [arbitrator.exchanges.ccxt_base:_ensure_open:1332] - Exchange client opened | exchange=bitget
2026-07-01 04:14:32 | DEBUG    | [arbitrator.application.strategy_table_service:refresh:75] - strategy recompute | changed=0 symbols=0
2026-07-01 04:14:32 | INFO     | [starlette._exception_handler:sender:39] - [uvicorn.error] 127.0.0.1:51377 - "WebSocket /ws/orders" [accepted]
2026-07-01 04:14:32 | INFO     | [arbitrator.presentation.ws.orders_ws_handler:handle:26] - ws connected | endpoint=/ws/orders
2026-07-01 04:14:32 | INFO     | [websockets.legacy.server:handler:161] - [uvicorn.error] connection open
2026-07-01 04:14:32 | INFO     | [starlette._exception_handler:sender:39] - [uvicorn.error] 127.0.0.1:51378 - "WebSocket /ws/settings" [accepted]
2026-07-01 04:14:32 | INFO     | [arbitrator.presentation.ws.settings_ws_handler:handle:25] - ws connected | endpoint=/ws/settings
2026-07-01 04:14:32 | INFO     | [websockets.legacy.server:handler:161] - [uvicorn.error] connection open
2026-07-01 04:14:33 | INFO     | [arbitrator.exchanges.ccxt_base:_ensure_open:1332] - Exchange client opened | exchange=gate
2026-07-01 04:14:33 | DEBUG    | [arbitrator.application.multi_exchange_watcher:_watch:81] - Watcher start | exchange=bingx symbols=466
2026-07-01 04:14:33 | INFO     | [arbitrator.exchanges.ccxt_base:_ensure_open:1332] - Exchange client opened | exchange=gate
2026-07-01 04:14:33 | INFO     | [arbitrator.exchanges.ccxt_base:_ensure_open:1332] - Exchange client opened | exchange=bingx
2026-07-01 04:14:33 | DEBUG    | [arbitrator.application.strategy_table_service:refresh:75] - strategy recompute | changed=0 symbols=0
2026-07-01 04:14:33 | INFO     | [arbitrator.exchanges.ccxt_base:_ensure_open:1332] - Exchange client opened | exchange=bingx
2026-07-01 04:14:34 | DEBUG    | [arbitrator.application.strategy_table_service:refresh:75] - strategy recompute | changed=0 symbols=0
2026-07-01 04:14:36 | DEBUG    | [arbitrator.exchanges.ccxt_base:_ensure_markets_loaded:1349] - Markets loaded | exchange=bitget count=1928
2026-07-01 04:14:36 | INFO     | [arbitrator.exchanges.ccxt_base:_ensure_open:1332] - Exchange client opened | exchange=bingx
2026-07-01 04:14:36 | DEBUG    | [arbitrator.application.strategy_table_service:refresh:75] - strategy recompute | changed=0 symbols=0
2026-07-01 04:14:37 | DEBUG    | [arbitrator.application.strategy_table_service:refresh:75] - strategy recompute | changed=0 symbols=0
2026-07-01 04:14:37 | DEBUG    | [arbitrator.exchanges.ccxt_base:_ensure_markets_loaded:1349] - Markets loaded | exchange=bitget count=1928
2026-07-01 04:14:37 | INFO     | [arbitrator.exchanges.ccxt_base:watch_order_book:232] - Streaming order book | exchange=bitget symbol=BTW/USDT:USDT limit=20
2026-07-01 04:14:38 | INFO     | [arbitrator.exchanges.ccxt_base:watch_order_book:232] - Streaming order book | exchange=bitget symbol=BTW/USDT limit=20
2026-07-01 04:14:38 | INFO     | [arbitrator.exchanges.ccxt_base:watch_tickers:208] - Streaming tickers | exchange=bitget symbols=1 mode=bulk chunks=1
2026-07-01 04:14:38 | DEBUG    | [arbitrator.exchanges.ccxt_base:_stream_bulk:1180] - Bulk stream chunks | exchange=bitget chunks=1 chunk_size=50
2026-07-01 04:14:38 | DEBUG    | [arbitrator.exchanges.ccxt_base:_ensure_markets_loaded:1349] - Markets loaded | exchange=bingx count=3032
2026-07-01 04:14:38 | INFO     | [arbitrator.exchanges.ccxt_base:watch_order_book:232] - Streaming order book | exchange=bingx symbol=BTW/USDT:USDT limit=20
2026-07-01 04:14:38 | INFO     | [arbitrator.exchanges.ccxt_base:watch_order_book:232] - Streaming order book | exchange=bingx symbol=BTW/USDT limit=20
2026-07-01 04:14:38 | INFO     | [arbitrator.exchanges.ccxt_base:watch_tickers:208] - Streaming tickers | exchange=bingx symbols=1 mode=fanout chunks=-
2026-07-01 04:14:39 | DEBUG    | [arbitrator.application.strategy_table_service:refresh:75] - strategy recompute | changed=0 symbols=0
