2026-06-25 02:39:00 | INFO     | [__main__:<module>:16] - Arbitrator starting | exchanges=['mexc', 'bitget', 'gate', 'bingx']
2026-06-25 02:39:01 | INFO     | [arbitrator.presentation.streamlit_app:run:104] - UI run | section=Screener
2026-06-25 02:39:43 | INFO     | [__main__:<module>:16] - Arbitrator starting | exchanges=['mexc', 'bitget', 'gate', 'bingx']
2026-06-25 02:39:43 | INFO     | [arbitrator.presentation.streamlit_app:run:104] - UI run | section=Screener
2026-06-25 02:39:43 | INFO     | [arbitrator.presentation.sidebar.screener.screener_view:render:74] - Screener reconnect requested from UI
2026-06-25 02:39:43 | INFO     | [__main__:<module>:16] - Arbitrator starting | exchanges=['mexc', 'bitget', 'gate', 'bingx']
2026-06-25 02:39:43 | INFO     | [arbitrator.presentation.streamlit_app:run:104] - UI run | section=Screener
2026-06-25 02:39:43 | INFO     | [arbitrator.presentation.sidebar.screener.screener_view:_ensure_worker:128] - Screener background worker started | nonce=1 stream_volume_usdt=50000.0
2026-06-25 02:39:43 | INFO     | [arbitrator.application.symbol_universe_service:_filter:111] - Universe filtered | total=1395 after_min_exchanges=728 after_exclusions=727
2026-06-25 02:39:43 | INFO     | [arbitrator.application.screener_stream_worker:_discovery_phase:150] - Volume discovery started | symbols=727 threshold_usdt=50000.0 timeout_s=30.0
2026-06-25 02:39:43 | INFO     | [arbitrator.application.multi_exchange_watcher:_spawn_watchers:52] - Spawning watchers | exchanges=['mexc', 'bitget', 'gate', 'bingx'] symbols={'mexc': 582, 'bitget': 596, 'gate': 661, 'bingx': 473}
2026-06-25 02:39:43 | DEBUG    | [arbitrator.application.multi_exchange_watcher:_watch:72] - Watcher start | exchange=mexc symbols=582
2026-06-25 02:39:43 | INFO     | [arbitrator.exchanges.ccxt_base:_ensure_open:931] - Exchange client opened | exchange=mexc
2026-06-25 02:39:43 | DEBUG    | [arbitrator.application.multi_exchange_watcher:_watch:72] - Watcher start | exchange=bitget symbols=596
2026-06-25 02:39:44 | INFO     | [arbitrator.exchanges.ccxt_base:_ensure_open:931] - Exchange client opened | exchange=bitget
2026-06-25 02:39:44 | DEBUG    | [arbitrator.application.multi_exchange_watcher:_watch:72] - Watcher start | exchange=gate symbols=661
2026-06-25 02:39:44 | INFO     | [arbitrator.exchanges.ccxt_base:_ensure_open:931] - Exchange client opened | exchange=gate
2026-06-25 02:39:44 | DEBUG    | [arbitrator.application.multi_exchange_watcher:_watch:72] - Watcher start | exchange=bingx symbols=473
2026-06-25 02:39:45 | INFO     | [arbitrator.exchanges.ccxt_base:_ensure_open:931] - Exchange client opened | exchange=bingx
2026-06-25 02:39:52 | DEBUG    | [arbitrator.exchanges.ccxt_base:_ensure_markets_loaded:948] - Markets loaded | exchange=bitget count=1913
2026-06-25 02:39:52 | INFO     | [arbitrator.exchanges.ccxt_base:watch_tickers:160] - Streaming tickers | exchange=bitget symbols=596 mode=bulk chunks=12
2026-06-25 02:39:52 | DEBUG    | [arbitrator.exchanges.ccxt_base:_stream_bulk:819] - Bulk stream chunks | exchange=bitget chunks=12 chunk_size=50
2026-06-25 02:39:53 | DEBUG    | [arbitrator.exchanges.ccxt_base:_ensure_markets_loaded:948] - Markets loaded | exchange=bingx count=3026
2026-06-25 02:39:53 | INFO     | [arbitrator.exchanges.ccxt_base:watch_tickers:160] - Streaming tickers | exchange=bingx symbols=473 mode=fanout chunks=-
2026-06-25 02:39:54 | DEBUG    | [arbitrator.exchanges.ccxt_base:_ensure_markets_loaded:948] - Markets loaded | exchange=mexc count=3238
2026-06-25 02:39:54 | DEBUG    | [arbitrator.exchanges.mexc:watch_tickers:52] - watch_tickers skipped non-api contracts | exchange=mexc skipped=32
2026-06-25 02:39:54 | INFO     | [arbitrator.exchanges.ccxt_base:watch_tickers:160] - Streaming tickers | exchange=mexc symbols=550 mode=bulk chunks=11
2026-06-25 02:39:54 | DEBUG    | [arbitrator.exchanges.ccxt_base:_stream_bulk:819] - Bulk stream chunks | exchange=mexc chunks=11 chunk_size=50
2026-06-25 02:40:13 | INFO     | [arbitrator.application.screener_stream_worker:_discovery_phase:177] - Volume discovery timed out | eligible=579 pending=148
2026-06-25 02:40:14 | DEBUG    | [arbitrator.application.multi_exchange_watcher:_watch:86] - Watcher cancelled | exchange=bitget
2026-06-25 02:40:15 | DEBUG    | [arbitrator.application.multi_exchange_watcher:_watch:86] - Watcher cancelled | exchange=mexc
2026-06-25 02:40:15 | DEBUG    | [arbitrator.application.multi_exchange_watcher:_watch:86] - Watcher cancelled | exchange=gate
2026-06-25 02:40:15 | DEBUG    | [arbitrator.application.multi_exchange_watcher:_watch:86] - Watcher cancelled | exchange=bingx
2026-06-25 02:40:18 | DEBUG    | [arbitrator.exchanges.ccxt_base:close:806] - Exchange closed | exchange=mexc
2026-06-25 02:40:21 | DEBUG    | [arbitrator.exchanges.ccxt_base:close:806] - Exchange closed | exchange=bitget
2026-06-25 02:40:21 | DEBUG    | [arbitrator.exchanges.ccxt_base:close:806] - Exchange closed | exchange=gate
2026-06-25 02:40:22 | DEBUG    | [arbitrator.exchanges.ccxt_base:close:806] - Exchange closed | exchange=bingx
2026-06-25 02:40:22 | INFO     | [arbitrator.application.screener_stream_worker:_async_main:124] - Volume gate applied | threshold_usdt=50000.0 eligible=579 rejected=0
2026-06-25 02:40:22 | INFO     | [arbitrator.application.multi_exchange_watcher:_spawn_watchers:52] - Spawning watchers | exchanges=['mexc', 'bitget', 'gate', 'bingx'] symbols={'mexc': 555, 'bitget': 477, 'gate': 541, 'bingx': 460}
2026-06-25 02:40:22 | DEBUG    | [arbitrator.application.multi_exchange_watcher:_watch:72] - Watcher start | exchange=mexc symbols=555
2026-06-25 02:40:22 | INFO     | [arbitrator.exchanges.ccxt_base:_ensure_open:931] - Exchange client opened | exchange=mexc
2026-06-25 02:40:22 | DEBUG    | [arbitrator.application.multi_exchange_watcher:_watch:72] - Watcher start | exchange=bitget symbols=477
2026-06-25 02:40:23 | INFO     | [arbitrator.exchanges.ccxt_base:_ensure_open:931] - Exchange client opened | exchange=bitget
2026-06-25 02:40:23 | DEBUG    | [arbitrator.application.multi_exchange_watcher:_watch:72] - Watcher start | exchange=gate symbols=541
2026-06-25 02:40:23 | INFO     | [arbitrator.exchanges.ccxt_base:_ensure_open:931] - Exchange client opened | exchange=gate
2026-06-25 02:40:23 | DEBUG    | [arbitrator.application.multi_exchange_watcher:_watch:72] - Watcher start | exchange=bingx symbols=460
2026-06-25 02:40:23 | INFO     | [arbitrator.exchanges.ccxt_base:_ensure_open:931] - Exchange client opened | exchange=bingx
2026-06-25 02:40:31 | DEBUG    | [arbitrator.exchanges.ccxt_base:_ensure_markets_loaded:948] - Markets loaded | exchange=bitget count=1913
2026-06-25 02:40:31 | INFO     | [arbitrator.exchanges.ccxt_base:watch_tickers:160] - Streaming tickers | exchange=bitget symbols=477 mode=bulk chunks=10
2026-06-25 02:40:31 | DEBUG    | [arbitrator.exchanges.ccxt_base:_stream_bulk:819] - Bulk stream chunks | exchange=bitget chunks=10 chunk_size=50
2026-06-25 02:40:32 | DEBUG    | [arbitrator.exchanges.ccxt_base:_ensure_markets_loaded:948] - Markets loaded | exchange=mexc count=3238
2026-06-25 02:40:32 | DEBUG    | [arbitrator.exchanges.mexc:watch_tickers:52] - watch_tickers skipped non-api contracts | exchange=mexc skipped=5
2026-06-25 02:40:32 | INFO     | [arbitrator.exchanges.ccxt_base:watch_tickers:160] - Streaming tickers | exchange=mexc symbols=550 mode=bulk chunks=11
2026-06-25 02:40:32 | DEBUG    | [arbitrator.exchanges.ccxt_base:_stream_bulk:819] - Bulk stream chunks | exchange=mexc chunks=11 chunk_size=50
2026-06-25 02:40:33 | DEBUG    | [arbitrator.exchanges.ccxt_base:_ensure_markets_loaded:948] - Markets loaded | exchange=bingx count=3026
2026-06-25 02:40:33 | INFO     | [arbitrator.exchanges.ccxt_base:watch_tickers:160] - Streaming tickers | exchange=bingx symbols=460 mode=fanout chunks=-
2026-06-25 02:40:51 | DEBUG    | [arbitrator.exchanges.ccxt_base:_ensure_markets_loaded:948] - Markets loaded | exchange=gate count=5987
2026-06-25 02:40:51 | DEBUG    | [arbitrator.exchanges.gate:watch_tickers:52] - watch_tickers skipped non-tradable contracts | exchange=gate skipped=3
2026-06-25 02:40:51 | INFO     | [arbitrator.exchanges.ccxt_base:watch_tickers:160] - Streaming tickers | exchange=gate symbols=538 mode=bulk chunks=11
2026-06-25 02:40:51 | DEBUG    | [arbitrator.exchanges.ccxt_base:_stream_bulk:819] - Bulk stream chunks | exchange=gate chunks=11 chunk_size=50
2026-06-25 02:42:54 | INFO     | [starlette.middleware.sessions:send_wrapper:86] - [uvicorn.error] 127.0.0.1:58159 - "WebSocket /_stcore/stream" [accepted]
2026-06-25 02:42:54 | INFO     | [websockets.legacy.server:handler:161] - [uvicorn.error] connection open
2026-06-25 02:42:55 | INFO     | [__main__:<module>:16] - Arbitrator starting | exchanges=['mexc', 'bitget', 'gate', 'bingx']
2026-06-25 02:42:55 | INFO     | [arbitrator.presentation.streamlit_app:run:104] - UI run | section=Screener
2026-06-25 02:43:31 | INFO     | [__main__:<module>:16] - Arbitrator starting | exchanges=['mexc', 'bitget', 'gate', 'bingx']
2026-06-25 02:43:31 | INFO     | [arbitrator.presentation.streamlit_app:run:104] - UI run | section=Closed orders
2026-06-25 02:44:11 | INFO     | [__main__:<module>:16] - Arbitrator starting | exchanges=['mexc', 'bitget', 'gate', 'bingx']
2026-06-25 02:44:11 | INFO     | [arbitrator.presentation.streamlit_app:run:104] - UI run | section=Open orders
2026-06-25 02:44:13 | INFO     | [__main__:<module>:16] - Arbitrator starting | exchanges=['mexc', 'bitget', 'gate', 'bingx']
2026-06-25 02:44:13 | INFO     | [arbitrator.presentation.streamlit_app:run:104] - UI run | section=Closed orders
2026-06-25 02:44:16 | INFO     | [__main__:<module>:16] - Arbitrator starting | exchanges=['mexc', 'bitget', 'gate', 'bingx']
2026-06-25 02:44:16 | INFO     | [arbitrator.presentation.streamlit_app:run:104] - UI run | section=Closed orders
2026-06-25 02:44:17 | INFO     | [__main__:<module>:16] - Arbitrator starting | exchanges=['mexc', 'bitget', 'gate', 'bingx']
2026-06-25 02:44:17 | INFO     | [arbitrator.presentation.streamlit_app:run:104] - UI run | section=Closed orders
2026-06-25 02:44:17 | INFO     | [arbitrator.exchanges.ccxt_base:_ensure_open:931] - Exchange client opened | exchange=mexc
2026-06-25 02:44:18 | INFO     | [arbitrator.exchanges.ccxt_base:_ensure_open:931] - Exchange client opened | exchange=bitget
2026-06-25 02:44:18 | INFO     | [arbitrator.exchanges.ccxt_base:_ensure_open:931] - Exchange client opened | exchange=gate
2026-06-25 02:44:18 | INFO     | [arbitrator.exchanges.ccxt_base:_ensure_open:931] - Exchange client opened | exchange=bingx
2026-06-25 02:44:32 | DEBUG    | [arbitrator.exchanges.ccxt_base:_ensure_markets_loaded:948] - Markets loaded | exchange=bitget count=1913
2026-06-25 02:44:33 | DEBUG    | [arbitrator.exchanges.ccxt_base:_ensure_markets_loaded:948] - Markets loaded | exchange=bingx count=3026
2026-06-25 02:44:33 | INFO     | [arbitrator.exchanges.ccxt_base:fetch_closed_positions:449] - fetchMyTrades requires symbols | exchange=bingx
2026-06-25 02:44:34 | DEBUG    | [arbitrator.exchanges.ccxt_base:_ensure_markets_loaded:948] - Markets loaded | exchange=mexc count=3238
2026-06-25 02:44:34 | DEBUG    | [arbitrator.exchanges.ccxt_base:close:806] - Exchange closed | exchange=bingx
2026-06-25 02:44:35 | INFO     | [arbitrator.exchanges.ccxt_base:fetch_closed_positions:489] - Closed positions fetched | exchange=bitget count=0
2026-06-25 02:44:35 | DEBUG    | [arbitrator.exchanges.ccxt_base:close:806] - Exchange closed | exchange=bitget
2026-06-25 02:44:40 | INFO     | [arbitrator.exchanges.ccxt_base:fetch_closed_positions:489] - Closed positions fetched | exchange=mexc count=1
2026-06-25 02:44:40 | DEBUG    | [arbitrator.exchanges.ccxt_base:close:806] - Exchange closed | exchange=mexc
2026-06-25 02:44:44 | DEBUG    | [arbitrator.exchanges.ccxt_base:_ensure_markets_loaded:948] - Markets loaded | exchange=gate count=5987
2026-06-25 02:44:45 | INFO     | [arbitrator.exchanges.ccxt_base:fetch_closed_positions:489] - Closed positions fetched | exchange=gate count=0
2026-06-25 02:44:45 | DEBUG    | [arbitrator.exchanges.ccxt_base:close:806] - Exchange closed | exchange=gate
2026-06-25 02:45:08 | ERROR    | [asyncio.base_events:call_exception_handler:1797] - [asyncio] Future exception was never retrieved
future: <Future finished exception=NetworkError('Connection closed by remote server, closing code 1006')>
ccxt.base.errors.NetworkError: Connection closed by remote server, closing code 1006
2026-06-25 02:45:08 | ERROR    | [asyncio.base_events:call_exception_handler:1797] - [asyncio] Future exception was never retrieved
future: <Future finished exception=NetworkError('Connection closed by remote server, closing code 1006')>
ccxt.base.errors.NetworkError: Connection closed by remote server, closing code 1006
2026-06-25 02:45:08 | ERROR    | [asyncio.base_events:call_exception_handler:1797] - [asyncio] Future exception was never retrieved
future: <Future finished exception=NetworkError('Connection closed by remote server, closing code 1006')>
ccxt.base.errors.NetworkError: Connection closed by remote server, closing code 1006
2026-06-25 02:45:08 | ERROR    | [asyncio.base_events:call_exception_handler:1797] - [asyncio] Future exception was never retrieved
future: <Future finished exception=NetworkError('Connection closed by remote server, closing code 1006')>
ccxt.base.errors.NetworkError: Connection closed by remote server, closing code 1006
2026-06-25 02:45:08 | ERROR    | [asyncio.base_events:call_exception_handler:1797] - [asyncio] Future exception was never retrieved
future: <Future finished exception=NetworkError('Connection closed by remote server, closing code 1006')>
ccxt.base.errors.NetworkError: Connection closed by remote server, closing code 1006
2026-06-25 02:45:08 | ERROR    | [asyncio.base_events:call_exception_handler:1797] - [asyncio] Future exception was never retrieved
future: <Future finished exception=NetworkError('Connection closed by remote server, closing code 1006')>
ccxt.base.errors.NetworkError: Connection closed by remote server, closing code 1006
2026-06-25 02:45:08 | ERROR    | [asyncio.base_events:call_exception_handler:1797] - [asyncio] Future exception was never retrieved
future: <Future finished exception=NetworkError('Connection closed by remote server, closing code 1006')>
ccxt.base.errors.NetworkError: Connection closed by remote server, closing code 1006
2026-06-25 02:45:08 | ERROR    | [asyncio.base_events:call_exception_handler:1797] - [asyncio] Future exception was never retrieved
future: <Future finished exception=NetworkError('Connection closed by remote server, closing code 1006')>
ccxt.base.errors.NetworkError: Connection closed by remote server, closing code 1006
2026-06-25 02:45:08 | ERROR    | [asyncio.base_events:call_exception_handler:1797] - [asyncio] Future exception was never retrieved
future: <Future finished exception=NetworkError('Connection closed by remote server, closing code 1006')>
ccxt.base.errors.NetworkError: Connection closed by remote server, closing code 1006
2026-06-25 02:45:08 | ERROR    | [asyncio.base_events:call_exception_handler:1797] - [asyncio] Future exception was never retrieved
future: <Future finished exception=NetworkError('Connection closed by remote server, closing code 1006')>
ccxt.base.errors.NetworkError: Connection closed by remote server, closing code 1006
2026-06-25 02:45:08 | ERROR    | [asyncio.base_events:call_exception_handler:1797] - [asyncio] Future exception was never retrieved
future: <Future finished exception=NetworkError('Connection closed by remote server, closing code 1006')>
ccxt.base.errors.NetworkError: Connection closed by remote server, closing code 1006
2026-06-25 02:45:08 | ERROR    | [asyncio.base_events:call_exception_handler:1797] - [asyncio] Future exception was never retrieved
future: <Future finished exception=NetworkError('Connection closed by remote server, closing code 1006')>
ccxt.base.errors.NetworkError: Connection closed by remote server, closing code 1006
2026-06-25 02:45:08 | ERROR    | [asyncio.base_events:call_exception_handler:1797] - [asyncio] Future exception was never retrieved
future: <Future finished exception=NetworkError('Connection closed by remote server, closing code 1006')>
ccxt.base.errors.NetworkError: Connection closed by remote server, closing code 1006
2026-06-25 02:45:08 | ERROR    | [asyncio.base_events:call_exception_handler:1797] - [asyncio] Future exception was never retrieved
future: <Future finished exception=NetworkError('Connection closed by remote server, closing code 1006')>
ccxt.base.errors.NetworkError: Connection closed by remote server, closing code 1006
2026-06-25 02:45:08 | ERROR    | [asyncio.base_events:call_exception_handler:1797] - [asyncio] Future exception was never retrieved
future: <Future finished exception=NetworkError('Connection closed by remote server, closing code 1006')>
ccxt.base.errors.NetworkError: Connection closed by remote server, closing code 1006
2026-06-25 02:45:08 | ERROR    | [asyncio.base_events:call_exception_handler:1797] - [asyncio] Future exception was never retrieved
future: <Future finished exception=NetworkError('Connection closed by remote server, closing code 1006')>
ccxt.base.errors.NetworkError: Connection closed by remote server, closing code 1006
2026-06-25 02:45:08 | ERROR    | [asyncio.base_events:call_exception_handler:1797] - [asyncio] Future exception was never retrieved
future: <Future finished exception=NetworkError('Connection closed by remote server, closing code 1006')>
ccxt.base.errors.NetworkError: Connection closed by remote server, closing code 1006
2026-06-25 02:45:08 | ERROR    | [asyncio.base_events:call_exception_handler:1797] - [asyncio] Future exception was never retrieved
future: <Future finished exception=NetworkError('Connection closed by remote server, closing code 1006')>
ccxt.base.errors.NetworkError: Connection closed by remote server, closing code 1006
2026-06-25 02:45:08 | ERROR    | [asyncio.base_events:call_exception_handler:1797] - [asyncio] Future exception was never retrieved
future: <Future finished exception=NetworkError('Connection closed by remote server, closing code 1006')>
ccxt.base.errors.NetworkError: Connection closed by remote server, closing code 1006
2026-06-25 02:45:08 | ERROR    | [asyncio.base_events:call_exception_handler:1797] - [asyncio] Future exception was never retrieved
future: <Future finished exception=NetworkError('Connection closed by remote server, closing code 1006')>
ccxt.base.errors.NetworkError: Connection closed by remote server, closing code 1006
2026-06-25 02:45:08 | ERROR    | [asyncio.base_events:call_exception_handler:1797] - [asyncio] Future exception was never retrieved
future: <Future finished exception=NetworkError('Connection closed by remote server, closing code 1006')>
ccxt.base.errors.NetworkError: Connection closed by remote server, closing code 1006
2026-06-25 02:45:08 | ERROR    | [asyncio.base_events:call_exception_handler:1797] - [asyncio] Future exception was never retrieved
future: <Future finished exception=NetworkError('Connection closed by remote server, closing code 1006')>
ccxt.base.errors.NetworkError: Connection closed by remote server, closing code 1006
2026-06-25 02:45:08 | ERROR    | [asyncio.base_events:call_exception_handler:1797] - [asyncio] Future exception was never retrieved
future: <Future finished exception=NetworkError('Connection closed by remote server, closing code 1006')>
ccxt.base.errors.NetworkError: Connection closed by remote server, closing code 1006
2026-06-25 02:45:08 | ERROR    | [asyncio.base_events:call_exception_handler:1797] - [asyncio] Future exception was never retrieved
future: <Future finished exception=NetworkError('Connection closed by remote server, closing code 1006')>
ccxt.base.errors.NetworkError: Connection closed by remote server, closing code 1006
2026-06-25 02:45:08 | ERROR    | [asyncio.base_events:call_exception_handler:1797] - [asyncio] Future exception was never retrieved
future: <Future finished exception=NetworkError('Connection closed by remote server, closing code 1006')>
ccxt.base.errors.NetworkError: Connection closed by remote server, closing code 1006
2026-06-25 02:45:08 | ERROR    | [asyncio.base_events:call_exception_handler:1797] - [asyncio] Future exception was never retrieved
future: <Future finished exception=NetworkError('Connection closed by remote server, closing code 1006')>
ccxt.base.errors.NetworkError: Connection closed by remote server, closing code 1006
2026-06-25 02:45:08 | ERROR    | [asyncio.base_events:call_exception_handler:1797] - [asyncio] Future exception was never retrieved
future: <Future finished exception=NetworkError('Connection closed by remote server, closing code 1006')>
ccxt.base.errors.NetworkError: Connection closed by remote server, closing code 1006
2026-06-25 02:45:08 | ERROR    | [asyncio.base_events:call_exception_handler:1797] - [asyncio] Future exception was never retrieved
future: <Future finished exception=NetworkError('Connection closed by remote server, closing code 1006')>
ccxt.base.errors.NetworkError: Connection closed by remote server, closing code 1006
2026-06-25 02:45:08 | ERROR    | [asyncio.base_events:call_exception_handler:1797] - [asyncio] Future exception was never retrieved
future: <Future finished exception=NetworkError('Connection closed by remote server, closing code 1006')>
ccxt.base.errors.NetworkError: Connection closed by remote server, closing code 1006
2026-06-25 02:45:08 | ERROR    | [asyncio.base_events:call_exception_handler:1797] - [asyncio] Future exception was never retrieved
future: <Future finished exception=NetworkError('Connection closed by remote server, closing code 1006')>
ccxt.base.errors.NetworkError: Connection closed by remote server, closing code 1006
2026-06-25 02:45:08 | ERROR    | [asyncio.base_events:call_exception_handler:1797] - [asyncio] Future exception was never retrieved
future: <Future finished exception=NetworkError('Connection closed by remote server, closing code 1006')>
ccxt.base.errors.NetworkError: Connection closed by remote server, closing code 1006
2026-06-25 02:45:08 | ERROR    | [asyncio.base_events:call_exception_handler:1797] - [asyncio] Future exception was never retrieved
future: <Future finished exception=NetworkError('Connection closed by remote server, closing code 1006')>
ccxt.base.errors.NetworkError: Connection closed by remote server, closing code 1006
2026-06-25 02:45:08 | ERROR    | [asyncio.base_events:call_exception_handler:1797] - [asyncio] Future exception was never retrieved
future: <Future finished exception=NetworkError('Connection closed by remote server, closing code 1006')>
ccxt.base.errors.NetworkError: Connection closed by remote server, closing code 1006
2026-06-25 02:45:08 | ERROR    | [asyncio.base_events:call_exception_handler:1797] - [asyncio] Future exception was never retrieved
future: <Future finished exception=NetworkError('Connection closed by remote server, closing code 1006')>
ccxt.base.errors.NetworkError: Connection closed by remote server, closing code 1006
2026-06-25 02:45:08 | ERROR    | [asyncio.base_events:call_exception_handler:1797] - [asyncio] Future exception was never retrieved
future: <Future finished exception=NetworkError('Connection closed by remote server, closing code 1006')>
ccxt.base.errors.NetworkError: Connection closed by remote server, closing code 1006
2026-06-25 02:45:08 | ERROR    | [asyncio.base_events:call_exception_handler:1797] - [asyncio] Future exception was never retrieved
future: <Future finished exception=NetworkError('Connection closed by remote server, closing code 1006')>
ccxt.base.errors.NetworkError: Connection closed by remote server, closing code 1006
2026-06-25 02:45:08 | ERROR    | [asyncio.base_events:call_exception_handler:1797] - [asyncio] Future exception was never retrieved
future: <Future finished exception=NetworkError('Connection closed by remote server, closing code 1006')>
ccxt.base.errors.NetworkError: Connection closed by remote server, closing code 1006
2026-06-25 02:45:08 | ERROR    | [asyncio.base_events:call_exception_handler:1797] - [asyncio] Future exception was never retrieved
future: <Future finished exception=NetworkError('Connection closed by remote server, closing code 1006')>
ccxt.base.errors.NetworkError: Connection closed by remote server, closing code 1006
2026-06-25 02:45:08 | ERROR    | [asyncio.base_events:call_exception_handler:1797] - [asyncio] Future exception was never retrieved
future: <Future finished exception=NetworkError('Connection closed by remote server, closing code 1006')>
ccxt.base.errors.NetworkError: Connection closed by remote server, closing code 1006
2026-06-25 02:45:08 | ERROR    | [asyncio.base_events:call_exception_handler:1797] - [asyncio] Future exception was never retrieved
future: <Future finished exception=NetworkError('Connection closed by remote server, closing code 1006')>
ccxt.base.errors.NetworkError: Connection closed by remote server, closing code 1006
2026-06-25 02:45:08 | ERROR    | [asyncio.base_events:call_exception_handler:1797] - [asyncio] Future exception was never retrieved
future: <Future finished exception=NetworkError('Connection closed by remote server, closing code 1006')>
ccxt.base.errors.NetworkError: Connection closed by remote server, closing code 1006
2026-06-25 02:45:08 | ERROR    | [asyncio.base_events:call_exception_handler:1797] - [asyncio] Future exception was never retrieved
future: <Future finished exception=NetworkError('Connection closed by remote server, closing code 1006')>
ccxt.base.errors.NetworkError: Connection closed by remote server, closing code 1006
2026-06-25 02:45:08 | ERROR    | [asyncio.base_events:call_exception_handler:1797] - [asyncio] Future exception was never retrieved
future: <Future finished exception=NetworkError('Connection closed by remote server, closing code 1006')>
ccxt.base.errors.NetworkError: Connection closed by remote server, closing code 1006
2026-06-25 02:45:08 | ERROR    | [asyncio.base_events:call_exception_handler:1797] - [asyncio] Future exception was never retrieved
future: <Future finished exception=NetworkError('Connection closed by remote server, closing code 1006')>
ccxt.base.errors.NetworkError: Connection closed by remote server, closing code 1006
2026-06-25 02:45:08 | ERROR    | [asyncio.base_events:call_exception_handler:1797] - [asyncio] Future exception was never retrieved
future: <Future finished exception=NetworkError('Connection closed by remote server, closing code 1006')>
ccxt.base.errors.NetworkError: Connection closed by remote server, closing code 1006
2026-06-25 02:45:08 | ERROR    | [asyncio.base_events:call_exception_handler:1797] - [asyncio] Future exception was never retrieved
future: <Future finished exception=NetworkError('Connection closed by remote server, closing code 1006')>
ccxt.base.errors.NetworkError: Connection closed by remote server, closing code 1006
2026-06-25 02:45:08 | ERROR    | [asyncio.base_events:call_exception_handler:1797] - [asyncio] Future exception was never retrieved
future: <Future finished exception=NetworkError('Connection closed by remote server, closing code 1006')>
ccxt.base.errors.NetworkError: Connection closed by remote server, closing code 1006
2026-06-25 02:45:08 | ERROR    | [asyncio.base_events:call_exception_handler:1797] - [asyncio] Future exception was never retrieved
future: <Future finished exception=NetworkError('Connection closed by remote server, closing code 1006')>
ccxt.base.errors.NetworkError: Connection closed by remote server, closing code 1006
2026-06-25 02:45:08 | ERROR    | [asyncio.base_events:call_exception_handler:1797] - [asyncio] Future exception was never retrieved
future: <Future finished exception=NetworkError('Connection closed by remote server, closing code 1006')>
ccxt.base.errors.NetworkError: Connection closed by remote server, closing code 1006
2026-06-25 02:45:08 | ERROR    | [asyncio.base_events:call_exception_handler:1797] - [asyncio] Future exception was never retrieved
future: <Future finished exception=NetworkError('Connection closed by remote server, closing code 1006')>
ccxt.base.errors.NetworkError: Connection closed by remote server, closing code 1006
2026-06-25 02:45:08 | ERROR    | [asyncio.base_events:call_exception_handler:1797] - [asyncio] Future exception was never retrieved
future: <Future finished exception=NetworkError('Connection closed by remote server, closing code 1006')>
ccxt.base.errors.NetworkError: Connection closed by remote server, closing code 1006
2026-06-25 02:45:08 | ERROR    | [asyncio.base_events:call_exception_handler:1797] - [asyncio] Future exception was never retrieved
future: <Future finished exception=NetworkError('Connection closed by remote server, closing code 1006')>
ccxt.base.errors.NetworkError: Connection closed by remote server, closing code 1006
2026-06-25 02:45:08 | ERROR    | [asyncio.base_events:call_exception_handler:1797] - [asyncio] Future exception was never retrieved
future: <Future finished exception=NetworkError('Connection closed by remote server, closing code 1006')>
ccxt.base.errors.NetworkError: Connection closed by remote server, closing code 1006
2026-06-25 02:45:08 | ERROR    | [asyncio.base_events:call_exception_handler:1797] - [asyncio] Future exception was never retrieved
future: <Future finished exception=NetworkError('Connection closed by remote server, closing code 1006')>
ccxt.base.errors.NetworkError: Connection closed by remote server, closing code 1006
2026-06-25 02:45:08 | ERROR    | [asyncio.base_events:call_exception_handler:1797] - [asyncio] Future exception was never retrieved
future: <Future finished exception=NetworkError('Connection closed by remote server, closing code 1006')>
ccxt.base.errors.NetworkError: Connection closed by remote server, closing code 1006
2026-06-25 02:45:08 | ERROR    | [asyncio.base_events:call_exception_handler:1797] - [asyncio] Future exception was never retrieved
future: <Future finished exception=NetworkError('Connection closed by remote server, closing code 1006')>
ccxt.base.errors.NetworkError: Connection closed by remote server, closing code 1006
2026-06-25 02:45:08 | ERROR    | [asyncio.base_events:call_exception_handler:1797] - [asyncio] Future exception was never retrieved
future: <Future finished exception=NetworkError('Connection closed by remote server, closing code 1006')>
ccxt.base.errors.NetworkError: Connection closed by remote server, closing code 1006
2026-06-25 02:45:08 | ERROR    | [asyncio.base_events:call_exception_handler:1797] - [asyncio] Future exception was never retrieved
future: <Future finished exception=NetworkError('Connection closed by remote server, closing code 1006')>
ccxt.base.errors.NetworkError: Connection closed by remote server, closing code 1006
2026-06-25 02:45:08 | ERROR    | [asyncio.base_events:call_exception_handler:1797] - [asyncio] Future exception was never retrieved
future: <Future finished exception=NetworkError('Connection closed by remote server, closing code 1006')>
ccxt.base.errors.NetworkError: Connection closed by remote server, closing code 1006
2026-06-25 02:45:08 | ERROR    | [asyncio.base_events:call_exception_handler:1797] - [asyncio] Future exception was never retrieved
future: <Future finished exception=NetworkError('Connection closed by remote server, closing code 1006')>
ccxt.base.errors.NetworkError: Connection closed by remote server, closing code 1006
2026-06-25 02:45:08 | ERROR    | [asyncio.base_events:call_exception_handler:1797] - [asyncio] Future exception was never retrieved
future: <Future finished exception=NetworkError('Connection closed by remote server, closing code 1006')>
ccxt.base.errors.NetworkError: Connection closed by remote server, closing code 1006
2026-06-25 02:45:08 | ERROR    | [asyncio.base_events:call_exception_handler:1797] - [asyncio] Future exception was never retrieved
future: <Future finished exception=NetworkError('Connection closed by remote server, closing code 1006')>
ccxt.base.errors.NetworkError: Connection closed by remote server, closing code 1006
2026-06-25 02:45:08 | ERROR    | [asyncio.base_events:call_exception_handler:1797] - [asyncio] Future exception was never retrieved
future: <Future finished exception=NetworkError('Connection closed by remote server, closing code 1006')>
ccxt.base.errors.NetworkError: Connection closed by remote server, closing code 1006
2026-06-25 02:45:08 | ERROR    | [asyncio.base_events:call_exception_handler:1797] - [asyncio] Future exception was never retrieved
future: <Future finished exception=NetworkError('Connection closed by remote server, closing code 1006')>
ccxt.base.errors.NetworkError: Connection closed by remote server, closing code 1006
2026-06-25 02:45:08 | ERROR    | [asyncio.base_events:call_exception_handler:1797] - [asyncio] Future exception was never retrieved
future: <Future finished exception=NetworkError('Connection closed by remote server, closing code 1006')>
ccxt.base.errors.NetworkError: Connection closed by remote server, closing code 1006
2026-06-25 02:45:08 | ERROR    | [asyncio.base_events:call_exception_handler:1797] - [asyncio] Future exception was never retrieved
future: <Future finished exception=NetworkError('Connection closed by remote server, closing code 1006')>
ccxt.base.errors.NetworkError: Connection closed by remote server, closing code 1006
2026-06-25 02:45:08 | ERROR    | [asyncio.base_events:call_exception_handler:1797] - [asyncio] Future exception was never retrieved
future: <Future finished exception=NetworkError('Connection closed by remote server, closing code 1006')>
ccxt.base.errors.NetworkError: Connection closed by remote server, closing code 1006
2026-06-25 02:45:08 | ERROR    | [asyncio.base_events:call_exception_handler:1797] - [asyncio] Future exception was never retrieved
future: <Future finished exception=NetworkError('Connection closed by remote server, closing code 1006')>
ccxt.base.errors.NetworkError: Connection closed by remote server, closing code 1006
2026-06-25 02:45:08 | ERROR    | [asyncio.base_events:call_exception_handler:1797] - [asyncio] Future exception was never retrieved
future: <Future finished exception=NetworkError('Connection closed by remote server, closing code 1006')>
ccxt.base.errors.NetworkError: Connection closed by remote server, closing code 1006
2026-06-25 02:45:08 | ERROR    | [asyncio.base_events:call_exception_handler:1797] - [asyncio] Future exception was never retrieved
future: <Future finished exception=NetworkError('Connection closed by remote server, closing code 1006')>
ccxt.base.errors.NetworkError: Connection closed by remote server, closing code 1006
2026-06-25 02:45:08 | ERROR    | [asyncio.base_events:call_exception_handler:1797] - [asyncio] Future exception was never retrieved
future: <Future finished exception=NetworkError('Connection closed by remote server, closing code 1006')>
ccxt.base.errors.NetworkError: Connection closed by remote server, closing code 1006
2026-06-25 02:45:08 | ERROR    | [asyncio.base_events:call_exception_handler:1797] - [asyncio] Future exception was never retrieved
future: <Future finished exception=NetworkError('Connection closed by remote server, closing code 1006')>
ccxt.base.errors.NetworkError: Connection closed by remote server, closing code 1006
2026-06-25 02:45:08 | ERROR    | [asyncio.base_events:call_exception_handler:1797] - [asyncio] Future exception was never retrieved
future: <Future finished exception=NetworkError('Connection closed by remote server, closing code 1006')>
ccxt.base.errors.NetworkError: Connection closed by remote server, closing code 1006
2026-06-25 02:45:08 | ERROR    | [asyncio.base_events:call_exception_handler:1797] - [asyncio] Future exception was never retrieved
future: <Future finished exception=NetworkError('Connection closed by remote server, closing code 1006')>
ccxt.base.errors.NetworkError: Connection closed by remote server, closing code 1006
2026-06-25 02:45:08 | ERROR    | [asyncio.base_events:call_exception_handler:1797] - [asyncio] Future exception was never retrieved
future: <Future finished exception=NetworkError('Connection closed by remote server, closing code 1006')>
ccxt.base.errors.NetworkError: Connection closed by remote server, closing code 1006
2026-06-25 02:45:08 | ERROR    | [asyncio.base_events:call_exception_handler:1797] - [asyncio] Future exception was never retrieved
future: <Future finished exception=NetworkError('Connection closed by remote server, closing code 1006')>
ccxt.base.errors.NetworkError: Connection closed by remote server, closing code 1006
2026-06-25 02:45:08 | ERROR    | [asyncio.base_events:call_exception_handler:1797] - [asyncio] Future exception was never retrieved
future: <Future finished exception=NetworkError('Connection closed by remote server, closing code 1006')>
ccxt.base.errors.NetworkError: Connection closed by remote server, closing code 1006
2026-06-25 02:45:08 | ERROR    | [asyncio.base_events:call_exception_handler:1797] - [asyncio] Future exception was never retrieved
future: <Future finished exception=NetworkError('Connection closed by remote server, closing code 1006')>
ccxt.base.errors.NetworkError: Connection closed by remote server, closing code 1006
2026-06-25 02:45:08 | ERROR    | [asyncio.base_events:call_exception_handler:1797] - [asyncio] Future exception was never retrieved
future: <Future finished exception=NetworkError('Connection closed by remote server, closing code 1006')>
ccxt.base.errors.NetworkError: Connection closed by remote server, closing code 1006
2026-06-25 02:45:08 | ERROR    | [asyncio.base_events:call_exception_handler:1797] - [asyncio] Future exception was never retrieved
future: <Future finished exception=NetworkError('Connection closed by remote server, closing code 1006')>
ccxt.base.errors.NetworkError: Connection closed by remote server, closing code 1006
2026-06-25 02:45:08 | ERROR    | [asyncio.base_events:call_exception_handler:1797] - [asyncio] Future exception was never retrieved
future: <Future finished exception=NetworkError('Connection closed by remote server, closing code 1006')>
ccxt.base.errors.NetworkError: Connection closed by remote server, closing code 1006
2026-06-25 02:45:08 | ERROR    | [asyncio.base_events:call_exception_handler:1797] - [asyncio] Future exception was never retrieved
future: <Future finished exception=NetworkError('Connection closed by remote server, closing code 1006')>
ccxt.base.errors.NetworkError: Connection closed by remote server, closing code 1006
2026-06-25 02:45:08 | ERROR    | [asyncio.base_events:call_exception_handler:1797] - [asyncio] Future exception was never retrieved
future: <Future finished exception=NetworkError('Connection closed by remote server, closing code 1006')>
ccxt.base.errors.NetworkError: Connection closed by remote server, closing code 1006
2026-06-25 02:45:08 | ERROR    | [asyncio.base_events:call_exception_handler:1797] - [asyncio] Future exception was never retrieved
future: <Future finished exception=NetworkError('Connection closed by remote server, closing code 1006')>
ccxt.base.errors.NetworkError: Connection closed by remote server, closing code 1006
2026-06-25 02:45:08 | ERROR    | [asyncio.base_events:call_exception_handler:1797] - [asyncio] Future exception was never retrieved
future: <Future finished exception=NetworkError('Connection closed by remote server, closing code 1006')>
ccxt.base.errors.NetworkError: Connection closed by remote server, closing code 1006
2026-06-25 02:45:08 | ERROR    | [asyncio.base_events:call_exception_handler:1797] - [asyncio] Future exception was never retrieved
future: <Future finished exception=NetworkError('Connection closed by remote server, closing code 1006')>
ccxt.base.errors.NetworkError: Connection closed by remote server, closing code 1006
2026-06-25 02:45:08 | ERROR    | [asyncio.base_events:call_exception_handler:1797] - [asyncio] Future exception was never retrieved
future: <Future finished exception=NetworkError('Connection closed by remote server, closing code 1006')>
ccxt.base.errors.NetworkError: Connection closed by remote server, closing code 1006
2026-06-25 02:45:08 | ERROR    | [asyncio.base_events:call_exception_handler:1797] - [asyncio] Future exception was never retrieved
future: <Future finished exception=NetworkError('Connection closed by remote server, closing code 1006')>
ccxt.base.errors.NetworkError: Connection closed by remote server, closing code 1006
2026-06-25 02:45:08 | ERROR    | [asyncio.base_events:call_exception_handler:1797] - [asyncio] Future exception was never retrieved
future: <Future finished exception=NetworkError('Connection closed by remote server, closing code 1006')>
ccxt.base.errors.NetworkError: Connection closed by remote server, closing code 1006
2026-06-25 02:45:08 | ERROR    | [asyncio.base_events:call_exception_handler:1797] - [asyncio] Future exception was never retrieved
future: <Future finished exception=NetworkError('Connection closed by remote server, closing code 1006')>
ccxt.base.errors.NetworkError: Connection closed by remote server, closing code 1006
2026-06-25 02:45:08 | ERROR    | [asyncio.base_events:call_exception_handler:1797] - [asyncio] Future exception was never retrieved
future: <Future finished exception=NetworkError('Connection closed by remote server, closing code 1006')>
ccxt.base.errors.NetworkError: Connection closed by remote server, closing code 1006
2026-06-25 02:45:08 | ERROR    | [asyncio.base_events:call_exception_handler:1797] - [asyncio] Future exception was never retrieved
future: <Future finished exception=NetworkError('Connection closed by remote server, closing code 1006')>
ccxt.base.errors.NetworkError: Connection closed by remote server, closing code 1006
2026-06-25 02:45:08 | ERROR    | [asyncio.base_events:call_exception_handler:1797] - [asyncio] Future exception was never retrieved
future: <Future finished exception=NetworkError('Connection closed by remote server, closing code 1006')>
ccxt.base.errors.NetworkError: Connection closed by remote server, closing code 1006
2026-06-25 02:45:08 | ERROR    | [asyncio.base_events:call_exception_handler:1797] - [asyncio] Future exception was never retrieved
future: <Future finished exception=NetworkError('Connection closed by remote server, closing code 1006')>
ccxt.base.errors.NetworkError: Connection closed by remote server, closing code 1006
2026-06-25 02:45:08 | ERROR    | [asyncio.base_events:call_exception_handler:1797] - [asyncio] Future exception was never retrieved
future: <Future finished exception=NetworkError('Connection closed by remote server, closing code 1006')>
ccxt.base.errors.NetworkError: Connection closed by remote server, closing code 1006
2026-06-25 02:45:08 | ERROR    | [asyncio.base_events:call_exception_handler:1797] - [asyncio] Future exception was never retrieved
future: <Future finished exception=NetworkError('Connection closed by remote server, closing code 1006')>
ccxt.base.errors.NetworkError: Connection closed by remote server, closing code 1006
2026-06-25 02:45:08 | ERROR    | [asyncio.base_events:call_exception_handler:1797] - [asyncio] Future exception was never retrieved
future: <Future finished exception=NetworkError('Connection closed by remote server, closing code 1006')>
ccxt.base.errors.NetworkError: Connection closed by remote server, closing code 1006
2026-06-25 02:45:08 | ERROR    | [asyncio.base_events:call_exception_handler:1797] - [asyncio] Future exception was never retrieved
future: <Future finished exception=NetworkError('Connection closed by remote server, closing code 1006')>
ccxt.base.errors.NetworkError: Connection closed by remote server, closing code 1006
2026-06-25 02:45:08 | ERROR    | [asyncio.base_events:call_exception_handler:1797] - [asyncio] Future exception was never retrieved
future: <Future finished exception=NetworkError('Connection closed by remote server, closing code 1006')>
ccxt.base.errors.NetworkError: Connection closed by remote server, closing code 1006
2026-06-25 02:45:08 | ERROR    | [asyncio.base_events:call_exception_handler:1797] - [asyncio] Future exception was never retrieved
future: <Future finished exception=NetworkError('Connection closed by remote server, closing code 1006')>
ccxt.base.errors.NetworkError: Connection closed by remote server, closing code 1006
2026-06-25 02:45:08 | ERROR    | [asyncio.base_events:call_exception_handler:1797] - [asyncio] Future exception was never retrieved
future: <Future finished exception=NetworkError('Connection closed by remote server, closing code 1006')>
ccxt.base.errors.NetworkError: Connection closed by remote server, closing code 1006
2026-06-25 02:45:08 | ERROR    | [asyncio.base_events:call_exception_handler:1797] - [asyncio] Future exception was never retrieved
future: <Future finished exception=NetworkError('Connection closed by remote server, closing code 1006')>
ccxt.base.errors.NetworkError: Connection closed by remote server, closing code 1006
2026-06-25 02:45:08 | ERROR    | [asyncio.base_events:call_exception_handler:1797] - [asyncio] Future exception was never retrieved
future: <Future finished exception=NetworkError('Connection closed by remote server, closing code 1006')>
ccxt.base.errors.NetworkError: Connection closed by remote server, closing code 1006
2026-06-25 02:45:08 | ERROR    | [asyncio.base_events:call_exception_handler:1797] - [asyncio] Future exception was never retrieved
future: <Future finished exception=NetworkError('Connection closed by remote server, closing code 1006')>
ccxt.base.errors.NetworkError: Connection closed by remote server, closing code 1006
2026-06-25 02:45:08 | ERROR    | [asyncio.base_events:call_exception_handler:1797] - [asyncio] Future exception was never retrieved
future: <Future finished exception=NetworkError('Connection closed by remote server, closing code 1006')>
ccxt.base.errors.NetworkError: Connection closed by remote server, closing code 1006
2026-06-25 02:45:08 | ERROR    | [asyncio.base_events:call_exception_handler:1797] - [asyncio] Future exception was never retrieved
future: <Future finished exception=NetworkError('Connection closed by remote server, closing code 1006')>
ccxt.base.errors.NetworkError: Connection closed by remote server, closing code 1006
2026-06-25 02:45:08 | ERROR    | [asyncio.base_events:call_exception_handler:1797] - [asyncio] Future exception was never retrieved
future: <Future finished exception=NetworkError('Connection closed by remote server, closing code 1006')>
ccxt.base.errors.NetworkError: Connection closed by remote server, closing code 1006
2026-06-25 02:45:08 | ERROR    | [asyncio.base_events:call_exception_handler:1797] - [asyncio] Future exception was never retrieved
future: <Future finished exception=NetworkError('Connection closed by remote server, closing code 1006')>
ccxt.base.errors.NetworkError: Connection closed by remote server, closing code 1006
2026-06-25 02:45:08 | ERROR    | [asyncio.base_events:call_exception_handler:1797] - [asyncio] Future exception was never retrieved
future: <Future finished exception=NetworkError('Connection closed by remote server, closing code 1006')>
ccxt.base.errors.NetworkError: Connection closed by remote server, closing code 1006
2026-06-25 02:45:08 | ERROR    | [asyncio.base_events:call_exception_handler:1797] - [asyncio] Future exception was never retrieved
future: <Future finished exception=NetworkError('Connection closed by remote server, closing code 1006')>
ccxt.base.errors.NetworkError: Connection closed by remote server, closing code 1006
2026-06-25 02:45:08 | ERROR    | [asyncio.base_events:call_exception_handler:1797] - [asyncio] Future exception was never retrieved
future: <Future finished exception=NetworkError('Connection closed by remote server, closing code 1006')>
ccxt.base.errors.NetworkError: Connection closed by remote server, closing code 1006
2026-06-25 02:45:08 | ERROR    | [asyncio.base_events:call_exception_handler:1797] - [asyncio] Future exception was never retrieved
future: <Future finished exception=NetworkError('Connection closed by remote server, closing code 1006')>
ccxt.base.errors.NetworkError: Connection closed by remote server, closing code 1006
2026-06-25 02:45:08 | ERROR    | [asyncio.base_events:call_exception_handler:1797] - [asyncio] Future exception was never retrieved
future: <Future finished exception=NetworkError('Connection closed by remote server, closing code 1006')>
ccxt.base.errors.NetworkError: Connection closed by remote server, closing code 1006
2026-06-25 02:45:08 | ERROR    | [asyncio.base_events:call_exception_handler:1797] - [asyncio] Future exception was never retrieved
future: <Future finished exception=NetworkError('Connection closed by remote server, closing code 1006')>
ccxt.base.errors.NetworkError: Connection closed by remote server, closing code 1006
2026-06-25 02:45:08 | ERROR    | [asyncio.base_events:call_exception_handler:1797] - [asyncio] Future exception was never retrieved
future: <Future finished exception=NetworkError('Connection closed by remote server, closing code 1006')>
ccxt.base.errors.NetworkError: Connection closed by remote server, closing code 1006
2026-06-25 02:45:08 | ERROR    | [asyncio.base_events:call_exception_handler:1797] - [asyncio] Future exception was never retrieved
future: <Future finished exception=NetworkError('Connection closed by remote server, closing code 1006')>
ccxt.base.errors.NetworkError: Connection closed by remote server, closing code 1006
2026-06-25 02:45:08 | ERROR    | [asyncio.base_events:call_exception_handler:1797] - [asyncio] Future exception was never retrieved
future: <Future finished exception=NetworkError('Connection closed by remote server, closing code 1006')>
ccxt.base.errors.NetworkError: Connection closed by remote server, closing code 1006
2026-06-25 02:45:08 | ERROR    | [asyncio.base_events:call_exception_handler:1797] - [asyncio] Future exception was never retrieved
future: <Future finished exception=NetworkError('Connection closed by remote server, closing code 1006')>
ccxt.base.errors.NetworkError: Connection closed by remote server, closing code 1006
2026-06-25 02:45:08 | ERROR    | [asyncio.base_events:call_exception_handler:1797] - [asyncio] Future exception was never retrieved
future: <Future finished exception=NetworkError('Connection closed by remote server, closing code 1006')>
ccxt.base.errors.NetworkError: Connection closed by remote server, closing code 1006
2026-06-25 02:45:08 | ERROR    | [asyncio.base_events:call_exception_handler:1797] - [asyncio] Future exception was never retrieved
future: <Future finished exception=NetworkError('Connection closed by remote server, closing code 1006')>
ccxt.base.errors.NetworkError: Connection closed by remote server, closing code 1006
2026-06-25 02:45:08 | ERROR    | [asyncio.base_events:call_exception_handler:1797] - [asyncio] Future exception was never retrieved
future: <Future finished exception=NetworkError('Connection closed by remote server, closing code 1006')>
ccxt.base.errors.NetworkError: Connection closed by remote server, closing code 1006
2026-06-25 02:45:08 | ERROR    | [asyncio.base_events:call_exception_handler:1797] - [asyncio] Future exception was never retrieved
future: <Future finished exception=NetworkError('Connection closed by remote server, closing code 1006')>
ccxt.base.errors.NetworkError: Connection closed by remote server, closing code 1006
2026-06-25 02:45:08 | ERROR    | [asyncio.base_events:call_exception_handler:1797] - [asyncio] Future exception was never retrieved
future: <Future finished exception=NetworkError('Connection closed by remote server, closing code 1006')>
ccxt.base.errors.NetworkError: Connection closed by remote server, closing code 1006
2026-06-25 02:45:08 | ERROR    | [asyncio.base_events:call_exception_handler:1797] - [asyncio] Future exception was never retrieved
future: <Future finished exception=NetworkError('Connection closed by remote server, closing code 1006')>
ccxt.base.errors.NetworkError: Connection closed by remote server, closing code 1006
2026-06-25 02:45:08 | ERROR    | [asyncio.base_events:call_exception_handler:1797] - [asyncio] Future exception was never retrieved
future: <Future finished exception=NetworkError('Connection closed by remote server, closing code 1006')>
ccxt.base.errors.NetworkError: Connection closed by remote server, closing code 1006
2026-06-25 02:45:08 | ERROR    | [asyncio.base_events:call_exception_handler:1797] - [asyncio] Future exception was never retrieved
future: <Future finished exception=NetworkError('Connection closed by remote server, closing code 1006')>
ccxt.base.errors.NetworkError: Connection closed by remote server, closing code 1006
2026-06-25 02:45:08 | ERROR    | [asyncio.base_events:call_exception_handler:1797] - [asyncio] Future exception was never retrieved
future: <Future finished exception=NetworkError('Connection closed by remote server, closing code 1006')>
ccxt.base.errors.NetworkError: Connection closed by remote server, closing code 1006
2026-06-25 02:45:08 | ERROR    | [asyncio.base_events:call_exception_handler:1797] - [asyncio] Future exception was never retrieved
future: <Future finished exception=NetworkError('Connection closed by remote server, closing code 1006')>
ccxt.base.errors.NetworkError: Connection closed by remote server, closing code 1006
2026-06-25 02:45:08 | ERROR    | [asyncio.base_events:call_exception_handler:1797] - [asyncio] Future exception was never retrieved
future: <Future finished exception=NetworkError('Connection closed by remote server, closing code 1006')>
ccxt.base.errors.NetworkError: Connection closed by remote server, closing code 1006
2026-06-25 02:45:08 | ERROR    | [asyncio.base_events:call_exception_handler:1797] - [asyncio] Future exception was never retrieved
future: <Future finished exception=NetworkError('Connection closed by remote server, closing code 1006')>
ccxt.base.errors.NetworkError: Connection closed by remote server, closing code 1006
2026-06-25 02:45:08 | ERROR    | [asyncio.base_events:call_exception_handler:1797] - [asyncio] Future exception was never retrieved
future: <Future finished exception=NetworkError('Connection closed by remote server, closing code 1006')>
ccxt.base.errors.NetworkError: Connection closed by remote server, closing code 1006
2026-06-25 02:45:08 | ERROR    | [asyncio.base_events:call_exception_handler:1797] - [asyncio] Future exception was never retrieved
future: <Future finished exception=NetworkError('Connection closed by remote server, closing code 1006')>
ccxt.base.errors.NetworkError: Connection closed by remote server, closing code 1006
2026-06-25 02:45:08 | ERROR    | [asyncio.base_events:call_exception_handler:1797] - [asyncio] Future exception was never retrieved
future: <Future finished exception=NetworkError('Connection closed by remote server, closing code 1006')>
ccxt.base.errors.NetworkError: Connection closed by remote server, closing code 1006
2026-06-25 02:45:08 | ERROR    | [asyncio.base_events:call_exception_handler:1797] - [asyncio] Future exception was never retrieved
future: <Future finished exception=NetworkError('Connection closed by remote server, closing code 1006')>
ccxt.base.errors.NetworkError: Connection closed by remote server, closing code 1006
2026-06-25 02:45:08 | ERROR    | [asyncio.base_events:call_exception_handler:1797] - [asyncio] Future exception was never retrieved
future: <Future finished exception=NetworkError('Connection closed by remote server, closing code 1006')>
ccxt.base.errors.NetworkError: Connection closed by remote server, closing code 1006
2026-06-25 02:45:08 | ERROR    | [asyncio.base_events:call_exception_handler:1797] - [asyncio] Future exception was never retrieved
future: <Future finished exception=NetworkError('Connection closed by remote server, closing code 1006')>
ccxt.base.errors.NetworkError: Connection closed by remote server, closing code 1006
2026-06-25 02:45:08 | ERROR    | [asyncio.base_events:call_exception_handler:1797] - [asyncio] Future exception was never retrieved
future: <Future finished exception=NetworkError('Connection closed by remote server, closing code 1006')>
ccxt.base.errors.NetworkError: Connection closed by remote server, closing code 1006
2026-06-25 02:45:08 | ERROR    | [asyncio.base_events:call_exception_handler:1797] - [asyncio] Future exception was never retrieved
future: <Future finished exception=NetworkError('Connection closed by remote server, closing code 1006')>
ccxt.base.errors.NetworkError: Connection closed by remote server, closing code 1006
2026-06-25 02:45:08 | ERROR    | [asyncio.base_events:call_exception_handler:1797] - [asyncio] Future exception was never retrieved
future: <Future finished exception=NetworkError('Connection closed by remote server, closing code 1006')>
ccxt.base.errors.NetworkError: Connection closed by remote server, closing code 1006
2026-06-25 02:45:08 | ERROR    | [asyncio.base_events:call_exception_handler:1797] - [asyncio] Future exception was never retrieved
future: <Future finished exception=NetworkError('Connection closed by remote server, closing code 1006')>
ccxt.base.errors.NetworkError: Connection closed by remote server, closing code 1006
2026-06-25 02:45:08 | ERROR    | [asyncio.base_events:call_exception_handler:1797] - [asyncio] Future exception was never retrieved
future: <Future finished exception=NetworkError('Connection closed by remote server, closing code 1006')>
ccxt.base.errors.NetworkError: Connection closed by remote server, closing code 1006
2026-06-25 02:45:08 | ERROR    | [asyncio.base_events:call_exception_handler:1797] - [asyncio] Future exception was never retrieved
future: <Future finished exception=NetworkError('Connection closed by remote server, closing code 1006')>
ccxt.base.errors.NetworkError: Connection closed by remote server, closing code 1006
2026-06-25 02:45:08 | ERROR    | [asyncio.base_events:call_exception_handler:1797] - [asyncio] Future exception was never retrieved
future: <Future finished exception=NetworkError('Connection closed by remote server, closing code 1006')>
ccxt.base.errors.NetworkError: Connection closed by remote server, closing code 1006
2026-06-25 02:45:08 | ERROR    | [asyncio.base_events:call_exception_handler:1797] - [asyncio] Future exception was never retrieved
future: <Future finished exception=NetworkError('Connection closed by remote server, closing code 1006')>
ccxt.base.errors.NetworkError: Connection closed by remote server, closing code 1006
2026-06-25 02:45:08 | ERROR    | [asyncio.base_events:call_exception_handler:1797] - [asyncio] Future exception was never retrieved
future: <Future finished exception=NetworkError('Connection closed by remote server, closing code 1006')>
ccxt.base.errors.NetworkError: Connection closed by remote server, closing code 1006
2026-06-25 02:45:08 | ERROR    | [asyncio.base_events:call_exception_handler:1797] - [asyncio] Future exception was never retrieved
future: <Future finished exception=NetworkError('Connection closed by remote server, closing code 1006')>
ccxt.base.errors.NetworkError: Connection closed by remote server, closing code 1006
2026-06-25 02:45:08 | ERROR    | [asyncio.base_events:call_exception_handler:1797] - [asyncio] Future exception was never retrieved
future: <Future finished exception=NetworkError('Connection closed by remote server, closing code 1006')>
ccxt.base.errors.NetworkError: Connection closed by remote server, closing code 1006
2026-06-25 02:45:08 | ERROR    | [asyncio.base_events:call_exception_handler:1797] - [asyncio] Future exception was never retrieved
future: <Future finished exception=NetworkError('Connection closed by remote server, closing code 1006')>
ccxt.base.errors.NetworkError: Connection closed by remote server, closing code 1006
2026-06-25 02:45:08 | ERROR    | [asyncio.base_events:call_exception_handler:1797] - [asyncio] Future exception was never retrieved
future: <Future finished exception=NetworkError('Connection closed by remote server, closing code 1006')>
ccxt.base.errors.NetworkError: Connection closed by remote server, closing code 1006
2026-06-25 02:45:08 | ERROR    | [asyncio.base_events:call_exception_handler:1797] - [asyncio] Future exception was never retrieved
future: <Future finished exception=NetworkError('Connection closed by remote server, closing code 1006')>
ccxt.base.errors.NetworkError: Connection closed by remote server, closing code 1006
2026-06-25 02:45:08 | ERROR    | [asyncio.base_events:call_exception_handler:1797] - [asyncio] Future exception was never retrieved
future: <Future finished exception=NetworkError('Connection closed by remote server, closing code 1006')>
ccxt.base.errors.NetworkError: Connection closed by remote server, closing code 1006
2026-06-25 02:45:08 | ERROR    | [asyncio.base_events:call_exception_handler:1797] - [asyncio] Future exception was never retrieved
future: <Future finished exception=NetworkError('Connection closed by remote server, closing code 1006')>
ccxt.base.errors.NetworkError: Connection closed by remote server, closing code 1006
2026-06-25 02:45:08 | ERROR    | [asyncio.base_events:call_exception_handler:1797] - [asyncio] Future exception was never retrieved
future: <Future finished exception=NetworkError('Connection closed by remote server, closing code 1006')>
ccxt.base.errors.NetworkError: Connection closed by remote server, closing code 1006
2026-06-25 02:45:08 | ERROR    | [asyncio.base_events:call_exception_handler:1797] - [asyncio] Future exception was never retrieved
future: <Future finished exception=NetworkError('Connection closed by remote server, closing code 1006')>
ccxt.base.errors.NetworkError: Connection closed by remote server, closing code 1006
2026-06-25 02:45:08 | ERROR    | [asyncio.base_events:call_exception_handler:1797] - [asyncio] Future exception was never retrieved
future: <Future finished exception=NetworkError('Connection closed by remote server, closing code 1006')>
ccxt.base.errors.NetworkError: Connection closed by remote server, closing code 1006
2026-06-25 02:45:08 | ERROR    | [asyncio.base_events:call_exception_handler:1797] - [asyncio] Future exception was never retrieved
future: <Future finished exception=NetworkError('Connection closed by remote server, closing code 1006')>
ccxt.base.errors.NetworkError: Connection closed by remote server, closing code 1006
2026-06-25 02:45:08 | ERROR    | [asyncio.base_events:call_exception_handler:1797] - [asyncio] Future exception was never retrieved
future: <Future finished exception=NetworkError('Connection closed by remote server, closing code 1006')>
ccxt.base.errors.NetworkError: Connection closed by remote server, closing code 1006
2026-06-25 02:45:08 | ERROR    | [asyncio.base_events:call_exception_handler:1797] - [asyncio] Future exception was never retrieved
future: <Future finished exception=NetworkError('Connection closed by remote server, closing code 1006')>
ccxt.base.errors.NetworkError: Connection closed by remote server, closing code 1006
2026-06-25 02:45:08 | ERROR    | [asyncio.base_events:call_exception_handler:1797] - [asyncio] Future exception was never retrieved
future: <Future finished exception=NetworkError('Connection closed by remote server, closing code 1006')>
ccxt.base.errors.NetworkError: Connection closed by remote server, closing code 1006
2026-06-25 02:45:08 | ERROR    | [asyncio.base_events:call_exception_handler:1797] - [asyncio] Future exception was never retrieved
future: <Future finished exception=NetworkError('Connection closed by remote server, closing code 1006')>
ccxt.base.errors.NetworkError: Connection closed by remote server, closing code 1006
2026-06-25 02:45:08 | ERROR    | [asyncio.base_events:call_exception_handler:1797] - [asyncio] Future exception was never retrieved
future: <Future finished exception=NetworkError('Connection closed by remote server, closing code 1006')>
ccxt.base.errors.NetworkError: Connection closed by remote server, closing code 1006
2026-06-25 02:45:08 | ERROR    | [asyncio.base_events:call_exception_handler:1797] - [asyncio] Future exception was never retrieved
future: <Future finished exception=NetworkError('Connection closed by remote server, closing code 1006')>
ccxt.base.errors.NetworkError: Connection closed by remote server, closing code 1006
2026-06-25 02:45:08 | ERROR    | [asyncio.base_events:call_exception_handler:1797] - [asyncio] Future exception was never retrieved
future: <Future finished exception=NetworkError('Connection closed by remote server, closing code 1006')>
ccxt.base.errors.NetworkError: Connection closed by remote server, closing code 1006
2026-06-25 02:45:08 | ERROR    | [asyncio.base_events:call_exception_handler:1797] - [asyncio] Future exception was never retrieved
future: <Future finished exception=NetworkError('Connection closed by remote server, closing code 1006')>
ccxt.base.errors.NetworkError: Connection closed by remote server, closing code 1006
2026-06-25 02:45:08 | ERROR    | [asyncio.base_events:call_exception_handler:1797] - [asyncio] Future exception was never retrieved
future: <Future finished exception=NetworkError('Connection closed by remote server, closing code 1006')>
ccxt.base.errors.NetworkError: Connection closed by remote server, closing code 1006
2026-06-25 02:45:08 | ERROR    | [arbitrator.exchanges.ccxt_base:_watch_chunk:837] - watch_tickers error | exchange=bitget chunk=9 symbols=27
Traceback (most recent call last):

  File "c:\Users\dev_home\.cursor\extensions\ms-python.debugpy-2026.6.0-win32-x64\bundled\libs\debugpy\_vendored\pydevd\_pydev_bundle\pydev_monkey.py", line 1134, in __call__
    ret = self.original_func(*self.args, **self.kwargs)
          │    │              │    │       │    └ {}
          │    │              │    │       └ <_pydev_bundle.pydev_monkey._NewThreadStartupWithTrace object at 0x000002DA0AC60750>
          │    │              │    └ ()
          │    │              └ <_pydev_bundle.pydev_monkey._NewThreadStartupWithTrace object at 0x000002DA0AC60750>
          │    └ <bound method Thread._bootstrap of <Thread(screener-stream:1, started daemon 16440)>>
          └ <_pydev_bundle.pydev_monkey._NewThreadStartupWithTrace object at 0x000002DA0AC60750>

  File "C:\Users\dev_home\AppData\Local\Programs\Python\Python311\Lib\threading.py", line 1002, in _bootstrap
    self._bootstrap_inner()
    │    └ <function Thread._bootstrap_inner at 0x000002DA55A91300>
    └ <Thread(screener-stream:1, started daemon 16440)>
  File "C:\Users\dev_home\AppData\Local\Programs\Python\Python311\Lib\threading.py", line 1045, in _bootstrap_inner
    self.run()
    │    └ <function Thread.run at 0x000002DA55A90FE0>
    └ <Thread(screener-stream:1, started daemon 16440)>
  File "C:\Users\dev_home\AppData\Local\Programs\Python\Python311\Lib\threading.py", line 982, in run
    self._target(*self._args, **self._kwargs)
    │    │        │    │        │    └ {}
    │    │        │    │        └ <Thread(screener-stream:1, started daemon 16440)>
    │    │        │    └ ()
    │    │        └ <Thread(screener-stream:1, started daemon 16440)>
    │    └ <bound method ScreenerStreamWorker._thread_main of <arbitrator.application.screener_stream_worker.ScreenerStreamWorker object...
    └ <Thread(screener-stream:1, started daemon 16440)>

  File "C:\shere-folder\arbitrator\src\arbitrator\application\screener_stream_worker.py", line 77, in _thread_main
    asyncio.run(self._async_main())
    │       │   │    └ <function ScreenerStreamWorker._async_main at 0x000002DA0A65F740>
    │       │   └ <arbitrator.application.screener_stream_worker.ScreenerStreamWorker object at 0x000002DA0A69ED10>
    │       └ <function run at 0x000002DA58D03E20>
    └ <module 'asyncio' from 'C:\\Users\\dev_home\\AppData\\Local\\Programs\\Python\\Python311\\Lib\\asyncio\\__init__.py'>

  File "C:\Users\dev_home\AppData\Local\Programs\Python\Python311\Lib\asyncio\runners.py", line 190, in run
    return runner.run(main)
           │      │   └ <coroutine object ScreenerStreamWorker._async_main at 0x000002DA5BD82AC0>
           │      └ <function Runner.run at 0x000002DA58D30680>
           └ <asyncio.runners.Runner object at 0x000002DA0A63DF10>
  File "C:\Users\dev_home\AppData\Local\Programs\Python\Python311\Lib\asyncio\runners.py", line 118, in run
    return self._loop.run_until_complete(task)
           │    │     │                  └ <Task pending name='Task-222' coro=<ScreenerStreamWorker._async_main() running at C:\shere-folder\arbitrator\src\arbitrator\a...
           │    │     └ <function BaseEventLoop.run_until_complete at 0x000002DA58D2A0C0>
           │    └ <ProactorEventLoop running=True closed=False debug=False>
           └ <asyncio.runners.Runner object at 0x000002DA0A63DF10>
  File "C:\Users\dev_home\AppData\Local\Programs\Python\Python311\Lib\asyncio\base_events.py", line 640, in run_until_complete
    self.run_forever()
    │    └ <function ProactorEventLoop.run_forever at 0x000002DA58DAC040>
    └ <ProactorEventLoop running=True closed=False debug=False>
  File "C:\Users\dev_home\AppData\Local\Programs\Python\Python311\Lib\asyncio\windows_events.py", line 321, in run_forever
    super().run_forever()
  File "C:\Users\dev_home\AppData\Local\Programs\Python\Python311\Lib\asyncio\base_events.py", line 607, in run_forever
    self._run_once()
    │    └ <function BaseEventLoop._run_once at 0x000002DA58D2BE20>
    └ <ProactorEventLoop running=True closed=False debug=False>
  File "C:\Users\dev_home\AppData\Local\Programs\Python\Python311\Lib\asyncio\base_events.py", line 1922, in _run_once
    handle._run()
    │      └ <function Handle._run at 0x000002DA58B93880>
    └ <Handle Task.task_wakeup(<Future finis...g code 1006')>)>
  File "C:\Users\dev_home\AppData\Local\Programs\Python\Python311\Lib\asyncio\events.py", line 80, in _run
    self._context.run(self._callback, *self._args)
    │    │            │    │           │    └ <member '_args' of 'Handle' objects>
    │    │            │    │           └ <Handle Task.task_wakeup(<Future finis...g code 1006')>)>
    │    │            │    └ <member '_callback' of 'Handle' objects>
    │    │            └ <Handle Task.task_wakeup(<Future finis...g code 1006')>)>
    │    └ <member '_context' of 'Handle' objects>
    └ <Handle Task.task_wakeup(<Future finis...g code 1006')>)>

> File "C:\shere-folder\arbitrator\src\arbitrator\exchanges\ccxt_base.py", line 833, in _watch_chunk
    payload = await client.watch_tickers(chunk)
                    │      │             └ ['XAU/USDT:USDT', 'XAUT/USDT:USDT', 'XLM/USDT:USDT', 'XMR/USDT:USDT', 'XPD/USDT:USDT', 'XPIN/USDT:USDT', 'XPL/USDT:USDT', 'XP...
                    │      └ <function bitget.watch_tickers at 0x000002DA61919DA0>
                    └ ccxt.async_support.bitget()

  File "C:\shere-folder\arbitrator\.venv\Lib\site-packages\ccxt\pro\bitget.py", line 205, in watch_tickers
    tickers = await self.watch_public_multiple(uta, messageHashes, topics, params)
                    │    │                     │    │              │       └ {}
                    │    │                     │    │              └ [{'instType': 'USDT-FUTURES', 'channel': 'ticker', 'instId': 'XAUUSDT'}, {'instType': 'USDT-FUTURES', 'channel': 'ticker', 'i...
                    │    │                     │    └ ['ticker:XAU/USDT:USDT', 'ticker:XAUT/USDT:USDT', 'ticker:XLM/USDT:USDT', 'ticker:XMR/USDT:USDT', 'ticker:XPD/USDT:USDT', 'ti...
                    │    │                     └ False
                    │    └ <function bitget.watch_public_multiple at 0x000002DA6191B420>
                    └ ccxt.async_support.bitget()
  File "C:\shere-folder\arbitrator\.venv\Lib\site-packages\ccxt\pro\bitget.py", line 2324, in watch_public_multiple
    return await self.watch_multiple(url, messageHashes, message, messageHashes)
                 │    │              │    │              │        └ ['ticker:XAU/USDT:USDT', 'ticker:XAUT/USDT:USDT', 'ticker:XLM/USDT:USDT', 'ticker:XMR/USDT:USDT', 'ticker:XPD/USDT:USDT', 'ti...
                 │    │              │    │              └ {'op': 'subscribe', 'args': [{'instType': 'USDT-FUTURES', 'channel': 'ticker', 'instId': 'XAUUSDT'}, {'instType': 'USDT-FUTUR...
                 │    │              │    └ ['ticker:XAU/USDT:USDT', 'ticker:XAUT/USDT:USDT', 'ticker:XLM/USDT:USDT', 'ticker:XMR/USDT:USDT', 'ticker:XPD/USDT:USDT', 'ti...
                 │    │              └ 'wss://ws.bitget.com/v2/ws/public'
                 │    └ <function Exchange.watch_multiple at 0x000002DA5FFB11C0>
                 └ ccxt.async_support.bitget()

ccxt.base.errors.NetworkError: Connection closed by remote server, closing code 1006
2026-06-25 02:45:08 | DEBUG    | [arbitrator.exchanges.ccxt_base:_watch_chunk:844] - Retrying chunk after delay | exchange=bitget chunk=9 delay_s=5.0
2026-06-25 02:45:08 | ERROR    | [arbitrator.exchanges.ccxt_base:_watch_chunk:837] - watch_tickers error | exchange=bitget chunk=2 symbols=50
Traceback (most recent call last):

  File "c:\Users\dev_home\.cursor\extensions\ms-python.debugpy-2026.6.0-win32-x64\bundled\libs\debugpy\_vendored\pydevd\_pydev_bundle\pydev_monkey.py", line 1134, in __call__
    ret = self.original_func(*self.args, **self.kwargs)
          │    │              │    │       │    └ {}
          │    │              │    │       └ <_pydev_bundle.pydev_monkey._NewThreadStartupWithTrace object at 0x000002DA0AC60750>
          │    │              │    └ ()
          │    │              └ <_pydev_bundle.pydev_monkey._NewThreadStartupWithTrace object at 0x000002DA0AC60750>
          │    └ <bound method Thread._bootstrap of <Thread(screener-stream:1, started daemon 16440)>>
          └ <_pydev_bundle.pydev_monkey._NewThreadStartupWithTrace object at 0x000002DA0AC60750>

  File "C:\Users\dev_home\AppData\Local\Programs\Python\Python311\Lib\threading.py", line 1002, in _bootstrap
    self._bootstrap_inner()
    │    └ <function Thread._bootstrap_inner at 0x000002DA55A91300>
    └ <Thread(screener-stream:1, started daemon 16440)>
  File "C:\Users\dev_home\AppData\Local\Programs\Python\Python311\Lib\threading.py", line 1045, in _bootstrap_inner
    self.run()
    │    └ <function Thread.run at 0x000002DA55A90FE0>
    └ <Thread(screener-stream:1, started daemon 16440)>
  File "C:\Users\dev_home\AppData\Local\Programs\Python\Python311\Lib\threading.py", line 982, in run
    self._target(*self._args, **self._kwargs)
    │    │        │    │        │    └ {}
    │    │        │    │        └ <Thread(screener-stream:1, started daemon 16440)>
    │    │        │    └ ()
    │    │        └ <Thread(screener-stream:1, started daemon 16440)>
    │    └ <bound method ScreenerStreamWorker._thread_main of <arbitrator.application.screener_stream_worker.ScreenerStreamWorker object...
    └ <Thread(screener-stream:1, started daemon 16440)>

  File "C:\shere-folder\arbitrator\src\arbitrator\application\screener_stream_worker.py", line 77, in _thread_main
    asyncio.run(self._async_main())
    │       │   │    └ <function ScreenerStreamWorker._async_main at 0x000002DA0A65F740>
    │       │   └ <arbitrator.application.screener_stream_worker.ScreenerStreamWorker object at 0x000002DA0A69ED10>
    │       └ <function run at 0x000002DA58D03E20>
    └ <module 'asyncio' from 'C:\\Users\\dev_home\\AppData\\Local\\Programs\\Python\\Python311\\Lib\\asyncio\\__init__.py'>

  File "C:\Users\dev_home\AppData\Local\Programs\Python\Python311\Lib\asyncio\runners.py", line 190, in run
    return runner.run(main)
           │      │   └ <coroutine object ScreenerStreamWorker._async_main at 0x000002DA5BD82AC0>
           │      └ <function Runner.run at 0x000002DA58D30680>
           └ <asyncio.runners.Runner object at 0x000002DA0A63DF10>
  File "C:\Users\dev_home\AppData\Local\Programs\Python\Python311\Lib\asyncio\runners.py", line 118, in run
    return self._loop.run_until_complete(task)
           │    │     │                  └ <Task pending name='Task-222' coro=<ScreenerStreamWorker._async_main() running at C:\shere-folder\arbitrator\src\arbitrator\a...
           │    │     └ <function BaseEventLoop.run_until_complete at 0x000002DA58D2A0C0>
           │    └ <ProactorEventLoop running=True closed=False debug=False>
           └ <asyncio.runners.Runner object at 0x000002DA0A63DF10>
  File "C:\Users\dev_home\AppData\Local\Programs\Python\Python311\Lib\asyncio\base_events.py", line 640, in run_until_complete
    self.run_forever()
    │    └ <function ProactorEventLoop.run_forever at 0x000002DA58DAC040>
    └ <ProactorEventLoop running=True closed=False debug=False>
  File "C:\Users\dev_home\AppData\Local\Programs\Python\Python311\Lib\asyncio\windows_events.py", line 321, in run_forever
    super().run_forever()
  File "C:\Users\dev_home\AppData\Local\Programs\Python\Python311\Lib\asyncio\base_events.py", line 607, in run_forever
    self._run_once()
    │    └ <function BaseEventLoop._run_once at 0x000002DA58D2BE20>
    └ <ProactorEventLoop running=True closed=False debug=False>
  File "C:\Users\dev_home\AppData\Local\Programs\Python\Python311\Lib\asyncio\base_events.py", line 1922, in _run_once
    handle._run()
    │      └ <function Handle._run at 0x000002DA58B93880>
    └ <Handle Task.task_wakeup(<Future finis...g code 1006')>)>
  File "C:\Users\dev_home\AppData\Local\Programs\Python\Python311\Lib\asyncio\events.py", line 80, in _run
    self._context.run(self._callback, *self._args)
    │    │            │    │           │    └ <member '_args' of 'Handle' objects>
    │    │            │    │           └ <Handle Task.task_wakeup(<Future finis...g code 1006')>)>
    │    │            │    └ <member '_callback' of 'Handle' objects>
    │    │            └ <Handle Task.task_wakeup(<Future finis...g code 1006')>)>
    │    └ <member '_context' of 'Handle' objects>
    └ <Handle Task.task_wakeup(<Future finis...g code 1006')>)>

> File "C:\shere-folder\arbitrator\src\arbitrator\exchanges\ccxt_base.py", line 833, in _watch_chunk
    payload = await client.watch_tickers(chunk)
                    │      │             └ ['CELR/USDT:USDT', 'CETUS/USDT:USDT', 'CFG/USDT:USDT', 'CFX/USDT:USDT', 'CGPT/USDT:USDT', 'CHILLGUY/USDT:USDT', 'CHIP/USDT:US...
                    │      └ <function bitget.watch_tickers at 0x000002DA61919DA0>
                    └ ccxt.async_support.bitget()

  File "C:\shere-folder\arbitrator\.venv\Lib\site-packages\ccxt\pro\bitget.py", line 205, in watch_tickers
    tickers = await self.watch_public_multiple(uta, messageHashes, topics, params)
                    │    │                     │    │              │       └ {}
                    │    │                     │    │              └ [{'instType': 'USDT-FUTURES', 'channel': 'ticker', 'instId': 'CELRUSDT'}, {'instType': 'USDT-FUTURES', 'channel': 'ticker', '...
                    │    │                     │    └ ['ticker:CELR/USDT:USDT', 'ticker:CETUS/USDT:USDT', 'ticker:CFG/USDT:USDT', 'ticker:CFX/USDT:USDT', 'ticker:CGPT/USDT:USDT', ...
                    │    │                     └ False
                    │    └ <function bitget.watch_public_multiple at 0x000002DA6191B420>
                    └ ccxt.async_support.bitget()
  File "C:\shere-folder\arbitrator\.venv\Lib\site-packages\ccxt\pro\bitget.py", line 2324, in watch_public_multiple
    return await self.watch_multiple(url, messageHashes, message, messageHashes)
                 │    │              │    │              │        └ ['ticker:CELR/USDT:USDT', 'ticker:CETUS/USDT:USDT', 'ticker:CFG/USDT:USDT', 'ticker:CFX/USDT:USDT', 'ticker:CGPT/USDT:USDT', ...
                 │    │              │    │              └ {'op': 'subscribe', 'args': [{'instType': 'USDT-FUTURES', 'channel': 'ticker', 'instId': 'CELRUSDT'}, {'instType': 'USDT-FUTU...
                 │    │              │    └ ['ticker:CELR/USDT:USDT', 'ticker:CETUS/USDT:USDT', 'ticker:CFG/USDT:USDT', 'ticker:CFX/USDT:USDT', 'ticker:CGPT/USDT:USDT', ...
                 │    │              └ 'wss://ws.bitget.com/v2/ws/public'
                 │    └ <function Exchange.watch_multiple at 0x000002DA5FFB11C0>
                 └ ccxt.async_support.bitget()

ccxt.base.errors.NetworkError: Connection closed by remote server, closing code 1006
2026-06-25 02:45:08 | DEBUG    | [arbitrator.exchanges.ccxt_base:_watch_chunk:844] - Retrying chunk after delay | exchange=bitget chunk=2 delay_s=5.0
2026-06-25 02:45:08 | ERROR    | [arbitrator.exchanges.ccxt_base:_watch_chunk:837] - watch_tickers error | exchange=bitget chunk=7 symbols=50
Traceback (most recent call last):

  File "c:\Users\dev_home\.cursor\extensions\ms-python.debugpy-2026.6.0-win32-x64\bundled\libs\debugpy\_vendored\pydevd\_pydev_bundle\pydev_monkey.py", line 1134, in __call__
    ret = self.original_func(*self.args, **self.kwargs)
          │    │              │    │       │    └ {}
          │    │              │    │       └ <_pydev_bundle.pydev_monkey._NewThreadStartupWithTrace object at 0x000002DA0AC60750>
          │    │              │    └ ()
          │    │              └ <_pydev_bundle.pydev_monkey._NewThreadStartupWithTrace object at 0x000002DA0AC60750>
          │    └ <bound method Thread._bootstrap of <Thread(screener-stream:1, started daemon 16440)>>
          └ <_pydev_bundle.pydev_monkey._NewThreadStartupWithTrace object at 0x000002DA0AC60750>

  File "C:\Users\dev_home\AppData\Local\Programs\Python\Python311\Lib\threading.py", line 1002, in _bootstrap
    self._bootstrap_inner()
    │    └ <function Thread._bootstrap_inner at 0x000002DA55A91300>
    └ <Thread(screener-stream:1, started daemon 16440)>
  File "C:\Users\dev_home\AppData\Local\Programs\Python\Python311\Lib\threading.py", line 1045, in _bootstrap_inner
    self.run()
    │    └ <function Thread.run at 0x000002DA55A90FE0>
    └ <Thread(screener-stream:1, started daemon 16440)>
  File "C:\Users\dev_home\AppData\Local\Programs\Python\Python311\Lib\threading.py", line 982, in run
    self._target(*self._args, **self._kwargs)
    │    │        │    │        │    └ {}
    │    │        │    │        └ <Thread(screener-stream:1, started daemon 16440)>
    │    │        │    └ ()
    │    │        └ <Thread(screener-stream:1, started daemon 16440)>
    │    └ <bound method ScreenerStreamWorker._thread_main of <arbitrator.application.screener_stream_worker.ScreenerStreamWorker object...
    └ <Thread(screener-stream:1, started daemon 16440)>

  File "C:\shere-folder\arbitrator\src\arbitrator\application\screener_stream_worker.py", line 77, in _thread_main
    asyncio.run(self._async_main())
    │       │   │    └ <function ScreenerStreamWorker._async_main at 0x000002DA0A65F740>
    │       │   └ <arbitrator.application.screener_stream_worker.ScreenerStreamWorker object at 0x000002DA0A69ED10>
    │       └ <function run at 0x000002DA58D03E20>
    └ <module 'asyncio' from 'C:\\Users\\dev_home\\AppData\\Local\\Programs\\Python\\Python311\\Lib\\asyncio\\__init__.py'>

  File "C:\Users\dev_home\AppData\Local\Programs\Python\Python311\Lib\asyncio\runners.py", line 190, in run
    return runner.run(main)
           │      │   └ <coroutine object ScreenerStreamWorker._async_main at 0x000002DA5BD82AC0>
           │      └ <function Runner.run at 0x000002DA58D30680>
           └ <asyncio.runners.Runner object at 0x000002DA0A63DF10>
  File "C:\Users\dev_home\AppData\Local\Programs\Python\Python311\Lib\asyncio\runners.py", line 118, in run
    return self._loop.run_until_complete(task)
           │    │     │                  └ <Task pending name='Task-222' coro=<ScreenerStreamWorker._async_main() running at C:\shere-folder\arbitrator\src\arbitrator\a...
           │    │     └ <function BaseEventLoop.run_until_complete at 0x000002DA58D2A0C0>
           │    └ <ProactorEventLoop running=True closed=False debug=False>
           └ <asyncio.runners.Runner object at 0x000002DA0A63DF10>
  File "C:\Users\dev_home\AppData\Local\Programs\Python\Python311\Lib\asyncio\base_events.py", line 640, in run_until_complete
    self.run_forever()
    │    └ <function ProactorEventLoop.run_forever at 0x000002DA58DAC040>
    └ <ProactorEventLoop running=True closed=False debug=False>
  File "C:\Users\dev_home\AppData\Local\Programs\Python\Python311\Lib\asyncio\windows_events.py", line 321, in run_forever
    super().run_forever()
  File "C:\Users\dev_home\AppData\Local\Programs\Python\Python311\Lib\asyncio\base_events.py", line 607, in run_forever
    self._run_once()
    │    └ <function BaseEventLoop._run_once at 0x000002DA58D2BE20>
    └ <ProactorEventLoop running=True closed=False debug=False>
  File "C:\Users\dev_home\AppData\Local\Programs\Python\Python311\Lib\asyncio\base_events.py", line 1922, in _run_once
    handle._run()
    │      └ <function Handle._run at 0x000002DA58B93880>
    └ <Handle Task.task_wakeup(<Future finis...g code 1006')>)>
  File "C:\Users\dev_home\AppData\Local\Programs\Python\Python311\Lib\asyncio\events.py", line 80, in _run
    self._context.run(self._callback, *self._args)
    │    │            │    │           │    └ <member '_args' of 'Handle' objects>
    │    │            │    │           └ <Handle Task.task_wakeup(<Future finis...g code 1006')>)>
    │    │            │    └ <member '_callback' of 'Handle' objects>
    │    │            └ <Handle Task.task_wakeup(<Future finis...g code 1006')>)>
    │    └ <member '_context' of 'Handle' objects>
    └ <Handle Task.task_wakeup(<Future finis...g code 1006')>)>

> File "C:\shere-folder\arbitrator\src\arbitrator\exchanges\ccxt_base.py", line 833, in _watch_chunk
    payload = await client.watch_tickers(chunk)
                    │      │             └ ['RVN/USDT:USDT', 'S/USDT:USDT', 'SAFE/USDT:USDT', 'SAHARA/USDT:USDT', 'SAND/USDT:USDT', 'SANTOS/USDT:USDT', 'SAPIEN/USDT:USD...
                    │      └ <function bitget.watch_tickers at 0x000002DA61919DA0>
                    └ ccxt.async_support.bitget()

  File "C:\shere-folder\arbitrator\.venv\Lib\site-packages\ccxt\pro\bitget.py", line 205, in watch_tickers
    tickers = await self.watch_public_multiple(uta, messageHashes, topics, params)
                    │    │                     │    │              │       └ {}
                    │    │                     │    │              └ [{'instType': 'USDT-FUTURES', 'channel': 'ticker', 'instId': 'RVNUSDT'}, {'instType': 'USDT-FUTURES', 'channel': 'ticker', 'i...
                    │    │                     │    └ ['ticker:RVN/USDT:USDT', 'ticker:S/USDT:USDT', 'ticker:SAFE/USDT:USDT', 'ticker:SAHARA/USDT:USDT', 'ticker:SAND/USDT:USDT', '...
                    │    │                     └ False
                    │    └ <function bitget.watch_public_multiple at 0x000002DA6191B420>
                    └ ccxt.async_support.bitget()
  File "C:\shere-folder\arbitrator\.venv\Lib\site-packages\ccxt\pro\bitget.py", line 2324, in watch_public_multiple
    return await self.watch_multiple(url, messageHashes, message, messageHashes)
                 │    │              │    │              │        └ ['ticker:RVN/USDT:USDT', 'ticker:S/USDT:USDT', 'ticker:SAFE/USDT:USDT', 'ticker:SAHARA/USDT:USDT', 'ticker:SAND/USDT:USDT', '...
                 │    │              │    │              └ {'op': 'subscribe', 'args': [{'instType': 'USDT-FUTURES', 'channel': 'ticker', 'instId': 'RVNUSDT'}, {'instType': 'USDT-FUTUR...
                 │    │              │    └ ['ticker:RVN/USDT:USDT', 'ticker:S/USDT:USDT', 'ticker:SAFE/USDT:USDT', 'ticker:SAHARA/USDT:USDT', 'ticker:SAND/USDT:USDT', '...
                 │    │              └ 'wss://ws.bitget.com/v2/ws/public'
                 │    └ <function Exchange.watch_multiple at 0x000002DA5FFB11C0>
                 └ ccxt.async_support.bitget()

ccxt.base.errors.NetworkError: Connection closed by remote server, closing code 1006
2026-06-25 02:45:08 | DEBUG    | [arbitrator.exchanges.ccxt_base:_watch_chunk:844] - Retrying chunk after delay | exchange=bitget chunk=7 delay_s=5.0
