2026-06-26 07:56:44 | INFO     | [starlette.middleware.sessions:send_wrapper:86] - [uvicorn.error] 127.0.0.1:60047 - "WebSocket /_stcore/stream" [accepted]
2026-06-26 07:56:44 | INFO     | [websockets.legacy.server:handler:161] - [uvicorn.error] connection open
2026-06-26 07:56:47 | INFO     | [asyncio.events:_run:80] - [uvicorn.error] connection closed
2026-06-26 07:56:47 | INFO     | [__main__:<module>:16] - Arbitrator starting | exchanges=['mexc', 'bitget', 'gate', 'bingx']
2026-06-26 07:56:47 | INFO     | [__main__:<module>:16] - Arbitrator starting | exchanges=['mexc', 'bitget', 'gate', 'bingx']
2026-06-26 07:56:48 | INFO     | [__main__:<module>:16] - Arbitrator starting | exchanges=['mexc', 'bitget', 'gate', 'bingx']
2026-06-26 07:56:48 | INFO     | [__main__:<module>:16] - Arbitrator starting | exchanges=['mexc', 'bitget', 'gate', 'bingx']
2026-06-26 07:56:48 | INFO     | [arbitrator.presentation.streamlit_app:run:132] - UI run | section=Opportunity
2026-06-26 07:56:48 | INFO     | [arbitrator.presentation.streamlit_app:run:132] - UI run | section=Opportunity
2026-06-26 07:56:49 | INFO     | [arbitrator.presentation.streamlit_app:run:132] - UI run | section=Screener
2026-06-26 07:56:49 | INFO     | [arbitrator.presentation.streamlit_app:run:132] - UI run | section=Screener
2026-06-26 07:56:53 | INFO     | [asyncio.events:_run:80] - [uvicorn.error] connection closed
2026-06-26 07:56:53 | INFO     | [asyncio.events:_run:80] - [uvicorn.error] connection closed
2026-06-26 07:56:58 | INFO     | [__main__:<module>:16] - Arbitrator starting | exchanges=['mexc', 'bitget', 'gate', 'bingx']
2026-06-26 07:56:58 | INFO     | [arbitrator.presentation.streamlit_app:run:132] - UI run | section=Opportunity
2026-06-26 07:57:02 | INFO     | [__main__:<module>:16] - Arbitrator starting | exchanges=['mexc', 'bitget', 'gate', 'bingx']
2026-06-26 07:57:02 | INFO     | [__main__:<module>:16] - Arbitrator starting | exchanges=['mexc', 'bitget', 'gate', 'bingx']
2026-06-26 07:57:02 | INFO     | [__main__:<module>:16] - Arbitrator starting | exchanges=['mexc', 'bitget', 'gate', 'bingx']
2026-06-26 07:57:02 | INFO     | [__main__:<module>:16] - Arbitrator starting | exchanges=['mexc', 'bitget', 'gate', 'bingx']
2026-06-26 07:57:03 | INFO     | [arbitrator.presentation.streamlit_app:run:132] - UI run | section=Opportunity
2026-06-26 07:57:03 | INFO     | [arbitrator.presentation.streamlit_app:run:132] - UI run | section=Opportunity
2026-06-26 07:57:03 | INFO     | [arbitrator.presentation.sidebar.opportunity.opportunity_view:_render_entry_controls:442] - Opportunity manual open | symbol=0G/USDT:USDT short=mexc long=bitget
2026-06-26 07:57:03 | INFO     | [arbitrator.presentation.sidebar.opportunity.opportunity_view:_render_entry_controls:442] - Opportunity manual open | symbol=0G/USDT:USDT short=mexc long=bitget
2026-06-26 07:57:03 | INFO     | [__main__:<module>:16] - Arbitrator starting | exchanges=['mexc', 'bitget', 'gate', 'bingx']
2026-06-26 07:57:03 | INFO     | [arbitrator.presentation.streamlit_app:run:132] - UI run | section=Opportunity
2026-06-26 07:57:03 | INFO     | [arbitrator.presentation.sidebar.opportunity.opportunity_view:_ensure_worker:130] - Opportunity stream worker started | symbol=0G/USDT:USDT short=mexc long=bitget
2026-06-26 07:57:03 | INFO     | [arbitrator.exchanges.ccxt_base:_ensure_open:1117] - Exchange client opened | exchange=mexc
2026-06-26 07:57:04 | INFO     | [arbitrator.exchanges.ccxt_base:_ensure_open:1117] - Exchange client opened | exchange=bitget
2026-06-26 07:57:07 | DEBUG    | [arbitrator.exchanges.ccxt_base:_ensure_markets_loaded:1134] - Markets loaded | exchange=bitget count=1917
2026-06-26 07:57:07 | INFO     | [arbitrator.exchanges.ccxt_base:watch_order_book:225] - Streaming order book | exchange=bitget symbol=0G/USDT:USDT limit=20
2026-06-26 07:57:07 | INFO     | [arbitrator.exchanges.ccxt_base:watch_tickers:201] - Streaming tickers | exchange=bitget symbols=1 mode=bulk chunks=1
2026-06-26 07:57:07 | DEBUG    | [arbitrator.exchanges.ccxt_base:_stream_bulk:965] - Bulk stream chunks | exchange=bitget chunks=1 chunk_size=50
2026-06-26 07:57:11 | DEBUG    | [arbitrator.exchanges.ccxt_base:watch_order_book:237] - watch_order_book unsubscribed, resubscribing | exchange=bitget symbol=0G/USDT:USDT
2026-06-26 07:57:11 | DEBUG    | [arbitrator.exchanges.ccxt_base:watch_order_book:244] - watch_order_book transient, retrying | exchange=bitget symbol=0G/USDT:USDT err=ChecksumError
2026-06-26 07:57:12 | DEBUG    | [arbitrator.exchanges.ccxt_base:_ensure_markets_loaded:1134] - Markets loaded | exchange=mexc count=3215
2026-06-26 07:57:12 | INFO     | [arbitrator.exchanges.ccxt_base:watch_order_book:225] - Streaming order book | exchange=mexc symbol=0G/USDT:USDT limit=20
2026-06-26 07:57:12 | INFO     | [arbitrator.exchanges.ccxt_base:watch_tickers:201] - Streaming tickers | exchange=mexc symbols=1 mode=bulk chunks=1
2026-06-26 07:57:12 | DEBUG    | [arbitrator.exchanges.ccxt_base:_stream_bulk:965] - Bulk stream chunks | exchange=mexc chunks=1 chunk_size=50
2026-06-26 07:57:16 | DEBUG    | [arbitrator.exchanges.ccxt_base:watch_order_book:244] - watch_order_book transient, retrying | exchange=bitget symbol=0G/USDT:USDT err=ChecksumError
2026-06-26 07:57:21 | DEBUG    | [arbitrator.exchanges.ccxt_base:watch_order_book:244] - watch_order_book transient, retrying | exchange=bitget symbol=0G/USDT:USDT err=ChecksumError
2026-06-26 07:57:26 | DEBUG    | [arbitrator.exchanges.ccxt_base:watch_order_book:244] - watch_order_book transient, retrying | exchange=bitget symbol=0G/USDT:USDT err=ChecksumError
2026-06-26 07:57:31 | DEBUG    | [arbitrator.exchanges.ccxt_base:watch_order_book:244] - watch_order_book transient, retrying | exchange=bitget symbol=0G/USDT:USDT err=ChecksumError
2026-06-26 07:57:36 | DEBUG    | [arbitrator.exchanges.ccxt_base:watch_order_book:244] - watch_order_book transient, retrying | exchange=bitget symbol=0G/USDT:USDT err=ChecksumError
2026-06-26 07:57:41 | DEBUG    | [arbitrator.exchanges.ccxt_base:watch_order_book:244] - watch_order_book transient, retrying | exchange=bitget symbol=0G/USDT:USDT err=ChecksumError
2026-06-26 07:57:46 | DEBUG    | [arbitrator.exchanges.ccxt_base:watch_order_book:244] - watch_order_book transient, retrying | exchange=bitget symbol=0G/USDT:USDT err=ChecksumError
2026-06-26 07:57:51 | DEBUG    | [arbitrator.exchanges.ccxt_base:watch_order_book:244] - watch_order_book transient, retrying | exchange=bitget symbol=0G/USDT:USDT err=ChecksumError
2026-06-26 07:57:56 | DEBUG    | [arbitrator.exchanges.ccxt_base:watch_order_book:244] - watch_order_book transient, retrying | exchange=bitget symbol=0G/USDT:USDT err=ChecksumError
2026-06-26 07:58:01 | DEBUG    | [arbitrator.exchanges.ccxt_base:watch_order_book:244] - watch_order_book transient, retrying | exchange=bitget symbol=0G/USDT:USDT err=ChecksumError
2026-06-26 07:58:06 | DEBUG    | [arbitrator.exchanges.ccxt_base:watch_order_book:244] - watch_order_book transient, retrying | exchange=bitget symbol=0G/USDT:USDT err=ChecksumError
2026-06-26 07:58:11 | DEBUG    | [arbitrator.exchanges.ccxt_base:watch_order_book:244] - watch_order_book transient, retrying | exchange=bitget symbol=0G/USDT:USDT err=ChecksumError
2026-06-26 07:58:16 | DEBUG    | [arbitrator.exchanges.ccxt_base:watch_order_book:244] - watch_order_book transient, retrying | exchange=bitget symbol=0G/USDT:USDT err=ChecksumError
2026-06-26 07:58:21 | DEBUG    | [arbitrator.exchanges.ccxt_base:watch_order_book:244] - watch_order_book transient, retrying | exchange=bitget symbol=0G/USDT:USDT err=ChecksumError
2026-06-26 07:58:26 | DEBUG    | [arbitrator.exchanges.ccxt_base:watch_order_book:244] - watch_order_book transient, retrying | exchange=bitget symbol=0G/USDT:USDT err=ChecksumError
2026-06-26 07:58:31 | DEBUG    | [arbitrator.exchanges.ccxt_base:watch_order_book:244] - watch_order_book transient, retrying | exchange=bitget symbol=0G/USDT:USDT err=ChecksumError
2026-06-26 07:58:36 | DEBUG    | [arbitrator.exchanges.ccxt_base:watch_order_book:244] - watch_order_book transient, retrying | exchange=bitget symbol=0G/USDT:USDT err=ChecksumError
2026-06-26 07:58:41 | DEBUG    | [arbitrator.exchanges.ccxt_base:watch_order_book:244] - watch_order_book transient, retrying | exchange=bitget symbol=0G/USDT:USDT err=ChecksumError
2026-06-26 07:58:46 | DEBUG    | [arbitrator.exchanges.ccxt_base:watch_order_book:244] - watch_order_book transient, retrying | exchange=bitget symbol=0G/USDT:USDT err=ChecksumError
2026-06-26 07:58:51 | DEBUG    | [arbitrator.exchanges.ccxt_base:watch_order_book:244] - watch_order_book transient, retrying | exchange=bitget symbol=0G/USDT:USDT err=ChecksumError
2026-06-26 07:58:56 | DEBUG    | [arbitrator.exchanges.ccxt_base:watch_order_book:244] - watch_order_book transient, retrying | exchange=bitget symbol=0G/USDT:USDT err=ChecksumError
2026-06-26 07:59:01 | DEBUG    | [arbitrator.exchanges.ccxt_base:watch_order_book:244] - watch_order_book transient, retrying | exchange=bitget symbol=0G/USDT:USDT err=ChecksumError
2026-06-26 07:59:06 | DEBUG    | [arbitrator.exchanges.ccxt_base:watch_order_book:244] - watch_order_book transient, retrying | exchange=bitget symbol=0G/USDT:USDT err=ChecksumError
2026-06-26 07:59:11 | DEBUG    | [arbitrator.exchanges.ccxt_base:watch_order_book:244] - watch_order_book transient, retrying | exchange=bitget symbol=0G/USDT:USDT err=ChecksumError
2026-06-26 07:59:16 | DEBUG    | [arbitrator.exchanges.ccxt_base:watch_order_book:244] - watch_order_book transient, retrying | exchange=bitget symbol=0G/USDT:USDT err=ChecksumError
2026-06-26 07:59:21 | DEBUG    | [arbitrator.exchanges.ccxt_base:watch_order_book:244] - watch_order_book transient, retrying | exchange=bitget symbol=0G/USDT:USDT err=ChecksumError
2026-06-26 07:59:26 | DEBUG    | [arbitrator.exchanges.ccxt_base:watch_order_book:244] - watch_order_book transient, retrying | exchange=bitget symbol=0G/USDT:USDT err=ChecksumError
2026-06-26 07:59:31 | DEBUG    | [arbitrator.exchanges.ccxt_base:watch_order_book:244] - watch_order_book transient, retrying | exchange=bitget symbol=0G/USDT:USDT err=ChecksumError
2026-06-26 07:59:36 | DEBUG    | [arbitrator.exchanges.ccxt_base:watch_order_book:244] - watch_order_book transient, retrying | exchange=bitget symbol=0G/USDT:USDT err=ChecksumError
2026-06-26 07:59:41 | DEBUG    | [arbitrator.exchanges.ccxt_base:watch_order_book:244] - watch_order_book transient, retrying | exchange=bitget symbol=0G/USDT:USDT err=ChecksumError
2026-06-26 07:59:46 | DEBUG    | [arbitrator.exchanges.ccxt_base:watch_order_book:244] - watch_order_book transient, retrying | exchange=bitget symbol=0G/USDT:USDT err=ChecksumError
2026-06-26 07:59:51 | DEBUG    | [arbitrator.exchanges.ccxt_base:watch_order_book:244] - watch_order_book transient, retrying | exchange=bitget symbol=0G/USDT:USDT err=ChecksumError
2026-06-26 07:59:56 | DEBUG    | [arbitrator.exchanges.ccxt_base:watch_order_book:244] - watch_order_book transient, retrying | exchange=bitget symbol=0G/USDT:USDT err=ChecksumError
2026-06-26 08:00:01 | DEBUG    | [arbitrator.exchanges.ccxt_base:watch_order_book:244] - watch_order_book transient, retrying | exchange=bitget symbol=0G/USDT:USDT err=ChecksumError
2026-06-26 08:00:06 | DEBUG    | [arbitrator.exchanges.ccxt_base:watch_order_book:244] - watch_order_book transient, retrying | exchange=bitget symbol=0G/USDT:USDT err=ChecksumError
2026-06-26 08:00:11 | DEBUG    | [arbitrator.exchanges.ccxt_base:watch_order_book:244] - watch_order_book transient, retrying | exchange=bitget symbol=0G/USDT:USDT err=ChecksumError
2026-06-26 08:00:16 | DEBUG    | [arbitrator.exchanges.ccxt_base:watch_order_book:244] - watch_order_book transient, retrying | exchange=bitget symbol=0G/USDT:USDT err=ChecksumError
2026-06-26 08:00:21 | DEBUG    | [arbitrator.exchanges.ccxt_base:watch_order_book:244] - watch_order_book transient, retrying | exchange=bitget symbol=0G/USDT:USDT err=ChecksumError
2026-06-26 08:00:26 | DEBUG    | [arbitrator.exchanges.ccxt_base:watch_order_book:244] - watch_order_book transient, retrying | exchange=bitget symbol=0G/USDT:USDT err=ChecksumError
2026-06-26 08:00:31 | DEBUG    | [arbitrator.exchanges.ccxt_base:watch_order_book:244] - watch_order_book transient, retrying | exchange=bitget symbol=0G/USDT:USDT err=ChecksumError
2026-06-26 08:00:36 | DEBUG    | [arbitrator.exchanges.ccxt_base:watch_order_book:244] - watch_order_book transient, retrying | exchange=bitget symbol=0G/USDT:USDT err=ChecksumError
2026-06-26 08:00:41 | DEBUG    | [arbitrator.exchanges.ccxt_base:watch_order_book:244] - watch_order_book transient, retrying | exchange=bitget symbol=0G/USDT:USDT err=ChecksumError
2026-06-26 08:00:46 | DEBUG    | [arbitrator.exchanges.ccxt_base:watch_order_book:244] - watch_order_book transient, retrying | exchange=bitget symbol=0G/USDT:USDT err=ChecksumError
2026-06-26 08:00:51 | DEBUG    | [arbitrator.exchanges.ccxt_base:watch_order_book:244] - watch_order_book transient, retrying | exchange=bitget symbol=0G/USDT:USDT err=ChecksumError
2026-06-26 08:00:56 | DEBUG    | [arbitrator.exchanges.ccxt_base:watch_order_book:244] - watch_order_book transient, retrying | exchange=bitget symbol=0G/USDT:USDT err=ChecksumError
2026-06-26 08:01:01 | DEBUG    | [arbitrator.exchanges.ccxt_base:watch_order_book:244] - watch_order_book transient, retrying | exchange=bitget symbol=0G/USDT:USDT err=ChecksumError
2026-06-26 08:01:06 | DEBUG    | [arbitrator.exchanges.ccxt_base:watch_order_book:244] - watch_order_book transient, retrying | exchange=bitget symbol=0G/USDT:USDT err=ChecksumError
2026-06-26 08:01:11 | DEBUG    | [arbitrator.exchanges.ccxt_base:watch_order_book:244] - watch_order_book transient, retrying | exchange=bitget symbol=0G/USDT:USDT err=ChecksumError
2026-06-26 08:01:16 | DEBUG    | [arbitrator.exchanges.ccxt_base:watch_order_book:244] - watch_order_book transient, retrying | exchange=bitget symbol=0G/USDT:USDT err=ChecksumError
2026-06-26 08:01:21 | DEBUG    | [arbitrator.exchanges.ccxt_base:watch_order_book:244] - watch_order_book transient, retrying | exchange=bitget symbol=0G/USDT:USDT err=ChecksumError
2026-06-26 08:01:26 | DEBUG    | [arbitrator.exchanges.ccxt_base:watch_order_book:244] - watch_order_book transient, retrying | exchange=bitget symbol=0G/USDT:USDT err=ChecksumError
2026-06-26 08:01:31 | DEBUG    | [arbitrator.exchanges.ccxt_base:watch_order_book:244] - watch_order_book transient, retrying | exchange=bitget symbol=0G/USDT:USDT err=ChecksumError
2026-06-26 08:01:36 | DEBUG    | [arbitrator.exchanges.ccxt_base:watch_order_book:244] - watch_order_book transient, retrying | exchange=bitget symbol=0G/USDT:USDT err=ChecksumError
2026-06-26 08:01:41 | DEBUG    | [arbitrator.exchanges.ccxt_base:watch_order_book:244] - watch_order_book transient, retrying | exchange=bitget symbol=0G/USDT:USDT err=ChecksumError
2026-06-26 08:01:46 | DEBUG    | [arbitrator.exchanges.ccxt_base:watch_order_book:244] - watch_order_book transient, retrying | exchange=bitget symbol=0G/USDT:USDT err=ChecksumError
2026-06-26 08:01:51 | DEBUG    | [arbitrator.exchanges.ccxt_base:watch_order_book:244] - watch_order_book transient, retrying | exchange=bitget symbol=0G/USDT:USDT err=ChecksumError
2026-06-26 08:01:56 | DEBUG    | [arbitrator.exchanges.ccxt_base:watch_order_book:244] - watch_order_book transient, retrying | exchange=bitget symbol=0G/USDT:USDT err=ChecksumError
2026-06-26 08:02:01 | DEBUG    | [arbitrator.exchanges.ccxt_base:watch_order_book:244] - watch_order_book transient, retrying | exchange=bitget symbol=0G/USDT:USDT err=ChecksumError
2026-06-26 08:02:06 | DEBUG    | [arbitrator.exchanges.ccxt_base:watch_order_book:244] - watch_order_book transient, retrying | exchange=bitget symbol=0G/USDT:USDT err=ChecksumError
2026-06-26 08:02:11 | DEBUG    | [arbitrator.exchanges.ccxt_base:watch_order_book:244] - watch_order_book transient, retrying | exchange=bitget symbol=0G/USDT:USDT err=ChecksumError
2026-06-26 08:02:16 | DEBUG    | [arbitrator.exchanges.ccxt_base:watch_order_book:244] - watch_order_book transient, retrying | exchange=bitget symbol=0G/USDT:USDT err=ChecksumError
2026-06-26 08:02:21 | DEBUG    | [arbitrator.exchanges.ccxt_base:watch_order_book:244] - watch_order_book transient, retrying | exchange=bitget symbol=0G/USDT:USDT err=ChecksumError
2026-06-26 08:02:26 | DEBUG    | [arbitrator.exchanges.ccxt_base:watch_order_book:244] - watch_order_book transient, retrying | exchange=bitget symbol=0G/USDT:USDT err=ChecksumError
2026-06-26 08:02:31 | DEBUG    | [arbitrator.exchanges.ccxt_base:watch_order_book:244] - watch_order_book transient, retrying | exchange=bitget symbol=0G/USDT:USDT err=ChecksumError
2026-06-26 08:02:36 | DEBUG    | [arbitrator.exchanges.ccxt_base:watch_order_book:244] - watch_order_book transient, retrying | exchange=bitget symbol=0G/USDT:USDT err=ChecksumError
2026-06-26 08:02:41 | DEBUG    | [arbitrator.exchanges.ccxt_base:watch_order_book:244] - watch_order_book transient, retrying | exchange=bitget symbol=0G/USDT:USDT err=ChecksumError
2026-06-26 08:02:46 | DEBUG    | [arbitrator.exchanges.ccxt_base:watch_order_book:244] - watch_order_book transient, retrying | exchange=bitget symbol=0G/USDT:USDT err=ChecksumError
2026-06-26 08:02:51 | DEBUG    | [arbitrator.exchanges.ccxt_base:watch_order_book:244] - watch_order_book transient, retrying | exchange=bitget symbol=0G/USDT:USDT err=ChecksumError
2026-06-26 08:02:56 | DEBUG    | [arbitrator.exchanges.ccxt_base:watch_order_book:244] - watch_order_book transient, retrying | exchange=bitget symbol=0G/USDT:USDT err=ChecksumError
2026-06-26 08:03:01 | DEBUG    | [arbitrator.exchanges.ccxt_base:watch_order_book:244] - watch_order_book transient, retrying | exchange=bitget symbol=0G/USDT:USDT err=ChecksumError
2026-06-26 08:03:06 | DEBUG    | [arbitrator.exchanges.ccxt_base:watch_order_book:244] - watch_order_book transient, retrying | exchange=bitget symbol=0G/USDT:USDT err=ChecksumError
2026-06-26 08:03:11 | DEBUG    | [arbitrator.exchanges.ccxt_base:watch_order_book:244] - watch_order_book transient, retrying | exchange=bitget symbol=0G/USDT:USDT err=ChecksumError
2026-06-26 08:03:16 | DEBUG    | [arbitrator.exchanges.ccxt_base:watch_order_book:244] - watch_order_book transient, retrying | exchange=bitget symbol=0G/USDT:USDT err=ChecksumError
2026-06-26 08:03:21 | DEBUG    | [arbitrator.exchanges.ccxt_base:watch_order_book:244] - watch_order_book transient, retrying | exchange=bitget symbol=0G/USDT:USDT err=ChecksumError
2026-06-26 08:03:26 | DEBUG    | [arbitrator.exchanges.ccxt_base:watch_order_book:244] - watch_order_book transient, retrying | exchange=bitget symbol=0G/USDT:USDT err=ChecksumError
2026-06-26 08:03:31 | DEBUG    | [arbitrator.exchanges.ccxt_base:watch_order_book:244] - watch_order_book transient, retrying | exchange=bitget symbol=0G/USDT:USDT err=ChecksumError
2026-06-26 08:03:36 | DEBUG    | [arbitrator.exchanges.ccxt_base:watch_order_book:244] - watch_order_book transient, retrying | exchange=bitget symbol=0G/USDT:USDT err=ChecksumError
2026-06-26 08:03:41 | DEBUG    | [arbitrator.exchanges.ccxt_base:watch_order_book:244] - watch_order_book transient, retrying | exchange=bitget symbol=0G/USDT:USDT err=ChecksumError
2026-06-26 08:03:46 | DEBUG    | [arbitrator.exchanges.ccxt_base:watch_order_book:244] - watch_order_book transient, retrying | exchange=bitget symbol=0G/USDT:USDT err=ChecksumError
2026-06-26 08:03:52 | DEBUG    | [arbitrator.exchanges.ccxt_base:watch_order_book:244] - watch_order_book transient, retrying | exchange=bitget symbol=0G/USDT:USDT err=ChecksumError
2026-06-26 08:03:57 | DEBUG    | [arbitrator.exchanges.ccxt_base:watch_order_book:244] - watch_order_book transient, retrying | exchange=bitget symbol=0G/USDT:USDT err=ChecksumError
2026-06-26 08:04:02 | DEBUG    | [arbitrator.exchanges.ccxt_base:watch_order_book:244] - watch_order_book transient, retrying | exchange=bitget symbol=0G/USDT:USDT err=ChecksumError
2026-06-26 08:04:07 | DEBUG    | [arbitrator.exchanges.ccxt_base:watch_order_book:244] - watch_order_book transient, retrying | exchange=bitget symbol=0G/USDT:USDT err=ChecksumError
2026-06-26 08:04:12 | DEBUG    | [arbitrator.exchanges.ccxt_base:watch_order_book:244] - watch_order_book transient, retrying | exchange=bitget symbol=0G/USDT:USDT err=ChecksumError
2026-06-26 08:04:17 | DEBUG    | [arbitrator.exchanges.ccxt_base:watch_order_book:244] - watch_order_book transient, retrying | exchange=bitget symbol=0G/USDT:USDT err=ChecksumError
2026-06-26 08:04:22 | DEBUG    | [arbitrator.exchanges.ccxt_base:watch_order_book:244] - watch_order_book transient, retrying | exchange=bitget symbol=0G/USDT:USDT err=ChecksumError
2026-06-26 08:04:27 | DEBUG    | [arbitrator.exchanges.ccxt_base:watch_order_book:244] - watch_order_book transient, retrying | exchange=bitget symbol=0G/USDT:USDT err=ChecksumError
2026-06-26 08:04:32 | DEBUG    | [arbitrator.exchanges.ccxt_base:watch_order_book:244] - watch_order_book transient, retrying | exchange=bitget symbol=0G/USDT:USDT err=ChecksumError
2026-06-26 08:04:37 | DEBUG    | [arbitrator.exchanges.ccxt_base:watch_order_book:244] - watch_order_book transient, retrying | exchange=bitget symbol=0G/USDT:USDT err=ChecksumError
2026-06-26 08:04:42 | DEBUG    | [arbitrator.exchanges.ccxt_base:watch_order_book:244] - watch_order_book transient, retrying | exchange=bitget symbol=0G/USDT:USDT err=ChecksumError
2026-06-26 08:04:47 | DEBUG    | [arbitrator.exchanges.ccxt_base:watch_order_book:244] - watch_order_book transient, retrying | exchange=bitget symbol=0G/USDT:USDT err=ChecksumError
2026-06-26 08:04:52 | DEBUG    | [arbitrator.exchanges.ccxt_base:watch_order_book:244] - watch_order_book transient, retrying | exchange=bitget symbol=0G/USDT:USDT err=ChecksumError
2026-06-26 08:04:57 | DEBUG    | [arbitrator.exchanges.ccxt_base:watch_order_book:244] - watch_order_book transient, retrying | exchange=bitget symbol=0G/USDT:USDT err=ChecksumError
2026-06-26 08:05:02 | DEBUG    | [arbitrator.exchanges.ccxt_base:watch_order_book:244] - watch_order_book transient, retrying | exchange=bitget symbol=0G/USDT:USDT err=ChecksumError
2026-06-26 08:05:07 | DEBUG    | [arbitrator.exchanges.ccxt_base:watch_order_book:244] - watch_order_book transient, retrying | exchange=bitget symbol=0G/USDT:USDT err=ChecksumError
2026-06-26 08:05:12 | DEBUG    | [arbitrator.exchanges.ccxt_base:watch_order_book:244] - watch_order_book transient, retrying | exchange=bitget symbol=0G/USDT:USDT err=ChecksumError
