2026-06-25 02:51:55 | INFO     | [__main__:<module>:16] - Arbitrator starting | exchanges=['mexc', 'bitget', 'gate', 'bingx']
2026-06-25 02:51:56 | INFO     | [arbitrator.presentation.streamlit_app:run:104] - UI run | section=Screener
2026-06-25 02:52:01 | INFO     | [__main__:<module>:16] - Arbitrator starting | exchanges=['mexc', 'bitget', 'gate', 'bingx']
2026-06-25 02:52:01 | INFO     | [arbitrator.presentation.streamlit_app:run:104] - UI run | section=Screener
2026-06-25 02:52:01 | INFO     | [arbitrator.presentation.sidebar.screener.screener_view:render:75] - Screener reconnect requested from UI
2026-06-25 02:52:01 | INFO     | [__main__:<module>:16] - Arbitrator starting | exchanges=['mexc', 'bitget', 'gate', 'bingx']
2026-06-25 02:52:01 | INFO     | [arbitrator.presentation.streamlit_app:run:104] - UI run | section=Screener
2026-06-25 02:52:01 | INFO     | [arbitrator.presentation.sidebar.screener.screener_view:_ensure_worker:211] - Screener background worker started | nonce=1 stream_volume_usdt=50000.0
2026-06-25 02:52:01 | INFO     | [arbitrator.application.symbol_universe_service:_filter:111] - Universe filtered | total=1395 after_min_exchanges=728 after_exclusions=727
2026-06-25 02:52:01 | INFO     | [arbitrator.application.screener_stream_worker:_discovery_phase:150] - Volume discovery started | symbols=727 threshold_usdt=50000.0 timeout_s=30.0
2026-06-25 02:52:01 | INFO     | [arbitrator.application.multi_exchange_watcher:_spawn_watchers:52] - Spawning watchers | exchanges=['mexc', 'bitget', 'gate', 'bingx'] symbols={'mexc': 582, 'bitget': 596, 'gate': 661, 'bingx': 473}
2026-06-25 02:52:01 | DEBUG    | [arbitrator.application.multi_exchange_watcher:_watch:72] - Watcher start | exchange=mexc symbols=582
2026-06-25 02:52:02 | INFO     | [arbitrator.exchanges.ccxt_base:_ensure_open:931] - Exchange client opened | exchange=mexc
2026-06-25 02:52:02 | DEBUG    | [arbitrator.application.multi_exchange_watcher:_watch:72] - Watcher start | exchange=bitget symbols=596
2026-06-25 02:52:02 | INFO     | [arbitrator.exchanges.ccxt_base:_ensure_open:931] - Exchange client opened | exchange=bitget
2026-06-25 02:52:02 | DEBUG    | [arbitrator.application.multi_exchange_watcher:_watch:72] - Watcher start | exchange=gate symbols=661
2026-06-25 02:52:03 | INFO     | [arbitrator.exchanges.ccxt_base:_ensure_open:931] - Exchange client opened | exchange=gate
2026-06-25 02:52:03 | DEBUG    | [arbitrator.application.multi_exchange_watcher:_watch:72] - Watcher start | exchange=bingx symbols=473
2026-06-25 02:52:03 | INFO     | [arbitrator.exchanges.ccxt_base:_ensure_open:931] - Exchange client opened | exchange=bingx
2026-06-25 02:52:09 | DEBUG    | [arbitrator.exchanges.ccxt_base:_ensure_markets_loaded:948] - Markets loaded | exchange=bitget count=1913
2026-06-25 02:52:09 | INFO     | [arbitrator.exchanges.ccxt_base:watch_tickers:160] - Streaming tickers | exchange=bitget symbols=596 mode=bulk chunks=12
2026-06-25 02:52:09 | DEBUG    | [arbitrator.exchanges.ccxt_base:_stream_bulk:819] - Bulk stream chunks | exchange=bitget chunks=12 chunk_size=50
2026-06-25 02:52:09 | DEBUG    | [arbitrator.exchanges.ccxt_base:_ensure_markets_loaded:948] - Markets loaded | exchange=bingx count=3026
2026-06-25 02:52:09 | INFO     | [arbitrator.exchanges.ccxt_base:watch_tickers:160] - Streaming tickers | exchange=bingx symbols=473 mode=fanout chunks=-
2026-06-25 02:52:26 | DEBUG    | [arbitrator.exchanges.ccxt_base:_ensure_markets_loaded:948] - Markets loaded | exchange=gate count=5987
2026-06-25 02:52:26 | DEBUG    | [arbitrator.exchanges.gate:watch_tickers:52] - watch_tickers skipped non-tradable contracts | exchange=gate skipped=5
2026-06-25 02:52:26 | INFO     | [arbitrator.exchanges.ccxt_base:watch_tickers:160] - Streaming tickers | exchange=gate symbols=656 mode=bulk chunks=14
2026-06-25 02:52:26 | DEBUG    | [arbitrator.exchanges.ccxt_base:_stream_bulk:819] - Bulk stream chunks | exchange=gate chunks=14 chunk_size=50
2026-06-25 02:52:31 | INFO     | [arbitrator.application.screener_stream_worker:_discovery_phase:177] - Volume discovery timed out | eligible=181 pending=546
2026-06-25 02:52:32 | DEBUG    | [arbitrator.application.multi_exchange_watcher:_watch:86] - Watcher cancelled | exchange=mexc
2026-06-25 02:52:32 | DEBUG    | [arbitrator.application.multi_exchange_watcher:_watch:86] - Watcher cancelled | exchange=bingx
2026-06-25 02:52:32 | DEBUG    | [arbitrator.application.multi_exchange_watcher:_watch:86] - Watcher cancelled | exchange=bitget
2026-06-25 02:52:32 | DEBUG    | [arbitrator.application.multi_exchange_watcher:_watch:86] - Watcher cancelled | exchange=gate
2026-06-25 02:52:32 | DEBUG    | [arbitrator.exchanges.ccxt_base:close:806] - Exchange closed | exchange=mexc
2026-06-25 02:52:34 | DEBUG    | [arbitrator.exchanges.ccxt_base:close:806] - Exchange closed | exchange=bitget
2026-06-25 02:52:34 | DEBUG    | [arbitrator.exchanges.ccxt_base:close:806] - Exchange closed | exchange=gate
2026-06-25 02:52:35 | DEBUG    | [arbitrator.exchanges.ccxt_base:close:806] - Exchange closed | exchange=bingx
2026-06-25 02:52:35 | INFO     | [arbitrator.application.screener_stream_worker:_async_main:124] - Volume gate applied | threshold_usdt=50000.0 eligible=181 rejected=0
2026-06-25 02:52:35 | INFO     | [arbitrator.application.multi_exchange_watcher:_spawn_watchers:52] - Spawning watchers | exchanges=['mexc', 'bitget', 'gate', 'bingx'] symbols={'mexc': 161, 'bitget': 167, 'gate': 163, 'bingx': 158}
2026-06-25 02:52:35 | DEBUG    | [arbitrator.application.multi_exchange_watcher:_watch:72] - Watcher start | exchange=mexc symbols=161
2026-06-25 02:52:35 | INFO     | [arbitrator.exchanges.ccxt_base:_ensure_open:931] - Exchange client opened | exchange=mexc
2026-06-25 02:52:35 | DEBUG    | [arbitrator.application.multi_exchange_watcher:_watch:72] - Watcher start | exchange=bitget symbols=167
2026-06-25 02:52:36 | INFO     | [arbitrator.exchanges.ccxt_base:_ensure_open:931] - Exchange client opened | exchange=bitget
2026-06-25 02:52:36 | DEBUG    | [arbitrator.application.multi_exchange_watcher:_watch:72] - Watcher start | exchange=gate symbols=163
2026-06-25 02:52:36 | INFO     | [arbitrator.exchanges.ccxt_base:_ensure_open:931] - Exchange client opened | exchange=gate
2026-06-25 02:52:36 | DEBUG    | [arbitrator.application.multi_exchange_watcher:_watch:72] - Watcher start | exchange=bingx symbols=158
2026-06-25 02:52:36 | INFO     | [arbitrator.exchanges.ccxt_base:_ensure_open:931] - Exchange client opened | exchange=bingx
2026-06-25 02:52:44 | DEBUG    | [arbitrator.exchanges.ccxt_base:_ensure_markets_loaded:948] - Markets loaded | exchange=bitget count=1913
2026-06-25 02:52:44 | INFO     | [arbitrator.exchanges.ccxt_base:watch_tickers:160] - Streaming tickers | exchange=bitget symbols=167 mode=bulk chunks=4
2026-06-25 02:52:44 | DEBUG    | [arbitrator.exchanges.ccxt_base:_stream_bulk:819] - Bulk stream chunks | exchange=bitget chunks=4 chunk_size=50
2026-06-25 02:52:45 | DEBUG    | [arbitrator.exchanges.ccxt_base:_ensure_markets_loaded:948] - Markets loaded | exchange=bingx count=3026
2026-06-25 02:52:45 | INFO     | [arbitrator.exchanges.ccxt_base:watch_tickers:160] - Streaming tickers | exchange=bingx symbols=158 mode=fanout chunks=-
2026-06-25 02:52:45 | DEBUG    | [arbitrator.exchanges.ccxt_base:_ensure_markets_loaded:948] - Markets loaded | exchange=mexc count=3238
2026-06-25 02:52:46 | DEBUG    | [arbitrator.exchanges.mexc:watch_tickers:52] - watch_tickers skipped non-api contracts | exchange=mexc skipped=3
2026-06-25 02:52:46 | INFO     | [arbitrator.exchanges.ccxt_base:watch_tickers:160] - Streaming tickers | exchange=mexc symbols=158 mode=bulk chunks=4
2026-06-25 02:52:46 | DEBUG    | [arbitrator.exchanges.ccxt_base:_stream_bulk:819] - Bulk stream chunks | exchange=mexc chunks=4 chunk_size=50
2026-06-25 02:52:54 | DEBUG    | [arbitrator.exchanges.ccxt_base:_ensure_markets_loaded:948] - Markets loaded | exchange=gate count=5987
2026-06-25 02:52:54 | INFO     | [arbitrator.exchanges.ccxt_base:watch_tickers:160] - Streaming tickers | exchange=gate symbols=163 mode=bulk chunks=4
2026-06-25 02:52:54 | DEBUG    | [arbitrator.exchanges.ccxt_base:_stream_bulk:819] - Bulk stream chunks | exchange=gate chunks=4 chunk_size=50
2026-06-25 02:53:58 | INFO     | [__main__:<module>:16] - Arbitrator starting | exchanges=['mexc', 'bitget', 'gate', 'bingx']
2026-06-25 02:53:58 | INFO     | [arbitrator.presentation.streamlit_app:run:104] - UI run | section=Screener
2026-06-25 02:53:59 | INFO     | [__main__:<module>:16] - Arbitrator starting | exchanges=['mexc', 'bitget', 'gate', 'bingx']
2026-06-25 02:53:59 | INFO     | [arbitrator.presentation.streamlit_app:run:104] - UI run | section=Screener
2026-06-25 02:54:00 | INFO     | [__main__:<module>:16] - Arbitrator starting | exchanges=['mexc', 'bitget', 'gate', 'bingx']
2026-06-25 02:54:00 | INFO     | [arbitrator.presentation.streamlit_app:run:104] - UI run | section=Screener
2026-06-25 02:54:07 | INFO     | [__main__:<module>:16] - Arbitrator starting | exchanges=['mexc', 'bitget', 'gate', 'bingx']
2026-06-25 02:54:07 | INFO     | [arbitrator.presentation.streamlit_app:run:104] - UI run | section=Opportunity
2026-06-25 02:54:07 | INFO     | [arbitrator.application.screener_stream_worker:_stream_loop:200] - Closing screener watcher
2026-06-25 02:54:07 | DEBUG    | [arbitrator.application.multi_exchange_watcher:_watch:86] - Watcher cancelled | exchange=bitget
2026-06-25 02:54:07 | DEBUG    | [arbitrator.application.multi_exchange_watcher:_watch:86] - Watcher cancelled | exchange=bingx
2026-06-25 02:54:07 | DEBUG    | [arbitrator.application.multi_exchange_watcher:_watch:86] - Watcher cancelled | exchange=mexc
2026-06-25 02:54:07 | DEBUG    | [arbitrator.application.multi_exchange_watcher:_watch:86] - Watcher cancelled | exchange=gate
2026-06-25 02:54:07 | DEBUG    | [arbitrator.exchanges.ccxt_base:close:806] - Exchange closed | exchange=mexc
2026-06-25 02:54:08 | DEBUG    | [arbitrator.exchanges.ccxt_base:close:806] - Exchange closed | exchange=bitget
2026-06-25 02:54:08 | DEBUG    | [arbitrator.exchanges.ccxt_base:close:806] - Exchange closed | exchange=gate
2026-06-25 02:54:09 | DEBUG    | [arbitrator.exchanges.ccxt_base:close:806] - Exchange closed | exchange=bingx
2026-06-25 02:54:09 | DEBUG    | [arbitrator.exchanges.ccxt_base:close:806] - Exchange closed | exchange=mexc
2026-06-25 02:54:09 | DEBUG    | [arbitrator.exchanges.ccxt_base:close:806] - Exchange closed | exchange=bitget
2026-06-25 02:54:09 | DEBUG    | [arbitrator.exchanges.ccxt_base:close:806] - Exchange closed | exchange=gate
2026-06-25 02:54:09 | DEBUG    | [arbitrator.exchanges.ccxt_base:close:806] - Exchange closed | exchange=bingx
2026-06-25 02:54:09 | INFO     | [arbitrator.exchanges.ccxt_base:_ensure_open:931] - Exchange client opened | exchange=mexc
2026-06-25 02:54:10 | INFO     | [arbitrator.exchanges.ccxt_base:_ensure_open:931] - Exchange client opened | exchange=bitget
2026-06-25 02:54:10 | INFO     | [arbitrator.exchanges.ccxt_base:_ensure_open:931] - Exchange client opened | exchange=gate
2026-06-25 02:54:10 | INFO     | [arbitrator.exchanges.ccxt_base:_ensure_open:931] - Exchange client opened | exchange=bingx
2026-06-25 02:54:11 | INFO     | [starlette.middleware.sessions:send_wrapper:86] - [uvicorn.error] 127.0.0.1:58863 - "WebSocket /_stcore/stream" [accepted]
2026-06-25 02:54:11 | INFO     | [websockets.legacy.server:handler:161] - [uvicorn.error] connection open
2026-06-25 02:54:11 | INFO     | [__main__:<module>:16] - Arbitrator starting | exchanges=['mexc', 'bitget', 'gate', 'bingx']
2026-06-25 02:54:11 | INFO     | [arbitrator.presentation.streamlit_app:run:104] - UI run | section=Screener
2026-06-25 02:54:17 | DEBUG    | [arbitrator.exchanges.ccxt_base:_ensure_markets_loaded:948] - Markets loaded | exchange=bingx count=3026
2026-06-25 02:54:17 | DEBUG    | [arbitrator.exchanges.ccxt_base:_ensure_markets_loaded:948] - Markets loaded | exchange=bitget count=1913
2026-06-25 02:54:18 | INFO     | [arbitrator.exchanges.ccxt_base:fetch_open_positions:429] - Open positions fetched | exchange=bingx count=0
2026-06-25 02:54:18 | INFO     | [arbitrator.exchanges.ccxt_base:fetch_open_positions:429] - Open positions fetched | exchange=bitget count=0
2026-06-25 02:54:18 | DEBUG    | [arbitrator.exchanges.ccxt_base:close:806] - Exchange closed | exchange=bingx
2026-06-25 02:54:18 | DEBUG    | [arbitrator.exchanges.ccxt_base:close:806] - Exchange closed | exchange=bitget
2026-06-25 02:54:21 | DEBUG    | [arbitrator.exchanges.ccxt_base:_ensure_markets_loaded:948] - Markets loaded | exchange=mexc count=3238
2026-06-25 02:54:26 | DEBUG    | [arbitrator.exchanges.ccxt_base:_ensure_markets_loaded:948] - Markets loaded | exchange=gate count=5987
2026-06-25 02:54:26 | INFO     | [arbitrator.exchanges.ccxt_base:fetch_open_positions:429] - Open positions fetched | exchange=mexc count=0
2026-06-25 02:54:26 | INFO     | [arbitrator.exchanges.ccxt_base:fetch_open_positions:429] - Open positions fetched | exchange=gate count=0
2026-06-25 02:54:26 | DEBUG    | [arbitrator.exchanges.ccxt_base:close:806] - Exchange closed | exchange=mexc
2026-06-25 02:54:26 | DEBUG    | [arbitrator.exchanges.ccxt_base:close:806] - Exchange closed | exchange=gate
2026-06-25 02:55:54 | INFO     | [__main__:<module>:16] - Arbitrator starting | exchanges=['mexc', 'bitget', 'gate', 'bingx']
2026-06-25 02:55:54 | INFO     | [arbitrator.presentation.streamlit_app:run:104] - UI run | section=Opportunity
2026-06-25 02:55:55 | INFO     | [arbitrator.exchanges.ccxt_base:_ensure_open:931] - Exchange client opened | exchange=mexc
2026-06-25 02:55:55 | INFO     | [arbitrator.exchanges.ccxt_base:_ensure_open:931] - Exchange client opened | exchange=bitget
2026-06-25 02:55:55 | INFO     | [arbitrator.exchanges.ccxt_base:_ensure_open:931] - Exchange client opened | exchange=gate
2026-06-25 02:55:56 | INFO     | [arbitrator.exchanges.ccxt_base:_ensure_open:931] - Exchange client opened | exchange=bingx
2026-06-25 02:56:02 | DEBUG    | [arbitrator.exchanges.ccxt_base:_ensure_markets_loaded:948] - Markets loaded | exchange=bingx count=3026
2026-06-25 02:56:03 | DEBUG    | [arbitrator.exchanges.ccxt_base:_ensure_markets_loaded:948] - Markets loaded | exchange=bitget count=1913
2026-06-25 02:56:03 | INFO     | [arbitrator.exchanges.ccxt_base:fetch_open_positions:429] - Open positions fetched | exchange=bingx count=0
2026-06-25 02:56:04 | DEBUG    | [arbitrator.exchanges.ccxt_base:_ensure_markets_loaded:948] - Markets loaded | exchange=mexc count=3238
2026-06-25 02:56:04 | DEBUG    | [arbitrator.exchanges.ccxt_base:close:806] - Exchange closed | exchange=bingx
2026-06-25 02:56:04 | INFO     | [arbitrator.exchanges.ccxt_base:fetch_open_positions:429] - Open positions fetched | exchange=bitget count=0
2026-06-25 02:56:04 | DEBUG    | [arbitrator.exchanges.ccxt_base:close:806] - Exchange closed | exchange=bitget
2026-06-25 02:56:09 | INFO     | [arbitrator.exchanges.ccxt_base:fetch_open_positions:429] - Open positions fetched | exchange=mexc count=0
2026-06-25 02:56:09 | DEBUG    | [arbitrator.exchanges.ccxt_base:close:806] - Exchange closed | exchange=mexc
2026-06-25 02:56:10 | DEBUG    | [arbitrator.exchanges.ccxt_base:_ensure_markets_loaded:948] - Markets loaded | exchange=gate count=5987
2026-06-25 02:56:11 | INFO     | [arbitrator.exchanges.ccxt_base:fetch_open_positions:429] - Open positions fetched | exchange=gate count=0
2026-06-25 02:56:11 | DEBUG    | [arbitrator.exchanges.ccxt_base:close:806] - Exchange closed | exchange=gate
