2026-07-01 05:36:53 | INFO     | [main:<module>:12] - Arbitrator starting | exchanges=['mexc', 'bitget', 'gate', 'bingx'] ui_data_mode=live
2026-07-01 05:36:53 | INFO     | [arbitrator.presentation.fastapi_app:create:103] - FastAPI app created | title=Arbitrator host=127.0.0.1 port=8000 ui_data_mode=live
2026-07-01 05:36:53 | INFO     | [uvicorn.server:serve:79] - [uvicorn.error] Started server process [19944]
2026-07-01 05:36:53 | INFO     | [uvicorn.server:startup:105] - [uvicorn.error] Waiting for application startup.
2026-07-01 05:36:53 | INFO     | [arbitrator.application.app_runtime:_start_live_workers:111] - screener worker started | mode=live
2026-07-01 05:36:53 | INFO     | [arbitrator.application.app_runtime:_start_live_workers:141] - funding worker started | mode=live
2026-07-01 05:36:53 | INFO     | [arbitrator.application.app_runtime:_start_live_workers:145] - account worker started | mode=live
2026-07-01 05:36:53 | INFO     | [arbitrator.presentation.fastapi_app:lifespan:39] - app lifespan started | ui_data_mode=live
2026-07-01 05:36:53 | INFO     | [uvicorn.server:startup:105] - [uvicorn.error] Application startup complete.
2026-07-01 05:36:53 | INFO     | [arbitrator.application.symbol_universe_service:_filter:111] - Universe filtered | total=1213 after_min_exchanges=669 after_exclusions=668
2026-07-01 05:36:53 | INFO     | [arbitrator.application.screener_stream_worker:_discovery_phase:164] - Volume discovery started | symbols=668 threshold_usdt=50000.0 timeout_s=30.0
2026-07-01 05:36:53 | INFO     | [arbitrator.application.multi_exchange_watcher:_spawn_watchers:61] - Spawning watchers | exchanges=['mexc', 'bitget', 'gate', 'bingx'] symbols={'mexc': 545, 'bitget': 573, 'gate': 636, 'bingx': 466}
2026-07-01 05:36:53 | DEBUG    | [arbitrator.application.multi_exchange_watcher:_watch:81] - Watcher start | exchange=mexc symbols=545
2026-07-01 05:36:53 | INFO     | [arbitrator.application.account_stream_worker:_async_main:124] - Account stream spawned | exchanges=['mexc', 'bitget', 'gate', 'bingx']
2026-07-01 05:36:53 | INFO     | [starlette._exception_handler:sender:39] - [uvicorn.error] 127.0.0.1:55715 - "WebSocket /ws/screener" [accepted]
2026-07-01 05:36:53 | INFO     | [arbitrator.presentation.ws.screener_ws_handler:handle:35] - ws connected | endpoint=/ws/screener
2026-07-01 05:36:53 | DEBUG    | [arbitrator.application.strategy_table_service:refresh:75] - strategy recompute | changed=0 symbols=0
2026-07-01 05:36:53 | INFO     | [websockets.legacy.server:handler:161] - [uvicorn.error] connection open
2026-07-01 05:36:53 | INFO     | [starlette._exception_handler:sender:39] - [uvicorn.error] 127.0.0.1:55735 - "WebSocket /ws/settings" [accepted]
2026-07-01 05:36:53 | INFO     | [arbitrator.presentation.ws.settings_ws_handler:handle:25] - ws connected | endpoint=/ws/settings
2026-07-01 05:36:53 | INFO     | [websockets.legacy.server:handler:161] - [uvicorn.error] connection open
2026-07-01 05:36:53 | INFO     | [starlette._exception_handler:sender:39] - [uvicorn.error] 127.0.0.1:55736 - "WebSocket /ws/settings" [accepted]
2026-07-01 05:36:53 | INFO     | [arbitrator.presentation.ws.settings_ws_handler:handle:25] - ws connected | endpoint=/ws/settings
2026-07-01 05:36:53 | INFO     | [websockets.legacy.server:handler:161] - [uvicorn.error] connection open
2026-07-01 05:36:53 | INFO     | [starlette._exception_handler:sender:39] - [uvicorn.error] 127.0.0.1:55737 - "WebSocket /ws/opportunity?symbol=BNB%2FUSDT&short=mexc&long=bitget" [accepted]
2026-07-01 05:36:53 | INFO     | [arbitrator.presentation.ws.opportunity_ws_handler:handle:42] - ws connected | endpoint=/ws/opportunity symbol=BNB/USDT short=mexc long=bitget
2026-07-01 05:36:54 | INFO     | [arbitrator.exchanges.ccxt_base:_ensure_open:1336] - Exchange client opened | exchange=mexc
2026-07-01 05:36:54 | INFO     | [arbitrator.exchanges.ccxt_base:_ensure_open:1336] - Exchange client opened | exchange=mexc
2026-07-01 05:36:54 | DEBUG    | [arbitrator.application.multi_exchange_watcher:_watch:81] - Watcher start | exchange=bitget symbols=573
2026-07-01 05:36:54 | INFO     | [arbitrator.exchanges.ccxt_base:_ensure_open:1336] - Exchange client opened | exchange=mexc
2026-07-01 05:36:54 | INFO     | [arbitrator.exchanges.ccxt_base:_ensure_open:1336] - Exchange client opened | exchange=mexc
2026-07-01 05:36:54 | INFO     | [websockets.legacy.server:handler:161] - [uvicorn.error] connection open
2026-07-01 05:36:55 | INFO     | [arbitrator.exchanges.ccxt_base:_ensure_open:1336] - Exchange client opened | exchange=bitget
2026-07-01 05:36:55 | INFO     | [arbitrator.exchanges.ccxt_base:_ensure_open:1336] - Exchange client opened | exchange=bitget
2026-07-01 05:36:55 | DEBUG    | [arbitrator.application.multi_exchange_watcher:_watch:81] - Watcher start | exchange=gate symbols=636
2026-07-01 05:36:55 | INFO     | [arbitrator.exchanges.ccxt_base:_ensure_open:1336] - Exchange client opened | exchange=bitget
2026-07-01 05:36:55 | DEBUG    | [arbitrator.application.strategy_table_service:refresh:75] - strategy recompute | changed=0 symbols=0
2026-07-01 05:36:55 | INFO     | [starlette._exception_handler:sender:39] - [uvicorn.error] 127.0.0.1:55740 - "WebSocket /ws/screener" [accepted]
2026-07-01 05:36:55 | INFO     | [arbitrator.presentation.ws.screener_ws_handler:handle:35] - ws connected | endpoint=/ws/screener
2026-07-01 05:36:55 | DEBUG    | [arbitrator.application.strategy_table_service:refresh:75] - strategy recompute | changed=0 symbols=0
2026-07-01 05:36:55 | INFO     | [websockets.legacy.server:handler:161] - [uvicorn.error] connection open
2026-07-01 05:36:55 | INFO     | [starlette._exception_handler:sender:39] - [uvicorn.error] 127.0.0.1:55741 - "WebSocket /ws/orders" [accepted]
2026-07-01 05:36:55 | INFO     | [arbitrator.presentation.ws.orders_ws_handler:handle:26] - ws connected | endpoint=/ws/orders
2026-07-01 05:36:55 | INFO     | [websockets.legacy.server:handler:161] - [uvicorn.error] connection open
2026-07-01 05:36:55 | INFO     | [starlette._exception_handler:sender:39] - [uvicorn.error] 127.0.0.1:55742 - "WebSocket /ws/orders" [accepted]
2026-07-01 05:36:55 | INFO     | [arbitrator.presentation.ws.orders_ws_handler:handle:26] - ws connected | endpoint=/ws/orders
2026-07-01 05:36:55 | INFO     | [websockets.legacy.server:handler:161] - [uvicorn.error] connection open
2026-07-01 05:36:55 | INFO     | [arbitrator.exchanges.ccxt_base:_ensure_open:1336] - Exchange client opened | exchange=gate
2026-07-01 05:36:55 | INFO     | [arbitrator.exchanges.ccxt_base:_ensure_open:1336] - Exchange client opened | exchange=gate
2026-07-01 05:36:55 | DEBUG    | [arbitrator.application.multi_exchange_watcher:_watch:81] - Watcher start | exchange=bingx symbols=466
2026-07-01 05:36:56 | INFO     | [arbitrator.exchanges.ccxt_base:_ensure_open:1336] - Exchange client opened | exchange=bingx
2026-07-01 05:36:56 | INFO     | [arbitrator.exchanges.ccxt_base:_ensure_open:1336] - Exchange client opened | exchange=bingx
2026-07-01 05:36:57 | INFO     | [uvicorn.server:_serve:98] - [uvicorn.error] Shutting down
2026-07-01 05:36:57 | DEBUG    | [arbitrator.application.strategy_table_service:refresh:75] - strategy recompute | changed=0 symbols=0
2026-07-01 05:36:57 | DEBUG    | [arbitrator.application.strategy_table_service:refresh:75] - strategy recompute | changed=0 symbols=0
2026-07-01 05:36:57 | INFO     | [arbitrator.presentation.ws.settings_ws_handler:handle:33] - ws disconnected | endpoint=/ws/settings
2026-07-01 05:36:57 | INFO     | [asyncio.events:_run:80] - [uvicorn.error] connection closed
2026-07-01 05:36:57 | INFO     | [asyncio.events:_run:80] - [uvicorn.error] connection closed
2026-07-01 05:36:57 | INFO     | [asyncio.events:_run:80] - [uvicorn.error] connection closed
2026-07-01 05:36:57 | INFO     | [arbitrator.presentation.ws.orders_ws_handler:handle:34] - ws disconnected | endpoint=/ws/orders
2026-07-01 05:36:57 | INFO     | [asyncio.events:_run:80] - [uvicorn.error] connection closed
2026-07-01 05:36:57 | INFO     | [arbitrator.presentation.ws.orders_ws_handler:handle:34] - ws disconnected | endpoint=/ws/orders
2026-07-01 05:36:57 | INFO     | [asyncio.events:_run:80] - [uvicorn.error] connection closed
2026-07-01 05:36:57 | INFO     | [arbitrator.presentation.ws.settings_ws_handler:handle:33] - ws disconnected | endpoint=/ws/settings
2026-07-01 05:36:57 | INFO     | [asyncio.events:_run:80] - [uvicorn.error] connection closed
2026-07-01 05:36:57 | INFO     | [asyncio.events:_run:80] - [uvicorn.error] connection closed
2026-07-01 05:36:57 | INFO     | [arbitrator.presentation.ws.screener_ws_handler:handle:43] - ws disconnected | endpoint=/ws/screener
2026-07-01 05:36:57 | INFO     | [arbitrator.presentation.ws.screener_ws_handler:handle:43] - ws disconnected | endpoint=/ws/screener
2026-07-01 05:36:57 | INFO     | [asyncio.tasks:wait_for:452] - [uvicorn.error] Waiting for background tasks to complete. (CTRL+C to force quit)
2026-07-01 05:37:02 | DEBUG    | [arbitrator.exchanges.ccxt_base:_ensure_markets_loaded:1353] - Markets loaded | exchange=mexc count=3151
2026-07-01 05:37:03 | INFO     | [arbitrator.exchanges.ccxt_base:_ensure_open:1336] - Exchange client opened | exchange=bitget
2026-07-01 05:37:03 | DEBUG    | [arbitrator.exchanges.ccxt_base:_ensure_markets_loaded:1353] - Markets loaded | exchange=bitget count=1928
2026-07-01 05:37:03 | INFO     | [arbitrator.exchanges.ccxt_base:watch_order_book:233] - Streaming order book | exchange=bitget symbol=BNB/USDT:USDT limit=20
2026-07-01 05:37:03 | INFO     | [arbitrator.exchanges.ccxt_base:watch_order_book:233] - Streaming order book | exchange=bitget symbol=BNB/USDT limit=20
2026-07-01 05:37:03 | INFO     | [arbitrator.exchanges.ccxt_base:watch_tickers:209] - Streaming tickers | exchange=bitget symbols=1 mode=bulk chunks=1
2026-07-01 05:37:03 | DEBUG    | [arbitrator.exchanges.ccxt_base:_stream_bulk:1181] - Bulk stream chunks | exchange=bitget chunks=1 chunk_size=50
2026-07-01 05:37:04 | DEBUG    | [arbitrator.exchanges.ccxt_base:_ensure_markets_loaded:1353] - Markets loaded | exchange=mexc count=3151
2026-07-01 05:37:04 | INFO     | [arbitrator.exchanges.ccxt_base:watch_order_book:233] - Streaming order book | exchange=mexc symbol=BNB/USDT:USDT limit=20
2026-07-01 05:37:04 | INFO     | [arbitrator.exchanges.ccxt_base:watch_order_book:233] - Streaming order book | exchange=mexc symbol=BNB/USDT limit=20
2026-07-01 05:37:04 | INFO     | [arbitrator.exchanges.ccxt_base:watch_tickers:209] - Streaming tickers | exchange=mexc symbols=1 mode=bulk chunks=1
2026-07-01 05:37:04 | DEBUG    | [arbitrator.exchanges.ccxt_base:_stream_bulk:1181] - Bulk stream chunks | exchange=mexc chunks=1 chunk_size=50
2026-07-01 05:37:09 | DEBUG    | [arbitrator.exchanges.ccxt_base:watch_order_book:245] - watch_order_book unsubscribed, resubscribing | exchange=bitget symbol=BNB/USDT:USDT
2026-07-01 05:37:09 | DEBUG    | [arbitrator.exchanges.ccxt_base:watch_order_book:252] - watch_order_book transient, retrying | exchange=bitget symbol=BNB/USDT:USDT err=ChecksumError
2026-07-01 05:37:09 | DEBUG    | [arbitrator.exchanges.ccxt_base:watch_order_book:245] - watch_order_book unsubscribed, resubscribing | exchange=bitget symbol=BNB/USDT
2026-07-01 05:37:09 | DEBUG    | [arbitrator.exchanges.ccxt_base:watch_order_book:252] - watch_order_book transient, retrying | exchange=bitget symbol=BNB/USDT err=ChecksumError
2026-07-01 05:37:11 | DEBUG    | [arbitrator.exchanges.ccxt_base:_ensure_markets_loaded:1353] - Markets loaded | exchange=bitget count=1928
2026-07-01 05:37:11 | INFO     | [arbitrator.application.fee_snapshot_service:snapshot:41] - fee snapshot complete | exchanges=2 symbols=1 loaded=2
2026-07-01 05:37:11 | INFO     | [arbitrator.exchanges.ccxt_base:fetch_funding_infos:970] - fetchFundingRates unsupported | exchange=mexc
2026-07-01 05:37:13 | DEBUG    | [arbitrator.exchanges.ccxt_base:_ensure_markets_loaded:1353] - Markets loaded | exchange=bitget count=1928
2026-07-01 05:37:13 | INFO     | [arbitrator.exchanges.ccxt_base:watch_tickers:209] - Streaming tickers | exchange=bitget symbols=573 mode=bulk chunks=12
2026-07-01 05:37:13 | DEBUG    | [arbitrator.exchanges.ccxt_base:_stream_bulk:1181] - Bulk stream chunks | exchange=bitget chunks=12 chunk_size=50
2026-07-01 05:37:13 | DEBUG    | [arbitrator.exchanges.ccxt_base:_ensure_markets_loaded:1353] - Markets loaded | exchange=bingx count=3032
2026-07-01 05:37:13 | INFO     | [arbitrator.exchanges.ccxt_base:watch_open_positions:603] - Position stream started | exchange=bingx mode=ws
2026-07-01 05:37:13 | INFO     | [arbitrator.exchanges.ccxt_base:watch_usdt_balance:635] - Balance stream started | exchange=bingx mode=ws
2026-07-01 05:37:14 | DEBUG    | [arbitrator.exchanges.ccxt_base:watch_order_book:252] - watch_order_book transient, retrying | exchange=bitget symbol=BNB/USDT:USDT err=ChecksumError
2026-07-01 05:37:14 | DEBUG    | [arbitrator.exchanges.ccxt_base:watch_order_book:252] - watch_order_book transient, retrying | exchange=bitget symbol=BNB/USDT err=ChecksumError
2026-07-01 05:37:15 | DEBUG    | [arbitrator.exchanges.ccxt_base:_ensure_markets_loaded:1353] - Markets loaded | exchange=bitget count=1928
2026-07-01 05:37:15 | INFO     | [arbitrator.exchanges.ccxt_base:watch_open_positions:603] - Position stream started | exchange=bitget mode=ws
2026-07-01 05:37:15 | INFO     | [arbitrator.exchanges.ccxt_base:watch_usdt_balance:635] - Balance stream started | exchange=bitget mode=ws
2026-07-01 05:37:15 | DEBUG    | [arbitrator.exchanges.ccxt_base:_ensure_markets_loaded:1353] - Markets loaded | exchange=bingx count=3032
2026-07-01 05:37:15 | INFO     | [arbitrator.exchanges.ccxt_base:watch_tickers:209] - Streaming tickers | exchange=bingx symbols=466 mode=fanout chunks=-
2026-07-01 05:37:17 | DEBUG    | [arbitrator.exchanges.ccxt_base:_ensure_markets_loaded:1353] - Markets loaded | exchange=mexc count=3151
2026-07-01 05:37:17 | INFO     | [arbitrator.exchanges.ccxt_base:watch_open_positions:603] - Position stream started | exchange=mexc mode=rest_poll
2026-07-01 05:37:17 | DEBUG    | [arbitrator.exchanges.ccxt_base:_ensure_markets_loaded:1353] - Markets loaded | exchange=mexc count=3151
2026-07-01 05:37:17 | INFO     | [arbitrator.exchanges.ccxt_base:watch_tickers:209] - Streaming tickers | exchange=mexc symbols=545 mode=bulk chunks=11
2026-07-01 05:37:17 | DEBUG    | [arbitrator.exchanges.ccxt_base:_stream_bulk:1181] - Bulk stream chunks | exchange=mexc chunks=11 chunk_size=50
2026-07-01 05:37:17 | INFO     | [arbitrator.exchanges.ccxt_base:watch_usdt_balance:635] - Balance stream started | exchange=mexc mode=ws
2026-07-01 05:37:19 | DEBUG    | [arbitrator.exchanges.ccxt_base:watch_order_book:252] - watch_order_book transient, retrying | exchange=bitget symbol=BNB/USDT err=ChecksumError
2026-07-01 05:37:19 | DEBUG    | [arbitrator.exchanges.ccxt_base:close:1168] - Exchange closed | exchange=mexc
2026-07-01 05:37:19 | DEBUG    | [arbitrator.exchanges.ccxt_base:watch_order_book:252] - watch_order_book transient, retrying | exchange=bitget symbol=BNB/USDT:USDT err=ChecksumError
2026-07-01 05:37:20 | DEBUG    | [arbitrator.exchanges.ccxt_base:close:1168] - Exchange closed | exchange=bitget
2026-07-01 05:37:20 | DEBUG    | [arbitrator.application.strategy_table_service:refresh:75] - strategy recompute | changed=1 symbols=1
2026-07-01 05:37:20 | INFO     | [arbitrator.presentation.ws.opportunity_ws_handler:handle:69] - ws disconnected | endpoint=/ws/opportunity symbol=BNB/USDT
2026-07-01 05:37:20 | INFO     | [uvicorn.server:shutdown:301] - [uvicorn.error] Waiting for application shutdown.
2026-07-01 05:37:20 | INFO     | [arbitrator.application.app_runtime:stop:55] - screener worker stopped
2026-07-01 05:37:20 | INFO     | [arbitrator.application.app_runtime:stop:58] - account worker stopped
2026-07-01 05:37:20 | INFO     | [arbitrator.application.app_runtime:stop:61] - funding worker stopped
2026-07-01 05:37:20 | DEBUG    | [arbitrator.exchanges.ccxt_base:close:1168] - Exchange closed | exchange=mexc
2026-07-01 05:37:20 | INFO     | [arbitrator.presentation.fastapi_app:lifespan:45] - app lifespan stopped
2026-07-01 05:37:20 | DEBUG    | [arbitrator.exchanges.ccxt_base:close:1168] - Exchange closed | exchange=bitget
2026-07-01 05:37:20 | DEBUG    | [arbitrator.exchanges.ccxt_base:close:1168] - Exchange closed | exchange=gate
2026-07-01 05:37:20 | DEBUG    | [arbitrator.exchanges.ccxt_base:close:1168] - Exchange closed | exchange=bingx
2026-07-01 05:37:20 | INFO     | [uvicorn.server:shutdown:301] - [uvicorn.error] Application shutdown complete.
2026-07-01 05:37:20 | INFO     | [uvicorn.server:serve:79] - [uvicorn.error] Finished server process [19944]
2026-07-01 05:37:20 | INFO     | [arbitrator.application.funding_rate_worker:_thread_main:65] - funding worker stopped
2026-07-01 05:37:20 | DEBUG    | [arbitrator.exchanges.ccxt_base:_watch_chunk:1206] - watch_tickers transient, retrying | exchange=mexc chunk=6 err=NetworkError delay_s=5.0
2026-07-01 05:37:20 | DEBUG    | [arbitrator.exchanges.ccxt_base:_watch_chunk:1206] - watch_tickers transient, retrying | exchange=mexc chunk=7 err=NetworkError delay_s=5.0
2026-07-01 05:37:20 | DEBUG    | [arbitrator.exchanges.ccxt_base:_watch_chunk:1206] - watch_tickers transient, retrying | exchange=mexc chunk=8 err=NetworkError delay_s=5.0
2026-07-01 05:37:20 | ERROR    | [arbitrator.exchanges.ccxt_base:_ensure_markets_loaded:1351] - load_markets failed | exchange=gate
Traceback (most recent call last):

  File "c:\Users\dev_home\.cursor\extensions\ms-python.debugpy-2026.6.0-win32-x64\bundled\libs\debugpy\_vendored\pydevd\_pydev_bundle\pydev_monkey.py", line 1134, in __call__
    ret = self.original_func(*self.args, **self.kwargs)
          │    │              │    │       │    └ {}
          │    │              │    │       └ <_pydev_bundle.pydev_monkey._NewThreadStartupWithTrace object at 0x000001D66C9CAC90>
          │    │              │    └ ()
          │    │              └ <_pydev_bundle.pydev_monkey._NewThreadStartupWithTrace object at 0x000001D66C9CAC90>
          │    └ <bound method Thread._bootstrap of <Thread(screener-stream:0, started daemon 3268)>>
          └ <_pydev_bundle.pydev_monkey._NewThreadStartupWithTrace object at 0x000001D66C9CAC90>

  File "C:\Users\dev_home\AppData\Local\Programs\Python\Python311\Lib\threading.py", line 1002, in _bootstrap
    self._bootstrap_inner()
    │    └ <function Thread._bootstrap_inner at 0x000001D661DECB80>
    └ <Thread(screener-stream:0, started daemon 3268)>
  File "C:\Users\dev_home\AppData\Local\Programs\Python\Python311\Lib\threading.py", line 1045, in _bootstrap_inner
    self.run()
    │    └ <function Thread.run at 0x000001D661DEC860>
    └ <Thread(screener-stream:0, started daemon 3268)>
  File "C:\Users\dev_home\AppData\Local\Programs\Python\Python311\Lib\threading.py", line 982, in run
    self._target(*self._args, **self._kwargs)
    │    │        │    │        │    └ {}
    │    │        │    │        └ <Thread(screener-stream:0, started daemon 3268)>
    │    │        │    └ ()
    │    │        └ <Thread(screener-stream:0, started daemon 3268)>
    │    └ <bound method ScreenerStreamWorker._thread_main of <arbitrator.application.screener_stream_worker.ScreenerStreamWorker object...
    └ <Thread(screener-stream:0, started daemon 3268)>

  File "C:\shere-folder\arbitrator\src\arbitrator\application\screener_stream_worker.py", line 88, in _thread_main
    asyncio.run(self._async_main())
    │       │   │    └ <function ScreenerStreamWorker._async_main at 0x000001D66B3D0040>
    │       │   └ <arbitrator.application.screener_stream_worker.ScreenerStreamWorker object at 0x000001D665878AD0>
    │       └ <function run at 0x000001D6645BACA0>
    └ <module 'asyncio' from 'C:\\Users\\dev_home\\AppData\\Local\\Programs\\Python\\Python311\\Lib\\asyncio\\__init__.py'>

  File "C:\Users\dev_home\AppData\Local\Programs\Python\Python311\Lib\asyncio\runners.py", line 190, in run
    return runner.run(main)
           │      │   └ <coroutine object ScreenerStreamWorker._async_main at 0x000001D66C968A40>
           │      └ <function Runner.run at 0x000001D6645BB100>
           └ <asyncio.runners.Runner object at 0x000001D66C84E750>
  File "C:\Users\dev_home\AppData\Local\Programs\Python\Python311\Lib\asyncio\runners.py", line 118, in run
    return self._loop.run_until_complete(task)
           │    │     │                  └ <Task cancelling name='Task-3' coro=<ScreenerStreamWorker._async_main() running at C:\shere-folder\arbitrator\src\arbitrator\...
           │    │     └ <function BaseEventLoop.run_until_complete at 0x000001D6645B8B80>
           │    └ <ProactorEventLoop running=True closed=False debug=False>
           └ <asyncio.runners.Runner object at 0x000001D66C84E750>
  File "C:\Users\dev_home\AppData\Local\Programs\Python\Python311\Lib\asyncio\base_events.py", line 640, in run_until_complete
    self.run_forever()
    │    └ <function ProactorEventLoop.run_forever at 0x000001D664651B20>
    └ <ProactorEventLoop running=True closed=False debug=False>
  File "C:\Users\dev_home\AppData\Local\Programs\Python\Python311\Lib\asyncio\windows_events.py", line 321, in run_forever
    super().run_forever()
  File "C:\Users\dev_home\AppData\Local\Programs\Python\Python311\Lib\asyncio\base_events.py", line 607, in run_forever
    self._run_once()
    │    └ <function BaseEventLoop._run_once at 0x000001D6645BA8E0>
    └ <ProactorEventLoop running=True closed=False debug=False>
  File "C:\Users\dev_home\AppData\Local\Programs\Python\Python311\Lib\asyncio\base_events.py", line 1922, in _run_once
    handle._run()
    │      └ <function Handle._run at 0x000001D664536340>
    └ <Handle Task.task_wakeup(<Task finishe...er shutdown')>)>
  File "C:\Users\dev_home\AppData\Local\Programs\Python\Python311\Lib\asyncio\events.py", line 80, in _run
    self._context.run(self._callback, *self._args)
    │    │            │    │           │    └ <member '_args' of 'Handle' objects>
    │    │            │    │           └ <Handle Task.task_wakeup(<Task finishe...er shutdown')>)>
    │    │            │    └ <member '_callback' of 'Handle' objects>
    │    │            └ <Handle Task.task_wakeup(<Task finishe...er shutdown')>)>
    │    └ <member '_context' of 'Handle' objects>
    └ <Handle Task.task_wakeup(<Task finishe...er shutdown')>)>

  File "C:\shere-folder\arbitrator\src\arbitrator\exchanges\gate.py", line 46, in watch_tickers
    await self._ensure_markets_loaded(client)
          │    │                      └ ccxt.async_support.gate()
          │    └ <function CcxtBase._ensure_markets_loaded at 0x000001D66B39AA20>
          └ <arbitrator.exchanges.gate.Gate object at 0x000001D66C9D5850>

> File "C:\shere-folder\arbitrator\src\arbitrator\exchanges\ccxt_base.py", line 1348, in _ensure_markets_loaded
    await client.load_markets()
          │      └ <function Exchange.load_markets at 0x000001D66901EDE0>
          └ ccxt.async_support.gate()

  File "C:\shere-folder\arbitrator\.venv\Lib\site-packages\ccxt\async_support\base\exchange.py", line 365, in load_markets
    raise e
  File "C:\shere-folder\arbitrator\.venv\Lib\site-packages\ccxt\async_support\base\exchange.py", line 357, in load_markets
    result = await self.markets_loading
                   │    └ None
                   └ ccxt.async_support.gate()
  File "C:\shere-folder\arbitrator\.venv\Lib\site-packages\ccxt\async_support\base\exchange.py", line 324, in load_markets_helper
    markets = await self.fetch_markets(params)
                    │    │             └ {}
                    │    └ <function gate.fetch_markets at 0x000001D66A5F49A0>
                    └ ccxt.async_support.gate()
  File "C:\shere-folder\arbitrator\.venv\Lib\site-packages\ccxt\async_support\gate.py", line 1343, in fetch_markets
    results = await asyncio.gather(*rawPromises)
                    │       │       └ [<coroutine object gate.fetch_spot_markets at 0x000001D6799B1BB0>, <coroutine object gate.fetch_swap_markets at 0x000001D66DF...
                    │       └ <function gather at 0x000001D6645839C0>
                    └ <module 'asyncio' from 'C:\\Users\\dev_home\\AppData\\Local\\Programs\\Python\\Python311\\Lib\\asyncio\\__init__.py'>
  File "C:\shere-folder\arbitrator\.venv\Lib\site-packages\ccxt\async_support\gate.py", line 1667, in fetch_option_markets
    response = await self.publicOptionsGetContracts(query)
                     │    │                         └ {'underlying': 'LTC_USDT'}
                     │    └ <function Entry.__init__.<locals>.unbound_method at 0x000001D667CDB560>
                     └ ccxt.async_support.gate()
  File "C:\shere-folder\arbitrator\.venv\Lib\site-packages\ccxt\async_support\base\exchange.py", line 1033, in request
    return await self.fetch2(path, api, method, params, headers, body, config)
                 │    │      │     │    │       │       │        │     └ {'cost': 1}
                 │    │      │     │    │       │       │        └ None
                 │    │      │     │    │       │       └ None
                 │    │      │     │    │       └ {'underlying': 'LTC_USDT'}
                 │    │      │     │    └ 'GET'
                 │    │      │     └ ['public', 'options']
                 │    │      └ 'contracts'
                 │    └ <function Exchange.fetch2 at 0x000001D669136E80>
                 └ ccxt.async_support.gate()
  File "C:\shere-folder\arbitrator\.venv\Lib\site-packages\ccxt\async_support\base\exchange.py", line 1029, in fetch2
    raise e
  File "C:\shere-folder\arbitrator\.venv\Lib\site-packages\ccxt\async_support\base\exchange.py", line 1017, in fetch2
    return await self.fetch(request['url'], request['method'], request['headers'], request['body'])
                 │    │     │               │                  │                   └ {'url': 'https://api.gateio.ws/api/v4/options/contracts?underlying=LTC_USDT', 'method': 'GET', 'body': None, 'headers': None}
                 │    │     │               │                  └ {'url': 'https://api.gateio.ws/api/v4/options/contracts?underlying=LTC_USDT', 'method': 'GET', 'body': None, 'headers': None}
                 │    │     │               └ {'url': 'https://api.gateio.ws/api/v4/options/contracts?underlying=LTC_USDT', 'method': 'GET', 'body': None, 'headers': None}
                 │    │     └ {'url': 'https://api.gateio.ws/api/v4/options/contracts?underlying=LTC_USDT', 'method': 'GET', 'body': None, 'headers': None}
                 │    └ <function Exchange.fetch at 0x000001D66901EC00>
                 └ ccxt.async_support.gate()
  File "C:\shere-folder\arbitrator\.venv\Lib\site-packages\ccxt\async_support\base\exchange.py", line 241, in fetch
    async with session_method(yarl.URL(url, encoded=True),
               │              │    │   └ 'https://api.gateio.ws/api/v4/options/contracts?underlying=LTC_USDT'
               │              │    └ <class 'yarl.URL'>
               │              └ <module 'yarl' from 'C:\\shere-folder\\arbitrator\\.venv\\Lib\\site-packages\\yarl\\__init__.py'>
               └ <bound method ClientSession.get of <aiohttp.client.ClientSession object at 0x000001D66CB38B10>>
  File "C:\shere-folder\arbitrator\.venv\Lib\site-packages\aiohttp\client.py", line 1521, in __aenter__
    self._resp: _RetType = await self._coro
    │    │                       │    └ <member '_coro' of '_BaseRequestContextManager' objects>
    │    │                       └ <aiohttp.client._BaseRequestContextManager object at 0x000001D601FF1750>
    │    └ <member '_resp' of '_BaseRequestContextManager' objects>
    └ <aiohttp.client._BaseRequestContextManager object at 0x000001D601FF1750>
  File "C:\shere-folder\arbitrator\.venv\Lib\site-packages\aiohttp\client.py", line 673, in _request
    auth = await self._loop.run_in_executor(
                 │    │     └ <function BaseEventLoop.run_in_executor at 0x000001D6645B9440>
                 │    └ <ProactorEventLoop running=True closed=False debug=False>
                 └ <aiohttp.client.ClientSession object at 0x000001D66CB38B10>
  File "C:\Users\dev_home\AppData\Local\Programs\Python\Python311\Lib\asyncio\base_events.py", line 829, in run_in_executor
    executor.submit(func, *args), loop=self)
    │        │      │      │           └ <ProactorEventLoop running=True closed=False debug=False>
    │        │      │      └ ('api.gateio.ws',)
    │        │      └ <bound method ClientSession._get_netrc_auth of <aiohttp.client.ClientSession object at 0x000001D66CB38B10>>
    │        └ <function ThreadPoolExecutor.submit at 0x000001D66CAD0B80>
    └ <concurrent.futures.thread.ThreadPoolExecutor object at 0x000001D66FFF7310>
  File "C:\Users\dev_home\AppData\Local\Programs\Python\Python311\Lib\concurrent\futures\thread.py", line 167, in submit
    raise RuntimeError('cannot schedule new futures after shutdown')

RuntimeError: cannot schedule new futures after shutdown
2026-07-01 05:37:20 | DEBUG    | [arbitrator.exchanges.ccxt_base:_watch_chunk:1206] - watch_tickers transient, retrying | exchange=mexc chunk=9 err=NetworkError delay_s=5.0
2026-07-01 05:37:20 | DEBUG    | [arbitrator.exchanges.ccxt_base:_watch_chunk:1206] - watch_tickers transient, retrying | exchange=mexc chunk=10 err=NetworkError delay_s=5.0
2026-07-01 05:37:20 | DEBUG    | [arbitrator.exchanges.ccxt_base:_watch_chunk:1206] - watch_tickers transient, retrying | exchange=mexc chunk=0 err=NetworkError delay_s=5.0
2026-07-01 05:37:20 | DEBUG    | [arbitrator.exchanges.ccxt_base:_watch_chunk:1206] - watch_tickers transient, retrying | exchange=mexc chunk=1 err=NetworkError delay_s=5.0
2026-07-01 05:37:20 | DEBUG    | [arbitrator.exchanges.ccxt_base:_watch_chunk:1206] - watch_tickers transient, retrying | exchange=mexc chunk=2 err=NetworkError delay_s=5.0
2026-07-01 05:37:20 | DEBUG    | [arbitrator.exchanges.ccxt_base:close:1168] - Exchange closed | exchange=mexc
2026-07-01 05:37:20 | DEBUG    | [arbitrator.exchanges.ccxt_base:close:1168] - Exchange closed | exchange=mexc
2026-07-01 05:37:20 | DEBUG    | [arbitrator.exchanges.ccxt_base:close:1168] - Exchange closed | exchange=mexc
