2026-07-01 05:38:18 | INFO     | [main:<module>:12] - Arbitrator starting | exchanges=['mexc', 'bitget', 'gate', 'bingx'] ui_data_mode=live
2026-07-01 05:38:18 | INFO     | [arbitrator.presentation.fastapi_app:create:103] - FastAPI app created | title=Arbitrator host=127.0.0.1 port=8000 ui_data_mode=live
2026-07-01 05:38:18 | INFO     | [uvicorn.server:serve:79] - [uvicorn.error] Started server process [20804]
2026-07-01 05:38:18 | INFO     | [uvicorn.server:startup:105] - [uvicorn.error] Waiting for application startup.
2026-07-01 05:38:18 | INFO     | [arbitrator.application.app_runtime:_start_live_workers:111] - screener worker started | mode=live
2026-07-01 05:38:18 | INFO     | [arbitrator.application.app_runtime:_start_live_workers:141] - funding worker started | mode=live
2026-07-01 05:38:18 | INFO     | [arbitrator.application.app_runtime:_start_live_workers:145] - account worker started | mode=live
2026-07-01 05:38:18 | INFO     | [arbitrator.presentation.fastapi_app:lifespan:39] - app lifespan started | ui_data_mode=live
2026-07-01 05:38:18 | INFO     | [uvicorn.server:startup:105] - [uvicorn.error] Application startup complete.
2026-07-01 05:38:18 | INFO     | [arbitrator.application.symbol_universe_service:_filter:111] - Universe filtered | total=1213 after_min_exchanges=669 after_exclusions=668
2026-07-01 05:38:18 | INFO     | [arbitrator.application.screener_stream_worker:_discovery_phase:164] - Volume discovery started | symbols=668 threshold_usdt=50000.0 timeout_s=30.0
2026-07-01 05:38:18 | INFO     | [arbitrator.application.multi_exchange_watcher:_spawn_watchers:61] - Spawning watchers | exchanges=['mexc', 'bitget', 'gate', 'bingx'] symbols={'mexc': 545, 'bitget': 573, 'gate': 636, 'bingx': 466}
2026-07-01 05:38:18 | INFO     | [arbitrator.application.account_stream_worker:_async_main:124] - Account stream spawned | exchanges=['mexc', 'bitget', 'gate', 'bingx']
2026-07-01 05:38:18 | DEBUG    | [arbitrator.application.multi_exchange_watcher:_watch:81] - Watcher start | exchange=mexc symbols=545
2026-07-01 05:38:18 | INFO     | [starlette._exception_handler:sender:39] - [uvicorn.error] 127.0.0.1:55960 - "WebSocket /ws/screener" [accepted]
2026-07-01 05:38:18 | INFO     | [arbitrator.presentation.ws.screener_ws_handler:handle:35] - ws connected | endpoint=/ws/screener
2026-07-01 05:38:18 | DEBUG    | [arbitrator.application.strategy_table_service:refresh:75] - strategy recompute | changed=0 symbols=0
2026-07-01 05:38:18 | INFO     | [websockets.legacy.server:handler:161] - [uvicorn.error] connection open
2026-07-01 05:38:18 | INFO     | [starlette._exception_handler:sender:39] - [uvicorn.error] 127.0.0.1:55980 - "WebSocket /ws/orders" [accepted]
2026-07-01 05:38:18 | INFO     | [arbitrator.presentation.ws.orders_ws_handler:handle:26] - ws connected | endpoint=/ws/orders
2026-07-01 05:38:18 | INFO     | [websockets.legacy.server:handler:161] - [uvicorn.error] connection open
2026-07-01 05:38:18 | INFO     | [starlette._exception_handler:sender:39] - [uvicorn.error] 127.0.0.1:55981 - "WebSocket /ws/orders" [accepted]
2026-07-01 05:38:18 | INFO     | [arbitrator.presentation.ws.orders_ws_handler:handle:26] - ws connected | endpoint=/ws/orders
2026-07-01 05:38:18 | INFO     | [websockets.legacy.server:handler:161] - [uvicorn.error] connection open
2026-07-01 05:38:18 | INFO     | [starlette._exception_handler:sender:39] - [uvicorn.error] 127.0.0.1:55982 - "WebSocket /ws/screener" [accepted]
2026-07-01 05:38:18 | INFO     | [arbitrator.presentation.ws.screener_ws_handler:handle:35] - ws connected | endpoint=/ws/screener
2026-07-01 05:38:18 | DEBUG    | [arbitrator.application.strategy_table_service:refresh:75] - strategy recompute | changed=0 symbols=0
2026-07-01 05:38:18 | INFO     | [websockets.legacy.server:handler:161] - [uvicorn.error] connection open
2026-07-01 05:38:18 | INFO     | [starlette._exception_handler:sender:39] - [uvicorn.error] 127.0.0.1:55983 - "WebSocket /ws/opportunity?symbol=BNB%2FUSDT&short=mexc&long=bitget" [accepted]
2026-07-01 05:38:18 | INFO     | [arbitrator.presentation.ws.opportunity_ws_handler:handle:42] - ws connected | endpoint=/ws/opportunity symbol=BNB/USDT short=mexc long=bitget
2026-07-01 05:38:19 | INFO     | [arbitrator.exchanges.ccxt_base:_ensure_open:1336] - Exchange client opened | exchange=mexc
2026-07-01 05:38:19 | DEBUG    | [arbitrator.application.multi_exchange_watcher:_watch:81] - Watcher start | exchange=bitget symbols=573
2026-07-01 05:38:19 | INFO     | [arbitrator.exchanges.ccxt_base:_ensure_open:1336] - Exchange client opened | exchange=mexc
2026-07-01 05:38:19 | INFO     | [arbitrator.exchanges.ccxt_base:_ensure_open:1336] - Exchange client opened | exchange=mexc
2026-07-01 05:38:19 | INFO     | [arbitrator.exchanges.ccxt_base:_ensure_open:1336] - Exchange client opened | exchange=mexc
2026-07-01 05:38:19 | INFO     | [websockets.legacy.server:handler:161] - [uvicorn.error] connection open
2026-07-01 05:38:19 | INFO     | [arbitrator.exchanges.ccxt_base:_ensure_open:1336] - Exchange client opened | exchange=bitget
2026-07-01 05:38:19 | DEBUG    | [arbitrator.application.multi_exchange_watcher:_watch:81] - Watcher start | exchange=gate symbols=636
2026-07-01 05:38:19 | INFO     | [arbitrator.exchanges.ccxt_base:_ensure_open:1336] - Exchange client opened | exchange=bitget
2026-07-01 05:38:20 | INFO     | [arbitrator.exchanges.ccxt_base:_ensure_open:1336] - Exchange client opened | exchange=bitget
2026-07-01 05:38:20 | DEBUG    | [arbitrator.application.strategy_table_service:refresh:75] - strategy recompute | changed=0 symbols=0
2026-07-01 05:38:20 | DEBUG    | [arbitrator.application.strategy_table_service:refresh:75] - strategy recompute | changed=0 symbols=0
2026-07-01 05:38:20 | INFO     | [starlette._exception_handler:sender:39] - [uvicorn.error] 127.0.0.1:55986 - "WebSocket /ws/settings" [accepted]
2026-07-01 05:38:20 | INFO     | [arbitrator.presentation.ws.settings_ws_handler:handle:25] - ws connected | endpoint=/ws/settings
2026-07-01 05:38:20 | INFO     | [websockets.legacy.server:handler:161] - [uvicorn.error] connection open
2026-07-01 05:38:20 | INFO     | [starlette._exception_handler:sender:39] - [uvicorn.error] 127.0.0.1:55987 - "WebSocket /ws/settings" [accepted]
2026-07-01 05:38:20 | INFO     | [arbitrator.presentation.ws.settings_ws_handler:handle:25] - ws connected | endpoint=/ws/settings
2026-07-01 05:38:20 | INFO     | [websockets.legacy.server:handler:161] - [uvicorn.error] connection open
2026-07-01 05:38:20 | INFO     | [arbitrator.exchanges.ccxt_base:_ensure_open:1336] - Exchange client opened | exchange=gate
2026-07-01 05:38:20 | INFO     | [arbitrator.exchanges.ccxt_base:_ensure_open:1336] - Exchange client opened | exchange=gate
2026-07-01 05:38:20 | DEBUG    | [arbitrator.application.multi_exchange_watcher:_watch:81] - Watcher start | exchange=bingx symbols=466
2026-07-01 05:38:21 | INFO     | [arbitrator.exchanges.ccxt_base:_ensure_open:1336] - Exchange client opened | exchange=bingx
2026-07-01 05:38:21 | INFO     | [arbitrator.exchanges.ccxt_base:_ensure_open:1336] - Exchange client opened | exchange=bingx
2026-07-01 05:38:22 | DEBUG    | [arbitrator.application.strategy_table_service:refresh:75] - strategy recompute | changed=0 symbols=0
2026-07-01 05:38:22 | DEBUG    | [arbitrator.application.strategy_table_service:refresh:75] - strategy recompute | changed=0 symbols=0
2026-07-01 05:38:24 | DEBUG    | [arbitrator.application.strategy_table_service:refresh:75] - strategy recompute | changed=0 symbols=0
2026-07-01 05:38:24 | DEBUG    | [arbitrator.application.strategy_table_service:refresh:75] - strategy recompute | changed=0 symbols=0
2026-07-01 05:38:25 | DEBUG    | [arbitrator.application.strategy_table_service:refresh:75] - strategy recompute | changed=0 symbols=0
2026-07-01 05:38:25 | DEBUG    | [arbitrator.application.strategy_table_service:refresh:75] - strategy recompute | changed=0 symbols=0
2026-07-01 05:38:25 | DEBUG    | [arbitrator.exchanges.ccxt_base:_ensure_markets_loaded:1353] - Markets loaded | exchange=mexc count=3151
2026-07-01 05:38:26 | INFO     | [arbitrator.exchanges.ccxt_base:_ensure_open:1336] - Exchange client opened | exchange=bitget
2026-07-01 05:38:26 | DEBUG    | [arbitrator.application.strategy_table_service:refresh:75] - strategy recompute | changed=0 symbols=0
2026-07-01 05:38:26 | DEBUG    | [arbitrator.application.strategy_table_service:refresh:75] - strategy recompute | changed=0 symbols=0
2026-07-01 05:38:27 | DEBUG    | [arbitrator.application.strategy_table_service:refresh:75] - strategy recompute | changed=0 symbols=0
2026-07-01 05:38:27 | DEBUG    | [arbitrator.application.strategy_table_service:refresh:75] - strategy recompute | changed=0 symbols=0
2026-07-01 05:38:28 | DEBUG    | [arbitrator.exchanges.ccxt_base:_ensure_markets_loaded:1353] - Markets loaded | exchange=bitget count=1928
2026-07-01 05:38:28 | INFO     | [arbitrator.exchanges.ccxt_base:watch_order_book:233] - Streaming order book | exchange=bitget symbol=BNB/USDT:USDT limit=20
2026-07-01 05:38:28 | INFO     | [arbitrator.exchanges.ccxt_base:watch_order_book:233] - Streaming order book | exchange=bitget symbol=BNB/USDT limit=20
2026-07-01 05:38:28 | INFO     | [arbitrator.exchanges.ccxt_base:watch_tickers:209] - Streaming tickers | exchange=bitget symbols=1 mode=bulk chunks=1
2026-07-01 05:38:28 | DEBUG    | [arbitrator.exchanges.ccxt_base:_stream_bulk:1181] - Bulk stream chunks | exchange=bitget chunks=1 chunk_size=50
2026-07-01 05:38:30 | DEBUG    | [arbitrator.application.strategy_table_service:refresh:75] - strategy recompute | changed=0 symbols=0
2026-07-01 05:38:30 | DEBUG    | [arbitrator.application.strategy_table_service:refresh:75] - strategy recompute | changed=0 symbols=0
2026-07-01 05:38:30 | DEBUG    | [arbitrator.exchanges.ccxt_base:_ensure_markets_loaded:1353] - Markets loaded | exchange=mexc count=3151
2026-07-01 05:38:30 | INFO     | [arbitrator.exchanges.ccxt_base:watch_order_book:233] - Streaming order book | exchange=mexc symbol=BNB/USDT:USDT limit=20
2026-07-01 05:38:30 | INFO     | [arbitrator.exchanges.ccxt_base:watch_order_book:233] - Streaming order book | exchange=mexc symbol=BNB/USDT limit=20
2026-07-01 05:38:30 | INFO     | [arbitrator.exchanges.ccxt_base:watch_tickers:209] - Streaming tickers | exchange=mexc symbols=1 mode=bulk chunks=1
2026-07-01 05:38:30 | DEBUG    | [arbitrator.exchanges.ccxt_base:_stream_bulk:1181] - Bulk stream chunks | exchange=mexc chunks=1 chunk_size=50
2026-07-01 05:38:31 | DEBUG    | [arbitrator.application.strategy_table_service:refresh:75] - strategy recompute | changed=0 symbols=0
2026-07-01 05:38:31 | DEBUG    | [arbitrator.application.strategy_table_service:refresh:75] - strategy recompute | changed=0 symbols=0
2026-07-01 05:38:33 | DEBUG    | [arbitrator.application.strategy_table_service:refresh:75] - strategy recompute | changed=0 symbols=0
2026-07-01 05:38:33 | DEBUG    | [arbitrator.application.strategy_table_service:refresh:75] - strategy recompute | changed=0 symbols=0
2026-07-01 05:38:35 | DEBUG    | [arbitrator.application.strategy_table_service:refresh:75] - strategy recompute | changed=0 symbols=0
2026-07-01 05:38:35 | DEBUG    | [arbitrator.application.strategy_table_service:refresh:75] - strategy recompute | changed=0 symbols=0
2026-07-01 05:38:36 | DEBUG    | [arbitrator.exchanges.ccxt_base:_ensure_markets_loaded:1353] - Markets loaded | exchange=bitget count=1928
2026-07-01 05:38:36 | INFO     | [arbitrator.application.fee_snapshot_service:snapshot:41] - fee snapshot complete | exchanges=2 symbols=1 loaded=2
2026-07-01 05:38:36 | INFO     | [arbitrator.exchanges.ccxt_base:fetch_funding_infos:970] - fetchFundingRates unsupported | exchange=mexc
2026-07-01 05:38:36 | DEBUG    | [arbitrator.application.strategy_table_service:refresh:75] - strategy recompute | changed=0 symbols=0
2026-07-01 05:38:36 | DEBUG    | [arbitrator.application.strategy_table_service:refresh:75] - strategy recompute | changed=0 symbols=0
2026-07-01 05:38:36 | DEBUG    | [arbitrator.exchanges.ccxt_base:watch_order_book:245] - watch_order_book unsubscribed, resubscribing | exchange=bitget symbol=BNB/USDT:USDT
2026-07-01 05:38:36 | DEBUG    | [arbitrator.exchanges.ccxt_base:watch_order_book:252] - watch_order_book transient, retrying | exchange=bitget symbol=BNB/USDT:USDT err=ChecksumError
2026-07-01 05:38:36 | DEBUG    | [arbitrator.exchanges.ccxt_base:watch_order_book:245] - watch_order_book unsubscribed, resubscribing | exchange=bitget symbol=BNB/USDT
2026-07-01 05:38:36 | DEBUG    | [arbitrator.exchanges.ccxt_base:watch_order_book:252] - watch_order_book transient, retrying | exchange=bitget symbol=BNB/USDT err=ChecksumError
2026-07-01 05:38:37 | DEBUG    | [arbitrator.application.strategy_table_service:refresh:75] - strategy recompute | changed=0 symbols=0
2026-07-01 05:38:37 | DEBUG    | [arbitrator.application.strategy_table_service:refresh:75] - strategy recompute | changed=0 symbols=0
2026-07-01 05:38:38 | DEBUG    | [arbitrator.exchanges.ccxt_base:_ensure_markets_loaded:1353] - Markets loaded | exchange=bitget count=1928
2026-07-01 05:38:38 | INFO     | [arbitrator.exchanges.ccxt_base:watch_tickers:209] - Streaming tickers | exchange=bitget symbols=573 mode=bulk chunks=12
2026-07-01 05:38:38 | DEBUG    | [arbitrator.exchanges.ccxt_base:_stream_bulk:1181] - Bulk stream chunks | exchange=bitget chunks=12 chunk_size=50
2026-07-01 05:38:38 | DEBUG    | [arbitrator.application.strategy_table_service:refresh:75] - strategy recompute | changed=0 symbols=0
2026-07-01 05:38:38 | DEBUG    | [arbitrator.application.strategy_table_service:refresh:75] - strategy recompute | changed=0 symbols=0
2026-07-01 05:38:39 | DEBUG    | [arbitrator.exchanges.ccxt_base:_ensure_markets_loaded:1353] - Markets loaded | exchange=bitget count=1928
2026-07-01 05:38:39 | INFO     | [arbitrator.exchanges.ccxt_base:watch_open_positions:603] - Position stream started | exchange=bitget mode=ws
2026-07-01 05:38:39 | DEBUG    | [arbitrator.application.strategy_table_service:refresh:75] - strategy recompute | changed=0 symbols=0
2026-07-01 05:38:39 | DEBUG    | [arbitrator.application.strategy_table_service:refresh:75] - strategy recompute | changed=0 symbols=0
2026-07-01 05:38:41 | DEBUG    | [arbitrator.application.strategy_table_service:refresh:75] - strategy recompute | changed=0 symbols=0
2026-07-01 05:38:41 | DEBUG    | [arbitrator.application.strategy_table_service:refresh:75] - strategy recompute | changed=0 symbols=0
2026-07-01 05:38:41 | DEBUG    | [arbitrator.exchanges.ccxt_base:_ensure_markets_loaded:1353] - Markets loaded | exchange=mexc count=3151
2026-07-01 05:38:41 | INFO     | [arbitrator.exchanges.ccxt_base:watch_tickers:209] - Streaming tickers | exchange=mexc symbols=545 mode=bulk chunks=11
2026-07-01 05:38:41 | DEBUG    | [arbitrator.exchanges.ccxt_base:_stream_bulk:1181] - Bulk stream chunks | exchange=mexc chunks=11 chunk_size=50
2026-07-01 05:38:41 | INFO     | [arbitrator.exchanges.ccxt_base:watch_usdt_balance:635] - Balance stream started | exchange=bitget mode=ws
2026-07-01 05:38:41 | DEBUG    | [arbitrator.exchanges.ccxt_base:_ensure_markets_loaded:1353] - Markets loaded | exchange=mexc count=3151
2026-07-01 05:38:41 | INFO     | [arbitrator.exchanges.ccxt_base:watch_open_positions:603] - Position stream started | exchange=mexc mode=rest_poll
2026-07-01 05:38:41 | INFO     | [arbitrator.exchanges.ccxt_base:watch_usdt_balance:635] - Balance stream started | exchange=mexc mode=ws
2026-07-01 05:38:42 | DEBUG    | [arbitrator.application.strategy_table_service:refresh:75] - strategy recompute | changed=0 symbols=0
2026-07-01 05:38:42 | DEBUG    | [arbitrator.application.strategy_table_service:refresh:75] - strategy recompute | changed=0 symbols=0
2026-07-01 05:38:42 | DEBUG    | [arbitrator.exchanges.ccxt_base:watch_order_book:252] - watch_order_book transient, retrying | exchange=bitget symbol=BNB/USDT err=ChecksumError
2026-07-01 05:38:42 | DEBUG    | [arbitrator.exchanges.ccxt_base:watch_order_book:252] - watch_order_book transient, retrying | exchange=bitget symbol=BNB/USDT:USDT err=ChecksumError
2026-07-01 05:38:42 | DEBUG    | [arbitrator.exchanges.ccxt_base:_ensure_markets_loaded:1353] - Markets loaded | exchange=bingx count=3032
2026-07-01 05:38:42 | INFO     | [arbitrator.exchanges.ccxt_base:watch_tickers:209] - Streaming tickers | exchange=bingx symbols=466 mode=fanout chunks=-
2026-07-01 05:38:42 | DEBUG    | [arbitrator.exchanges.ccxt_base:_ensure_markets_loaded:1353] - Markets loaded | exchange=bingx count=3032
2026-07-01 05:38:42 | INFO     | [arbitrator.exchanges.ccxt_base:watch_open_positions:603] - Position stream started | exchange=bingx mode=ws
2026-07-01 05:38:42 | INFO     | [arbitrator.exchanges.ccxt_base:watch_usdt_balance:635] - Balance stream started | exchange=bingx mode=ws
2026-07-01 05:38:43 | DEBUG    | [arbitrator.application.strategy_table_service:refresh:75] - strategy recompute | changed=0 symbols=0
2026-07-01 05:38:43 | DEBUG    | [arbitrator.application.strategy_table_service:refresh:75] - strategy recompute | changed=0 symbols=0
2026-07-01 05:38:44 | DEBUG    | [arbitrator.application.strategy_table_service:refresh:75] - strategy recompute | changed=0 symbols=0
2026-07-01 05:38:44 | DEBUG    | [arbitrator.application.strategy_table_service:refresh:75] - strategy recompute | changed=0 symbols=0
2026-07-01 05:38:45 | DEBUG    | [arbitrator.application.strategy_table_service:refresh:75] - strategy recompute | changed=0 symbols=0
2026-07-01 05:38:45 | DEBUG    | [arbitrator.application.strategy_table_service:refresh:75] - strategy recompute | changed=150 symbols=150
2026-07-01 05:38:45 | DEBUG    | [arbitrator.exchanges.ccxt_base:close:1168] - Exchange closed | exchange=mexc
2026-07-01 05:38:46 | DEBUG    | [arbitrator.exchanges.ccxt_base:close:1168] - Exchange closed | exchange=bitget
2026-07-01 05:38:46 | DEBUG    | [arbitrator.application.strategy_table_service:refresh:75] - strategy recompute | changed=6 symbols=152
2026-07-01 05:38:46 | DEBUG    | [arbitrator.application.strategy_table_service:refresh:75] - strategy recompute | changed=0 symbols=152
2026-07-01 05:38:46 | DEBUG    | [arbitrator.application.strategy_table_service:refresh:75] - strategy recompute | changed=0 symbols=152
2026-07-01 05:38:47 | DEBUG    | [arbitrator.exchanges.ccxt_base:watch_order_book:252] - watch_order_book transient, retrying | exchange=bitget symbol=BNB/USDT err=ChecksumError
2026-07-01 05:38:47 | DEBUG    | [arbitrator.exchanges.ccxt_base:watch_order_book:252] - watch_order_book transient, retrying | exchange=bitget symbol=BNB/USDT:USDT err=ChecksumError
2026-07-01 05:38:47 | DEBUG    | [arbitrator.application.strategy_table_service:refresh:75] - strategy recompute | changed=161 symbols=302
2026-07-01 05:38:47 | DEBUG    | [arbitrator.application.strategy_table_service:refresh:75] - strategy recompute | changed=0 symbols=302
2026-07-01 05:38:47 | DEBUG    | [arbitrator.application.strategy_table_service:refresh:75] - strategy recompute | changed=1 symbols=302
2026-07-01 05:38:48 | INFO     | [arbitrator.application.screener_stream_worker:_discovery_phase:191] - Volume discovery timed out | eligible=305 pending=363
2026-07-01 05:38:48 | DEBUG    | [arbitrator.application.strategy_table_service:refresh:75] - strategy recompute | changed=9 symbols=305
2026-07-01 05:38:48 | DEBUG    | [arbitrator.application.strategy_table_service:refresh:75] - strategy recompute | changed=0 symbols=305
2026-07-01 05:38:48 | DEBUG    | [arbitrator.application.strategy_table_service:refresh:75] - strategy recompute | changed=0 symbols=305
2026-07-01 05:38:49 | DEBUG    | [arbitrator.exchanges.ccxt_base:_watch_chunk:1206] - watch_tickers transient, retrying | exchange=mexc chunk=9 err=NetworkError delay_s=5.0
2026-07-01 05:38:49 | DEBUG    | [arbitrator.exchanges.ccxt_base:_watch_chunk:1206] - watch_tickers transient, retrying | exchange=mexc chunk=10 err=NetworkError delay_s=5.0
2026-07-01 05:38:49 | DEBUG    | [arbitrator.exchanges.ccxt_base:_watch_chunk:1206] - watch_tickers transient, retrying | exchange=mexc chunk=0 err=NetworkError delay_s=5.0
2026-07-01 05:38:49 | DEBUG    | [arbitrator.exchanges.ccxt_base:close:1168] - Exchange closed | exchange=mexc
2026-07-01 05:38:49 | DEBUG    | [arbitrator.exchanges.ccxt_base:close:1168] - Exchange closed | exchange=mexc
2026-07-01 05:38:49 | DEBUG    | [arbitrator.application.strategy_table_service:refresh:75] - strategy recompute | changed=0 symbols=305
2026-07-01 05:38:50 | DEBUG    | [arbitrator.application.strategy_table_service:refresh:75] - strategy recompute | changed=0 symbols=305
2026-07-01 05:38:50 | DEBUG    | [arbitrator.application.strategy_table_service:refresh:75] - strategy recompute | changed=0 symbols=305
2026-07-01 05:38:51 | DEBUG    | [arbitrator.exchanges.ccxt_base:close:1168] - Exchange closed | exchange=bitget
2026-07-01 05:38:51 | DEBUG    | [arbitrator.application.strategy_table_service:refresh:75] - strategy recompute | changed=0 symbols=305
2026-07-01 05:38:52 | DEBUG    | [arbitrator.application.strategy_table_service:refresh:75] - strategy recompute | changed=0 symbols=305
2026-07-01 05:38:52 | DEBUG    | [arbitrator.application.strategy_table_service:refresh:75] - strategy recompute | changed=0 symbols=305
2026-07-01 05:38:52 | DEBUG    | [arbitrator.exchanges.ccxt_base:_ensure_markets_loaded:1353] - Markets loaded | exchange=gate count=6253
2026-07-01 05:38:52 | INFO     | [arbitrator.exchanges.gate:watch_open_positions:71] - Position stream started | exchange=gate mode=rest_poll
2026-07-01 05:38:52 | DEBUG    | [arbitrator.exchanges.ccxt_base:close:1168] - Exchange closed | exchange=bitget
2026-07-01 05:38:52 | INFO     | [arbitrator.exchanges.gate:watch_usdt_balance:91] - Balance stream started | exchange=gate mode=rest_poll
2026-07-01 05:38:52 | DEBUG    | [arbitrator.exchanges.ccxt_base:watch_order_book:252] - watch_order_book transient, retrying | exchange=bitget symbol=BNB/USDT err=ChecksumError
2026-07-01 05:38:52 | DEBUG    | [arbitrator.exchanges.ccxt_base:watch_order_book:252] - watch_order_book transient, retrying | exchange=bitget symbol=BNB/USDT:USDT err=ChecksumError
2026-07-01 05:38:52 | DEBUG    | [arbitrator.exchanges.ccxt_base:close:1168] - Exchange closed | exchange=gate
2026-07-01 05:38:52 | ERROR    | [arbitrator.exchanges.ccxt_base:_ensure_markets_loaded:1351] - load_markets failed | exchange=gate
Traceback (most recent call last):

  File "c:\Users\dev_home\.cursor\extensions\ms-python.debugpy-2026.6.0-win32-x64\bundled\libs\debugpy\_vendored\pydevd\_pydev_bundle\pydev_monkey.py", line 1134, in __call__
    ret = self.original_func(*self.args, **self.kwargs)
          │    │              │    │       │    └ {}
          │    │              │    │       └ <_pydev_bundle.pydev_monkey._NewThreadStartupWithTrace object at 0x0000026F779FA590>
          │    │              │    └ ()
          │    │              └ <_pydev_bundle.pydev_monkey._NewThreadStartupWithTrace object at 0x0000026F779FA590>
          │    └ <bound method Thread._bootstrap of <Thread(screener-stream:0, started daemon 18004)>>
          └ <_pydev_bundle.pydev_monkey._NewThreadStartupWithTrace object at 0x0000026F779FA590>

  File "C:\Users\dev_home\AppData\Local\Programs\Python\Python311\Lib\threading.py", line 1002, in _bootstrap
    self._bootstrap_inner()
    │    └ <function Thread._bootstrap_inner at 0x0000026F6CE6CB80>
    └ <Thread(screener-stream:0, started daemon 18004)>
  File "C:\Users\dev_home\AppData\Local\Programs\Python\Python311\Lib\threading.py", line 1045, in _bootstrap_inner
    self.run()
    │    └ <function Thread.run at 0x0000026F6CE6C860>
    └ <Thread(screener-stream:0, started daemon 18004)>
  File "C:\Users\dev_home\AppData\Local\Programs\Python\Python311\Lib\threading.py", line 982, in run
    self._target(*self._args, **self._kwargs)
    │    │        │    │        │    └ {}
    │    │        │    │        └ <Thread(screener-stream:0, started daemon 18004)>
    │    │        │    └ ()
    │    │        └ <Thread(screener-stream:0, started daemon 18004)>
    │    └ <bound method ScreenerStreamWorker._thread_main of <arbitrator.application.screener_stream_worker.ScreenerStreamWorker object...
    └ <Thread(screener-stream:0, started daemon 18004)>

  File "C:\shere-folder\arbitrator\src\arbitrator\application\screener_stream_worker.py", line 88, in _thread_main
    asyncio.run(self._async_main())
    │       │   │    └ <function ScreenerStreamWorker._async_main at 0x0000026F763E7F60>
    │       │   └ <arbitrator.application.screener_stream_worker.ScreenerStreamWorker object at 0x0000026F779F82D0>
    │       └ <function run at 0x0000026F6F63ACA0>
    └ <module 'asyncio' from 'C:\\Users\\dev_home\\AppData\\Local\\Programs\\Python\\Python311\\Lib\\asyncio\\__init__.py'>

  File "C:\Users\dev_home\AppData\Local\Programs\Python\Python311\Lib\asyncio\runners.py", line 190, in run
    return runner.run(main)
           │      │   └ <coroutine object ScreenerStreamWorker._async_main at 0x0000026F77998A40>
           │      └ <function Runner.run at 0x0000026F6F63B100>
           └ <asyncio.runners.Runner object at 0x0000026F779F9C50>
  File "C:\Users\dev_home\AppData\Local\Programs\Python\Python311\Lib\asyncio\runners.py", line 118, in run
    return self._loop.run_until_complete(task)
           │    │     │                  └ <Task pending name='Task-3' coro=<ScreenerStreamWorker._async_main() running at C:\shere-folder\arbitrator\src\arbitrator\app...
           │    │     └ <function BaseEventLoop.run_until_complete at 0x0000026F6F638B80>
           │    └ <ProactorEventLoop running=True closed=False debug=False>
           └ <asyncio.runners.Runner object at 0x0000026F779F9C50>
  File "C:\Users\dev_home\AppData\Local\Programs\Python\Python311\Lib\asyncio\base_events.py", line 640, in run_until_complete
    self.run_forever()
    │    └ <function ProactorEventLoop.run_forever at 0x0000026F6F6D1B20>
    └ <ProactorEventLoop running=True closed=False debug=False>
  File "C:\Users\dev_home\AppData\Local\Programs\Python\Python311\Lib\asyncio\windows_events.py", line 321, in run_forever
    super().run_forever()
  File "C:\Users\dev_home\AppData\Local\Programs\Python\Python311\Lib\asyncio\base_events.py", line 607, in run_forever
    self._run_once()
    │    └ <function BaseEventLoop._run_once at 0x0000026F6F63A8E0>
    └ <ProactorEventLoop running=True closed=False debug=False>
  File "C:\Users\dev_home\AppData\Local\Programs\Python\Python311\Lib\asyncio\base_events.py", line 1922, in _run_once
    handle._run()
    │      └ <function Handle._run at 0x0000026F6F5B6340>
    └ <Handle Task.task_wakeup(<Task finishe...ibute 'get'")>)>
  File "C:\Users\dev_home\AppData\Local\Programs\Python\Python311\Lib\asyncio\events.py", line 80, in _run
    self._context.run(self._callback, *self._args)
    │    │            │    │           │    └ <member '_args' of 'Handle' objects>
    │    │            │    │           └ <Handle Task.task_wakeup(<Task finishe...ibute 'get'")>)>
    │    │            │    └ <member '_callback' of 'Handle' objects>
    │    │            └ <Handle Task.task_wakeup(<Task finishe...ibute 'get'")>)>
    │    └ <member '_context' of 'Handle' objects>
    └ <Handle Task.task_wakeup(<Task finishe...ibute 'get'")>)>

  File "C:\shere-folder\arbitrator\src\arbitrator\exchanges\gate.py", line 46, in watch_tickers
    await self._ensure_markets_loaded(client)
          │    │                      └ ccxt.async_support.gate()
          │    └ <function CcxtBase._ensure_markets_loaded at 0x0000026F763CA980>
          └ <arbitrator.exchanges.gate.Gate object at 0x0000026F77A00BD0>

> File "C:\shere-folder\arbitrator\src\arbitrator\exchanges\ccxt_base.py", line 1348, in _ensure_markets_loaded
    await client.load_markets()
          │      └ <function Exchange.load_markets at 0x0000026F7404EDE0>
          └ ccxt.async_support.gate()

  File "C:\shere-folder\arbitrator\.venv\Lib\site-packages\ccxt\async_support\base\exchange.py", line 365, in load_markets
    raise e
  File "C:\shere-folder\arbitrator\.venv\Lib\site-packages\ccxt\async_support\base\exchange.py", line 357, in load_markets
    result = await self.markets_loading
                   │    └ None
                   └ ccxt.async_support.gate()
  File "C:\shere-folder\arbitrator\.venv\Lib\site-packages\ccxt\async_support\base\exchange.py", line 324, in load_markets_helper
    markets = await self.fetch_markets(params)
                    │    │             └ {}
                    │    └ <function gate.fetch_markets at 0x0000026F756249A0>
                    └ ccxt.async_support.gate()
  File "C:\shere-folder\arbitrator\.venv\Lib\site-packages\ccxt\async_support\gate.py", line 1343, in fetch_markets
    results = await asyncio.gather(*rawPromises)
                    │       │       └ [<coroutine object gate.fetch_spot_markets at 0x0000026F007C6D60>, <coroutine object gate.fetch_swap_markets at 0x0000026F129...
                    │       └ <function gather at 0x0000026F6F6039C0>
                    └ <module 'asyncio' from 'C:\\Users\\dev_home\\AppData\\Local\\Programs\\Python\\Python311\\Lib\\asyncio\\__init__.py'>
  File "C:\shere-folder\arbitrator\.venv\Lib\site-packages\ccxt\async_support\gate.py", line 1667, in fetch_option_markets
    response = await self.publicOptionsGetContracts(query)
                     │    │                         └ {'underlying': 'BNB_USDT'}
                     │    └ <function Entry.__init__.<locals>.unbound_method at 0x0000026F72D0B560>
                     └ ccxt.async_support.gate()
  File "C:\shere-folder\arbitrator\.venv\Lib\site-packages\ccxt\async_support\base\exchange.py", line 1033, in request
    return await self.fetch2(path, api, method, params, headers, body, config)
                 │    │      │     │    │       │       │        │     └ {'cost': 1}
                 │    │      │     │    │       │       │        └ None
                 │    │      │     │    │       │       └ None
                 │    │      │     │    │       └ {'underlying': 'BNB_USDT'}
                 │    │      │     │    └ 'GET'
                 │    │      │     └ ['public', 'options']
                 │    │      └ 'contracts'
                 │    └ <function Exchange.fetch2 at 0x0000026F74166E80>
                 └ ccxt.async_support.gate()
  File "C:\shere-folder\arbitrator\.venv\Lib\site-packages\ccxt\async_support\base\exchange.py", line 1029, in fetch2
    raise e
  File "C:\shere-folder\arbitrator\.venv\Lib\site-packages\ccxt\async_support\base\exchange.py", line 1017, in fetch2
    return await self.fetch(request['url'], request['method'], request['headers'], request['body'])
                 │    │     │               │                  │                   └ {'url': 'https://api.gateio.ws/api/v4/options/contracts?underlying=BNB_USDT', 'method': 'GET', 'body': None, 'headers': None}
                 │    │     │               │                  └ {'url': 'https://api.gateio.ws/api/v4/options/contracts?underlying=BNB_USDT', 'method': 'GET', 'body': None, 'headers': None}
                 │    │     │               └ {'url': 'https://api.gateio.ws/api/v4/options/contracts?underlying=BNB_USDT', 'method': 'GET', 'body': None, 'headers': None}
                 │    │     └ {'url': 'https://api.gateio.ws/api/v4/options/contracts?underlying=BNB_USDT', 'method': 'GET', 'body': None, 'headers': None}
                 │    └ <function Exchange.fetch at 0x0000026F7404EC00>
                 └ ccxt.async_support.gate()
  File "C:\shere-folder\arbitrator\.venv\Lib\site-packages\ccxt\async_support\base\exchange.py", line 234, in fetch
    session_method = getattr(final_session, method.lower())
                             │              │      └ <method 'lower' of 'str' objects>
                             │              └ 'GET'
                             └ None

AttributeError: 'NoneType' object has no attribute 'get'
2026-07-01 05:38:52 | DEBUG    | [arbitrator.exchanges.ccxt_base:close:1168] - Exchange closed | exchange=gate
2026-07-01 05:38:53 | DEBUG    | [arbitrator.exchanges.ccxt_base:close:1168] - Exchange closed | exchange=bingx
2026-07-01 05:38:53 | DEBUG    | [arbitrator.exchanges.ccxt_base:close:1168] - Exchange closed | exchange=bingx
2026-07-01 05:38:53 | INFO     | [arbitrator.application.screener_stream_worker:_async_main:137] - Volume gate applied | threshold_usdt=50000.0 eligible=305 rejected=0
2026-07-01 05:38:53 | INFO     | [arbitrator.application.multi_exchange_watcher:_spawn_watchers:61] - Spawning watchers | exchanges=['mexc', 'bitget', 'gate', 'bingx'] symbols={'mexc': 302, 'bitget': 260, 'gate': 292, 'bingx': 252}
2026-07-01 05:38:53 | DEBUG    | [arbitrator.application.multi_exchange_watcher:_watch:81] - Watcher start | exchange=mexc symbols=302
2026-07-01 05:38:53 | DEBUG    | [arbitrator.application.strategy_table_service:refresh:75] - strategy recompute | changed=0 symbols=305
2026-07-01 05:38:53 | DEBUG    | [arbitrator.application.strategy_table_service:refresh:75] - strategy recompute | changed=0 symbols=305
2026-07-01 05:38:53 | DEBUG    | [arbitrator.application.strategy_table_service:refresh:75] - strategy recompute | changed=0 symbols=305
2026-07-01 05:38:53 | INFO     | [arbitrator.exchanges.ccxt_base:_ensure_open:1336] - Exchange client opened | exchange=mexc
2026-07-01 05:38:53 | DEBUG    | [arbitrator.application.multi_exchange_watcher:_watch:81] - Watcher start | exchange=bitget symbols=260
2026-07-01 05:38:53 | INFO     | [arbitrator.exchanges.ccxt_base:_ensure_open:1336] - Exchange client opened | exchange=bitget
2026-07-01 05:38:53 | DEBUG    | [arbitrator.application.multi_exchange_watcher:_watch:81] - Watcher start | exchange=gate symbols=292
2026-07-01 05:38:54 | INFO     | [arbitrator.exchanges.ccxt_base:_ensure_open:1336] - Exchange client opened | exchange=gate
2026-07-01 05:38:54 | DEBUG    | [arbitrator.application.multi_exchange_watcher:_watch:81] - Watcher start | exchange=bingx symbols=252
2026-07-01 05:38:54 | DEBUG    | [arbitrator.application.strategy_table_service:refresh:75] - strategy recompute | changed=0 symbols=305
2026-07-01 05:38:54 | DEBUG    | [arbitrator.application.strategy_table_service:refresh:75] - strategy recompute | changed=0 symbols=305
2026-07-01 05:38:54 | DEBUG    | [arbitrator.application.strategy_table_service:refresh:75] - strategy recompute | changed=0 symbols=305
2026-07-01 05:38:54 | INFO     | [arbitrator.exchanges.ccxt_base:_ensure_open:1336] - Exchange client opened | exchange=bingx
2026-07-01 05:38:55 | DEBUG    | [arbitrator.application.strategy_table_service:refresh:75] - strategy recompute | changed=0 symbols=305
2026-07-01 05:38:55 | DEBUG    | [arbitrator.application.strategy_table_service:refresh:75] - strategy recompute | changed=0 symbols=305
2026-07-01 05:38:55 | DEBUG    | [arbitrator.application.strategy_table_service:refresh:75] - strategy recompute | changed=0 symbols=305
2026-07-01 05:38:56 | DEBUG    | [arbitrator.application.strategy_table_service:refresh:75] - strategy recompute | changed=0 symbols=305
2026-07-01 05:38:56 | DEBUG    | [arbitrator.application.strategy_table_service:refresh:75] - strategy recompute | changed=0 symbols=305
2026-07-01 05:38:56 | DEBUG    | [arbitrator.application.strategy_table_service:refresh:75] - strategy recompute | changed=0 symbols=305
2026-07-01 05:38:57 | DEBUG    | [arbitrator.application.strategy_table_service:refresh:75] - strategy recompute | changed=0 symbols=305
2026-07-01 05:38:57 | DEBUG    | [arbitrator.application.strategy_table_service:refresh:75] - strategy recompute | changed=0 symbols=305
2026-07-01 05:38:57 | DEBUG    | [arbitrator.application.strategy_table_service:refresh:75] - strategy recompute | changed=0 symbols=305
2026-07-01 05:38:58 | DEBUG    | [arbitrator.exchanges.ccxt_base:watch_order_book:252] - watch_order_book transient, retrying | exchange=bitget symbol=BNB/USDT err=ChecksumError
2026-07-01 05:38:58 | DEBUG    | [arbitrator.exchanges.ccxt_base:watch_order_book:252] - watch_order_book transient, retrying | exchange=bitget symbol=BNB/USDT:USDT err=ChecksumError
2026-07-01 05:38:59 | DEBUG    | [arbitrator.application.strategy_table_service:refresh:75] - strategy recompute | changed=0 symbols=305
2026-07-01 05:38:59 | DEBUG    | [arbitrator.application.strategy_table_service:refresh:75] - strategy recompute | changed=0 symbols=305
2026-07-01 05:38:59 | DEBUG    | [arbitrator.application.strategy_table_service:refresh:75] - strategy recompute | changed=0 symbols=305
2026-07-01 05:39:00 | DEBUG    | [arbitrator.application.strategy_table_service:refresh:75] - strategy recompute | changed=0 symbols=305
2026-07-01 05:39:00 | DEBUG    | [arbitrator.application.strategy_table_service:refresh:75] - strategy recompute | changed=0 symbols=305
2026-07-01 05:39:00 | DEBUG    | [arbitrator.application.strategy_table_service:refresh:75] - strategy recompute | changed=0 symbols=305
2026-07-01 05:39:01 | DEBUG    | [arbitrator.application.strategy_table_service:refresh:75] - strategy recompute | changed=0 symbols=305
2026-07-01 05:39:01 | DEBUG    | [arbitrator.application.strategy_table_service:refresh:75] - strategy recompute | changed=0 symbols=305
2026-07-01 05:39:02 | DEBUG    | [arbitrator.application.strategy_table_service:refresh:75] - strategy recompute | changed=0 symbols=305
2026-07-01 05:39:02 | DEBUG    | [arbitrator.application.strategy_table_service:refresh:75] - strategy recompute | changed=0 symbols=305
2026-07-01 05:39:03 | DEBUG    | [arbitrator.application.strategy_table_service:refresh:75] - strategy recompute | changed=0 symbols=305
2026-07-01 05:39:03 | DEBUG    | [arbitrator.application.strategy_table_service:refresh:75] - strategy recompute | changed=0 symbols=305
2026-07-01 05:39:03 | DEBUG    | [arbitrator.exchanges.ccxt_base:watch_order_book:252] - watch_order_book transient, retrying | exchange=bitget symbol=BNB/USDT err=ChecksumError
2026-07-01 05:39:03 | DEBUG    | [arbitrator.exchanges.ccxt_base:_ensure_markets_loaded:1353] - Markets loaded | exchange=bitget count=1928
2026-07-01 05:39:03 | DEBUG    | [arbitrator.exchanges.ccxt_base:watch_order_book:252] - watch_order_book transient, retrying | exchange=bitget symbol=BNB/USDT:USDT err=ChecksumError
2026-07-01 05:39:03 | INFO     | [arbitrator.exchanges.ccxt_base:watch_tickers:209] - Streaming tickers | exchange=bitget symbols=260 mode=bulk chunks=6
2026-07-01 05:39:03 | DEBUG    | [arbitrator.exchanges.ccxt_base:_stream_bulk:1181] - Bulk stream chunks | exchange=bitget chunks=6 chunk_size=50
2026-07-01 05:39:04 | DEBUG    | [arbitrator.application.strategy_table_service:refresh:75] - strategy recompute | changed=0 symbols=305
2026-07-01 05:39:04 | DEBUG    | [arbitrator.application.strategy_table_service:refresh:75] - strategy recompute | changed=0 symbols=305
2026-07-01 05:39:04 | DEBUG    | [arbitrator.application.strategy_table_service:refresh:75] - strategy recompute | changed=0 symbols=305
2026-07-01 05:39:04 | DEBUG    | [arbitrator.exchanges.ccxt_base:_ensure_markets_loaded:1353] - Markets loaded | exchange=mexc count=3151
2026-07-01 05:39:04 | INFO     | [arbitrator.exchanges.ccxt_base:watch_tickers:209] - Streaming tickers | exchange=mexc symbols=302 mode=bulk chunks=7
2026-07-01 05:39:04 | DEBUG    | [arbitrator.exchanges.ccxt_base:_stream_bulk:1181] - Bulk stream chunks | exchange=mexc chunks=7 chunk_size=50
2026-07-01 05:39:05 | DEBUG    | [arbitrator.application.strategy_table_service:refresh:75] - strategy recompute | changed=0 symbols=305
2026-07-01 05:39:05 | DEBUG    | [arbitrator.exchanges.ccxt_base:_ensure_markets_loaded:1353] - Markets loaded | exchange=bingx count=3032
2026-07-01 05:39:05 | INFO     | [arbitrator.exchanges.ccxt_base:watch_tickers:209] - Streaming tickers | exchange=bingx symbols=252 mode=fanout chunks=-
2026-07-01 05:39:05 | DEBUG    | [arbitrator.application.strategy_table_service:refresh:75] - strategy recompute | changed=0 symbols=305
2026-07-01 05:39:05 | DEBUG    | [arbitrator.application.strategy_table_service:refresh:75] - strategy recompute | changed=0 symbols=305
2026-07-01 05:39:06 | DEBUG    | [arbitrator.application.strategy_table_service:refresh:75] - strategy recompute | changed=0 symbols=305
2026-07-01 05:39:06 | DEBUG    | [arbitrator.application.strategy_table_service:refresh:75] - strategy recompute | changed=0 symbols=305
2026-07-01 05:39:06 | DEBUG    | [arbitrator.application.strategy_table_service:refresh:75] - strategy recompute | changed=0 symbols=305
2026-07-01 05:39:07 | DEBUG    | [arbitrator.application.strategy_table_service:refresh:75] - strategy recompute | changed=0 symbols=1
2026-07-01 05:39:08 | DEBUG    | [arbitrator.application.strategy_table_service:refresh:75] - strategy recompute | changed=0 symbols=1
2026-07-01 05:39:08 | DEBUG    | [arbitrator.application.strategy_table_service:refresh:75] - strategy recompute | changed=0 symbols=1
2026-07-01 05:39:08 | DEBUG    | [arbitrator.exchanges.ccxt_base:watch_order_book:252] - watch_order_book transient, retrying | exchange=bitget symbol=BNB/USDT err=ChecksumError
2026-07-01 05:39:08 | DEBUG    | [arbitrator.exchanges.ccxt_base:watch_order_book:252] - watch_order_book transient, retrying | exchange=bitget symbol=BNB/USDT:USDT err=ChecksumError
2026-07-01 05:39:09 | DEBUG    | [arbitrator.application.strategy_table_service:refresh:75] - strategy recompute | changed=214 symbols=300
2026-07-01 05:39:09 | DEBUG    | [arbitrator.application.strategy_table_service:refresh:75] - strategy recompute | changed=2 symbols=300
2026-07-01 05:39:09 | DEBUG    | [arbitrator.application.strategy_table_service:refresh:75] - strategy recompute | changed=1 symbols=301
2026-07-01 05:39:10 | DEBUG    | [arbitrator.application.strategy_table_service:refresh:75] - strategy recompute | changed=33 symbols=301
2026-07-01 05:39:10 | DEBUG    | [arbitrator.application.strategy_table_service:refresh:75] - strategy recompute | changed=0 symbols=301
2026-07-01 05:39:10 | DEBUG    | [arbitrator.application.strategy_table_service:refresh:75] - strategy recompute | changed=0 symbols=301
2026-07-01 05:39:11 | DEBUG    | [arbitrator.application.strategy_table_service:refresh:75] - strategy recompute | changed=82 symbols=304
2026-07-01 05:39:11 | DEBUG    | [arbitrator.application.strategy_table_service:refresh:75] - strategy recompute | changed=4 symbols=304
2026-07-01 05:39:11 | DEBUG    | [arbitrator.application.strategy_table_service:refresh:75] - strategy recompute | changed=0 symbols=304
2026-07-01 05:39:12 | DEBUG    | [arbitrator.application.strategy_table_service:refresh:75] - strategy recompute | changed=43 symbols=304
2026-07-01 05:39:12 | DEBUG    | [arbitrator.application.strategy_table_service:refresh:75] - strategy recompute | changed=2 symbols=304
2026-07-01 05:39:12 | DEBUG    | [arbitrator.application.strategy_table_service:refresh:75] - strategy recompute | changed=1 symbols=304
2026-07-01 05:39:13 | DEBUG    | [arbitrator.exchanges.ccxt_base:watch_order_book:252] - watch_order_book transient, retrying | exchange=bitget symbol=BNB/USDT err=ChecksumError
2026-07-01 05:39:13 | DEBUG    | [arbitrator.exchanges.ccxt_base:watch_order_book:252] - watch_order_book transient, retrying | exchange=bitget symbol=BNB/USDT:USDT err=ChecksumError
2026-07-01 05:39:13 | DEBUG    | [arbitrator.application.strategy_table_service:refresh:75] - strategy recompute | changed=115 symbols=304
2026-07-01 05:39:13 | DEBUG    | [arbitrator.application.strategy_table_service:refresh:75] - strategy recompute | changed=0 symbols=304
2026-07-01 05:39:13 | DEBUG    | [arbitrator.application.strategy_table_service:refresh:75] - strategy recompute | changed=0 symbols=304
2026-07-01 05:39:14 | DEBUG    | [arbitrator.application.strategy_table_service:refresh:75] - strategy recompute | changed=43 symbols=304
2026-07-01 05:39:15 | DEBUG    | [arbitrator.application.strategy_table_service:refresh:75] - strategy recompute | changed=0 symbols=304
2026-07-01 05:39:15 | DEBUG    | [arbitrator.application.strategy_table_service:refresh:75] - strategy recompute | changed=0 symbols=304
2026-07-01 05:39:16 | DEBUG    | [arbitrator.application.strategy_table_service:refresh:75] - strategy recompute | changed=0 symbols=304
2026-07-01 05:39:16 | DEBUG    | [arbitrator.application.strategy_table_service:refresh:75] - strategy recompute | changed=0 symbols=304
2026-07-01 05:39:16 | DEBUG    | [arbitrator.application.strategy_table_service:refresh:75] - strategy recompute | changed=0 symbols=304
2026-07-01 05:39:16 | DEBUG    | [arbitrator.exchanges.ccxt_base:_ensure_markets_loaded:1353] - Markets loaded | exchange=gate count=6253
2026-07-01 05:39:16 | INFO     | [arbitrator.exchanges.ccxt_base:watch_tickers:209] - Streaming tickers | exchange=gate symbols=292 mode=bulk chunks=6
2026-07-01 05:39:16 | DEBUG    | [arbitrator.exchanges.ccxt_base:_stream_bulk:1181] - Bulk stream chunks | exchange=gate chunks=6 chunk_size=50
2026-07-01 05:39:17 | DEBUG    | [arbitrator.application.strategy_table_service:refresh:75] - strategy recompute | changed=76 symbols=304
2026-07-01 05:39:17 | DEBUG    | [arbitrator.application.strategy_table_service:refresh:75] - strategy recompute | changed=3 symbols=304
2026-07-01 05:39:17 | DEBUG    | [arbitrator.application.strategy_table_service:refresh:75] - strategy recompute | changed=0 symbols=304
2026-07-01 05:39:17 | INFO     | [uvicorn.server:_serve:98] - [uvicorn.error] Shutting down
2026-07-01 05:39:17 | INFO     | [arbitrator.presentation.ws.orders_ws_handler:handle:34] - ws disconnected | endpoint=/ws/orders
2026-07-01 05:39:17 | INFO     | [asyncio.events:_run:80] - [uvicorn.error] connection closed
2026-07-01 05:39:17 | INFO     | [arbitrator.presentation.ws.settings_ws_handler:handle:33] - ws disconnected | endpoint=/ws/settings
2026-07-01 05:39:17 | INFO     | [asyncio.events:_run:80] - [uvicorn.error] connection closed
2026-07-01 05:39:17 | INFO     | [asyncio.events:_run:80] - [uvicorn.error] connection closed
2026-07-01 05:39:17 | INFO     | [asyncio.events:_run:80] - [uvicorn.error] connection closed
2026-07-01 05:39:17 | INFO     | [asyncio.events:_run:80] - [uvicorn.error] connection closed
2026-07-01 05:39:17 | INFO     | [arbitrator.presentation.ws.orders_ws_handler:handle:34] - ws disconnected | endpoint=/ws/orders
2026-07-01 05:39:17 | INFO     | [asyncio.events:_run:80] - [uvicorn.error] connection closed
2026-07-01 05:39:17 | INFO     | [arbitrator.presentation.ws.settings_ws_handler:handle:33] - ws disconnected | endpoint=/ws/settings
2026-07-01 05:39:17 | INFO     | [asyncio.events:_run:80] - [uvicorn.error] connection closed
2026-07-01 05:39:17 | INFO     | [asyncio.tasks:wait_for:452] - [uvicorn.error] Waiting for background tasks to complete. (CTRL+C to force quit)
2026-07-01 05:39:18 | DEBUG    | [arbitrator.application.strategy_table_service:refresh:75] - strategy recompute | changed=96 symbols=304
2026-07-01 05:39:18 | INFO     | [arbitrator.presentation.ws.opportunity_ws_handler:handle:69] - ws disconnected | endpoint=/ws/opportunity symbol=BNB/USDT
2026-07-01 05:39:18 | DEBUG    | [arbitrator.application.strategy_table_service:refresh:75] - strategy recompute | changed=0 symbols=304
2026-07-01 05:39:18 | INFO     | [arbitrator.presentation.ws.screener_ws_handler:handle:43] - ws disconnected | endpoint=/ws/screener
2026-07-01 05:39:18 | DEBUG    | [arbitrator.application.strategy_table_service:refresh:75] - strategy recompute | changed=1 symbols=304
2026-07-01 05:39:18 | INFO     | [arbitrator.presentation.ws.screener_ws_handler:handle:43] - ws disconnected | endpoint=/ws/screener
2026-07-01 05:39:18 | INFO     | [uvicorn.server:shutdown:301] - [uvicorn.error] Waiting for application shutdown.
2026-07-01 05:39:18 | INFO     | [arbitrator.application.app_runtime:stop:55] - screener worker stopped
2026-07-01 05:39:19 | INFO     | [arbitrator.application.app_runtime:stop:58] - account worker stopped
2026-07-01 05:39:19 | INFO     | [arbitrator.application.app_runtime:stop:61] - funding worker stopped
2026-07-01 05:39:19 | INFO     | [arbitrator.presentation.fastapi_app:lifespan:45] - app lifespan stopped
2026-07-01 05:39:19 | INFO     | [uvicorn.server:shutdown:301] - [uvicorn.error] Application shutdown complete.
2026-07-01 05:39:19 | INFO     | [uvicorn.server:serve:79] - [uvicorn.error] Finished server process [20804]
2026-07-01 05:39:19 | INFO     | [arbitrator.exchanges.ccxt_base:_ensure_open:1336] - Exchange client opened | exchange=mexc
2026-07-01 05:39:19 | INFO     | [arbitrator.application.screener_stream_worker:_stream_loop:214] - Closing screener watcher
2026-07-01 05:39:19 | DEBUG    | [arbitrator.exchanges.ccxt_base:close:1168] - Exchange closed | exchange=mexc
2026-07-01 05:39:19 | DEBUG    | [arbitrator.exchanges.ccxt_base:close:1168] - Exchange closed | exchange=bitget
2026-07-01 05:39:19 | DEBUG    | [arbitrator.exchanges.ccxt_base:close:1168] - Exchange closed | exchange=gate
2026-07-01 05:39:19 | DEBUG    | [arbitrator.exchanges.ccxt_base:close:1168] - Exchange closed | exchange=bingx
2026-07-01 05:39:19 | DEBUG    | [arbitrator.exchanges.ccxt_base:close:1168] - Exchange closed | exchange=mexc
2026-07-01 05:39:19 | DEBUG    | [arbitrator.exchanges.ccxt_base:_watch_chunk:1206] - watch_tickers transient, retrying | exchange=mexc chunk=0 err=NetworkError delay_s=5.0
2026-07-01 05:39:19 | DEBUG    | [arbitrator.exchanges.ccxt_base:_watch_chunk:1206] - watch_tickers transient, retrying | exchange=mexc chunk=1 err=NetworkError delay_s=5.0
2026-07-01 05:39:19 | DEBUG    | [arbitrator.exchanges.ccxt_base:_watch_chunk:1206] - watch_tickers transient, retrying | exchange=mexc chunk=2 err=NetworkError delay_s=5.0
2026-07-01 05:39:19 | INFO     | [arbitrator.application.funding_rate_worker:_thread_main:65] - funding worker stopped
2026-07-01 05:39:19 | DEBUG    | [arbitrator.exchanges.ccxt_base:_watch_chunk:1206] - watch_tickers transient, retrying | exchange=mexc chunk=3 err=NetworkError delay_s=5.0
2026-07-01 05:39:19 | DEBUG    | [arbitrator.exchanges.ccxt_base:close:1168] - Exchange closed | exchange=mexc
2026-07-01 05:39:19 | DEBUG    | [arbitrator.exchanges.ccxt_base:close:1168] - Exchange closed | exchange=mexc
2026-07-01 05:39:19 | DEBUG    | [arbitrator.exchanges.ccxt_base:close:1168] - Exchange closed | exchange=mexc
