2026-06-25 00:11:16 | INFO     | [__main__:<module>:16] - Arbitrator starting | exchanges=['mexc', 'bitget', 'gate', 'bingx']
2026-06-25 00:11:17 | INFO     | [arbitrator.presentation.streamlit_app:run:94] - UI run | section=Screener
2026-06-25 00:11:22 | INFO     | [__main__:<module>:16] - Arbitrator starting | exchanges=['mexc', 'bitget', 'gate', 'bingx']
2026-06-25 00:11:22 | INFO     | [arbitrator.presentation.streamlit_app:run:94] - UI run | section=Open orders
2026-06-25 00:11:25 | INFO     | [__main__:<module>:16] - Arbitrator starting | exchanges=['mexc', 'bitget', 'gate', 'bingx']
2026-06-25 00:11:25 | INFO     | [arbitrator.presentation.streamlit_app:run:94] - UI run | section=Closed orders
2026-06-25 00:44:41 | INFO     | [starlette.middleware.errors:_send:161] - [uvicorn.access] 127.0.0.1:65405 - "GET / HTTP/1.1" 304
2026-06-25 00:44:41 | INFO     | [asyncio.events:_run:80] - [uvicorn.error] connection closed
2026-06-25 00:44:42 | INFO     | [starlette.middleware.errors:_send:161] - [uvicorn.access] 127.0.0.1:65405 - "GET /_stcore/health HTTP/1.1" 200
2026-06-25 00:44:42 | INFO     | [starlette.middleware.errors:_send:161] - [uvicorn.access] 127.0.0.1:65406 - "GET /_stcore/host-config HTTP/1.1" 200
2026-06-25 00:44:42 | INFO     | [starlette.middleware.sessions:send_wrapper:86] - [uvicorn.error] 127.0.0.1:65411 - "WebSocket /_stcore/stream" [accepted]
2026-06-25 00:44:42 | INFO     | [websockets.legacy.server:handler:161] - [uvicorn.error] connection open
2026-06-25 00:44:42 | INFO     | [__main__:<module>:16] - Arbitrator starting | exchanges=['mexc', 'bitget', 'gate', 'bingx']
2026-06-25 00:44:42 | INFO     | [arbitrator.presentation.streamlit_app:run:94] - UI run | section=Screener
2026-06-25 00:44:44 | INFO     | [__main__:<module>:16] - Arbitrator starting | exchanges=['mexc', 'bitget', 'gate', 'bingx']
2026-06-25 00:44:44 | INFO     | [arbitrator.presentation.streamlit_app:run:94] - UI run | section=Closed orders
2026-06-25 00:44:46 | INFO     | [__main__:<module>:16] - Arbitrator starting | exchanges=['mexc', 'bitget', 'gate', 'bingx']
2026-06-25 00:44:46 | INFO     | [arbitrator.presentation.streamlit_app:run:94] - UI run | section=Closed orders
2026-06-25 00:44:46 | INFO     | [__main__:<module>:16] - Arbitrator starting | exchanges=['mexc', 'bitget', 'gate', 'bingx']
2026-06-25 00:44:46 | INFO     | [arbitrator.presentation.streamlit_app:run:94] - UI run | section=Closed orders
2026-06-25 00:44:46 | INFO     | [arbitrator.exchanges.ccxt_base:_ensure_open:891] - Exchange client opened | exchange=mexc
2026-06-25 00:44:47 | INFO     | [arbitrator.exchanges.ccxt_base:_ensure_open:891] - Exchange client opened | exchange=bitget
2026-06-25 00:44:47 | INFO     | [arbitrator.exchanges.ccxt_base:_ensure_open:891] - Exchange client opened | exchange=gate
2026-06-25 00:44:47 | INFO     | [__main__:<module>:16] - Arbitrator starting | exchanges=['mexc', 'bitget', 'gate', 'bingx']
2026-06-25 00:44:47 | INFO     | [arbitrator.presentation.streamlit_app:run:94] - UI run | section=Closed orders
2026-06-25 00:44:48 | INFO     | [arbitrator.exchanges.ccxt_base:_ensure_open:891] - Exchange client opened | exchange=bingx
2026-06-25 00:44:48 | INFO     | [__main__:<module>:16] - Arbitrator starting | exchanges=['mexc', 'bitget', 'gate', 'bingx']
2026-06-25 00:44:48 | INFO     | [arbitrator.presentation.streamlit_app:run:94] - UI run | section=Closed orders
2026-06-25 00:44:48 | INFO     | [__main__:<module>:16] - Arbitrator starting | exchanges=['mexc', 'bitget', 'gate', 'bingx']
2026-06-25 00:44:48 | INFO     | [arbitrator.presentation.streamlit_app:run:94] - UI run | section=Closed orders
2026-06-25 00:44:48 | INFO     | [arbitrator.exchanges.ccxt_base:_ensure_open:891] - Exchange client opened | exchange=mexc
2026-06-25 00:44:48 | INFO     | [__main__:<module>:16] - Arbitrator starting | exchanges=['mexc', 'bitget', 'gate', 'bingx']
2026-06-25 00:44:48 | INFO     | [arbitrator.presentation.streamlit_app:run:94] - UI run | section=Closed orders
2026-06-25 00:44:49 | INFO     | [arbitrator.exchanges.ccxt_base:_ensure_open:891] - Exchange client opened | exchange=bitget
2026-06-25 00:44:49 | INFO     | [arbitrator.exchanges.ccxt_base:_ensure_open:891] - Exchange client opened | exchange=mexc
2026-06-25 00:44:49 | INFO     | [arbitrator.exchanges.ccxt_base:_ensure_open:891] - Exchange client opened | exchange=gate
2026-06-25 00:44:50 | INFO     | [arbitrator.exchanges.ccxt_base:_ensure_open:891] - Exchange client opened | exchange=bitget
2026-06-25 00:44:50 | INFO     | [arbitrator.exchanges.ccxt_base:_ensure_open:891] - Exchange client opened | exchange=bingx
2026-06-25 00:44:50 | INFO     | [arbitrator.exchanges.ccxt_base:_ensure_open:891] - Exchange client opened | exchange=gate
2026-06-25 00:44:51 | INFO     | [arbitrator.exchanges.ccxt_base:_ensure_open:891] - Exchange client opened | exchange=bingx
2026-06-25 00:44:57 | DEBUG    | [arbitrator.exchanges.ccxt_base:_ensure_markets_loaded:908] - Markets loaded | exchange=bitget count=1913
2026-06-25 00:45:02 | INFO     | [arbitrator.exchanges.ccxt_base:fetch_open_positions:429] - Open positions fetched | exchange=bitget count=0
2026-06-25 00:45:03 | DEBUG    | [arbitrator.exchanges.ccxt_base:_ensure_markets_loaded:908] - Markets loaded | exchange=bingx count=3026
2026-06-25 00:45:03 | DEBUG    | [arbitrator.exchanges.ccxt_base:_ensure_markets_loaded:908] - Markets loaded | exchange=mexc count=3238
2026-06-25 00:45:03 | DEBUG    | [arbitrator.exchanges.ccxt_base:close:766] - Exchange closed | exchange=bitget
2026-06-25 00:45:04 | INFO     | [arbitrator.exchanges.ccxt_base:fetch_open_positions:429] - Open positions fetched | exchange=bingx count=0
2026-06-25 00:45:04 | DEBUG    | [arbitrator.exchanges.ccxt_base:close:766] - Exchange closed | exchange=bingx
2026-06-25 00:45:05 | DEBUG    | [arbitrator.exchanges.ccxt_base:_ensure_markets_loaded:908] - Markets loaded | exchange=bingx count=3026
2026-06-25 00:45:06 | DEBUG    | [arbitrator.exchanges.ccxt_base:_ensure_markets_loaded:908] - Markets loaded | exchange=bingx count=3026
2026-06-25 00:45:07 | DEBUG    | [arbitrator.exchanges.ccxt_base:_ensure_markets_loaded:908] - Markets loaded | exchange=bitget count=1913
2026-06-25 00:45:08 | DEBUG    | [arbitrator.exchanges.ccxt_base:_ensure_markets_loaded:908] - Markets loaded | exchange=mexc count=3238
2026-06-25 00:45:08 | INFO     | [arbitrator.exchanges.ccxt_base:fetch_open_positions:429] - Open positions fetched | exchange=bingx count=0
2026-06-25 00:45:09 | INFO     | [arbitrator.exchanges.ccxt_base:fetch_open_positions:429] - Open positions fetched | exchange=mexc count=0
2026-06-25 00:45:09 | DEBUG    | [arbitrator.exchanges.ccxt_base:_ensure_markets_loaded:908] - Markets loaded | exchange=mexc count=3238
2026-06-25 00:45:09 | INFO     | [arbitrator.exchanges.ccxt_base:fetch_open_positions:429] - Open positions fetched | exchange=bingx count=0
2026-06-25 00:45:09 | INFO     | [arbitrator.exchanges.ccxt_base:fetch_open_positions:429] - Open positions fetched | exchange=bitget count=0
2026-06-25 00:45:09 | DEBUG    | [arbitrator.exchanges.ccxt_base:close:766] - Exchange closed | exchange=mexc
2026-06-25 00:45:09 | DEBUG    | [arbitrator.exchanges.ccxt_base:close:766] - Exchange closed | exchange=bingx
2026-06-25 00:45:09 | DEBUG    | [arbitrator.exchanges.ccxt_base:close:766] - Exchange closed | exchange=bitget
2026-06-25 00:45:10 | DEBUG    | [arbitrator.exchanges.ccxt_base:_ensure_markets_loaded:908] - Markets loaded | exchange=bitget count=1913
2026-06-25 00:45:10 | DEBUG    | [arbitrator.exchanges.ccxt_base:close:766] - Exchange closed | exchange=bingx
2026-06-25 00:45:10 | INFO     | [arbitrator.exchanges.ccxt_base:fetch_open_positions:429] - Open positions fetched | exchange=bitget count=0
2026-06-25 00:45:10 | DEBUG    | [arbitrator.exchanges.ccxt_base:close:766] - Exchange closed | exchange=bitget
2026-06-25 00:45:13 | INFO     | [arbitrator.exchanges.ccxt_base:fetch_open_positions:429] - Open positions fetched | exchange=mexc count=0
2026-06-25 00:45:13 | DEBUG    | [arbitrator.exchanges.ccxt_base:close:766] - Exchange closed | exchange=mexc
2026-06-25 00:45:14 | DEBUG    | [arbitrator.exchanges.ccxt_base:_ensure_markets_loaded:908] - Markets loaded | exchange=gate count=5987
2026-06-25 00:45:14 | INFO     | [arbitrator.exchanges.ccxt_base:fetch_open_positions:429] - Open positions fetched | exchange=mexc count=0
2026-06-25 00:45:15 | INFO     | [arbitrator.exchanges.ccxt_base:fetch_open_positions:429] - Open positions fetched | exchange=gate count=0
2026-06-25 00:45:15 | DEBUG    | [arbitrator.exchanges.ccxt_base:close:766] - Exchange closed | exchange=mexc
2026-06-25 00:45:15 | DEBUG    | [arbitrator.exchanges.ccxt_base:close:766] - Exchange closed | exchange=gate
2026-06-25 00:45:15 | INFO     | [arbitrator.application.position_fetch_service:fetch_closed:59] - Closed fetch skipped | reason=no_symbols
2026-06-25 00:45:17 | DEBUG    | [arbitrator.exchanges.ccxt_base:_ensure_markets_loaded:908] - Markets loaded | exchange=gate count=5987
2026-06-25 00:45:17 | INFO     | [arbitrator.exchanges.ccxt_base:fetch_open_positions:429] - Open positions fetched | exchange=gate count=0
2026-06-25 00:45:17 | DEBUG    | [arbitrator.exchanges.ccxt_base:close:766] - Exchange closed | exchange=gate
2026-06-25 00:45:18 | DEBUG    | [arbitrator.exchanges.ccxt_base:_ensure_markets_loaded:908] - Markets loaded | exchange=gate count=5987
2026-06-25 00:45:18 | INFO     | [arbitrator.application.position_fetch_service:fetch_closed:59] - Closed fetch skipped | reason=no_symbols
2026-06-25 00:45:18 | INFO     | [arbitrator.exchanges.ccxt_base:fetch_open_positions:429] - Open positions fetched | exchange=gate count=0
2026-06-25 00:45:18 | INFO     | [arbitrator.exchanges.ccxt_base:_ensure_open:891] - Exchange client opened | exchange=mexc
2026-06-25 00:45:18 | DEBUG    | [arbitrator.exchanges.ccxt_base:close:766] - Exchange closed | exchange=gate
2026-06-25 00:45:19 | INFO     | [arbitrator.application.position_fetch_service:fetch_closed:59] - Closed fetch skipped | reason=no_symbols
2026-06-25 00:45:19 | INFO     | [arbitrator.exchanges.ccxt_base:_ensure_open:891] - Exchange client opened | exchange=bitget
2026-06-25 00:45:19 | INFO     | [arbitrator.exchanges.ccxt_base:_ensure_open:891] - Exchange client opened | exchange=gate
2026-06-25 00:45:20 | INFO     | [arbitrator.exchanges.ccxt_base:_ensure_open:891] - Exchange client opened | exchange=bingx
2026-06-25 00:45:26 | DEBUG    | [arbitrator.exchanges.ccxt_base:_ensure_markets_loaded:908] - Markets loaded | exchange=bitget count=1913
2026-06-25 00:45:27 | DEBUG    | [arbitrator.exchanges.ccxt_base:_ensure_markets_loaded:908] - Markets loaded | exchange=bingx count=3026
2026-06-25 00:45:28 | INFO     | [arbitrator.exchanges.ccxt_base:fetch_open_positions:429] - Open positions fetched | exchange=bingx count=0
2026-06-25 00:45:28 | INFO     | [arbitrator.exchanges.ccxt_base:fetch_open_positions:429] - Open positions fetched | exchange=bitget count=0
2026-06-25 00:45:28 | DEBUG    | [arbitrator.exchanges.ccxt_base:close:766] - Exchange closed | exchange=bingx
2026-06-25 00:45:28 | DEBUG    | [arbitrator.exchanges.ccxt_base:close:766] - Exchange closed | exchange=bitget
2026-06-25 00:45:30 | DEBUG    | [arbitrator.exchanges.ccxt_base:_ensure_markets_loaded:908] - Markets loaded | exchange=mexc count=3238
2026-06-25 00:45:35 | DEBUG    | [arbitrator.exchanges.ccxt_base:_ensure_markets_loaded:908] - Markets loaded | exchange=gate count=5987
2026-06-25 00:45:36 | INFO     | [arbitrator.exchanges.ccxt_base:fetch_open_positions:429] - Open positions fetched | exchange=mexc count=0
2026-06-25 00:45:36 | INFO     | [arbitrator.exchanges.ccxt_base:fetch_open_positions:429] - Open positions fetched | exchange=gate count=0
2026-06-25 00:45:36 | DEBUG    | [arbitrator.exchanges.ccxt_base:close:766] - Exchange closed | exchange=mexc
2026-06-25 00:45:36 | DEBUG    | [arbitrator.exchanges.ccxt_base:close:766] - Exchange closed | exchange=gate
2026-06-25 00:45:36 | INFO     | [arbitrator.application.position_fetch_service:fetch_closed:59] - Closed fetch skipped | reason=no_symbols
2026-06-25 00:45:37 | INFO     | [arbitrator.exchanges.ccxt_base:_ensure_open:891] - Exchange client opened | exchange=mexc
2026-06-25 00:45:37 | INFO     | [arbitrator.exchanges.ccxt_base:_ensure_open:891] - Exchange client opened | exchange=bitget
2026-06-25 00:45:38 | INFO     | [arbitrator.exchanges.ccxt_base:_ensure_open:891] - Exchange client opened | exchange=gate
2026-06-25 00:45:38 | INFO     | [arbitrator.exchanges.ccxt_base:_ensure_open:891] - Exchange client opened | exchange=bingx
2026-06-25 00:45:44 | DEBUG    | [arbitrator.exchanges.ccxt_base:_ensure_markets_loaded:908] - Markets loaded | exchange=bingx count=3026
2026-06-25 00:45:45 | DEBUG    | [arbitrator.exchanges.ccxt_base:_ensure_markets_loaded:908] - Markets loaded | exchange=bitget count=1913
2026-06-25 00:45:46 | DEBUG    | [arbitrator.exchanges.ccxt_base:_ensure_markets_loaded:908] - Markets loaded | exchange=mexc count=3238
2026-06-25 00:45:46 | INFO     | [arbitrator.exchanges.ccxt_base:fetch_open_positions:429] - Open positions fetched | exchange=bingx count=0
2026-06-25 00:45:46 | DEBUG    | [arbitrator.exchanges.ccxt_base:close:766] - Exchange closed | exchange=bingx
2026-06-25 00:45:46 | INFO     | [arbitrator.exchanges.ccxt_base:fetch_open_positions:429] - Open positions fetched | exchange=bitget count=0
2026-06-25 00:45:47 | DEBUG    | [arbitrator.exchanges.ccxt_base:close:766] - Exchange closed | exchange=bitget
2026-06-25 00:45:51 | INFO     | [arbitrator.exchanges.ccxt_base:fetch_open_positions:429] - Open positions fetched | exchange=mexc count=0
2026-06-25 00:45:51 | DEBUG    | [arbitrator.exchanges.ccxt_base:close:766] - Exchange closed | exchange=mexc
2026-06-25 00:45:53 | DEBUG    | [arbitrator.exchanges.ccxt_base:_ensure_markets_loaded:908] - Markets loaded | exchange=gate count=5987
2026-06-25 00:45:54 | INFO     | [arbitrator.exchanges.ccxt_base:fetch_open_positions:429] - Open positions fetched | exchange=gate count=0
2026-06-25 00:45:54 | DEBUG    | [arbitrator.exchanges.ccxt_base:close:766] - Exchange closed | exchange=gate
2026-06-25 00:45:54 | INFO     | [arbitrator.application.position_fetch_service:fetch_closed:59] - Closed fetch skipped | reason=no_symbols
2026-06-25 00:45:55 | INFO     | [arbitrator.exchanges.ccxt_base:_ensure_open:891] - Exchange client opened | exchange=mexc
2026-06-25 00:45:55 | INFO     | [arbitrator.exchanges.ccxt_base:_ensure_open:891] - Exchange client opened | exchange=bitget
2026-06-25 00:45:55 | INFO     | [arbitrator.exchanges.ccxt_base:_ensure_open:891] - Exchange client opened | exchange=gate
2026-06-25 00:45:56 | INFO     | [arbitrator.exchanges.ccxt_base:_ensure_open:891] - Exchange client opened | exchange=bingx
2026-06-25 00:46:03 | DEBUG    | [arbitrator.exchanges.ccxt_base:_ensure_markets_loaded:908] - Markets loaded | exchange=bitget count=1913
2026-06-25 00:46:03 | DEBUG    | [arbitrator.exchanges.ccxt_base:_ensure_markets_loaded:908] - Markets loaded | exchange=bingx count=3026
2026-06-25 00:46:04 | DEBUG    | [arbitrator.exchanges.ccxt_base:_ensure_markets_loaded:908] - Markets loaded | exchange=mexc count=3238
2026-06-25 00:46:04 | INFO     | [arbitrator.exchanges.ccxt_base:fetch_open_positions:429] - Open positions fetched | exchange=bitget count=0
2026-06-25 00:46:04 | INFO     | [arbitrator.exchanges.ccxt_base:fetch_open_positions:429] - Open positions fetched | exchange=bingx count=0
2026-06-25 00:46:04 | DEBUG    | [arbitrator.exchanges.ccxt_base:close:766] - Exchange closed | exchange=bitget
2026-06-25 00:46:05 | DEBUG    | [arbitrator.exchanges.ccxt_base:close:766] - Exchange closed | exchange=bingx
2026-06-25 00:46:09 | INFO     | [arbitrator.exchanges.ccxt_base:fetch_open_positions:429] - Open positions fetched | exchange=mexc count=0
2026-06-25 00:46:10 | DEBUG    | [arbitrator.exchanges.ccxt_base:close:766] - Exchange closed | exchange=mexc
2026-06-25 00:46:11 | DEBUG    | [arbitrator.exchanges.ccxt_base:_ensure_markets_loaded:908] - Markets loaded | exchange=gate count=5987
2026-06-25 00:46:11 | INFO     | [arbitrator.exchanges.ccxt_base:fetch_open_positions:429] - Open positions fetched | exchange=gate count=0
2026-06-25 00:46:11 | DEBUG    | [arbitrator.exchanges.ccxt_base:close:766] - Exchange closed | exchange=gate
2026-06-25 00:46:11 | INFO     | [arbitrator.application.position_fetch_service:fetch_closed:59] - Closed fetch skipped | reason=no_symbols
2026-06-25 00:46:12 | INFO     | [arbitrator.exchanges.ccxt_base:_ensure_open:891] - Exchange client opened | exchange=mexc
2026-06-25 00:46:12 | INFO     | [arbitrator.exchanges.ccxt_base:_ensure_open:891] - Exchange client opened | exchange=bitget
2026-06-25 00:46:13 | INFO     | [arbitrator.exchanges.ccxt_base:_ensure_open:891] - Exchange client opened | exchange=gate
2026-06-25 00:46:13 | INFO     | [arbitrator.exchanges.ccxt_base:_ensure_open:891] - Exchange client opened | exchange=bingx
2026-06-25 00:46:17 | DEBUG    | [arbitrator.exchanges.ccxt_base:_ensure_markets_loaded:908] - Markets loaded | exchange=bitget count=1913
2026-06-25 00:46:19 | INFO     | [arbitrator.exchanges.ccxt_base:fetch_open_positions:429] - Open positions fetched | exchange=bitget count=0
2026-06-25 00:46:19 | DEBUG    | [arbitrator.exchanges.ccxt_base:close:766] - Exchange closed | exchange=bitget
2026-06-25 00:46:20 | DEBUG    | [arbitrator.exchanges.ccxt_base:_ensure_markets_loaded:908] - Markets loaded | exchange=bingx count=3026
2026-06-25 00:46:20 | INFO     | [arbitrator.exchanges.ccxt_base:fetch_open_positions:429] - Open positions fetched | exchange=bingx count=0
2026-06-25 00:46:21 | DEBUG    | [arbitrator.exchanges.ccxt_base:close:766] - Exchange closed | exchange=bingx
2026-06-25 00:46:27 | DEBUG    | [arbitrator.exchanges.ccxt_base:_ensure_markets_loaded:908] - Markets loaded | exchange=gate count=5987
2026-06-25 00:46:27 | INFO     | [arbitrator.exchanges.ccxt_base:fetch_open_positions:429] - Open positions fetched | exchange=gate count=0
2026-06-25 00:46:27 | DEBUG    | [arbitrator.exchanges.ccxt_base:close:766] - Exchange closed | exchange=gate
2026-06-25 00:46:33 | INFO     | [__main__:<module>:16] - Arbitrator starting | exchanges=['mexc', 'bitget', 'gate', 'bingx']
2026-06-25 00:46:33 | INFO     | [arbitrator.presentation.streamlit_app:run:104] - UI run | section=Screener
2026-06-25 00:46:35 | INFO     | [__main__:<module>:16] - Arbitrator starting | exchanges=['mexc', 'bitget', 'gate', 'bingx']
2026-06-25 00:46:35 | INFO     | [arbitrator.presentation.streamlit_app:run:104] - UI run | section=Closed orders
2026-06-25 00:46:35 | INFO     | [__main__:<module>:16] - Arbitrator starting | exchanges=['mexc', 'bitget', 'gate', 'bingx']
2026-06-25 00:46:35 | INFO     | [arbitrator.presentation.streamlit_app:run:104] - UI run | section=Closed orders
2026-06-25 00:46:35 | INFO     | [arbitrator.exchanges.ccxt_base:_ensure_open:891] - Exchange client opened | exchange=mexc
2026-06-25 00:46:36 | INFO     | [arbitrator.exchanges.ccxt_base:_ensure_open:891] - Exchange client opened | exchange=bitget
2026-06-25 00:46:36 | INFO     | [arbitrator.exchanges.ccxt_base:_ensure_open:891] - Exchange client opened | exchange=gate
2026-06-25 00:46:37 | INFO     | [arbitrator.exchanges.ccxt_base:_ensure_open:891] - Exchange client opened | exchange=bingx
2026-06-25 00:46:42 | INFO     | [starlette.middleware.errors:_send:161] - [uvicorn.access] 127.0.0.1:49272 - "GET / HTTP/1.1" 304
2026-06-25 00:46:45 | INFO     | [starlette.middleware.errors:_send:161] - [uvicorn.access] 127.0.0.1:49272 - "GET /_stcore/health HTTP/1.1" 200
2026-06-25 00:46:45 | INFO     | [starlette.middleware.errors:_send:161] - [uvicorn.access] 127.0.0.1:49273 - "GET /_stcore/host-config HTTP/1.1" 200
2026-06-25 00:46:45 | INFO     | [asyncio.events:_run:80] - [uvicorn.error] connection closed
2026-06-25 00:46:45 | DEBUG    | [arbitrator.exchanges.ccxt_base:_ensure_markets_loaded:908] - Markets loaded | exchange=mexc count=3238
2026-06-25 00:46:46 | INFO     | [starlette.middleware.sessions:send_wrapper:86] - [uvicorn.error] 127.0.0.1:49287 - "WebSocket /_stcore/stream" [accepted]
2026-06-25 00:46:46 | DEBUG    | [arbitrator.exchanges.ccxt_base:_ensure_markets_loaded:908] - Markets loaded | exchange=bitget count=1913
2026-06-25 00:46:46 | INFO     | [websockets.legacy.server:handler:161] - [uvicorn.error] connection open
2026-06-25 00:46:47 | DEBUG    | [arbitrator.exchanges.ccxt_base:_ensure_markets_loaded:908] - Markets loaded | exchange=bingx count=3026
2026-06-25 00:46:47 | DEBUG    | [arbitrator.exchanges.ccxt_base:_ensure_markets_loaded:908] - Markets loaded | exchange=mexc count=3238
2026-06-25 00:46:47 | INFO     | [__main__:<module>:16] - Arbitrator starting | exchanges=['mexc', 'bitget', 'gate', 'bingx']
2026-06-25 00:46:47 | INFO     | [arbitrator.presentation.streamlit_app:run:104] - UI run | section=Screener
2026-06-25 00:46:48 | INFO     | [arbitrator.exchanges.ccxt_base:fetch_open_positions:429] - Open positions fetched | exchange=bingx count=0
2026-06-25 00:46:48 | INFO     | [arbitrator.exchanges.ccxt_base:fetch_open_positions:429] - Open positions fetched | exchange=bitget count=0
2026-06-25 00:46:48 | DEBUG    | [arbitrator.exchanges.ccxt_base:close:766] - Exchange closed | exchange=bingx
2026-06-25 00:46:48 | DEBUG    | [arbitrator.exchanges.ccxt_base:close:766] - Exchange closed | exchange=bitget
2026-06-25 00:46:50 | INFO     | [arbitrator.exchanges.ccxt_base:fetch_open_positions:429] - Open positions fetched | exchange=mexc count=0
2026-06-25 00:46:51 | DEBUG    | [arbitrator.exchanges.ccxt_base:close:766] - Exchange closed | exchange=mexc
2026-06-25 00:46:51 | INFO     | [arbitrator.application.position_fetch_service:fetch_closed:59] - Closed fetch skipped | reason=no_symbols
2026-06-25 00:46:52 | INFO     | [arbitrator.exchanges.ccxt_base:fetch_open_positions:429] - Open positions fetched | exchange=mexc count=0
2026-06-25 00:46:53 | INFO     | [__main__:<module>:16] - Arbitrator starting | exchanges=['mexc', 'bitget', 'gate', 'bingx']
2026-06-25 00:46:53 | INFO     | [arbitrator.presentation.streamlit_app:run:104] - UI run | section=Closed orders
2026-06-25 00:46:55 | DEBUG    | [arbitrator.exchanges.ccxt_base:_ensure_markets_loaded:908] - Markets loaded | exchange=gate count=5987
2026-06-25 00:46:55 | INFO     | [arbitrator.exchanges.ccxt_base:fetch_open_positions:429] - Open positions fetched | exchange=gate count=0
2026-06-25 00:46:55 | INFO     | [__main__:<module>:16] - Arbitrator starting | exchanges=['mexc', 'bitget', 'gate', 'bingx']
2026-06-25 00:46:56 | INFO     | [arbitrator.presentation.streamlit_app:run:104] - UI run | section=Closed orders
2026-06-25 00:46:56 | INFO     | [__main__:<module>:16] - Arbitrator starting | exchanges=['mexc', 'bitget', 'gate', 'bingx']
2026-06-25 00:46:56 | INFO     | [arbitrator.presentation.streamlit_app:run:104] - UI run | section=Closed orders
2026-06-25 00:46:56 | INFO     | [arbitrator.exchanges.ccxt_base:_ensure_open:891] - Exchange client opened | exchange=mexc
2026-06-25 00:46:57 | INFO     | [arbitrator.exchanges.ccxt_base:_ensure_open:891] - Exchange client opened | exchange=bitget
2026-06-25 00:46:57 | INFO     | [arbitrator.exchanges.ccxt_base:_ensure_open:891] - Exchange client opened | exchange=gate
2026-06-25 00:46:57 | INFO     | [arbitrator.exchanges.ccxt_base:_ensure_open:891] - Exchange client opened | exchange=bingx
2026-06-25 00:47:04 | DEBUG    | [arbitrator.exchanges.ccxt_base:_ensure_markets_loaded:908] - Markets loaded | exchange=bingx count=3026
2026-06-25 00:47:05 | DEBUG    | [arbitrator.exchanges.ccxt_base:_ensure_markets_loaded:908] - Markets loaded | exchange=bitget count=1913
2026-06-25 00:47:06 | DEBUG    | [arbitrator.exchanges.ccxt_base:_ensure_markets_loaded:908] - Markets loaded | exchange=mexc count=3238
2026-06-25 00:47:06 | INFO     | [arbitrator.exchanges.ccxt_base:fetch_open_positions:429] - Open positions fetched | exchange=bingx count=0
2026-06-25 00:47:06 | DEBUG    | [arbitrator.exchanges.ccxt_base:close:766] - Exchange closed | exchange=bingx
2026-06-25 00:47:06 | INFO     | [arbitrator.exchanges.ccxt_base:fetch_open_positions:429] - Open positions fetched | exchange=bitget count=0
2026-06-25 00:47:06 | DEBUG    | [arbitrator.exchanges.ccxt_base:close:766] - Exchange closed | exchange=bitget
2026-06-25 00:47:11 | INFO     | [arbitrator.exchanges.ccxt_base:fetch_open_positions:429] - Open positions fetched | exchange=mexc count=0
2026-06-25 00:47:11 | DEBUG    | [arbitrator.exchanges.ccxt_base:close:766] - Exchange closed | exchange=mexc
2026-06-25 00:47:13 | DEBUG    | [arbitrator.exchanges.ccxt_base:_ensure_markets_loaded:908] - Markets loaded | exchange=gate count=5987
2026-06-25 00:47:13 | INFO     | [arbitrator.exchanges.ccxt_base:fetch_open_positions:429] - Open positions fetched | exchange=gate count=0
2026-06-25 00:47:13 | DEBUG    | [arbitrator.exchanges.ccxt_base:close:766] - Exchange closed | exchange=gate
2026-06-25 00:47:13 | INFO     | [arbitrator.application.position_fetch_service:fetch_closed:59] - Closed fetch skipped | reason=no_symbols
2026-06-25 00:47:14 | INFO     | [arbitrator.exchanges.ccxt_base:_ensure_open:891] - Exchange client opened | exchange=mexc
2026-06-25 00:47:14 | INFO     | [arbitrator.exchanges.ccxt_base:_ensure_open:891] - Exchange client opened | exchange=bitget
2026-06-25 00:47:15 | INFO     | [arbitrator.exchanges.ccxt_base:_ensure_open:891] - Exchange client opened | exchange=gate
2026-06-25 00:47:15 | INFO     | [arbitrator.exchanges.ccxt_base:_ensure_open:891] - Exchange client opened | exchange=bingx
2026-06-25 00:47:22 | DEBUG    | [arbitrator.exchanges.ccxt_base:_ensure_markets_loaded:908] - Markets loaded | exchange=bingx count=3026
2026-06-25 00:47:23 | DEBUG    | [arbitrator.exchanges.ccxt_base:_ensure_markets_loaded:908] - Markets loaded | exchange=bitget count=1913
2026-06-25 00:47:23 | INFO     | [arbitrator.exchanges.ccxt_base:fetch_open_positions:429] - Open positions fetched | exchange=bingx count=0
2026-06-25 00:47:23 | INFO     | [arbitrator.exchanges.ccxt_base:fetch_open_positions:429] - Open positions fetched | exchange=bitget count=0
2026-06-25 00:47:23 | DEBUG    | [arbitrator.exchanges.ccxt_base:close:766] - Exchange closed | exchange=bingx
2026-06-25 00:47:23 | DEBUG    | [arbitrator.exchanges.ccxt_base:close:766] - Exchange closed | exchange=bitget
2026-06-25 00:47:30 | DEBUG    | [arbitrator.exchanges.ccxt_base:_ensure_markets_loaded:908] - Markets loaded | exchange=gate count=5987
2026-06-25 00:47:30 | DEBUG    | [arbitrator.exchanges.ccxt_base:_ensure_markets_loaded:908] - Markets loaded | exchange=mexc count=3238
2026-06-25 00:47:30 | INFO     | [arbitrator.exchanges.ccxt_base:fetch_open_positions:429] - Open positions fetched | exchange=gate count=0
2026-06-25 00:47:31 | DEBUG    | [arbitrator.exchanges.ccxt_base:close:766] - Exchange closed | exchange=gate
2026-06-25 00:47:35 | INFO     | [arbitrator.exchanges.ccxt_base:fetch_open_positions:429] - Open positions fetched | exchange=mexc count=0
2026-06-25 00:47:36 | DEBUG    | [arbitrator.exchanges.ccxt_base:close:766] - Exchange closed | exchange=mexc
2026-06-25 00:47:36 | INFO     | [arbitrator.application.position_fetch_service:fetch_closed:59] - Closed fetch skipped | reason=no_symbols
2026-06-25 00:47:36 | INFO     | [arbitrator.exchanges.ccxt_base:_ensure_open:891] - Exchange client opened | exchange=mexc
2026-06-25 00:47:37 | INFO     | [arbitrator.exchanges.ccxt_base:_ensure_open:891] - Exchange client opened | exchange=bitget
2026-06-25 00:47:37 | INFO     | [arbitrator.exchanges.ccxt_base:_ensure_open:891] - Exchange client opened | exchange=gate
2026-06-25 00:47:37 | INFO     | [arbitrator.exchanges.ccxt_base:_ensure_open:891] - Exchange client opened | exchange=bingx
2026-06-25 00:47:44 | DEBUG    | [arbitrator.exchanges.ccxt_base:_ensure_markets_loaded:908] - Markets loaded | exchange=bingx count=3026
2026-06-25 00:47:45 | DEBUG    | [arbitrator.exchanges.ccxt_base:_ensure_markets_loaded:908] - Markets loaded | exchange=bitget count=1913
2026-06-25 00:47:45 | INFO     | [arbitrator.exchanges.ccxt_base:fetch_open_positions:429] - Open positions fetched | exchange=bingx count=0
2026-06-25 00:47:45 | INFO     | [arbitrator.exchanges.ccxt_base:fetch_open_positions:429] - Open positions fetched | exchange=bitget count=0
2026-06-25 00:47:46 | DEBUG    | [arbitrator.exchanges.ccxt_base:_ensure_markets_loaded:908] - Markets loaded | exchange=mexc count=3238
2026-06-25 00:47:46 | DEBUG    | [arbitrator.exchanges.ccxt_base:close:766] - Exchange closed | exchange=bingx
2026-06-25 00:47:46 | DEBUG    | [arbitrator.exchanges.ccxt_base:close:766] - Exchange closed | exchange=bitget
2026-06-25 00:47:51 | INFO     | [arbitrator.exchanges.ccxt_base:fetch_open_positions:429] - Open positions fetched | exchange=mexc count=0
2026-06-25 00:47:51 | DEBUG    | [arbitrator.exchanges.ccxt_base:close:766] - Exchange closed | exchange=mexc
2026-06-25 00:47:52 | DEBUG    | [arbitrator.exchanges.ccxt_base:_ensure_markets_loaded:908] - Markets loaded | exchange=gate count=5987
2026-06-25 00:47:53 | INFO     | [arbitrator.exchanges.ccxt_base:fetch_open_positions:429] - Open positions fetched | exchange=gate count=0
2026-06-25 00:47:53 | DEBUG    | [arbitrator.exchanges.ccxt_base:close:766] - Exchange closed | exchange=gate
2026-06-25 00:47:53 | INFO     | [arbitrator.application.position_fetch_service:fetch_closed:59] - Closed fetch skipped | reason=no_symbols
2026-06-25 00:47:53 | INFO     | [arbitrator.exchanges.ccxt_base:_ensure_open:891] - Exchange client opened | exchange=mexc
2026-06-25 00:47:54 | INFO     | [arbitrator.exchanges.ccxt_base:_ensure_open:891] - Exchange client opened | exchange=bitget
2026-06-25 00:47:54 | INFO     | [arbitrator.exchanges.ccxt_base:_ensure_open:891] - Exchange client opened | exchange=gate
2026-06-25 00:47:55 | INFO     | [arbitrator.exchanges.ccxt_base:_ensure_open:891] - Exchange client opened | exchange=bingx
2026-06-25 00:48:03 | DEBUG    | [arbitrator.exchanges.ccxt_base:_ensure_markets_loaded:908] - Markets loaded | exchange=bitget count=1913
2026-06-25 00:48:04 | DEBUG    | [arbitrator.exchanges.ccxt_base:_ensure_markets_loaded:908] - Markets loaded | exchange=bingx count=3026
2026-06-25 00:48:05 | DEBUG    | [arbitrator.exchanges.ccxt_base:_ensure_markets_loaded:908] - Markets loaded | exchange=mexc count=3238
2026-06-25 00:48:05 | INFO     | [arbitrator.exchanges.ccxt_base:fetch_open_positions:429] - Open positions fetched | exchange=bitget count=0
2026-06-25 00:48:05 | DEBUG    | [arbitrator.exchanges.ccxt_base:close:766] - Exchange closed | exchange=bitget
2026-06-25 00:48:05 | INFO     | [arbitrator.exchanges.ccxt_base:fetch_open_positions:429] - Open positions fetched | exchange=bingx count=0
2026-06-25 00:48:06 | DEBUG    | [arbitrator.exchanges.ccxt_base:close:766] - Exchange closed | exchange=bingx
2026-06-25 00:48:10 | INFO     | [arbitrator.exchanges.ccxt_base:fetch_open_positions:429] - Open positions fetched | exchange=mexc count=0
2026-06-25 00:48:11 | DEBUG    | [arbitrator.exchanges.ccxt_base:close:766] - Exchange closed | exchange=mexc
2026-06-25 00:48:12 | DEBUG    | [arbitrator.exchanges.ccxt_base:_ensure_markets_loaded:908] - Markets loaded | exchange=gate count=5987
2026-06-25 00:48:12 | INFO     | [arbitrator.exchanges.ccxt_base:fetch_open_positions:429] - Open positions fetched | exchange=gate count=0
2026-06-25 00:48:13 | DEBUG    | [arbitrator.exchanges.ccxt_base:close:766] - Exchange closed | exchange=gate
2026-06-25 00:48:13 | INFO     | [arbitrator.application.position_fetch_service:fetch_closed:59] - Closed fetch skipped | reason=no_symbols
2026-06-25 00:48:13 | INFO     | [arbitrator.exchanges.ccxt_base:_ensure_open:891] - Exchange client opened | exchange=mexc
2026-06-25 00:48:14 | INFO     | [arbitrator.exchanges.ccxt_base:_ensure_open:891] - Exchange client opened | exchange=bitget
2026-06-25 00:48:14 | INFO     | [arbitrator.exchanges.ccxt_base:_ensure_open:891] - Exchange client opened | exchange=gate
2026-06-25 00:48:14 | INFO     | [arbitrator.exchanges.ccxt_base:_ensure_open:891] - Exchange client opened | exchange=bingx
2026-06-25 00:48:19 | DEBUG    | [arbitrator.exchanges.ccxt_base:_ensure_markets_loaded:908] - Markets loaded | exchange=bitget count=1913
2026-06-25 00:48:21 | INFO     | [arbitrator.exchanges.ccxt_base:fetch_open_positions:429] - Open positions fetched | exchange=bitget count=0
2026-06-25 00:48:23 | DEBUG    | [arbitrator.exchanges.ccxt_base:close:766] - Exchange closed | exchange=bitget
2026-06-25 00:48:23 | DEBUG    | [arbitrator.exchanges.ccxt_base:_ensure_markets_loaded:908] - Markets loaded | exchange=bingx count=3026
2026-06-25 00:48:23 | DEBUG    | [arbitrator.exchanges.ccxt_base:_ensure_markets_loaded:908] - Markets loaded | exchange=mexc count=3238
2026-06-25 00:48:23 | INFO     | [arbitrator.exchanges.ccxt_base:fetch_open_positions:429] - Open positions fetched | exchange=bingx count=0
2026-06-25 00:48:24 | DEBUG    | [arbitrator.exchanges.ccxt_base:close:766] - Exchange closed | exchange=bingx
2026-06-25 00:48:28 | INFO     | [arbitrator.exchanges.ccxt_base:fetch_open_positions:429] - Open positions fetched | exchange=mexc count=0
2026-06-25 00:48:29 | DEBUG    | [arbitrator.exchanges.ccxt_base:close:766] - Exchange closed | exchange=mexc
2026-06-25 00:48:30 | DEBUG    | [arbitrator.exchanges.ccxt_base:_ensure_markets_loaded:908] - Markets loaded | exchange=gate count=5987
2026-06-25 00:48:30 | INFO     | [arbitrator.exchanges.ccxt_base:fetch_open_positions:429] - Open positions fetched | exchange=gate count=0
2026-06-25 00:48:30 | DEBUG    | [arbitrator.exchanges.ccxt_base:close:766] - Exchange closed | exchange=gate
2026-06-25 00:48:31 | INFO     | [arbitrator.application.position_fetch_service:fetch_closed:59] - Closed fetch skipped | reason=no_symbols
2026-06-25 00:48:39 | INFO     | [arbitrator.exchanges.ccxt_base:_ensure_open:891] - Exchange client opened | exchange=mexc
2026-06-25 00:48:40 | INFO     | [arbitrator.exchanges.ccxt_base:_ensure_open:891] - Exchange client opened | exchange=bitget
2026-06-25 00:48:40 | INFO     | [arbitrator.exchanges.ccxt_base:_ensure_open:891] - Exchange client opened | exchange=gate
2026-06-25 00:48:41 | INFO     | [arbitrator.exchanges.ccxt_base:_ensure_open:891] - Exchange client opened | exchange=bingx
2026-06-25 00:48:47 | DEBUG    | [arbitrator.exchanges.ccxt_base:_ensure_markets_loaded:908] - Markets loaded | exchange=bingx count=3026
2026-06-25 00:48:48 | DEBUG    | [arbitrator.exchanges.ccxt_base:_ensure_markets_loaded:908] - Markets loaded | exchange=bitget count=1913
2026-06-25 00:48:48 | INFO     | [arbitrator.exchanges.ccxt_base:fetch_open_positions:429] - Open positions fetched | exchange=bingx count=0
2026-06-25 00:48:48 | INFO     | [arbitrator.exchanges.ccxt_base:fetch_open_positions:429] - Open positions fetched | exchange=bitget count=0
2026-06-25 00:48:49 | DEBUG    | [arbitrator.exchanges.ccxt_base:_ensure_markets_loaded:908] - Markets loaded | exchange=mexc count=3238
2026-06-25 00:48:49 | DEBUG    | [arbitrator.exchanges.ccxt_base:close:766] - Exchange closed | exchange=bingx
2026-06-25 00:48:49 | DEBUG    | [arbitrator.exchanges.ccxt_base:close:766] - Exchange closed | exchange=bitget
2026-06-25 00:48:54 | INFO     | [arbitrator.exchanges.ccxt_base:fetch_open_positions:429] - Open positions fetched | exchange=mexc count=0
2026-06-25 00:48:54 | DEBUG    | [arbitrator.exchanges.ccxt_base:close:766] - Exchange closed | exchange=mexc
2026-06-25 00:48:56 | DEBUG    | [arbitrator.exchanges.ccxt_base:_ensure_markets_loaded:908] - Markets loaded | exchange=gate count=5987
2026-06-25 00:48:56 | INFO     | [arbitrator.exchanges.ccxt_base:fetch_open_positions:429] - Open positions fetched | exchange=gate count=0
2026-06-25 00:48:56 | DEBUG    | [arbitrator.exchanges.ccxt_base:close:766] - Exchange closed | exchange=gate
2026-06-25 00:48:56 | INFO     | [arbitrator.application.position_fetch_service:fetch_closed:59] - Closed fetch skipped | reason=no_symbols
2026-06-25 00:49:39 | INFO     | [arbitrator.exchanges.ccxt_base:_ensure_open:891] - Exchange client opened | exchange=mexc
2026-06-25 00:49:40 | INFO     | [arbitrator.exchanges.ccxt_base:_ensure_open:891] - Exchange client opened | exchange=bitget
2026-06-25 00:49:40 | INFO     | [arbitrator.exchanges.ccxt_base:_ensure_open:891] - Exchange client opened | exchange=gate
2026-06-25 00:49:41 | INFO     | [arbitrator.exchanges.ccxt_base:_ensure_open:891] - Exchange client opened | exchange=bingx
2026-06-25 00:49:47 | DEBUG    | [arbitrator.exchanges.ccxt_base:_ensure_markets_loaded:908] - Markets loaded | exchange=bingx count=3026
2026-06-25 00:49:48 | INFO     | [arbitrator.exchanges.ccxt_base:fetch_open_positions:429] - Open positions fetched | exchange=bingx count=0
2026-06-25 00:49:48 | DEBUG    | [arbitrator.exchanges.ccxt_base:_ensure_markets_loaded:908] - Markets loaded | exchange=bitget count=1913
2026-06-25 00:49:49 | DEBUG    | [arbitrator.exchanges.ccxt_base:close:766] - Exchange closed | exchange=bingx
2026-06-25 00:49:49 | DEBUG    | [arbitrator.exchanges.ccxt_base:_ensure_markets_loaded:908] - Markets loaded | exchange=mexc count=3238
2026-06-25 00:49:49 | INFO     | [arbitrator.exchanges.ccxt_base:fetch_open_positions:429] - Open positions fetched | exchange=bitget count=0
2026-06-25 00:49:50 | DEBUG    | [arbitrator.exchanges.ccxt_base:close:766] - Exchange closed | exchange=bitget
2026-06-25 00:49:54 | INFO     | [arbitrator.exchanges.ccxt_base:fetch_open_positions:429] - Open positions fetched | exchange=mexc count=0
2026-06-25 00:49:55 | DEBUG    | [arbitrator.exchanges.ccxt_base:_ensure_markets_loaded:908] - Markets loaded | exchange=gate count=5987
2026-06-25 00:49:55 | DEBUG    | [arbitrator.exchanges.ccxt_base:close:766] - Exchange closed | exchange=mexc
2026-06-25 00:49:55 | INFO     | [arbitrator.exchanges.ccxt_base:fetch_open_positions:429] - Open positions fetched | exchange=gate count=0
2026-06-25 00:49:56 | DEBUG    | [arbitrator.exchanges.ccxt_base:close:766] - Exchange closed | exchange=gate
2026-06-25 00:49:56 | INFO     | [arbitrator.application.position_fetch_service:fetch_closed:59] - Closed fetch skipped | reason=no_symbols
