2026-06-30 16:13:06 | INFO     | [main:<module>:12] - Arbitrator starting | exchanges=['mexc', 'bitget', 'gate', 'bingx'] ui_data_mode=mock_data
2026-06-30 16:13:06 | INFO     | [arbitrator.presentation.fastapi_app:create:102] - FastAPI app created | title=Arbitrator host=127.0.0.1 port=8000 ui_data_mode=mock_data
2026-06-30 16:13:06 | INFO     | [uvicorn.main:run:614] - [uvicorn.error] Uvicorn running on http://127.0.0.1:8000 (Press CTRL+C to quit)
2026-06-30 16:13:06 | INFO     | [uvicorn.supervisors.basereload:run:51] - [uvicorn.error] Started reloader process [17492] using WatchFiles
2026-06-30 16:13:07 | INFO     | [watchfiles.main:watch:148] - [watchfiles.main] 2 changes detected
2026-06-30 16:13:08 | INFO     | [watchfiles.main:watch:148] - [watchfiles.main] 1 change detected
2026-06-30 16:13:10 | INFO     | [watchfiles.main:watch:148] - [watchfiles.main] 3 changes detected
2026-06-30 16:13:11 | INFO     | [watchfiles.main:watch:148] - [watchfiles.main] 1 change detected
2026-06-30 16:15:25 | INFO     | [watchfiles.main:watch:148] - [watchfiles.main] 4 changes detected
2026-06-30 16:15:29 | INFO     | [watchfiles.main:watch:148] - [watchfiles.main] 1 change detected
2026-06-30 16:15:42 | INFO     | [watchfiles.main:watch:148] - [watchfiles.main] 1 change detected
2026-06-30 16:15:56 | INFO     | [watchfiles.main:watch:148] - [watchfiles.main] 1 change detected
2026-06-30 16:16:21 | INFO     | [watchfiles.main:watch:148] - [watchfiles.main] 1 change detected
2026-06-30 16:16:22 | INFO     | [watchfiles.main:watch:148] - [watchfiles.main] 1 change detected
2026-06-30 16:16:24 | INFO     | [watchfiles.main:watch:148] - [watchfiles.main] 1 change detected
2026-06-30 16:16:45 | INFO     | [watchfiles.main:watch:148] - [watchfiles.main] 1 change detected
2026-06-30 16:16:48 | INFO     | [watchfiles.main:watch:148] - [watchfiles.main] 1 change detected
2026-06-30 16:16:48 | WARNING  | [uvicorn.main:run:615] - [uvicorn.error] WatchFiles detected changes in 'src\arbitrator\presentation\mock\mock_data_provider.py'. Reloading...
2026-06-30 16:16:51 | INFO     | [watchfiles.main:watch:148] - [watchfiles.main] 1 change detected
2026-06-30 16:16:53 | INFO     | [watchfiles.main:watch:148] - [watchfiles.main] 2 changes detected
2026-06-30 16:16:53 | INFO     | [watchfiles.main:watch:148] - [watchfiles.main] 1 change detected
2026-06-30 16:16:55 | INFO     | [watchfiles.main:watch:148] - [watchfiles.main] 3 changes detected
2026-06-30 16:16:56 | INFO     | [watchfiles.main:watch:148] - [watchfiles.main] 5 changes detected
2026-06-30 16:16:57 | INFO     | [watchfiles.main:watch:148] - [watchfiles.main] 1 change detected
2026-06-30 16:18:25 | INFO     | [watchfiles.main:watch:148] - [watchfiles.main] 4 changes detected
