2026-06-30 07:50:03 | INFO     | [main:<module>:12] - Arbitrator starting | exchanges=['mexc', 'bitget', 'gate', 'bingx'] ui_data_mode=mock_data
2026-06-30 07:50:03 | INFO     | [arbitrator.presentation.fastapi_app:create:102] - FastAPI app created | title=Arbitrator host=127.0.0.1 port=8000 ui_data_mode=mock_data
2026-06-30 07:50:03 | INFO     | [uvicorn.main:run:614] - [uvicorn.error] Uvicorn running on http://127.0.0.1:8000 (Press CTRL+C to quit)
2026-06-30 07:50:03 | INFO     | [uvicorn.supervisors.basereload:run:51] - [uvicorn.error] Started reloader process [11056] using WatchFiles
2026-06-30 07:50:04 | INFO     | [watchfiles.main:watch:148] - [watchfiles.main] 2 changes detected
2026-06-30 07:50:05 | INFO     | [watchfiles.main:watch:148] - [watchfiles.main] 1 change detected
2026-06-30 07:50:06 | INFO     | [watchfiles.main:watch:148] - [watchfiles.main] 3 changes detected
2026-06-30 07:50:09 | INFO     | [watchfiles.main:watch:148] - [watchfiles.main] 1 change detected
2026-06-30 07:51:39 | INFO     | [watchfiles.main:watch:148] - [watchfiles.main] 4 changes detected
2026-06-30 07:54:31 | INFO     | [watchfiles.main:watch:148] - [watchfiles.main] 2 changes detected
2026-06-30 07:54:40 | INFO     | [watchfiles.main:watch:148] - [watchfiles.main] 3 changes detected
2026-06-30 07:54:40 | INFO     | [watchfiles.main:watch:148] - [watchfiles.main] 1 change detected
2026-06-30 07:54:58 | INFO     | [watchfiles.main:watch:148] - [watchfiles.main] 1 change detected
2026-06-30 07:55:09 | INFO     | [watchfiles.main:watch:148] - [watchfiles.main] 1 change detected
2026-06-30 07:55:14 | INFO     | [watchfiles.main:watch:148] - [watchfiles.main] 1 change detected
2026-06-30 07:57:40 | INFO     | [watchfiles.main:watch:148] - [watchfiles.main] 3 changes detected
2026-06-30 07:57:40 | INFO     | [watchfiles.main:watch:148] - [watchfiles.main] 1 change detected
2026-06-30 07:59:36 | INFO     | [watchfiles.main:watch:148] - [watchfiles.main] 2 changes detected
2026-06-30 07:59:36 | WARNING  | [uvicorn.main:run:615] - [uvicorn.error] WatchFiles detected changes in 'scripts\_test_port_regex.py'. Reloading...
2026-06-30 07:59:38 | INFO     | [watchfiles.main:watch:148] - [watchfiles.main] 1 change detected
2026-06-30 07:59:39 | INFO     | [watchfiles.main:watch:148] - [watchfiles.main] 2 changes detected
2026-06-30 07:59:39 | INFO     | [watchfiles.main:watch:148] - [watchfiles.main] 1 change detected
2026-06-30 07:59:41 | INFO     | [watchfiles.main:watch:148] - [watchfiles.main] 1 change detected
2026-06-30 07:59:41 | INFO     | [watchfiles.main:watch:148] - [watchfiles.main] 3 changes detected
2026-06-30 07:59:43 | INFO     | [watchfiles.main:watch:148] - [watchfiles.main] 1 change detected
2026-06-30 07:59:47 | INFO     | [watchfiles.main:watch:148] - [watchfiles.main] 1 change detected
2026-06-30 07:59:55 | INFO     | [watchfiles.main:watch:148] - [watchfiles.main] 1 change detected
2026-06-30 07:59:55 | WARNING  | [uvicorn.main:run:615] - [uvicorn.error] WatchFiles detected changes in 'scripts\_test_port_regex.py'. Reloading...
2026-06-30 07:59:57 | INFO     | [watchfiles.main:watch:148] - [watchfiles.main] 1 change detected
2026-06-30 07:59:58 | INFO     | [watchfiles.main:watch:148] - [watchfiles.main] 2 changes detected
2026-06-30 07:59:58 | INFO     | [watchfiles.main:watch:148] - [watchfiles.main] 1 change detected
2026-06-30 08:00:00 | INFO     | [watchfiles.main:watch:148] - [watchfiles.main] 3 changes detected
2026-06-30 08:00:01 | INFO     | [watchfiles.main:watch:148] - [watchfiles.main] 2 changes detected
2026-06-30 08:00:21 | INFO     | [watchfiles.main:watch:148] - [watchfiles.main] 1 change detected
2026-06-30 08:00:21 | WARNING  | [uvicorn.main:run:615] - [uvicorn.error] WatchFiles detected changes in 'scripts\port_maket_html.py'. Reloading...
2026-06-30 08:00:23 | INFO     | [watchfiles.main:watch:148] - [watchfiles.main] 2 changes detected
2026-06-30 08:00:23 | WARNING  | [uvicorn.main:run:615] - [uvicorn.error] WatchFiles detected changes in 'scripts\port_maket_html.py'. Reloading...
2026-06-30 08:00:24 | INFO     | [watchfiles.main:watch:148] - [watchfiles.main] 1 change detected
2026-06-30 08:00:24 | WARNING  | [uvicorn.main:run:615] - [uvicorn.error] WatchFiles detected changes in 'scripts\port_maket_html.py'. Reloading...
2026-06-30 08:00:26 | INFO     | [watchfiles.main:watch:148] - [watchfiles.main] 3 changes detected
2026-06-30 08:00:26 | WARNING  | [uvicorn.main:run:615] - [uvicorn.error] WatchFiles detected changes in 'scripts\port_maket_html.py'. Reloading...
2026-06-30 08:00:32 | INFO     | [watchfiles.main:watch:148] - [watchfiles.main] 5 changes detected
2026-06-30 08:00:32 | WARNING  | [uvicorn.main:run:615] - [uvicorn.error] WatchFiles detected changes in 'scripts\port_maket_html.py'. Reloading...
2026-06-30 08:00:34 | INFO     | [watchfiles.main:watch:148] - [watchfiles.main] 2 changes detected
2026-06-30 08:00:35 | INFO     | [watchfiles.main:watch:148] - [watchfiles.main] 1 change detected
2026-06-30 08:00:36 | INFO     | [watchfiles.main:watch:148] - [watchfiles.main] 3 changes detected
2026-06-30 08:00:38 | INFO     | [watchfiles.main:watch:148] - [watchfiles.main] 1 change detected
2026-06-30 08:00:40 | INFO     | [watchfiles.main:watch:148] - [watchfiles.main] 3 changes detected
2026-06-30 08:00:41 | INFO     | [watchfiles.main:watch:148] - [watchfiles.main] 1 change detected
2026-06-30 08:00:43 | INFO     | [watchfiles.main:watch:148] - [watchfiles.main] 1 change detected
2026-06-30 08:00:43 | WARNING  | [uvicorn.main:run:615] - [uvicorn.error] WatchFiles detected changes in 'scripts\port_maket_html.py'. Reloading...
2026-06-30 08:00:45 | INFO     | [watchfiles.main:watch:148] - [watchfiles.main] 1 change detected
2026-06-30 08:00:45 | INFO     | [watchfiles.main:watch:148] - [watchfiles.main] 2 changes detected
2026-06-30 08:00:46 | INFO     | [watchfiles.main:watch:148] - [watchfiles.main] 1 change detected
2026-06-30 08:00:48 | INFO     | [watchfiles.main:watch:148] - [watchfiles.main] 3 changes detected
2026-06-30 08:00:49 | INFO     | [watchfiles.main:watch:148] - [watchfiles.main] 2 changes detected
2026-06-30 08:00:49 | WARNING  | [uvicorn.main:run:615] - [uvicorn.error] WatchFiles detected changes in 'scripts\_test_port_regex.py'. Reloading...
2026-06-30 08:00:51 | INFO     | [watchfiles.main:watch:148] - [watchfiles.main] 2 changes detected
2026-06-30 08:00:52 | INFO     | [watchfiles.main:watch:148] - [watchfiles.main] 2 changes detected
2026-06-30 08:00:53 | INFO     | [watchfiles.main:watch:148] - [watchfiles.main] 1 change detected
2026-06-30 08:00:54 | INFO     | [watchfiles.main:watch:148] - [watchfiles.main] 3 changes detected
2026-06-30 08:00:56 | INFO     | [watchfiles.main:watch:148] - [watchfiles.main] 1 change detected
2026-06-30 08:03:41 | INFO     | [watchfiles.main:watch:148] - [watchfiles.main] 4 changes detected
2026-06-30 08:06:41 | INFO     | [watchfiles.main:watch:148] - [watchfiles.main] 4 changes detected
2026-06-30 08:09:41 | INFO     | [watchfiles.main:watch:148] - [watchfiles.main] 3 changes detected
2026-06-30 08:09:42 | INFO     | [watchfiles.main:watch:148] - [watchfiles.main] 1 change detected
2026-06-30 08:12:42 | INFO     | [watchfiles.main:watch:148] - [watchfiles.main] 4 changes detected
2026-06-30 08:15:42 | INFO     | [watchfiles.main:watch:148] - [watchfiles.main] 4 changes detected
2026-06-30 08:18:42 | INFO     | [watchfiles.main:watch:148] - [watchfiles.main] 3 changes detected
2026-06-30 08:18:42 | INFO     | [watchfiles.main:watch:148] - [watchfiles.main] 1 change detected
2026-06-30 08:21:42 | INFO     | [watchfiles.main:watch:148] - [watchfiles.main] 4 changes detected
2026-06-30 08:22:31 | INFO     | [watchfiles.main:watch:148] - [watchfiles.main] 4 changes detected
2026-06-30 08:22:32 | INFO     | [watchfiles.main:watch:148] - [watchfiles.main] 2 changes detected
2026-06-30 08:22:33 | INFO     | [watchfiles.main:watch:148] - [watchfiles.main] 2 changes detected
2026-06-30 08:22:38 | INFO     | [watchfiles.main:watch:148] - [watchfiles.main] 3 changes detected
2026-06-30 08:22:46 | INFO     | [watchfiles.main:watch:148] - [watchfiles.main] 2 changes detected
2026-06-30 08:22:46 | INFO     | [watchfiles.main:watch:148] - [watchfiles.main] 3 changes detected
2026-06-30 08:22:47 | INFO     | [watchfiles.main:watch:148] - [watchfiles.main] 2 changes detected
2026-06-30 08:22:52 | INFO     | [watchfiles.main:watch:148] - [watchfiles.main] 2 changes detected
2026-06-30 08:22:54 | INFO     | [watchfiles.main:watch:148] - [watchfiles.main] 2 changes detected
2026-06-30 08:22:54 | INFO     | [watchfiles.main:watch:148] - [watchfiles.main] 2 changes detected
2026-06-30 08:22:55 | INFO     | [watchfiles.main:watch:148] - [watchfiles.main] 2 changes detected
2026-06-30 08:22:56 | INFO     | [watchfiles.main:watch:148] - [watchfiles.main] 2 changes detected
2026-06-30 08:22:59 | INFO     | [watchfiles.main:watch:148] - [watchfiles.main] 2 changes detected
2026-06-30 08:23:00 | INFO     | [watchfiles.main:watch:148] - [watchfiles.main] 2 changes detected
2026-06-30 08:23:04 | INFO     | [watchfiles.main:watch:148] - [watchfiles.main] 1 change detected
2026-06-30 08:23:07 | INFO     | [watchfiles.main:watch:148] - [watchfiles.main] 2 changes detected
2026-06-30 08:23:07 | WARNING  | [uvicorn.main:run:615] - [uvicorn.error] WatchFiles detected changes in 'scripts\build_ui.py'. Reloading...
2026-06-30 08:23:10 | INFO     | [watchfiles.main:watch:148] - [watchfiles.main] 3 changes detected
2026-06-30 08:23:10 | WARNING  | [uvicorn.main:run:615] - [uvicorn.error] WatchFiles detected changes in 'src\arbitrator\presentation\dto\ui_delta_dto.py'. Reloading...
2026-06-30 08:23:12 | INFO     | [watchfiles.main:watch:148] - [watchfiles.main] 2 changes detected
2026-06-30 08:23:12 | INFO     | [watchfiles.main:watch:148] - [watchfiles.main] 1 change detected
2026-06-30 08:23:15 | INFO     | [watchfiles.main:watch:148] - [watchfiles.main] 3 changes detected
2026-06-30 08:23:16 | INFO     | [watchfiles.main:watch:148] - [watchfiles.main] 1 change detected
2026-06-30 08:23:17 | INFO     | [watchfiles.main:watch:148] - [watchfiles.main] 2 changes detected
2026-06-30 08:23:17 | WARNING  | [uvicorn.main:run:615] - [uvicorn.error] WatchFiles detected changes in 'src\arbitrator\presentation\ui_delta_encoder.py'. Reloading...
2026-06-30 08:23:19 | INFO     | [watchfiles.main:watch:148] - [watchfiles.main] 1 change detected
2026-06-30 08:23:21 | INFO     | [watchfiles.main:watch:148] - [watchfiles.main] 2 changes detected
2026-06-30 08:23:21 | INFO     | [watchfiles.main:watch:148] - [watchfiles.main] 1 change detected
2026-06-30 08:23:23 | INFO     | [watchfiles.main:watch:148] - [watchfiles.main] 3 changes detected
2026-06-30 08:23:25 | INFO     | [watchfiles.main:watch:148] - [watchfiles.main] 1 change detected
2026-06-30 08:23:30 | INFO     | [watchfiles.main:watch:148] - [watchfiles.main] 1 change detected
2026-06-30 08:23:35 | INFO     | [watchfiles.main:watch:148] - [watchfiles.main] 3 changes detected
2026-06-30 08:23:37 | INFO     | [watchfiles.main:watch:148] - [watchfiles.main] 2 changes detected
2026-06-30 08:23:41 | INFO     | [watchfiles.main:watch:148] - [watchfiles.main] 2 changes detected
2026-06-30 08:23:45 | INFO     | [watchfiles.main:watch:148] - [watchfiles.main] 2 changes detected
2026-06-30 08:23:47 | INFO     | [watchfiles.main:watch:148] - [watchfiles.main] 3 changes detected
2026-06-30 08:23:53 | INFO     | [watchfiles.main:watch:148] - [watchfiles.main] 2 changes detected
2026-06-30 08:24:06 | INFO     | [watchfiles.main:watch:148] - [watchfiles.main] 2 changes detected
2026-06-30 08:24:17 | INFO     | [watchfiles.main:watch:148] - [watchfiles.main] 2 changes detected
2026-06-30 08:24:22 | INFO     | [watchfiles.main:watch:148] - [watchfiles.main] 1 change detected
2026-06-30 08:24:27 | INFO     | [watchfiles.main:watch:148] - [watchfiles.main] 1 change detected
2026-06-30 08:24:39 | INFO     | [watchfiles.main:watch:148] - [watchfiles.main] 2 changes detected
2026-06-30 08:24:43 | INFO     | [watchfiles.main:watch:148] - [watchfiles.main] 3 changes detected
2026-06-30 08:24:43 | INFO     | [watchfiles.main:watch:148] - [watchfiles.main] 1 change detected
2026-06-30 08:24:49 | INFO     | [watchfiles.main:watch:148] - [watchfiles.main] 1 change detected
2026-06-30 08:24:49 | WARNING  | [uvicorn.main:run:615] - [uvicorn.error] WatchFiles detected changes in 'src\arbitrator\presentation\dto\opportunity_dto.py'. Reloading...
2026-06-30 08:24:51 | INFO     | [watchfiles.main:watch:148] - [watchfiles.main] 1 change detected
2026-06-30 08:24:52 | INFO     | [watchfiles.main:watch:148] - [watchfiles.main] 3 changes detected
2026-06-30 08:24:55 | INFO     | [watchfiles.main:watch:148] - [watchfiles.main] 3 changes detected
2026-06-30 08:24:55 | INFO     | [watchfiles.main:watch:148] - [watchfiles.main] 5 changes detected
2026-06-30 08:24:57 | INFO     | [watchfiles.main:watch:148] - [watchfiles.main] 1 change detected
2026-06-30 08:24:57 | WARNING  | [uvicorn.main:run:615] - [uvicorn.error] WatchFiles detected changes in 'src\arbitrator\presentation\dto\opportunity_dto.py'. Reloading...
2026-06-30 08:24:59 | INFO     | [watchfiles.main:watch:148] - [watchfiles.main] 3 changes detected
2026-06-30 08:24:59 | WARNING  | [uvicorn.main:run:615] - [uvicorn.error] WatchFiles detected changes in 'src\arbitrator\presentation\dto\opportunity_dto.py'. Reloading...
2026-06-30 08:25:00 | INFO     | [watchfiles.main:watch:148] - [watchfiles.main] 2 changes detected
2026-06-30 08:25:01 | INFO     | [watchfiles.main:watch:148] - [watchfiles.main] 1 change detected
2026-06-30 08:25:03 | INFO     | [watchfiles.main:watch:148] - [watchfiles.main] 3 changes detected
2026-06-30 08:25:03 | INFO     | [watchfiles.main:watch:148] - [watchfiles.main] 11 changes detected
2026-06-30 08:25:03 | WARNING  | [uvicorn.main:run:615] - [uvicorn.error] WatchFiles detected changes in 'src\arbitrator\presentation\mock\mock_data_provider.py'. Reloading...
