2026-07-01 04:03:19 | INFO     | [main:<module>:12] - Arbitrator starting | exchanges=['mexc', 'bitget', 'gate', 'bingx'] ui_data_mode=live
2026-07-01 04:03:19 | INFO     | [arbitrator.presentation.fastapi_app:create:103] - FastAPI app created | title=Arbitrator host=127.0.0.1 port=8000 ui_data_mode=live
2026-07-01 04:03:19 | INFO     | [uvicorn.server:serve:79] - [uvicorn.error] Started server process [15664]
2026-07-01 04:03:19 | INFO     | [uvicorn.server:startup:105] - [uvicorn.error] Waiting for application startup.
2026-07-01 04:03:19 | INFO     | [arbitrator.application.app_runtime:_start_live_workers:81] - screener worker started | mode=live
2026-07-01 04:03:19 | INFO     | [arbitrator.application.app_runtime:_start_live_workers:110] - funding worker started | mode=live
2026-07-01 04:03:19 | INFO     | [arbitrator.application.app_runtime:_start_live_workers:114] - account worker started | mode=live
2026-07-01 04:03:19 | INFO     | [arbitrator.application.symbol_universe_service:_filter:111] - Universe filtered | total=1213 after_min_exchanges=669 after_exclusions=668
2026-07-01 04:03:19 | INFO     | [arbitrator.presentation.fastapi_app:lifespan:39] - app lifespan started | ui_data_mode=live
2026-07-01 04:03:19 | INFO     | [arbitrator.application.screener_stream_worker:_discovery_phase:164] - Volume discovery started | symbols=668 threshold_usdt=50000.0 timeout_s=30.0
2026-07-01 04:03:19 | INFO     | [arbitrator.application.multi_exchange_watcher:_spawn_watchers:61] - Spawning watchers | exchanges=['mexc', 'bitget', 'gate', 'bingx'] symbols={'mexc': 545, 'bitget': 573, 'gate': 636, 'bingx': 466}
2026-07-01 04:03:19 | INFO     | [uvicorn.server:startup:105] - [uvicorn.error] Application startup complete.
2026-07-01 04:03:19 | DEBUG    | [arbitrator.application.multi_exchange_watcher:_watch:81] - Watcher start | exchange=mexc symbols=545
2026-07-01 04:03:19 | INFO     | [arbitrator.application.account_stream_worker:_async_main:124] - Account stream spawned | exchanges=['mexc', 'bitget', 'gate', 'bingx']
2026-07-01 04:03:19 | INFO     | [starlette._exception_handler:sender:39] - [uvicorn.error] 127.0.0.1:50077 - "WebSocket /ws/orders" [accepted]
2026-07-01 04:03:19 | INFO     | [arbitrator.presentation.ws.orders_ws_handler:handle:26] - ws connected | endpoint=/ws/orders
2026-07-01 04:03:19 | INFO     | [websockets.legacy.server:handler:161] - [uvicorn.error] connection open
2026-07-01 04:03:19 | INFO     | [asyncio.events:_run:80] - [uvicorn.error] connection closed
2026-07-01 04:03:19 | INFO     | [starlette._exception_handler:sender:39] - [uvicorn.error] 127.0.0.1:50078 - "WebSocket /ws/settings" [accepted]
2026-07-01 04:03:19 | INFO     | [arbitrator.presentation.ws.settings_ws_handler:handle:25] - ws connected | endpoint=/ws/settings
2026-07-01 04:03:19 | INFO     | [websockets.legacy.server:handler:161] - [uvicorn.error] connection open
2026-07-01 04:03:19 | INFO     | [asyncio.events:_run:80] - [uvicorn.error] connection closed
2026-07-01 04:03:19 | INFO     | [arbitrator.exchanges.ccxt_base:_ensure_open:1332] - Exchange client opened | exchange=mexc
2026-07-01 04:03:19 | INFO     | [arbitrator.exchanges.ccxt_base:_ensure_open:1332] - Exchange client opened | exchange=mexc
2026-07-01 04:03:19 | DEBUG    | [arbitrator.application.multi_exchange_watcher:_watch:81] - Watcher start | exchange=bitget symbols=573
2026-07-01 04:03:20 | INFO     | [starlette._exception_handler:sender:39] - [uvicorn.error] 127.0.0.1:50080 - "WebSocket /ws/screener" [accepted]
2026-07-01 04:03:20 | INFO     | [arbitrator.presentation.ws.screener_ws_handler:handle:35] - ws connected | endpoint=/ws/screener
2026-07-01 04:03:20 | DEBUG    | [arbitrator.application.strategy_table_service:refresh:75] - strategy recompute | changed=0 symbols=0
2026-07-01 04:03:20 | INFO     | [websockets.legacy.server:handler:161] - [uvicorn.error] connection open
2026-07-01 04:03:20 | INFO     | [arbitrator.exchanges.ccxt_base:_ensure_open:1332] - Exchange client opened | exchange=bitget
2026-07-01 04:03:20 | DEBUG    | [arbitrator.application.multi_exchange_watcher:_watch:81] - Watcher start | exchange=gate symbols=636
2026-07-01 04:03:20 | INFO     | [arbitrator.exchanges.ccxt_base:_ensure_open:1332] - Exchange client opened | exchange=bitget
2026-07-01 04:03:20 | INFO     | [arbitrator.exchanges.ccxt_base:_ensure_open:1332] - Exchange client opened | exchange=gate
2026-07-01 04:03:20 | DEBUG    | [arbitrator.application.multi_exchange_watcher:_watch:81] - Watcher start | exchange=bingx symbols=466
2026-07-01 04:03:20 | INFO     | [arbitrator.exchanges.ccxt_base:_ensure_open:1332] - Exchange client opened | exchange=gate
2026-07-01 04:03:21 | DEBUG    | [arbitrator.application.strategy_table_service:refresh:75] - strategy recompute | changed=0 symbols=0
2026-07-01 04:03:21 | INFO     | [arbitrator.exchanges.ccxt_base:_ensure_open:1332] - Exchange client opened | exchange=bingx
2026-07-01 04:03:21 | INFO     | [arbitrator.exchanges.ccxt_base:_ensure_open:1332] - Exchange client opened | exchange=bingx
2026-07-01 04:03:21 | INFO     | [starlette._exception_handler:sender:39] - [uvicorn.error] 127.0.0.1:50081 - "WebSocket /ws/orders" [accepted]
2026-07-01 04:03:21 | INFO     | [arbitrator.presentation.ws.orders_ws_handler:handle:26] - ws connected | endpoint=/ws/orders
2026-07-01 04:03:21 | INFO     | [websockets.legacy.server:handler:161] - [uvicorn.error] connection open
2026-07-01 04:03:21 | INFO     | [asyncio.events:_run:80] - [uvicorn.error] connection closed
2026-07-01 04:03:21 | INFO     | [starlette._exception_handler:sender:39] - [uvicorn.error] 127.0.0.1:50082 - "WebSocket /ws/settings" [accepted]
2026-07-01 04:03:21 | INFO     | [arbitrator.presentation.ws.settings_ws_handler:handle:25] - ws connected | endpoint=/ws/settings
2026-07-01 04:03:21 | INFO     | [websockets.legacy.server:handler:161] - [uvicorn.error] connection open
2026-07-01 04:03:21 | INFO     | [asyncio.events:_run:80] - [uvicorn.error] connection closed
2026-07-01 04:03:22 | DEBUG    | [arbitrator.application.strategy_table_service:refresh:75] - strategy recompute | changed=0 symbols=0
2026-07-01 04:03:22 | INFO     | [starlette.middleware.errors:_send:161] - [uvicorn.access] 127.0.0.1:50083 - "GET / HTTP/1.1" 200
2026-07-01 04:03:22 | INFO     | [asyncio.events:_run:80] - [uvicorn.error] connection closed
2026-07-01 04:03:22 | INFO     | [starlette.middleware.errors:_send:161] - [uvicorn.access] 127.0.0.1:50083 - "GET /static/css/app.css HTTP/1.1" 200
2026-07-01 04:03:22 | INFO     | [starlette.middleware.errors:_send:161] - [uvicorn.access] 127.0.0.1:50085 - "GET /static/js/core/ws_client.js HTTP/1.1" 200
2026-07-01 04:03:22 | INFO     | [starlette.middleware.errors:_send:161] - [uvicorn.access] 127.0.0.1:50086 - "GET /static/js/core/dom.js HTTP/1.1" 200
2026-07-01 04:03:22 | INFO     | [starlette.middleware.errors:_send:161] - [uvicorn.access] 127.0.0.1:50084 - "GET /static/js/core/app_state.js HTTP/1.1" 200
2026-07-01 04:03:22 | INFO     | [starlette.middleware.errors:_send:161] - [uvicorn.access] 127.0.0.1:50088 - "GET /static/js/render/format.js HTTP/1.1" 200
2026-07-01 04:03:22 | INFO     | [starlette.middleware.errors:_send:161] - [uvicorn.access] 127.0.0.1:50087 - "GET /static/js/core/delta_router.js HTTP/1.1" 200
2026-07-01 04:03:22 | INFO     | [starlette.middleware.errors:_send:161] - [uvicorn.access] 127.0.0.1:50083 - "GET /static/js/render/order_groups.js HTTP/1.1" 200
2026-07-01 04:03:22 | INFO     | [starlette.middleware.errors:_send:161] - [uvicorn.access] 127.0.0.1:50086 - "GET /static/js/render/order_book.js HTTP/1.1" 200
2026-07-01 04:03:22 | INFO     | [starlette.middleware.errors:_send:161] - [uvicorn.access] 127.0.0.1:50085 - "GET /static/js/render/opportunity_chart.js HTTP/1.1" 200
2026-07-01 04:03:22 | INFO     | [starlette.middleware.errors:_send:161] - [uvicorn.access] 127.0.0.1:50084 - "GET /static/js/render/screener.js HTTP/1.1" 200
2026-07-01 04:03:22 | INFO     | [starlette.middleware.errors:_send:161] - [uvicorn.access] 127.0.0.1:50088 - "GET /static/js/render/opportunity.js HTTP/1.1" 200
2026-07-01 04:03:22 | INFO     | [starlette.middleware.errors:_send:161] - [uvicorn.access] 127.0.0.1:50087 - "GET /static/js/render/orders.js HTTP/1.1" 200
2026-07-01 04:03:22 | INFO     | [starlette.middleware.errors:_send:161] - [uvicorn.access] 127.0.0.1:50083 - "GET /static/js/render/settings.js HTTP/1.1" 200
2026-07-01 04:03:22 | INFO     | [starlette.middleware.errors:_send:161] - [uvicorn.access] 127.0.0.1:50086 - "GET /static/js/app.js HTTP/1.1" 200
2026-07-01 04:03:22 | INFO     | [starlette._exception_handler:sender:39] - [uvicorn.error] 127.0.0.1:50089 - "WebSocket /ws/screener" [accepted]
2026-07-01 04:03:22 | INFO     | [arbitrator.presentation.ws.screener_ws_handler:handle:35] - ws connected | endpoint=/ws/screener
2026-07-01 04:03:22 | DEBUG    | [arbitrator.application.strategy_table_service:refresh:75] - strategy recompute | changed=0 symbols=0
2026-07-01 04:03:22 | INFO     | [websockets.legacy.server:handler:161] - [uvicorn.error] connection open
2026-07-01 04:03:22 | INFO     | [starlette._exception_handler:sender:39] - [uvicorn.error] 127.0.0.1:50090 - "WebSocket /ws/orders" [accepted]
2026-07-01 04:03:22 | INFO     | [arbitrator.presentation.ws.orders_ws_handler:handle:26] - ws connected | endpoint=/ws/orders
2026-07-01 04:03:22 | INFO     | [websockets.legacy.server:handler:161] - [uvicorn.error] connection open
2026-07-01 04:03:22 | INFO     | [starlette.middleware.errors:_send:161] - [uvicorn.access] 127.0.0.1:50086 - "GET /favicon.ico HTTP/1.1" 404
2026-07-01 04:03:22 | INFO     | [asyncio.events:_run:80] - [uvicorn.error] connection closed
2026-07-01 04:03:22 | INFO     | [starlette._exception_handler:sender:39] - [uvicorn.error] 127.0.0.1:50091 - "WebSocket /ws/settings" [accepted]
2026-07-01 04:03:22 | INFO     | [arbitrator.presentation.ws.settings_ws_handler:handle:25] - ws connected | endpoint=/ws/settings
2026-07-01 04:03:22 | INFO     | [websockets.legacy.server:handler:161] - [uvicorn.error] connection open
2026-07-01 04:03:22 | INFO     | [asyncio.events:_run:80] - [uvicorn.error] connection closed
2026-07-01 04:03:23 | DEBUG    | [arbitrator.application.strategy_table_service:refresh:75] - strategy recompute | changed=0 symbols=0
2026-07-01 04:03:23 | INFO     | [arbitrator.presentation.ws.screener_ws_handler:handle:43] - ws disconnected | endpoint=/ws/screener
2026-07-01 04:03:23 | DEBUG    | [arbitrator.application.strategy_table_service:refresh:75] - strategy recompute | changed=0 symbols=0
2026-07-01 04:03:24 | DEBUG    | [arbitrator.application.strategy_table_service:refresh:75] - strategy recompute | changed=0 symbols=0
2026-07-01 04:03:24 | INFO     | [starlette._exception_handler:sender:39] - [uvicorn.error] 127.0.0.1:50100 - "WebSocket /ws/orders" [accepted]
2026-07-01 04:03:24 | INFO     | [arbitrator.presentation.ws.orders_ws_handler:handle:26] - ws connected | endpoint=/ws/orders
2026-07-01 04:03:24 | INFO     | [websockets.legacy.server:handler:161] - [uvicorn.error] connection open
2026-07-01 04:03:24 | INFO     | [starlette._exception_handler:sender:39] - [uvicorn.error] 127.0.0.1:50101 - "WebSocket /ws/settings" [accepted]
2026-07-01 04:03:24 | INFO     | [arbitrator.presentation.ws.settings_ws_handler:handle:25] - ws connected | endpoint=/ws/settings
2026-07-01 04:03:24 | INFO     | [websockets.legacy.server:handler:161] - [uvicorn.error] connection open
2026-07-01 04:03:24 | INFO     | [asyncio.events:_run:80] - [uvicorn.error] connection closed
2026-07-01 04:03:25 | INFO     | [asyncio.events:_run:80] - [uvicorn.error] connection closed
2026-07-01 04:03:25 | DEBUG    | [arbitrator.application.strategy_table_service:refresh:75] - strategy recompute | changed=0 symbols=0
2026-07-01 04:03:26 | DEBUG    | [arbitrator.application.strategy_table_service:refresh:75] - strategy recompute | changed=0 symbols=0
2026-07-01 04:03:26 | INFO     | [starlette._exception_handler:sender:39] - [uvicorn.error] 127.0.0.1:50102 - "WebSocket /ws/orders" [accepted]
2026-07-01 04:03:26 | INFO     | [arbitrator.presentation.ws.orders_ws_handler:handle:26] - ws connected | endpoint=/ws/orders
2026-07-01 04:03:26 | INFO     | [websockets.legacy.server:handler:161] - [uvicorn.error] connection open
2026-07-01 04:03:26 | INFO     | [asyncio.events:_run:80] - [uvicorn.error] connection closed
2026-07-01 04:03:26 | INFO     | [starlette._exception_handler:sender:39] - [uvicorn.error] 127.0.0.1:50108 - "WebSocket /ws/settings" [accepted]
2026-07-01 04:03:26 | INFO     | [arbitrator.presentation.ws.settings_ws_handler:handle:25] - ws connected | endpoint=/ws/settings
2026-07-01 04:03:26 | INFO     | [websockets.legacy.server:handler:161] - [uvicorn.error] connection open
2026-07-01 04:03:26 | INFO     | [asyncio.events:_run:80] - [uvicorn.error] connection closed
2026-07-01 04:03:27 | DEBUG    | [arbitrator.application.strategy_table_service:refresh:75] - strategy recompute | changed=0 symbols=0
2026-07-01 04:03:28 | DEBUG    | [arbitrator.application.strategy_table_service:refresh:75] - strategy recompute | changed=0 symbols=0
2026-07-01 04:03:29 | INFO     | [starlette._exception_handler:sender:39] - [uvicorn.error] 127.0.0.1:50111 - "WebSocket /ws/orders" [accepted]
2026-07-01 04:03:29 | INFO     | [arbitrator.presentation.ws.orders_ws_handler:handle:26] - ws connected | endpoint=/ws/orders
2026-07-01 04:03:29 | INFO     | [websockets.legacy.server:handler:161] - [uvicorn.error] connection open
2026-07-01 04:03:30 | INFO     | [starlette._exception_handler:sender:39] - [uvicorn.error] 127.0.0.1:50112 - "WebSocket /ws/settings" [accepted]
2026-07-01 04:03:30 | INFO     | [arbitrator.presentation.ws.settings_ws_handler:handle:25] - ws connected | endpoint=/ws/settings
2026-07-01 04:03:30 | DEBUG    | [arbitrator.application.strategy_table_service:refresh:75] - strategy recompute | changed=0 symbols=0
2026-07-01 04:03:30 | INFO     | [websockets.legacy.server:handler:161] - [uvicorn.error] connection open
2026-07-01 04:03:30 | INFO     | [asyncio.events:_run:80] - [uvicorn.error] connection closed
2026-07-01 04:03:30 | INFO     | [asyncio.events:_run:80] - [uvicorn.error] connection closed
2026-07-01 04:03:31 | DEBUG    | [arbitrator.application.strategy_table_service:refresh:75] - strategy recompute | changed=0 symbols=0
2026-07-01 04:03:31 | INFO     | [uvicorn.server:_serve:98] - [uvicorn.error] Shutting down
2026-07-01 04:03:31 | INFO     | [asyncio.events:_run:80] - [uvicorn.error] connection closed
2026-07-01 04:03:31 | INFO     | [asyncio.tasks:wait_for:452] - [uvicorn.error] Waiting for background tasks to complete. (CTRL+C to force quit)
2026-07-01 04:03:32 | DEBUG    | [arbitrator.exchanges.ccxt_base:_ensure_markets_loaded:1349] - Markets loaded | exchange=mexc count=3151
2026-07-01 04:03:32 | INFO     | [arbitrator.exchanges.ccxt_base:watch_open_positions:602] - Position stream started | exchange=mexc mode=rest_poll
2026-07-01 04:03:32 | INFO     | [arbitrator.exchanges.ccxt_base:watch_usdt_balance:634] - Balance stream started | exchange=mexc mode=ws
2026-07-01 04:03:32 | DEBUG    | [arbitrator.application.strategy_table_service:refresh:75] - strategy recompute | changed=0 symbols=0
2026-07-01 04:03:32 | INFO     | [arbitrator.presentation.ws.screener_ws_handler:handle:43] - ws disconnected | endpoint=/ws/screener
2026-07-01 04:03:32 | INFO     | [uvicorn.server:shutdown:301] - [uvicorn.error] Waiting for application shutdown.
2026-07-01 04:03:32 | INFO     | [arbitrator.application.app_runtime:stop:55] - screener worker stopped
2026-07-01 04:03:32 | INFO     | [arbitrator.application.app_runtime:stop:58] - account worker stopped
2026-07-01 04:03:32 | INFO     | [arbitrator.application.app_runtime:stop:61] - funding worker stopped
2026-07-01 04:03:32 | DEBUG    | [arbitrator.exchanges.ccxt_base:close:1167] - Exchange closed | exchange=mexc
2026-07-01 04:03:32 | DEBUG    | [arbitrator.exchanges.ccxt_base:close:1167] - Exchange closed | exchange=bitget
2026-07-01 04:03:32 | DEBUG    | [arbitrator.exchanges.ccxt_base:close:1167] - Exchange closed | exchange=gate
2026-07-01 04:03:32 | DEBUG    | [arbitrator.exchanges.ccxt_base:close:1167] - Exchange closed | exchange=bingx
2026-07-01 04:03:32 | INFO     | [arbitrator.presentation.fastapi_app:lifespan:45] - app lifespan stopped
2026-07-01 04:03:32 | INFO     | [uvicorn.server:shutdown:301] - [uvicorn.error] Application shutdown complete.
2026-07-01 04:03:32 | INFO     | [arbitrator.application.funding_rate_worker:_thread_main:65] - funding worker stopped
2026-07-01 04:03:32 | INFO     | [uvicorn.server:serve:79] - [uvicorn.error] Finished server process [15664]
2026-07-01 04:03:33 | ERROR    | [arbitrator.exchanges.ccxt_base:_ensure_markets_loaded:1347] - load_markets failed | exchange=mexc
Traceback (most recent call last):

  File "c:\Users\dev_home\.cursor\extensions\ms-python.debugpy-2026.6.0-win32-x64\bundled\libs\debugpy\_vendored\pydevd\_pydev_bundle\pydev_monkey.py", line 1134, in __call__
    ret = self.original_func(*self.args, **self.kwargs)
          │    │              │    │       │    └ {}
          │    │              │    │       └ <_pydev_bundle.pydev_monkey._NewThreadStartupWithTrace object at 0x0000011290AD2610>
          │    │              │    └ ()
          │    │              └ <_pydev_bundle.pydev_monkey._NewThreadStartupWithTrace object at 0x0000011290AD2610>
          │    └ <bound method Thread._bootstrap of <Thread(screener-stream:0, started daemon 15560)>>
          └ <_pydev_bundle.pydev_monkey._NewThreadStartupWithTrace object at 0x0000011290AD2610>

  File "C:\Users\dev_home\AppData\Local\Programs\Python\Python311\Lib\threading.py", line 1002, in _bootstrap
    self._bootstrap_inner()
    │    └ <function Thread._bootstrap_inner at 0x0000011285E6CB80>
    └ <Thread(screener-stream:0, started daemon 15560)>
  File "C:\Users\dev_home\AppData\Local\Programs\Python\Python311\Lib\threading.py", line 1045, in _bootstrap_inner
    self.run()
    │    └ <function Thread.run at 0x0000011285E6C860>
    └ <Thread(screener-stream:0, started daemon 15560)>
  File "C:\Users\dev_home\AppData\Local\Programs\Python\Python311\Lib\threading.py", line 982, in run
    self._target(*self._args, **self._kwargs)
    │    │        │    │        │    └ {}
    │    │        │    │        └ <Thread(screener-stream:0, started daemon 15560)>
    │    │        │    └ ()
    │    │        └ <Thread(screener-stream:0, started daemon 15560)>
    │    └ <bound method ScreenerStreamWorker._thread_main of <arbitrator.application.screener_stream_worker.ScreenerStreamWorker object...
    └ <Thread(screener-stream:0, started daemon 15560)>

  File "C:\shere-folder\arbitrator\src\arbitrator\application\screener_stream_worker.py", line 88, in _thread_main
    asyncio.run(self._async_main())
    │       │   │    └ <function ScreenerStreamWorker._async_main at 0x000001128F4E0040>
    │       │   └ <arbitrator.application.screener_stream_worker.ScreenerStreamWorker object at 0x000001129092F6D0>
    │       └ <function run at 0x00000112886DACA0>
    └ <module 'asyncio' from 'C:\\Users\\dev_home\\AppData\\Local\\Programs\\Python\\Python311\\Lib\\asyncio\\__init__.py'>

  File "C:\Users\dev_home\AppData\Local\Programs\Python\Python311\Lib\asyncio\runners.py", line 190, in run
    return runner.run(main)
           │      │   └ <coroutine object ScreenerStreamWorker._async_main at 0x0000011290A7C900>
           │      └ <function Runner.run at 0x00000112886DB100>
           └ <asyncio.runners.Runner object at 0x000001129095D8D0>
  File "C:\Users\dev_home\AppData\Local\Programs\Python\Python311\Lib\asyncio\runners.py", line 118, in run
    return self._loop.run_until_complete(task)
           │    │     │                  └ <Task cancelling name='Task-3' coro=<ScreenerStreamWorker._async_main() running at C:\shere-folder\arbitrator\src\arbitrator\...
           │    │     └ <function BaseEventLoop.run_until_complete at 0x00000112886D8B80>
           │    └ <ProactorEventLoop running=True closed=False debug=False>
           └ <asyncio.runners.Runner object at 0x000001129095D8D0>
  File "C:\Users\dev_home\AppData\Local\Programs\Python\Python311\Lib\asyncio\base_events.py", line 640, in run_until_complete
    self.run_forever()
    │    └ <function ProactorEventLoop.run_forever at 0x0000011288771B20>
    └ <ProactorEventLoop running=True closed=False debug=False>
  File "C:\Users\dev_home\AppData\Local\Programs\Python\Python311\Lib\asyncio\windows_events.py", line 321, in run_forever
    super().run_forever()
  File "C:\Users\dev_home\AppData\Local\Programs\Python\Python311\Lib\asyncio\base_events.py", line 607, in run_forever
    self._run_once()
    │    └ <function BaseEventLoop._run_once at 0x00000112886DA8E0>
    └ <ProactorEventLoop running=True closed=False debug=False>
  File "C:\Users\dev_home\AppData\Local\Programs\Python\Python311\Lib\asyncio\base_events.py", line 1922, in _run_once
    handle._run()
    │      └ <function Handle._run at 0x0000011288646340>
    └ <Handle Task.task_wakeup(<Task finishe...er shutdown')>)>
  File "C:\Users\dev_home\AppData\Local\Programs\Python\Python311\Lib\asyncio\events.py", line 80, in _run
    self._context.run(self._callback, *self._args)
    │    │            │    │           │    └ <member '_args' of 'Handle' objects>
    │    │            │    │           └ <Handle Task.task_wakeup(<Task finishe...er shutdown')>)>
    │    │            │    └ <member '_callback' of 'Handle' objects>
    │    │            └ <Handle Task.task_wakeup(<Task finishe...er shutdown')>)>
    │    └ <member '_context' of 'Handle' objects>
    └ <Handle Task.task_wakeup(<Task finishe...er shutdown')>)>

  File "C:\shere-folder\arbitrator\src\arbitrator\exchanges\mexc.py", line 44, in watch_tickers
    await self._ensure_markets_loaded(client)
          │    │                      └ ccxt.async_support.mexc()
          │    └ <function CcxtBase._ensure_markets_loaded at 0x000001128F4AAA20>
          └ <arbitrator.exchanges.mexc.Mexc object at 0x000001128CA874D0>

> File "C:\shere-folder\arbitrator\src\arbitrator\exchanges\ccxt_base.py", line 1344, in _ensure_markets_loaded
    await client.load_markets()
          │      └ <function Exchange.load_markets at 0x000001128D12AE80>
          └ ccxt.async_support.mexc()

  File "C:\shere-folder\arbitrator\.venv\Lib\site-packages\ccxt\async_support\base\exchange.py", line 365, in load_markets
    raise e
  File "C:\shere-folder\arbitrator\.venv\Lib\site-packages\ccxt\async_support\base\exchange.py", line 357, in load_markets
    result = await self.markets_loading
                   │    └ None
                   └ ccxt.async_support.mexc()
  File "C:\shere-folder\arbitrator\.venv\Lib\site-packages\ccxt\async_support\base\exchange.py", line 324, in load_markets_helper
    markets = await self.fetch_markets(params)
                    │    │             └ {}
                    │    └ <function mexc.fetch_markets at 0x000001128E8A3D80>
                    └ ccxt.async_support.mexc()
  File "C:\shere-folder\arbitrator\.venv\Lib\site-packages\ccxt\async_support\mexc.py", line 1225, in fetch_markets
    spotMarket, swapMarket = await asyncio.gather(*[spotMarketPromise, swapMarketPromise])
                                   │       │        │                  └ <coroutine object mexc.fetch_swap_markets at 0x0000011290A43DE0>
                                   │       │        └ <coroutine object mexc.fetch_spot_markets at 0x0000011290A81590>
                                   │       └ <function gather at 0x00000112886939C0>
                                   └ <module 'asyncio' from 'C:\\Users\\dev_home\\AppData\\Local\\Programs\\Python\\Python311\\Lib\\asyncio\\__init__.py'>
  File "C:\shere-folder\arbitrator\.venv\Lib\site-packages\ccxt\async_support\mexc.py", line 1238, in fetch_spot_markets
    response = await self.spotPublicGetExchangeInfo(params)
                     │    │                         └ {}
                     │    └ <ccxt.base.types.Entry object at 0x000001128C2A1A50>
                     └ ccxt.async_support.mexc()
  File "C:\shere-folder\arbitrator\.venv\Lib\site-packages\ccxt\async_support\base\exchange.py", line 1033, in request
    return await self.fetch2(path, api, method, params, headers, body, config)
                 │    │      │     │    │       │       │        │     └ {'cost': 10}
                 │    │      │     │    │       │       │        └ None
                 │    │      │     │    │       │       └ None
                 │    │      │     │    │       └ {}
                 │    │      │     │    └ 'GET'
                 │    │      │     └ ['spot', 'public']
                 │    │      └ 'exchangeInfo'
                 │    └ <function Exchange.fetch2 at 0x000001128D24AF20>
                 └ ccxt.async_support.mexc()
  File "C:\shere-folder\arbitrator\.venv\Lib\site-packages\ccxt\async_support\base\exchange.py", line 1029, in fetch2
    raise e
  File "C:\shere-folder\arbitrator\.venv\Lib\site-packages\ccxt\async_support\base\exchange.py", line 1017, in fetch2
    return await self.fetch(request['url'], request['method'], request['headers'], request['body'])
                 │    │     │               │                  │                   └ {'url': 'https://api.mexc.com/api/v3/exchangeInfo', 'method': 'GET', 'body': None, 'headers': None}
                 │    │     │               │                  └ {'url': 'https://api.mexc.com/api/v3/exchangeInfo', 'method': 'GET', 'body': None, 'headers': None}
                 │    │     │               └ {'url': 'https://api.mexc.com/api/v3/exchangeInfo', 'method': 'GET', 'body': None, 'headers': None}
                 │    │     └ {'url': 'https://api.mexc.com/api/v3/exchangeInfo', 'method': 'GET', 'body': None, 'headers': None}
                 │    └ <function Exchange.fetch at 0x000001128D12ACA0>
                 └ ccxt.async_support.mexc()
  File "C:\shere-folder\arbitrator\.venv\Lib\site-packages\ccxt\async_support\base\exchange.py", line 241, in fetch
    async with session_method(yarl.URL(url, encoded=True),
               │              │    │   └ 'https://api.mexc.com/api/v3/exchangeInfo'
               │              │    └ <class 'yarl.URL'>
               │              └ <module 'yarl' from 'C:\\shere-folder\\arbitrator\\.venv\\Lib\\site-packages\\yarl\\__init__.py'>
               └ <bound method ClientSession.get of <aiohttp.client.ClientSession object at 0x0000011290B0C690>>
  File "C:\shere-folder\arbitrator\.venv\Lib\site-packages\aiohttp\client.py", line 1521, in __aenter__
    self._resp: _RetType = await self._coro
    │    │                       │    └ <member '_coro' of '_BaseRequestContextManager' objects>
    │    │                       └ <aiohttp.client._BaseRequestContextManager object at 0x0000011290CA3B80>
    │    └ <member '_resp' of '_BaseRequestContextManager' objects>
    └ <aiohttp.client._BaseRequestContextManager object at 0x0000011290CA3B80>
  File "C:\shere-folder\arbitrator\.venv\Lib\site-packages\aiohttp\client.py", line 706, in _request
    proxy_, proxy_auth = await asyncio.to_thread(
    │                          │       └ <function to_thread at 0x0000011288708AE0>
    │                          └ <module 'asyncio' from 'C:\\Users\\dev_home\\AppData\\Local\\Programs\\Python\\Python311\\Lib\\asyncio\\__init__.py'>
    └ None
  File "C:\Users\dev_home\AppData\Local\Programs\Python\Python311\Lib\asyncio\threads.py", line 25, in to_thread
    return await loop.run_in_executor(None, func_call)
                 │    │                     └ functools.partial(<built-in method run of _contextvars.Context object at 0x00000112977330C0>, <function get_env_proxy_for_url...
                 │    └ <function BaseEventLoop.run_in_executor at 0x00000112886D9440>
                 └ <ProactorEventLoop running=True closed=False debug=False>
  File "C:\Users\dev_home\AppData\Local\Programs\Python\Python311\Lib\asyncio\base_events.py", line 829, in run_in_executor
    executor.submit(func, *args), loop=self)
    │        │      │      │           └ <ProactorEventLoop running=True closed=False debug=False>
    │        │      │      └ ()
    │        │      └ functools.partial(<built-in method run of _contextvars.Context object at 0x00000112977330C0>, <function get_env_proxy_for_url...
    │        └ <function ThreadPoolExecutor.submit at 0x0000011290AE7880>
    └ <concurrent.futures.thread.ThreadPoolExecutor object at 0x0000011290BF3A10>
  File "C:\Users\dev_home\AppData\Local\Programs\Python\Python311\Lib\concurrent\futures\thread.py", line 167, in submit
    raise RuntimeError('cannot schedule new futures after shutdown')

RuntimeError: cannot schedule new futures after shutdown
2026-07-01 04:03:33 | DEBUG    | [arbitrator.exchanges.ccxt_base:close:1167] - Exchange closed | exchange=mexc
2026-07-01 04:03:33 | ERROR    | [arbitrator.exchanges.ccxt_base:_ensure_markets_loaded:1347] - load_markets failed | exchange=bitget
Traceback (most recent call last):

  File "c:\Users\dev_home\.cursor\extensions\ms-python.debugpy-2026.6.0-win32-x64\bundled\libs\debugpy\_vendored\pydevd\_pydev_bundle\pydev_monkey.py", line 1134, in __call__
    ret = self.original_func(*self.args, **self.kwargs)
          │    │              │    │       │    └ {}
          │    │              │    │       └ <_pydev_bundle.pydev_monkey._NewThreadStartupWithTrace object at 0x0000011290AD2610>
          │    │              │    └ ()
          │    │              └ <_pydev_bundle.pydev_monkey._NewThreadStartupWithTrace object at 0x0000011290AD2610>
          │    └ <bound method Thread._bootstrap of <Thread(screener-stream:0, started daemon 15560)>>
          └ <_pydev_bundle.pydev_monkey._NewThreadStartupWithTrace object at 0x0000011290AD2610>

  File "C:\Users\dev_home\AppData\Local\Programs\Python\Python311\Lib\threading.py", line 1002, in _bootstrap
    self._bootstrap_inner()
    │    └ <function Thread._bootstrap_inner at 0x0000011285E6CB80>
    └ <Thread(screener-stream:0, started daemon 15560)>
  File "C:\Users\dev_home\AppData\Local\Programs\Python\Python311\Lib\threading.py", line 1045, in _bootstrap_inner
    self.run()
    │    └ <function Thread.run at 0x0000011285E6C860>
    └ <Thread(screener-stream:0, started daemon 15560)>
  File "C:\Users\dev_home\AppData\Local\Programs\Python\Python311\Lib\threading.py", line 982, in run
    self._target(*self._args, **self._kwargs)
    │    │        │    │        │    └ {}
    │    │        │    │        └ <Thread(screener-stream:0, started daemon 15560)>
    │    │        │    └ ()
    │    │        └ <Thread(screener-stream:0, started daemon 15560)>
    │    └ <bound method ScreenerStreamWorker._thread_main of <arbitrator.application.screener_stream_worker.ScreenerStreamWorker object...
    └ <Thread(screener-stream:0, started daemon 15560)>

  File "C:\shere-folder\arbitrator\src\arbitrator\application\screener_stream_worker.py", line 88, in _thread_main
    asyncio.run(self._async_main())
    │       │   │    └ <function ScreenerStreamWorker._async_main at 0x000001128F4E0040>
    │       │   └ <arbitrator.application.screener_stream_worker.ScreenerStreamWorker object at 0x000001129092F6D0>
    │       └ <function run at 0x00000112886DACA0>
    └ <module 'asyncio' from 'C:\\Users\\dev_home\\AppData\\Local\\Programs\\Python\\Python311\\Lib\\asyncio\\__init__.py'>

  File "C:\Users\dev_home\AppData\Local\Programs\Python\Python311\Lib\asyncio\runners.py", line 190, in run
    return runner.run(main)
           │      │   └ <coroutine object ScreenerStreamWorker._async_main at 0x0000011290A7C900>
           │      └ <function Runner.run at 0x00000112886DB100>
           └ <asyncio.runners.Runner object at 0x000001129095D8D0>
  File "C:\Users\dev_home\AppData\Local\Programs\Python\Python311\Lib\asyncio\runners.py", line 118, in run
    return self._loop.run_until_complete(task)
           │    │     │                  └ <Task cancelling name='Task-3' coro=<ScreenerStreamWorker._async_main() running at C:\shere-folder\arbitrator\src\arbitrator\...
           │    │     └ <function BaseEventLoop.run_until_complete at 0x00000112886D8B80>
           │    └ <ProactorEventLoop running=True closed=False debug=False>
           └ <asyncio.runners.Runner object at 0x000001129095D8D0>
  File "C:\Users\dev_home\AppData\Local\Programs\Python\Python311\Lib\asyncio\base_events.py", line 640, in run_until_complete
    self.run_forever()
    │    └ <function ProactorEventLoop.run_forever at 0x0000011288771B20>
    └ <ProactorEventLoop running=True closed=False debug=False>
  File "C:\Users\dev_home\AppData\Local\Programs\Python\Python311\Lib\asyncio\windows_events.py", line 321, in run_forever
    super().run_forever()
  File "C:\Users\dev_home\AppData\Local\Programs\Python\Python311\Lib\asyncio\base_events.py", line 607, in run_forever
    self._run_once()
    │    └ <function BaseEventLoop._run_once at 0x00000112886DA8E0>
    └ <ProactorEventLoop running=True closed=False debug=False>
  File "C:\Users\dev_home\AppData\Local\Programs\Python\Python311\Lib\asyncio\base_events.py", line 1922, in _run_once
    handle._run()
    │      └ <function Handle._run at 0x0000011288646340>
    └ <Handle Task.task_wakeup(<Task finishe...er shutdown')>)>
  File "C:\Users\dev_home\AppData\Local\Programs\Python\Python311\Lib\asyncio\events.py", line 80, in _run
    self._context.run(self._callback, *self._args)
    │    │            │    │           │    └ <member '_args' of 'Handle' objects>
    │    │            │    │           └ <Handle Task.task_wakeup(<Task finishe...er shutdown')>)>
    │    │            │    └ <member '_callback' of 'Handle' objects>
    │    │            └ <Handle Task.task_wakeup(<Task finishe...er shutdown')>)>
    │    └ <member '_context' of 'Handle' objects>
    └ <Handle Task.task_wakeup(<Task finishe...er shutdown')>)>

  File "C:\shere-folder\arbitrator\src\arbitrator\exchanges\ccxt_base.py", line 195, in watch_tickers
    await self._ensure_markets_loaded(client)
          │    │                      └ ccxt.async_support.bitget()
          │    └ <function CcxtBase._ensure_markets_loaded at 0x000001128F4AAA20>
          └ <arbitrator.exchanges.bitget.Bitget object at 0x0000011290AD3090>

> File "C:\shere-folder\arbitrator\src\arbitrator\exchanges\ccxt_base.py", line 1344, in _ensure_markets_loaded
    await client.load_markets()
          │      └ <function Exchange.load_markets at 0x000001128D12AE80>
          └ ccxt.async_support.bitget()

  File "C:\shere-folder\arbitrator\.venv\Lib\site-packages\ccxt\async_support\base\exchange.py", line 365, in load_markets
    raise e
  File "C:\shere-folder\arbitrator\.venv\Lib\site-packages\ccxt\async_support\base\exchange.py", line 357, in load_markets
    result = await self.markets_loading
                   │    └ None
                   └ ccxt.async_support.bitget()
  File "C:\shere-folder\arbitrator\.venv\Lib\site-packages\ccxt\async_support\base\exchange.py", line 324, in load_markets_helper
    markets = await self.fetch_markets(params)
                    │    │             └ {}
                    │    └ <function bitget.fetch_markets at 0x000001128E39BCE0>
                    └ ccxt.async_support.bitget()
  File "C:\shere-folder\arbitrator\.venv\Lib\site-packages\ccxt\async_support\bitget.py", line 1972, in fetch_markets
    return await self.fetch_default_markets(params)
                 │    │                     └ {}
                 │    └ <function bitget.fetch_default_markets at 0x000001128E39BD80>
                 └ ccxt.async_support.bitget()
  File "C:\shere-folder\arbitrator\.venv\Lib\site-packages\ccxt\async_support\bitget.py", line 1999, in fetch_default_markets
    results = await asyncio.gather(*promises)
                    │       │       └ [<coroutine object Exchange.request at 0x0000011290CC8630>, <coroutine object Exchange.request at 0x0000011290CC9340>, <corou...
                    │       └ <function gather at 0x00000112886939C0>
                    └ <module 'asyncio' from 'C:\\Users\\dev_home\\AppData\\Local\\Programs\\Python\\Python311\\Lib\\asyncio\\__init__.py'>
  File "C:\shere-folder\arbitrator\.venv\Lib\site-packages\ccxt\async_support\base\exchange.py", line 1033, in request
    return await self.fetch2(path, api, method, params, headers, body, config)
                 │    │      │     │    │       │       │        │     └ {'cost': 1}
                 │    │      │     │    │       │       │        └ None
                 │    │      │     │    │       │       └ None
                 │    │      │     │    │       └ {'productType': 'SUSDC-FUTURES'}
                 │    │      │     │    └ 'GET'
                 │    │      │     └ ['public', 'mix']
                 │    │      └ 'v2/mix/market/contracts'
                 │    └ <function Exchange.fetch2 at 0x000001128D24AF20>
                 └ ccxt.async_support.bitget()
  File "C:\shere-folder\arbitrator\.venv\Lib\site-packages\ccxt\async_support\base\exchange.py", line 1029, in fetch2
    raise e
  File "C:\shere-folder\arbitrator\.venv\Lib\site-packages\ccxt\async_support\base\exchange.py", line 1017, in fetch2
    return await self.fetch(request['url'], request['method'], request['headers'], request['body'])
                 │    │     │               │                  │                   └ {'url': 'https://api.bitget.com/api/v2/mix/market/contracts?productType=SUSDC-FUTURES', 'method': 'GET', 'body': None, 'heade...
                 │    │     │               │                  └ {'url': 'https://api.bitget.com/api/v2/mix/market/contracts?productType=SUSDC-FUTURES', 'method': 'GET', 'body': None, 'heade...
                 │    │     │               └ {'url': 'https://api.bitget.com/api/v2/mix/market/contracts?productType=SUSDC-FUTURES', 'method': 'GET', 'body': None, 'heade...
                 │    │     └ {'url': 'https://api.bitget.com/api/v2/mix/market/contracts?productType=SUSDC-FUTURES', 'method': 'GET', 'body': None, 'heade...
                 │    └ <function Exchange.fetch at 0x000001128D12ACA0>
                 └ ccxt.async_support.bitget()
  File "C:\shere-folder\arbitrator\.venv\Lib\site-packages\ccxt\async_support\base\exchange.py", line 241, in fetch
    async with session_method(yarl.URL(url, encoded=True),
               │              │    │   └ 'https://api.bitget.com/api/v2/mix/market/contracts?productType=SUSDC-FUTURES'
               │              │    └ <class 'yarl.URL'>
               │              └ <module 'yarl' from 'C:\\shere-folder\\arbitrator\\.venv\\Lib\\site-packages\\yarl\\__init__.py'>
               └ <bound method ClientSession.get of <aiohttp.client.ClientSession object at 0x0000011290B074D0>>
  File "C:\shere-folder\arbitrator\.venv\Lib\site-packages\aiohttp\client.py", line 1521, in __aenter__
    self._resp: _RetType = await self._coro
    │    │                       │    └ <member '_coro' of '_BaseRequestContextManager' objects>
    │    │                       └ <aiohttp.client._BaseRequestContextManager object at 0x0000011296FBEAD0>
    │    └ <member '_resp' of '_BaseRequestContextManager' objects>
    └ <aiohttp.client._BaseRequestContextManager object at 0x0000011296FBEAD0>
  File "C:\shere-folder\arbitrator\.venv\Lib\site-packages\aiohttp\client.py", line 706, in _request
    proxy_, proxy_auth = await asyncio.to_thread(
    │                          │       └ <function to_thread at 0x0000011288708AE0>
    │                          └ <module 'asyncio' from 'C:\\Users\\dev_home\\AppData\\Local\\Programs\\Python\\Python311\\Lib\\asyncio\\__init__.py'>
    └ None
  File "C:\Users\dev_home\AppData\Local\Programs\Python\Python311\Lib\asyncio\threads.py", line 25, in to_thread
    return await loop.run_in_executor(None, func_call)
                 │    │                     └ functools.partial(<built-in method run of _contextvars.Context object at 0x0000011290BE2700>, <function get_env_proxy_for_url...
                 │    └ <function BaseEventLoop.run_in_executor at 0x00000112886D9440>
                 └ <ProactorEventLoop running=True closed=False debug=False>
  File "C:\Users\dev_home\AppData\Local\Programs\Python\Python311\Lib\asyncio\base_events.py", line 829, in run_in_executor
    executor.submit(func, *args), loop=self)
    │        │      │      │           └ <ProactorEventLoop running=True closed=False debug=False>
    │        │      │      └ ()
    │        │      └ functools.partial(<built-in method run of _contextvars.Context object at 0x0000011290BE2700>, <function get_env_proxy_for_url...
    │        └ <function ThreadPoolExecutor.submit at 0x0000011290AE7880>
    └ <concurrent.futures.thread.ThreadPoolExecutor object at 0x0000011290BF3A10>
  File "C:\Users\dev_home\AppData\Local\Programs\Python\Python311\Lib\concurrent\futures\thread.py", line 167, in submit
    raise RuntimeError('cannot schedule new futures after shutdown')

RuntimeError: cannot schedule new futures after shutdown
