2026-06-25 05:04:41 | INFO     | [__main__:<module>:16] - Arbitrator starting | exchanges=['mexc', 'bitget', 'gate', 'bingx']
2026-06-25 05:04:42 | INFO     | [arbitrator.presentation.streamlit_app:run:105] - UI run | section=Screener
2026-06-25 05:04:48 | INFO     | [starlette.middleware.sessions:send_wrapper:86] - [uvicorn.error] 127.0.0.1:64737 - "WebSocket /_stcore/stream" [accepted]
2026-06-25 05:04:48 | INFO     | [websockets.legacy.server:handler:161] - [uvicorn.error] connection open
2026-06-25 05:04:48 | INFO     | [__main__:<module>:16] - Arbitrator starting | exchanges=['mexc', 'bitget', 'gate', 'bingx']
2026-06-25 05:04:48 | INFO     | [arbitrator.presentation.streamlit_app:run:105] - UI run | section=Screener
2026-06-25 05:04:51 | INFO     | [__main__:<module>:16] - Arbitrator starting | exchanges=['mexc', 'bitget', 'gate', 'bingx']
2026-06-25 05:04:51 | INFO     | [arbitrator.presentation.streamlit_app:run:105] - UI run | section=Screener
2026-06-25 05:04:51 | INFO     | [arbitrator.presentation.sidebar.screener.screener_view:render:77] - Screener reconnect requested from UI
2026-06-25 05:04:51 | INFO     | [__main__:<module>:16] - Arbitrator starting | exchanges=['mexc', 'bitget', 'gate', 'bingx']
2026-06-25 05:04:51 | INFO     | [arbitrator.presentation.streamlit_app:run:105] - UI run | section=Screener
2026-06-25 05:04:51 | INFO     | [arbitrator.presentation.sidebar.screener.screener_view:_ensure_worker:229] - Screener background worker started | nonce=1 stream_volume_usdt=50000.0
2026-06-25 05:04:52 | INFO     | [arbitrator.application.symbol_universe_service:_filter:111] - Universe filtered | total=1395 after_min_exchanges=728 after_exclusions=727
2026-06-25 05:04:52 | INFO     | [arbitrator.application.screener_stream_worker:_discovery_phase:165] - Volume discovery started | symbols=727 threshold_usdt=50000.0 timeout_s=30.0
2026-06-25 05:04:52 | INFO     | [arbitrator.application.multi_exchange_watcher:_spawn_watchers:52] - Spawning watchers | exchanges=['mexc', 'bitget', 'gate', 'bingx'] symbols={'mexc': 582, 'bitget': 596, 'gate': 661, 'bingx': 473}
2026-06-25 05:04:52 | DEBUG    | [arbitrator.application.multi_exchange_watcher:_watch:72] - Watcher start | exchange=mexc symbols=582
2026-06-25 05:04:52 | INFO     | [arbitrator.exchanges.ccxt_base:_ensure_open:940] - Exchange client opened | exchange=mexc
2026-06-25 05:04:52 | DEBUG    | [arbitrator.application.multi_exchange_watcher:_watch:72] - Watcher start | exchange=bitget symbols=596
2026-06-25 05:04:52 | INFO     | [arbitrator.exchanges.ccxt_base:_ensure_open:940] - Exchange client opened | exchange=bitget
2026-06-25 05:04:52 | DEBUG    | [arbitrator.application.multi_exchange_watcher:_watch:72] - Watcher start | exchange=gate symbols=661
2026-06-25 05:04:53 | INFO     | [arbitrator.exchanges.ccxt_base:_ensure_open:940] - Exchange client opened | exchange=gate
2026-06-25 05:04:53 | DEBUG    | [arbitrator.application.multi_exchange_watcher:_watch:72] - Watcher start | exchange=bingx symbols=473
2026-06-25 05:04:53 | INFO     | [arbitrator.exchanges.ccxt_base:_ensure_open:940] - Exchange client opened | exchange=bingx
2026-06-25 05:04:53 | INFO     | [__main__:<module>:16] - Arbitrator starting | exchanges=['mexc', 'bitget', 'gate', 'bingx']
2026-06-25 05:04:53 | INFO     | [arbitrator.presentation.streamlit_app:run:105] - UI run | section=Closed orders
2026-06-25 05:04:56 | INFO     | [__main__:<module>:16] - Arbitrator starting | exchanges=['mexc', 'bitget', 'gate', 'bingx']
2026-06-25 05:04:56 | INFO     | [arbitrator.presentation.streamlit_app:run:105] - UI run | section=Closed orders
2026-06-25 05:04:56 | INFO     | [__main__:<module>:16] - Arbitrator starting | exchanges=['mexc', 'bitget', 'gate', 'bingx']
2026-06-25 05:04:56 | INFO     | [arbitrator.presentation.streamlit_app:run:105] - UI run | section=Closed orders
2026-06-25 05:04:57 | INFO     | [arbitrator.exchanges.ccxt_base:_ensure_open:940] - Exchange client opened | exchange=mexc
2026-06-25 05:04:57 | INFO     | [arbitrator.exchanges.ccxt_base:_ensure_open:940] - Exchange client opened | exchange=bitget
2026-06-25 05:04:58 | INFO     | [arbitrator.exchanges.ccxt_base:_ensure_open:940] - Exchange client opened | exchange=gate
2026-06-25 05:04:59 | INFO     | [arbitrator.exchanges.ccxt_base:_ensure_open:940] - Exchange client opened | exchange=bingx
2026-06-25 05:05:00 | DEBUG    | [arbitrator.exchanges.ccxt_base:_ensure_markets_loaded:957] - Markets loaded | exchange=bitget count=1913
2026-06-25 05:05:00 | INFO     | [arbitrator.exchanges.ccxt_base:watch_tickers:161] - Streaming tickers | exchange=bitget symbols=596 mode=bulk chunks=12
2026-06-25 05:05:00 | DEBUG    | [arbitrator.exchanges.ccxt_base:_stream_bulk:828] - Bulk stream chunks | exchange=bitget chunks=12 chunk_size=50
2026-06-25 05:05:02 | DEBUG    | [arbitrator.exchanges.ccxt_base:_ensure_markets_loaded:957] - Markets loaded | exchange=bingx count=3026
2026-06-25 05:05:02 | INFO     | [arbitrator.exchanges.ccxt_base:watch_tickers:161] - Streaming tickers | exchange=bingx symbols=473 mode=fanout chunks=-
2026-06-25 05:05:04 | DEBUG    | [arbitrator.exchanges.ccxt_base:_ensure_markets_loaded:957] - Markets loaded | exchange=mexc count=3238
2026-06-25 05:05:04 | DEBUG    | [arbitrator.exchanges.mexc:watch_tickers:52] - watch_tickers skipped non-api contracts | exchange=mexc skipped=32
2026-06-25 05:05:04 | INFO     | [arbitrator.exchanges.ccxt_base:watch_tickers:161] - Streaming tickers | exchange=mexc symbols=550 mode=bulk chunks=11
2026-06-25 05:05:04 | DEBUG    | [arbitrator.exchanges.ccxt_base:_stream_bulk:828] - Bulk stream chunks | exchange=mexc chunks=11 chunk_size=50
2026-06-25 05:05:08 | DEBUG    | [arbitrator.exchanges.ccxt_base:_ensure_markets_loaded:957] - Markets loaded | exchange=bingx count=3026
2026-06-25 05:05:08 | INFO     | [arbitrator.exchanges.ccxt_base:fetch_closed_positions:458] - fetchMyTrades requires symbols | exchange=bingx
2026-06-25 05:05:09 | DEBUG    | [arbitrator.exchanges.ccxt_base:_ensure_markets_loaded:957] - Markets loaded | exchange=bitget count=1913
2026-06-25 05:05:09 | DEBUG    | [arbitrator.exchanges.ccxt_base:close:815] - Exchange closed | exchange=bingx
2026-06-25 05:05:10 | INFO     | [arbitrator.exchanges.ccxt_base:fetch_closed_positions:498] - Closed positions fetched | exchange=bitget count=0
2026-06-25 05:05:10 | DEBUG    | [arbitrator.exchanges.ccxt_base:close:815] - Exchange closed | exchange=bitget
2026-06-25 05:05:21 | DEBUG    | [arbitrator.exchanges.ccxt_base:_ensure_markets_loaded:957] - Markets loaded | exchange=gate count=5987
2026-06-25 05:05:21 | INFO     | [arbitrator.exchanges.ccxt_base:fetch_closed_positions:498] - Closed positions fetched | exchange=gate count=0
2026-06-25 05:05:22 | INFO     | [arbitrator.application.screener_stream_worker:_discovery_phase:192] - Volume discovery timed out | eligible=558 pending=169
2026-06-25 05:05:22 | DEBUG    | [arbitrator.exchanges.ccxt_base:close:815] - Exchange closed | exchange=gate
2026-06-25 05:05:22 | DEBUG    | [arbitrator.application.multi_exchange_watcher:_watch:86] - Watcher cancelled | exchange=mexc
2026-06-25 05:05:22 | DEBUG    | [arbitrator.application.multi_exchange_watcher:_watch:86] - Watcher cancelled | exchange=gate
2026-06-25 05:05:22 | DEBUG    | [arbitrator.application.multi_exchange_watcher:_watch:86] - Watcher cancelled | exchange=bitget
2026-06-25 05:05:22 | DEBUG    | [arbitrator.application.multi_exchange_watcher:_watch:86] - Watcher cancelled | exchange=bingx
2026-06-25 05:05:24 | DEBUG    | [arbitrator.exchanges.ccxt_base:close:815] - Exchange closed | exchange=mexc
2026-06-25 05:05:28 | DEBUG    | [arbitrator.exchanges.ccxt_base:close:815] - Exchange closed | exchange=bitget
2026-06-25 05:05:28 | DEBUG    | [arbitrator.exchanges.ccxt_base:close:815] - Exchange closed | exchange=gate
2026-06-25 05:05:28 | DEBUG    | [arbitrator.exchanges.ccxt_base:close:815] - Exchange closed | exchange=bingx
2026-06-25 05:05:29 | INFO     | [arbitrator.application.screener_stream_worker:_async_main:139] - Volume gate applied | threshold_usdt=50000.0 eligible=558 rejected=0
2026-06-25 05:05:29 | INFO     | [arbitrator.application.multi_exchange_watcher:_spawn_watchers:52] - Spawning watchers | exchanges=['mexc', 'bitget', 'gate', 'bingx'] symbols={'mexc': 550, 'bitget': 456, 'gate': 523, 'bingx': 457}
2026-06-25 05:05:29 | DEBUG    | [arbitrator.application.multi_exchange_watcher:_watch:72] - Watcher start | exchange=mexc symbols=550
2026-06-25 05:05:29 | INFO     | [arbitrator.exchanges.ccxt_base:_ensure_open:940] - Exchange client opened | exchange=mexc
2026-06-25 05:05:29 | DEBUG    | [arbitrator.application.multi_exchange_watcher:_watch:72] - Watcher start | exchange=bitget symbols=456
2026-06-25 05:05:29 | DEBUG    | [arbitrator.exchanges.ccxt_base:_ensure_markets_loaded:957] - Markets loaded | exchange=mexc count=3238
2026-06-25 05:05:30 | INFO     | [arbitrator.exchanges.ccxt_base:_ensure_open:940] - Exchange client opened | exchange=bitget
2026-06-25 05:05:30 | DEBUG    | [arbitrator.application.multi_exchange_watcher:_watch:72] - Watcher start | exchange=gate symbols=523
2026-06-25 05:05:30 | INFO     | [arbitrator.exchanges.ccxt_base:_ensure_open:940] - Exchange client opened | exchange=gate
2026-06-25 05:05:30 | DEBUG    | [arbitrator.application.multi_exchange_watcher:_watch:72] - Watcher start | exchange=bingx symbols=457
2026-06-25 05:05:30 | INFO     | [arbitrator.exchanges.ccxt_base:_ensure_open:940] - Exchange client opened | exchange=bingx
2026-06-25 05:05:35 | INFO     | [arbitrator.exchanges.ccxt_base:fetch_closed_positions:498] - Closed positions fetched | exchange=mexc count=1
2026-06-25 05:05:35 | DEBUG    | [arbitrator.exchanges.ccxt_base:close:815] - Exchange closed | exchange=mexc
2026-06-25 05:05:39 | DEBUG    | [arbitrator.exchanges.ccxt_base:_ensure_markets_loaded:957] - Markets loaded | exchange=bitget count=1913
2026-06-25 05:05:39 | INFO     | [arbitrator.exchanges.ccxt_base:watch_tickers:161] - Streaming tickers | exchange=bitget symbols=456 mode=bulk chunks=10
2026-06-25 05:05:39 | DEBUG    | [arbitrator.exchanges.ccxt_base:_stream_bulk:828] - Bulk stream chunks | exchange=bitget chunks=10 chunk_size=50
2026-06-25 05:05:41 | DEBUG    | [arbitrator.exchanges.ccxt_base:_ensure_markets_loaded:957] - Markets loaded | exchange=mexc count=3238
2026-06-25 05:05:41 | INFO     | [arbitrator.exchanges.ccxt_base:watch_tickers:161] - Streaming tickers | exchange=mexc symbols=550 mode=bulk chunks=11
2026-06-25 05:05:41 | DEBUG    | [arbitrator.exchanges.ccxt_base:_stream_bulk:828] - Bulk stream chunks | exchange=mexc chunks=11 chunk_size=50
2026-06-25 05:05:41 | DEBUG    | [arbitrator.exchanges.ccxt_base:_ensure_markets_loaded:957] - Markets loaded | exchange=bingx count=3026
2026-06-25 05:05:41 | INFO     | [arbitrator.exchanges.ccxt_base:watch_tickers:161] - Streaming tickers | exchange=bingx symbols=457 mode=fanout chunks=-
2026-06-25 05:05:56 | INFO     | [__main__:<module>:16] - Arbitrator starting | exchanges=['mexc', 'bitget', 'gate', 'bingx']
2026-06-25 05:05:56 | INFO     | [arbitrator.presentation.streamlit_app:run:105] - UI run | section=Screener
2026-06-25 05:06:04 | INFO     | [__main__:<module>:16] - Arbitrator starting | exchanges=['mexc', 'bitget', 'gate', 'bingx']
2026-06-25 05:06:04 | INFO     | [arbitrator.presentation.streamlit_app:run:105] - UI run | section=Screener
2026-06-25 05:06:05 | INFO     | [__main__:<module>:16] - Arbitrator starting | exchanges=['mexc', 'bitget', 'gate', 'bingx']
2026-06-25 05:06:05 | INFO     | [arbitrator.presentation.streamlit_app:run:105] - UI run | section=Screener
2026-06-25 05:06:05 | INFO     | [arbitrator.presentation.sidebar.screener.screener_view:_navigate_to_opportunities:194] - Screener opened opportunities | count=1 first_symbol=0G/USDT:USDT
2026-06-25 05:06:05 | INFO     | [__main__:<module>:16] - Arbitrator starting | exchanges=['mexc', 'bitget', 'gate', 'bingx']
2026-06-25 05:06:05 | INFO     | [arbitrator.presentation.streamlit_app:run:105] - UI run | section=Opportunity
2026-06-25 05:06:05 | INFO     | [arbitrator.presentation.sidebar.opportunity.opportunity_view:_ensure_worker:129] - Opportunity stream worker started | symbol=0G/USDT:USDT short=bingx long=mexc
2026-06-25 05:06:06 | INFO     | [arbitrator.application.screener_stream_worker:_stream_loop:215] - Closing screener watcher
2026-06-25 05:06:06 | INFO     | [arbitrator.exchanges.ccxt_base:_ensure_open:940] - Exchange client opened | exchange=bingx
2026-06-25 05:06:06 | DEBUG    | [arbitrator.application.multi_exchange_watcher:_watch:86] - Watcher cancelled | exchange=bingx
2026-06-25 05:06:06 | DEBUG    | [arbitrator.application.multi_exchange_watcher:_watch:86] - Watcher cancelled | exchange=mexc
2026-06-25 05:06:06 | DEBUG    | [arbitrator.application.multi_exchange_watcher:_watch:86] - Watcher cancelled | exchange=bitget
2026-06-25 05:06:06 | DEBUG    | [arbitrator.application.multi_exchange_watcher:_watch:86] - Watcher cancelled | exchange=gate
2026-06-25 05:06:07 | INFO     | [arbitrator.exchanges.ccxt_base:_ensure_open:940] - Exchange client opened | exchange=mexc
2026-06-25 05:06:07 | ERROR    | [asyncio.base_events:call_exception_handler:1797] - [asyncio] Exception in callback Client.receive_loop.<locals>.after_interrupt(<Task cancell...nt_ws.py:312>>) at C:\shere-folder\arbitrator\.venv\Lib\site-packages\ccxt\async_support\base\ws\client.py:139
handle: <Handle Client.receive_loop.<locals>.after_interrupt(<Task cancell...nt_ws.py:312>>) at C:\shere-folder\arbitrator\.venv\Lib\site-packages\ccxt\async_support\base\ws\client.py:139>
Traceback (most recent call last):

  File "C:\shere-folder\arbitrator\src\arbitrator\exchanges\ccxt_base.py", line 922, in _stream_fanout
    symbol, ticker = await queue.get()
    │                      │     └ <function Queue.get at 0x000001E032C71620>
    │                      └ <Queue at 0x1e0abb60950 maxsize=0 _queue=[('AIO/USDT:USDT', Ticker(symbol='AIO/USDT:USDT', last=0.11989, high_24h=0.13014, lo...
    └ 'BICO/USDT:USDT'

  File "C:\Users\dev_home\AppData\Local\Programs\Python\Python311\Lib\asyncio\queues.py", line 158, in get
    await getter
          └ <Future finished result=None>

asyncio.exceptions.CancelledError


During handling of the above exception, another exception occurred:


Traceback (most recent call last):

  File "C:\Users\dev_home\AppData\Local\Programs\Python\Python311\Lib\asyncio\runners.py", line 190, in run
    return runner.run(main)
           │      │   └ <coroutine object ScreenerStreamWorker._async_main at 0x000001E064864B80>
           │      └ <function Runner.run at 0x000001E032C70680>
           └ <asyncio.runners.Runner object at 0x000001E0648AC550>
  File "C:\Users\dev_home\AppData\Local\Programs\Python\Python311\Lib\asyncio\runners.py", line 118, in run
    return self._loop.run_until_complete(task)
           │    │     │                  └ <Task cancelled name='Task-114' coro=<ScreenerStreamWorker._async_main() done, defined at C:\shere-folder\arbitrator\src\arbi...
           │    │     └ <function BaseEventLoop.run_until_complete at 0x000001E032C6E0C0>
           │    └ <ProactorEventLoop running=True closed=False debug=False>
           └ <asyncio.runners.Runner object at 0x000001E0648AC550>
  File "C:\Users\dev_home\AppData\Local\Programs\Python\Python311\Lib\asyncio\base_events.py", line 653, in run_until_complete
    return future.result()
           │      └ <method 'result' of '_asyncio.Task' objects>
           └ <Task cancelled name='Task-114' coro=<ScreenerStreamWorker._async_main() done, defined at C:\shere-folder\arbitrator\src\arbi...

  File "C:\shere-folder\arbitrator\src\arbitrator\application\screener_stream_worker.py", line 152, in _async_main
    await self._stream_loop(named_exchanges, filtered_by_exchange)
          │    │            │                └ {'binance': ['0G/USDT:USDT', '1000000BOB/USDT:USDT', '1000000MOG/USDT:USDT', '1000BONK/USDT:USDT', '1000CAT/USDT:USDT', '1000...
          │    │            └ [NamedExchange(exchange_id='mexc', display_name='MEXC', gateway=<arbitrator.exchanges.mexc.Mexc object at 0x000001E064890F10>...
          │    └ <function ScreenerStreamWorker._stream_loop at 0x000001E0645471A0>
          └ <arbitrator.application.screener_stream_worker.ScreenerStreamWorker object at 0x000001E0625C0450>

  File "C:\shere-folder\arbitrator\src\arbitrator\application\screener_stream_worker.py", line 216, in _stream_loop
    await watcher.close()
          │       └ <function MultiExchangeWatcher.close at 0x000001E0644A7A60>
          └ <arbitrator.application.multi_exchange_watcher.MultiExchangeWatcher object at 0x000001E0B5E4E610>

  File "C:\shere-folder\arbitrator\src\arbitrator\application\multi_exchange_watcher.py", line 44, in close
    await self._cancel_watchers()
          │    └ <function MultiExchangeWatcher._cancel_watchers at 0x000001E0644A7C40>
          └ <arbitrator.application.multi_exchange_watcher.MultiExchangeWatcher object at 0x000001E0B5E4E610>

  File "C:\shere-folder\arbitrator\src\arbitrator\application\multi_exchange_watcher.py", line 103, in _cancel_watchers
    await asyncio.gather(*self._tasks, return_exceptions=True)
          │       │       │    └ []
          │       │       └ <arbitrator.application.multi_exchange_watcher.MultiExchangeWatcher object at 0x000001E0B5E4E610>
          │       └ <function gather at 0x000001E032C5D1C0>
          └ <module 'asyncio' from 'C:\\Users\\dev_home\\AppData\\Local\\Programs\\Python\\Python311\\Lib\\asyncio\\__init__.py'>

  File "C:\shere-folder\arbitrator\src\arbitrator\application\multi_exchange_watcher.py", line 79, in _watch
    async for tickers in exch.gateway.watch_tickers(symbols):
              │          │    │                     └ ['0G/USDT:USDT', '1000000BABYDOGE/USDT:USDT', '1000000BOB/USDT:USDT', '1000000MOG/USDT:USDT', '1000BONK/USDT:USDT', '1000CAT/...
              │          │    └ <member 'gateway' of 'NamedExchange' objects>
              │          └ NamedExchange(exchange_id='bingx', display_name='BingX', gateway=<arbitrator.exchanges.bingx.Bingx object at 0x000001E0648911...
              └ {'BICO/USDT:USDT': Ticker(symbol='BICO/USDT:USDT', last=0.02219, high_24h=0.02794, low_24h=0.0219, base_volume_24h=80302531.0...

  File "C:\shere-folder\arbitrator\src\arbitrator\exchanges\ccxt_base.py", line 172, in watch_tickers
    async for update in self._stream_fanout(client, symbol_list):
              │         │    │              │       └ ['0G/USDT:USDT', '1000000BABYDOGE/USDT:USDT', '1000000BOB/USDT:USDT', '1000000MOG/USDT:USDT', '1000BONK/USDT:USDT', '1000CAT/...
              │         │    │              └ ccxt.async_support.bingx()
              │         │    └ <function CcxtBase._stream_fanout at 0x000001E03BB77600>
              │         └ <arbitrator.exchanges.bingx.Bingx object at 0x000001E064891150>
              └ {'BICO/USDT:USDT': Ticker(symbol='BICO/USDT:USDT', last=0.02219, high_24h=0.02794, low_24h=0.0219, base_volume_24h=80302531.0...

  File "C:\shere-folder\arbitrator\src\arbitrator\exchanges\ccxt_base.py", line 932, in _stream_fanout
    await asyncio.gather(*tasks, return_exceptions=True)
          │       │       └ [<Task cancelled name='watch_ticker:bingx:0G/USDT:USDT' coro=<CcxtBase._stream_fanout.<locals>._watch_one() done, defined at ...
          │       └ <function gather at 0x000001E032C5D1C0>
          └ <module 'asyncio' from 'C:\\Users\\dev_home\\AppData\\Local\\Programs\\Python\\Python311\\Lib\\asyncio\\__init__.py'>

  File "C:\shere-folder\arbitrator\src\arbitrator\exchanges\ccxt_base.py", line 894, in _watch_one
    payload = await client.watch_ticker(symbol)
                    │      │            └ 'ZRX/USDT:USDT'
                    │      └ <function bingx.watch_ticker at 0x000001E03B866DE0>
                    └ ccxt.async_support.bingx()

  File "C:\shere-folder\arbitrator\.venv\Lib\site-packages\ccxt\pro\bingx.py", line 177, in watch_ticker
    return await self.watch(url, messageHash, self.extend(request, params), messageHash, subscription)
                 │    │     │    │            │    │      │        │        │            └ {'unsubscribe': False, 'id': '139958e2-7a85-4a4d-9b7a-d34760bba395'}
                 │    │     │    │            │    │      │        │        └ 'ticker::ZRX/USDT:USDT'
                 │    │     │    │            │    │      │        └ {}
                 │    │     │    │            │    │      └ {'id': '139958e2-7a85-4a4d-9b7a-d34760bba395', 'dataType': 'ZRX-USDT@ticker', 'reqType': 'sub'}
                 │    │     │    │            │    └ <staticmethod(<function Exchange.extend at 0x000001E0387AA840>)>
                 │    │     │    │            └ ccxt.async_support.bingx()
                 │    │     │    └ 'ticker::ZRX/USDT:USDT'
                 │    │     └ 'wss://open-api-swap.bingx.com/swap-market'
                 │    └ <function Exchange.watch at 0x000001E039F0E020>
                 └ ccxt.async_support.bingx()

asyncio.exceptions.CancelledError


During handling of the above exception, another exception occurred:


Traceback (most recent call last):

  File "c:\Users\dev_home\.cursor\extensions\ms-python.debugpy-2026.6.0-win32-x64\bundled\libs\debugpy\_vendored\pydevd\_pydev_bundle\pydev_monkey.py", line 1134, in __call__
    ret = self.original_func(*self.args, **self.kwargs)
          │    │              │    │       │    └ {}
          │    │              │    │       └ <_pydev_bundle.pydev_monkey._NewThreadStartupWithTrace object at 0x000001E06486A0D0>
          │    │              │    └ ()
          │    │              └ <_pydev_bundle.pydev_monkey._NewThreadStartupWithTrace object at 0x000001E06486A0D0>
          │    └ <bound method Thread._bootstrap of <Thread(screener-stream:1, started daemon 21256)>>
          └ <_pydev_bundle.pydev_monkey._NewThreadStartupWithTrace object at 0x000001E06486A0D0>

  File "C:\Users\dev_home\AppData\Local\Programs\Python\Python311\Lib\threading.py", line 1002, in _bootstrap
    self._bootstrap_inner()
    │    └ <function Thread._bootstrap_inner at 0x000001E02F9A1300>
    └ <Thread(screener-stream:1, started daemon 21256)>
  File "C:\Users\dev_home\AppData\Local\Programs\Python\Python311\Lib\threading.py", line 1045, in _bootstrap_inner
    self.run()
    │    └ <function Thread.run at 0x000001E02F9A0FE0>
    └ <Thread(screener-stream:1, started daemon 21256)>
  File "C:\Users\dev_home\AppData\Local\Programs\Python\Python311\Lib\threading.py", line 982, in run
    self._target(*self._args, **self._kwargs)
    │    │        │    │        │    └ {}
    │    │        │    │        └ <Thread(screener-stream:1, started daemon 21256)>
    │    │        │    └ ()
    │    │        └ <Thread(screener-stream:1, started daemon 21256)>
    │    └ <bound method ScreenerStreamWorker._thread_main of <arbitrator.application.screener_stream_worker.ScreenerStreamWorker object...
    └ <Thread(screener-stream:1, started daemon 21256)>

  File "C:\shere-folder\arbitrator\src\arbitrator\application\screener_stream_worker.py", line 88, in _thread_main
    asyncio.run(self._async_main())
    │       │   │    └ <function ScreenerStreamWorker._async_main at 0x000001E064547060>
    │       │   └ <arbitrator.application.screener_stream_worker.ScreenerStreamWorker object at 0x000001E0625C0450>
    │       └ <function run at 0x000001E032C43E20>
    └ <module 'asyncio' from 'C:\\Users\\dev_home\\AppData\\Local\\Programs\\Python\\Python311\\Lib\\asyncio\\__init__.py'>

  File "C:\Users\dev_home\AppData\Local\Programs\Python\Python311\Lib\asyncio\runners.py", line 189, in run
    with Runner(debug=debug) as runner:
         │            │         └ <asyncio.runners.Runner object at 0x000001E0648AC550>
         │            └ None
         └ <class 'asyncio.runners.Runner'>
  File "C:\Users\dev_home\AppData\Local\Programs\Python\Python311\Lib\asyncio\runners.py", line 63, in __exit__
    self.close()
    │    └ <function Runner.close at 0x000001E032C70540>
    └ <asyncio.runners.Runner object at 0x000001E0648AC550>
  File "C:\Users\dev_home\AppData\Local\Programs\Python\Python311\Lib\asyncio\runners.py", line 71, in close
    _cancel_all_tasks(loop)
    │                 └ <ProactorEventLoop running=True closed=False debug=False>
    └ <function _cancel_all_tasks at 0x000001E032C702C0>
  File "C:\Users\dev_home\AppData\Local\Programs\Python\Python311\Lib\asyncio\runners.py", line 201, in _cancel_all_tasks
    loop.run_until_complete(tasks.gather(*to_cancel, return_exceptions=True))
    │    │                  │     │       └ {<Task cancelled name='Task-2447' coro=<Exchange.watch.<locals>.after.<locals>.send_message() done, defined at C:\shere-folde...
    │    │                  │     └ <function gather at 0x000001E032C5D1C0>
    │    │                  └ <module 'asyncio.tasks' from 'C:\\Users\\dev_home\\AppData\\Local\\Programs\\Python\\Python311\\Lib\\asyncio\\tasks.py'>
    │    └ <function BaseEventLoop.run_until_complete at 0x000001E032C6E0C0>
    └ <ProactorEventLoop running=True closed=False debug=False>
  File "C:\Users\dev_home\AppData\Local\Programs\Python\Python311\Lib\asyncio\base_events.py", line 640, in run_until_complete
    self.run_forever()
    │    └ <function ProactorEventLoop.run_forever at 0x000001E032CEC040>
    └ <ProactorEventLoop running=True closed=False debug=False>
  File "C:\Users\dev_home\AppData\Local\Programs\Python\Python311\Lib\asyncio\windows_events.py", line 321, in run_forever
    super().run_forever()
  File "C:\Users\dev_home\AppData\Local\Programs\Python\Python311\Lib\asyncio\base_events.py", line 607, in run_forever
    self._run_once()
    │    └ <function BaseEventLoop._run_once at 0x000001E032C6FE20>
    └ <ProactorEventLoop running=True closed=False debug=False>
  File "C:\Users\dev_home\AppData\Local\Programs\Python\Python311\Lib\asyncio\base_events.py", line 1922, in _run_once
    handle._run()
    │      └ <function Handle._run at 0x000001E032AD3880>
    └ <Handle Client.receive_loop.<locals>.after_interrupt(<Task cancell...nt_ws.py:312>>) at C:\shere-folder\arbitrator\.venv\Lib\...
> File "C:\Users\dev_home\AppData\Local\Programs\Python\Python311\Lib\asyncio\events.py", line 80, in _run
    self._context.run(self._callback, *self._args)
    │    │            │    │           │    └ <member '_args' of 'Handle' objects>
    │    │            │    │           └ <Handle Client.receive_loop.<locals>.after_interrupt(<Task cancell...nt_ws.py:312>>) at C:\shere-folder\arbitrator\.venv\Lib\...
    │    │            │    └ <member '_callback' of 'Handle' objects>
    │    │            └ <Handle Client.receive_loop.<locals>.after_interrupt(<Task cancell...nt_ws.py:312>>) at C:\shere-folder\arbitrator\.venv\Lib\...
    │    └ <member '_context' of 'Handle' objects>
    └ <Handle Client.receive_loop.<locals>.after_interrupt(<Task cancell...nt_ws.py:312>>) at C:\shere-folder\arbitrator\.venv\Lib\...
  File "C:\shere-folder\arbitrator\.venv\Lib\site-packages\ccxt\async_support\base\ws\client.py", line 140, in after_interrupt
    exception = resolved.exception()
                │        └ <method 'exception' of '_asyncio.Task' objects>
                └ <Task cancelled name='Task-3255' coro=<ClientWebSocketResponse.receive() done, defined at C:\shere-folder\arbitrator\.venv\Li...
  File "C:\shere-folder\arbitrator\.venv\Lib\site-packages\aiohttp\client_ws.py", line 312, in receive
    async def receive(self, timeout: Optional[float] = None) -> WSMessage:
                      │     │        │                          └ <class 'aiohttp._websocket.models.WSMessage'>
                      │     │        └ typing.Optional
                      │     └ None
                      └ <aiohttp.client_ws.ClientWebSocketResponse object at 0x000001E0B1EFB4D0>

asyncio.exceptions.CancelledError
2026-06-25 05:06:07 | ERROR    | [asyncio.base_events:call_exception_handler:1797] - [asyncio] Exception in callback Client.receive_loop.<locals>.after_interrupt(<Task cancell...nt_ws.py:312>>) at C:\shere-folder\arbitrator\.venv\Lib\site-packages\ccxt\async_support\base\ws\client.py:139
handle: <Handle Client.receive_loop.<locals>.after_interrupt(<Task cancell...nt_ws.py:312>>) at C:\shere-folder\arbitrator\.venv\Lib\site-packages\ccxt\async_support\base\ws\client.py:139>
Traceback (most recent call last):

  File "C:\shere-folder\arbitrator\src\arbitrator\exchanges\ccxt_base.py", line 922, in _stream_fanout
    symbol, ticker = await queue.get()
    │                      │     └ <function Queue.get at 0x000001E032C71620>
    │                      └ <Queue at 0x1e0abb60950 maxsize=0 _queue=[('AIO/USDT:USDT', Ticker(symbol='AIO/USDT:USDT', last=0.11989, high_24h=0.13014, lo...
    └ 'BICO/USDT:USDT'

  File "C:\Users\dev_home\AppData\Local\Programs\Python\Python311\Lib\asyncio\queues.py", line 158, in get
    await getter
          └ <Future finished result=None>

asyncio.exceptions.CancelledError


During handling of the above exception, another exception occurred:


Traceback (most recent call last):

  File "C:\Users\dev_home\AppData\Local\Programs\Python\Python311\Lib\asyncio\runners.py", line 190, in run
    return runner.run(main)
           │      │   └ <coroutine object ScreenerStreamWorker._async_main at 0x000001E064864B80>
           │      └ <function Runner.run at 0x000001E032C70680>
           └ <asyncio.runners.Runner object at 0x000001E0648AC550>
  File "C:\Users\dev_home\AppData\Local\Programs\Python\Python311\Lib\asyncio\runners.py", line 118, in run
    return self._loop.run_until_complete(task)
           │    │     │                  └ <Task cancelled name='Task-114' coro=<ScreenerStreamWorker._async_main() done, defined at C:\shere-folder\arbitrator\src\arbi...
           │    │     └ <function BaseEventLoop.run_until_complete at 0x000001E032C6E0C0>
           │    └ <ProactorEventLoop running=True closed=False debug=False>
           └ <asyncio.runners.Runner object at 0x000001E0648AC550>
  File "C:\Users\dev_home\AppData\Local\Programs\Python\Python311\Lib\asyncio\base_events.py", line 653, in run_until_complete
    return future.result()
           │      └ <method 'result' of '_asyncio.Task' objects>
           └ <Task cancelled name='Task-114' coro=<ScreenerStreamWorker._async_main() done, defined at C:\shere-folder\arbitrator\src\arbi...

  File "C:\shere-folder\arbitrator\src\arbitrator\application\screener_stream_worker.py", line 152, in _async_main
    await self._stream_loop(named_exchanges, filtered_by_exchange)
          │    │            │                └ {'binance': ['0G/USDT:USDT', '1000000BOB/USDT:USDT', '1000000MOG/USDT:USDT', '1000BONK/USDT:USDT', '1000CAT/USDT:USDT', '1000...
          │    │            └ [NamedExchange(exchange_id='mexc', display_name='MEXC', gateway=<arbitrator.exchanges.mexc.Mexc object at 0x000001E064890F10>...
          │    └ <function ScreenerStreamWorker._stream_loop at 0x000001E0645471A0>
          └ <arbitrator.application.screener_stream_worker.ScreenerStreamWorker object at 0x000001E0625C0450>

  File "C:\shere-folder\arbitrator\src\arbitrator\application\screener_stream_worker.py", line 216, in _stream_loop
    await watcher.close()
          │       └ <function MultiExchangeWatcher.close at 0x000001E0644A7A60>
          └ <arbitrator.application.multi_exchange_watcher.MultiExchangeWatcher object at 0x000001E0B5E4E610>

  File "C:\shere-folder\arbitrator\src\arbitrator\application\multi_exchange_watcher.py", line 44, in close
    await self._cancel_watchers()
          │    └ <function MultiExchangeWatcher._cancel_watchers at 0x000001E0644A7C40>
          └ <arbitrator.application.multi_exchange_watcher.MultiExchangeWatcher object at 0x000001E0B5E4E610>

  File "C:\shere-folder\arbitrator\src\arbitrator\application\multi_exchange_watcher.py", line 103, in _cancel_watchers
    await asyncio.gather(*self._tasks, return_exceptions=True)
          │       │       │    └ []
          │       │       └ <arbitrator.application.multi_exchange_watcher.MultiExchangeWatcher object at 0x000001E0B5E4E610>
          │       └ <function gather at 0x000001E032C5D1C0>
          └ <module 'asyncio' from 'C:\\Users\\dev_home\\AppData\\Local\\Programs\\Python\\Python311\\Lib\\asyncio\\__init__.py'>

  File "C:\shere-folder\arbitrator\src\arbitrator\application\multi_exchange_watcher.py", line 79, in _watch
    async for tickers in exch.gateway.watch_tickers(symbols):
              │          │    │                     └ ['0G/USDT:USDT', '1000000BABYDOGE/USDT:USDT', '1000000BOB/USDT:USDT', '1000000MOG/USDT:USDT', '1000BONK/USDT:USDT', '1000CAT/...
              │          │    └ <member 'gateway' of 'NamedExchange' objects>
              │          └ NamedExchange(exchange_id='bingx', display_name='BingX', gateway=<arbitrator.exchanges.bingx.Bingx object at 0x000001E0648911...
              └ {'BICO/USDT:USDT': Ticker(symbol='BICO/USDT:USDT', last=0.02219, high_24h=0.02794, low_24h=0.0219, base_volume_24h=80302531.0...

  File "C:\shere-folder\arbitrator\src\arbitrator\exchanges\ccxt_base.py", line 172, in watch_tickers
    async for update in self._stream_fanout(client, symbol_list):
              │         │    │              │       └ ['0G/USDT:USDT', '1000000BABYDOGE/USDT:USDT', '1000000BOB/USDT:USDT', '1000000MOG/USDT:USDT', '1000BONK/USDT:USDT', '1000CAT/...
              │         │    │              └ ccxt.async_support.bingx()
              │         │    └ <function CcxtBase._stream_fanout at 0x000001E03BB77600>
              │         └ <arbitrator.exchanges.bingx.Bingx object at 0x000001E064891150>
              └ {'BICO/USDT:USDT': Ticker(symbol='BICO/USDT:USDT', last=0.02219, high_24h=0.02794, low_24h=0.0219, base_volume_24h=80302531.0...

  File "C:\shere-folder\arbitrator\src\arbitrator\exchanges\ccxt_base.py", line 932, in _stream_fanout
    await asyncio.gather(*tasks, return_exceptions=True)
          │       │       └ [<Task cancelled name='watch_ticker:bingx:0G/USDT:USDT' coro=<CcxtBase._stream_fanout.<locals>._watch_one() done, defined at ...
          │       └ <function gather at 0x000001E032C5D1C0>
          └ <module 'asyncio' from 'C:\\Users\\dev_home\\AppData\\Local\\Programs\\Python\\Python311\\Lib\\asyncio\\__init__.py'>

  File "C:\shere-folder\arbitrator\src\arbitrator\exchanges\ccxt_base.py", line 894, in _watch_one
    payload = await client.watch_ticker(symbol)
                    │      │            └ 'ZRX/USDT:USDT'
                    │      └ <function bingx.watch_ticker at 0x000001E03B866DE0>
                    └ ccxt.async_support.bingx()

  File "C:\shere-folder\arbitrator\.venv\Lib\site-packages\ccxt\pro\bingx.py", line 177, in watch_ticker
    return await self.watch(url, messageHash, self.extend(request, params), messageHash, subscription)
                 │    │     │    │            │    │      │        │        │            └ {'unsubscribe': False, 'id': '139958e2-7a85-4a4d-9b7a-d34760bba395'}
                 │    │     │    │            │    │      │        │        └ 'ticker::ZRX/USDT:USDT'
                 │    │     │    │            │    │      │        └ {}
                 │    │     │    │            │    │      └ {'id': '139958e2-7a85-4a4d-9b7a-d34760bba395', 'dataType': 'ZRX-USDT@ticker', 'reqType': 'sub'}
                 │    │     │    │            │    └ <staticmethod(<function Exchange.extend at 0x000001E0387AA840>)>
                 │    │     │    │            └ ccxt.async_support.bingx()
                 │    │     │    └ 'ticker::ZRX/USDT:USDT'
                 │    │     └ 'wss://open-api-swap.bingx.com/swap-market'
                 │    └ <function Exchange.watch at 0x000001E039F0E020>
                 └ ccxt.async_support.bingx()

asyncio.exceptions.CancelledError


During handling of the above exception, another exception occurred:


Traceback (most recent call last):

  File "c:\Users\dev_home\.cursor\extensions\ms-python.debugpy-2026.6.0-win32-x64\bundled\libs\debugpy\_vendored\pydevd\_pydev_bundle\pydev_monkey.py", line 1134, in __call__
    ret = self.original_func(*self.args, **self.kwargs)
          │    │              │    │       │    └ {}
          │    │              │    │       └ <_pydev_bundle.pydev_monkey._NewThreadStartupWithTrace object at 0x000001E06486A0D0>
          │    │              │    └ ()
          │    │              └ <_pydev_bundle.pydev_monkey._NewThreadStartupWithTrace object at 0x000001E06486A0D0>
          │    └ <bound method Thread._bootstrap of <Thread(screener-stream:1, started daemon 21256)>>
          └ <_pydev_bundle.pydev_monkey._NewThreadStartupWithTrace object at 0x000001E06486A0D0>

  File "C:\Users\dev_home\AppData\Local\Programs\Python\Python311\Lib\threading.py", line 1002, in _bootstrap
    self._bootstrap_inner()
    │    └ <function Thread._bootstrap_inner at 0x000001E02F9A1300>
    └ <Thread(screener-stream:1, started daemon 21256)>
  File "C:\Users\dev_home\AppData\Local\Programs\Python\Python311\Lib\threading.py", line 1045, in _bootstrap_inner
    self.run()
    │    └ <function Thread.run at 0x000001E02F9A0FE0>
    └ <Thread(screener-stream:1, started daemon 21256)>
  File "C:\Users\dev_home\AppData\Local\Programs\Python\Python311\Lib\threading.py", line 982, in run
    self._target(*self._args, **self._kwargs)
    │    │        │    │        │    └ {}
    │    │        │    │        └ <Thread(screener-stream:1, started daemon 21256)>
    │    │        │    └ ()
    │    │        └ <Thread(screener-stream:1, started daemon 21256)>
    │    └ <bound method ScreenerStreamWorker._thread_main of <arbitrator.application.screener_stream_worker.ScreenerStreamWorker object...
    └ <Thread(screener-stream:1, started daemon 21256)>

  File "C:\shere-folder\arbitrator\src\arbitrator\application\screener_stream_worker.py", line 88, in _thread_main
    asyncio.run(self._async_main())
    │       │   │    └ <function ScreenerStreamWorker._async_main at 0x000001E064547060>
    │       │   └ <arbitrator.application.screener_stream_worker.ScreenerStreamWorker object at 0x000001E0625C0450>
    │       └ <function run at 0x000001E032C43E20>
    └ <module 'asyncio' from 'C:\\Users\\dev_home\\AppData\\Local\\Programs\\Python\\Python311\\Lib\\asyncio\\__init__.py'>

  File "C:\Users\dev_home\AppData\Local\Programs\Python\Python311\Lib\asyncio\runners.py", line 189, in run
    with Runner(debug=debug) as runner:
         │            │         └ <asyncio.runners.Runner object at 0x000001E0648AC550>
         │            └ None
         └ <class 'asyncio.runners.Runner'>
  File "C:\Users\dev_home\AppData\Local\Programs\Python\Python311\Lib\asyncio\runners.py", line 63, in __exit__
    self.close()
    │    └ <function Runner.close at 0x000001E032C70540>
    └ <asyncio.runners.Runner object at 0x000001E0648AC550>
  File "C:\Users\dev_home\AppData\Local\Programs\Python\Python311\Lib\asyncio\runners.py", line 71, in close
    _cancel_all_tasks(loop)
    │                 └ <ProactorEventLoop running=True closed=False debug=False>
    └ <function _cancel_all_tasks at 0x000001E032C702C0>
  File "C:\Users\dev_home\AppData\Local\Programs\Python\Python311\Lib\asyncio\runners.py", line 201, in _cancel_all_tasks
    loop.run_until_complete(tasks.gather(*to_cancel, return_exceptions=True))
    │    │                  │     │       └ {<Task cancelled name='Task-2447' coro=<Exchange.watch.<locals>.after.<locals>.send_message() done, defined at C:\shere-folde...
    │    │                  │     └ <function gather at 0x000001E032C5D1C0>
    │    │                  └ <module 'asyncio.tasks' from 'C:\\Users\\dev_home\\AppData\\Local\\Programs\\Python\\Python311\\Lib\\asyncio\\tasks.py'>
    │    └ <function BaseEventLoop.run_until_complete at 0x000001E032C6E0C0>
    └ <ProactorEventLoop running=True closed=False debug=False>
  File "C:\Users\dev_home\AppData\Local\Programs\Python\Python311\Lib\asyncio\base_events.py", line 640, in run_until_complete
    self.run_forever()
    │    └ <function ProactorEventLoop.run_forever at 0x000001E032CEC040>
    └ <ProactorEventLoop running=True closed=False debug=False>
  File "C:\Users\dev_home\AppData\Local\Programs\Python\Python311\Lib\asyncio\windows_events.py", line 321, in run_forever
    super().run_forever()
  File "C:\Users\dev_home\AppData\Local\Programs\Python\Python311\Lib\asyncio\base_events.py", line 607, in run_forever
    self._run_once()
    │    └ <function BaseEventLoop._run_once at 0x000001E032C6FE20>
    └ <ProactorEventLoop running=True closed=False debug=False>
  File "C:\Users\dev_home\AppData\Local\Programs\Python\Python311\Lib\asyncio\base_events.py", line 1922, in _run_once
    handle._run()
    │      └ <function Handle._run at 0x000001E032AD3880>
    └ <Handle Client.receive_loop.<locals>.after_interrupt(<Task cancell...nt_ws.py:312>>) at C:\shere-folder\arbitrator\.venv\Lib\...
> File "C:\Users\dev_home\AppData\Local\Programs\Python\Python311\Lib\asyncio\events.py", line 80, in _run
    self._context.run(self._callback, *self._args)
    │    │            │    │           │    └ <member '_args' of 'Handle' objects>
    │    │            │    │           └ <Handle Client.receive_loop.<locals>.after_interrupt(<Task cancell...nt_ws.py:312>>) at C:\shere-folder\arbitrator\.venv\Lib\...
    │    │            │    └ <member '_callback' of 'Handle' objects>
    │    │            └ <Handle Client.receive_loop.<locals>.after_interrupt(<Task cancell...nt_ws.py:312>>) at C:\shere-folder\arbitrator\.venv\Lib\...
    │    └ <member '_context' of 'Handle' objects>
    └ <Handle Client.receive_loop.<locals>.after_interrupt(<Task cancell...nt_ws.py:312>>) at C:\shere-folder\arbitrator\.venv\Lib\...
  File "C:\shere-folder\arbitrator\.venv\Lib\site-packages\ccxt\async_support\base\ws\client.py", line 140, in after_interrupt
    exception = resolved.exception()
                │        └ <method 'exception' of '_asyncio.Task' objects>
                └ <Task cancelled name='Task-3256' coro=<ClientWebSocketResponse.receive() done, defined at C:\shere-folder\arbitrator\.venv\Li...
  File "C:\shere-folder\arbitrator\.venv\Lib\site-packages\aiohttp\client_ws.py", line 312, in receive
    async def receive(self, timeout: Optional[float] = None) -> WSMessage:
                      │     │        │                          └ <class 'aiohttp._websocket.models.WSMessage'>
                      │     │        └ typing.Optional
                      │     └ None
                      └ <aiohttp.client_ws.ClientWebSocketResponse object at 0x000001E0A9CD3D50>

asyncio.exceptions.CancelledError
2026-06-25 05:06:07 | ERROR    | [asyncio.base_events:call_exception_handler:1797] - [asyncio] Exception in callback Client.receive_loop.<locals>.after_interrupt(<Task cancell...nt_ws.py:312>>) at C:\shere-folder\arbitrator\.venv\Lib\site-packages\ccxt\async_support\base\ws\client.py:139
handle: <Handle Client.receive_loop.<locals>.after_interrupt(<Task cancell...nt_ws.py:312>>) at C:\shere-folder\arbitrator\.venv\Lib\site-packages\ccxt\async_support\base\ws\client.py:139>
Traceback (most recent call last):

  File "C:\shere-folder\arbitrator\src\arbitrator\exchanges\ccxt_base.py", line 922, in _stream_fanout
    symbol, ticker = await queue.get()
    │                      │     └ <function Queue.get at 0x000001E032C71620>
    │                      └ <Queue at 0x1e0abb60950 maxsize=0 _queue=[('AIO/USDT:USDT', Ticker(symbol='AIO/USDT:USDT', last=0.11989, high_24h=0.13014, lo...
    └ 'BICO/USDT:USDT'

  File "C:\Users\dev_home\AppData\Local\Programs\Python\Python311\Lib\asyncio\queues.py", line 158, in get
    await getter
          └ <Future finished result=None>

asyncio.exceptions.CancelledError


During handling of the above exception, another exception occurred:


Traceback (most recent call last):

  File "C:\Users\dev_home\AppData\Local\Programs\Python\Python311\Lib\asyncio\runners.py", line 190, in run
    return runner.run(main)
           │      │   └ <coroutine object ScreenerStreamWorker._async_main at 0x000001E064864B80>
           │      └ <function Runner.run at 0x000001E032C70680>
           └ <asyncio.runners.Runner object at 0x000001E0648AC550>
  File "C:\Users\dev_home\AppData\Local\Programs\Python\Python311\Lib\asyncio\runners.py", line 118, in run
    return self._loop.run_until_complete(task)
           │    │     │                  └ <Task cancelled name='Task-114' coro=<ScreenerStreamWorker._async_main() done, defined at C:\shere-folder\arbitrator\src\arbi...
           │    │     └ <function BaseEventLoop.run_until_complete at 0x000001E032C6E0C0>
           │    └ <ProactorEventLoop running=True closed=False debug=False>
           └ <asyncio.runners.Runner object at 0x000001E0648AC550>
  File "C:\Users\dev_home\AppData\Local\Programs\Python\Python311\Lib\asyncio\base_events.py", line 653, in run_until_complete
    return future.result()
           │      └ <method 'result' of '_asyncio.Task' objects>
           └ <Task cancelled name='Task-114' coro=<ScreenerStreamWorker._async_main() done, defined at C:\shere-folder\arbitrator\src\arbi...

  File "C:\shere-folder\arbitrator\src\arbitrator\application\screener_stream_worker.py", line 152, in _async_main
    await self._stream_loop(named_exchanges, filtered_by_exchange)
          │    │            │                └ {'binance': ['0G/USDT:USDT', '1000000BOB/USDT:USDT', '1000000MOG/USDT:USDT', '1000BONK/USDT:USDT', '1000CAT/USDT:USDT', '1000...
          │    │            └ [NamedExchange(exchange_id='mexc', display_name='MEXC', gateway=<arbitrator.exchanges.mexc.Mexc object at 0x000001E064890F10>...
          │    └ <function ScreenerStreamWorker._stream_loop at 0x000001E0645471A0>
          └ <arbitrator.application.screener_stream_worker.ScreenerStreamWorker object at 0x000001E0625C0450>

  File "C:\shere-folder\arbitrator\src\arbitrator\application\screener_stream_worker.py", line 216, in _stream_loop
    await watcher.close()
          │       └ <function MultiExchangeWatcher.close at 0x000001E0644A7A60>
          └ <arbitrator.application.multi_exchange_watcher.MultiExchangeWatcher object at 0x000001E0B5E4E610>

  File "C:\shere-folder\arbitrator\src\arbitrator\application\multi_exchange_watcher.py", line 44, in close
    await self._cancel_watchers()
          │    └ <function MultiExchangeWatcher._cancel_watchers at 0x000001E0644A7C40>
          └ <arbitrator.application.multi_exchange_watcher.MultiExchangeWatcher object at 0x000001E0B5E4E610>

  File "C:\shere-folder\arbitrator\src\arbitrator\application\multi_exchange_watcher.py", line 103, in _cancel_watchers
    await asyncio.gather(*self._tasks, return_exceptions=True)
          │       │       │    └ []
          │       │       └ <arbitrator.application.multi_exchange_watcher.MultiExchangeWatcher object at 0x000001E0B5E4E610>
          │       └ <function gather at 0x000001E032C5D1C0>
          └ <module 'asyncio' from 'C:\\Users\\dev_home\\AppData\\Local\\Programs\\Python\\Python311\\Lib\\asyncio\\__init__.py'>

  File "C:\shere-folder\arbitrator\src\arbitrator\application\multi_exchange_watcher.py", line 79, in _watch
    async for tickers in exch.gateway.watch_tickers(symbols):
              │          │    │                     └ ['0G/USDT:USDT', '1000000BABYDOGE/USDT:USDT', '1000000BOB/USDT:USDT', '1000000MOG/USDT:USDT', '1000BONK/USDT:USDT', '1000CAT/...
              │          │    └ <member 'gateway' of 'NamedExchange' objects>
              │          └ NamedExchange(exchange_id='bingx', display_name='BingX', gateway=<arbitrator.exchanges.bingx.Bingx object at 0x000001E0648911...
              └ {'BICO/USDT:USDT': Ticker(symbol='BICO/USDT:USDT', last=0.02219, high_24h=0.02794, low_24h=0.0219, base_volume_24h=80302531.0...

  File "C:\shere-folder\arbitrator\src\arbitrator\exchanges\ccxt_base.py", line 172, in watch_tickers
    async for update in self._stream_fanout(client, symbol_list):
              │         │    │              │       └ ['0G/USDT:USDT', '1000000BABYDOGE/USDT:USDT', '1000000BOB/USDT:USDT', '1000000MOG/USDT:USDT', '1000BONK/USDT:USDT', '1000CAT/...
              │         │    │              └ ccxt.async_support.bingx()
              │         │    └ <function CcxtBase._stream_fanout at 0x000001E03BB77600>
              │         └ <arbitrator.exchanges.bingx.Bingx object at 0x000001E064891150>
              └ {'BICO/USDT:USDT': Ticker(symbol='BICO/USDT:USDT', last=0.02219, high_24h=0.02794, low_24h=0.0219, base_volume_24h=80302531.0...

  File "C:\shere-folder\arbitrator\src\arbitrator\exchanges\ccxt_base.py", line 932, in _stream_fanout
    await asyncio.gather(*tasks, return_exceptions=True)
          │       │       └ [<Task cancelled name='watch_ticker:bingx:0G/USDT:USDT' coro=<CcxtBase._stream_fanout.<locals>._watch_one() done, defined at ...
          │       └ <function gather at 0x000001E032C5D1C0>
          └ <module 'asyncio' from 'C:\\Users\\dev_home\\AppData\\Local\\Programs\\Python\\Python311\\Lib\\asyncio\\__init__.py'>

  File "C:\shere-folder\arbitrator\src\arbitrator\exchanges\ccxt_base.py", line 894, in _watch_one
    payload = await client.watch_ticker(symbol)
                    │      │            └ 'ZRX/USDT:USDT'
                    │      └ <function bingx.watch_ticker at 0x000001E03B866DE0>
                    └ ccxt.async_support.bingx()

  File "C:\shere-folder\arbitrator\.venv\Lib\site-packages\ccxt\pro\bingx.py", line 177, in watch_ticker
    return await self.watch(url, messageHash, self.extend(request, params), messageHash, subscription)
                 │    │     │    │            │    │      │        │        │            └ {'unsubscribe': False, 'id': '139958e2-7a85-4a4d-9b7a-d34760bba395'}
                 │    │     │    │            │    │      │        │        └ 'ticker::ZRX/USDT:USDT'
                 │    │     │    │            │    │      │        └ {}
                 │    │     │    │            │    │      └ {'id': '139958e2-7a85-4a4d-9b7a-d34760bba395', 'dataType': 'ZRX-USDT@ticker', 'reqType': 'sub'}
                 │    │     │    │            │    └ <staticmethod(<function Exchange.extend at 0x000001E0387AA840>)>
                 │    │     │    │            └ ccxt.async_support.bingx()
                 │    │     │    └ 'ticker::ZRX/USDT:USDT'
                 │    │     └ 'wss://open-api-swap.bingx.com/swap-market'
                 │    └ <function Exchange.watch at 0x000001E039F0E020>
                 └ ccxt.async_support.bingx()

asyncio.exceptions.CancelledError


During handling of the above exception, another exception occurred:


Traceback (most recent call last):

  File "c:\Users\dev_home\.cursor\extensions\ms-python.debugpy-2026.6.0-win32-x64\bundled\libs\debugpy\_vendored\pydevd\_pydev_bundle\pydev_monkey.py", line 1134, in __call__
    ret = self.original_func(*self.args, **self.kwargs)
          │    │              │    │       │    └ {}
          │    │              │    │       └ <_pydev_bundle.pydev_monkey._NewThreadStartupWithTrace object at 0x000001E06486A0D0>
          │    │              │    └ ()
          │    │              └ <_pydev_bundle.pydev_monkey._NewThreadStartupWithTrace object at 0x000001E06486A0D0>
          │    └ <bound method Thread._bootstrap of <Thread(screener-stream:1, started daemon 21256)>>
          └ <_pydev_bundle.pydev_monkey._NewThreadStartupWithTrace object at 0x000001E06486A0D0>

  File "C:\Users\dev_home\AppData\Local\Programs\Python\Python311\Lib\threading.py", line 1002, in _bootstrap
    self._bootstrap_inner()
    │    └ <function Thread._bootstrap_inner at 0x000001E02F9A1300>
    └ <Thread(screener-stream:1, started daemon 21256)>
  File "C:\Users\dev_home\AppData\Local\Programs\Python\Python311\Lib\threading.py", line 1045, in _bootstrap_inner
    self.run()
    │    └ <function Thread.run at 0x000001E02F9A0FE0>
    └ <Thread(screener-stream:1, started daemon 21256)>
  File "C:\Users\dev_home\AppData\Local\Programs\Python\Python311\Lib\threading.py", line 982, in run
    self._target(*self._args, **self._kwargs)
    │    │        │    │        │    └ {}
    │    │        │    │        └ <Thread(screener-stream:1, started daemon 21256)>
    │    │        │    └ ()
    │    │        └ <Thread(screener-stream:1, started daemon 21256)>
    │    └ <bound method ScreenerStreamWorker._thread_main of <arbitrator.application.screener_stream_worker.ScreenerStreamWorker object...
    └ <Thread(screener-stream:1, started daemon 21256)>

  File "C:\shere-folder\arbitrator\src\arbitrator\application\screener_stream_worker.py", line 88, in _thread_main
    asyncio.run(self._async_main())
    │       │   │    └ <function ScreenerStreamWorker._async_main at 0x000001E064547060>
    │       │   └ <arbitrator.application.screener_stream_worker.ScreenerStreamWorker object at 0x000001E0625C0450>
    │       └ <function run at 0x000001E032C43E20>
    └ <module 'asyncio' from 'C:\\Users\\dev_home\\AppData\\Local\\Programs\\Python\\Python311\\Lib\\asyncio\\__init__.py'>

  File "C:\Users\dev_home\AppData\Local\Programs\Python\Python311\Lib\asyncio\runners.py", line 189, in run
    with Runner(debug=debug) as runner:
         │            │         └ <asyncio.runners.Runner object at 0x000001E0648AC550>
         │            └ None
         └ <class 'asyncio.runners.Runner'>
  File "C:\Users\dev_home\AppData\Local\Programs\Python\Python311\Lib\asyncio\runners.py", line 63, in __exit__
    self.close()
    │    └ <function Runner.close at 0x000001E032C70540>
    └ <asyncio.runners.Runner object at 0x000001E0648AC550>
  File "C:\Users\dev_home\AppData\Local\Programs\Python\Python311\Lib\asyncio\runners.py", line 71, in close
    _cancel_all_tasks(loop)
    │                 └ <ProactorEventLoop running=True closed=False debug=False>
    └ <function _cancel_all_tasks at 0x000001E032C702C0>
  File "C:\Users\dev_home\AppData\Local\Programs\Python\Python311\Lib\asyncio\runners.py", line 201, in _cancel_all_tasks
    loop.run_until_complete(tasks.gather(*to_cancel, return_exceptions=True))
    │    │                  │     │       └ {<Task cancelled name='Task-2447' coro=<Exchange.watch.<locals>.after.<locals>.send_message() done, defined at C:\shere-folde...
    │    │                  │     └ <function gather at 0x000001E032C5D1C0>
    │    │                  └ <module 'asyncio.tasks' from 'C:\\Users\\dev_home\\AppData\\Local\\Programs\\Python\\Python311\\Lib\\asyncio\\tasks.py'>
    │    └ <function BaseEventLoop.run_until_complete at 0x000001E032C6E0C0>
    └ <ProactorEventLoop running=True closed=False debug=False>
  File "C:\Users\dev_home\AppData\Local\Programs\Python\Python311\Lib\asyncio\base_events.py", line 640, in run_until_complete
    self.run_forever()
    │    └ <function ProactorEventLoop.run_forever at 0x000001E032CEC040>
    └ <ProactorEventLoop running=True closed=False debug=False>
  File "C:\Users\dev_home\AppData\Local\Programs\Python\Python311\Lib\asyncio\windows_events.py", line 321, in run_forever
    super().run_forever()
  File "C:\Users\dev_home\AppData\Local\Programs\Python\Python311\Lib\asyncio\base_events.py", line 607, in run_forever
    self._run_once()
    │    └ <function BaseEventLoop._run_once at 0x000001E032C6FE20>
    └ <ProactorEventLoop running=True closed=False debug=False>
  File "C:\Users\dev_home\AppData\Local\Programs\Python\Python311\Lib\asyncio\base_events.py", line 1922, in _run_once
    handle._run()
    │      └ <function Handle._run at 0x000001E032AD3880>
    └ <Handle Client.receive_loop.<locals>.after_interrupt(<Task cancell...nt_ws.py:312>>) at C:\shere-folder\arbitrator\.venv\Lib\...
> File "C:\Users\dev_home\AppData\Local\Programs\Python\Python311\Lib\asyncio\events.py", line 80, in _run
    self._context.run(self._callback, *self._args)
    │    │            │    │           │    └ <member '_args' of 'Handle' objects>
    │    │            │    │           └ <Handle Client.receive_loop.<locals>.after_interrupt(<Task cancell...nt_ws.py:312>>) at C:\shere-folder\arbitrator\.venv\Lib\...
    │    │            │    └ <member '_callback' of 'Handle' objects>
    │    │            └ <Handle Client.receive_loop.<locals>.after_interrupt(<Task cancell...nt_ws.py:312>>) at C:\shere-folder\arbitrator\.venv\Lib\...
    │    └ <member '_context' of 'Handle' objects>
    └ <Handle Client.receive_loop.<locals>.after_interrupt(<Task cancell...nt_ws.py:312>>) at C:\shere-folder\arbitrator\.venv\Lib\...
  File "C:\shere-folder\arbitrator\.venv\Lib\site-packages\ccxt\async_support\base\ws\client.py", line 140, in after_interrupt
    exception = resolved.exception()
                │        └ <method 'exception' of '_asyncio.Task' objects>
                └ <Task cancelled name='Task-3251' coro=<ClientWebSocketResponse.receive() done, defined at C:\shere-folder\arbitrator\.venv\Li...
  File "C:\shere-folder\arbitrator\.venv\Lib\site-packages\aiohttp\client_ws.py", line 336, in receive
    msg = await self._reader.read()
                │    │       └ <cyfunction WebSocketDataQueue.read at 0x000001E036A741C0>
                │    └ <aiohttp._websocket.reader_c.WebSocketDataQueue object at 0x000001E0AC78CCC0>
                └ <aiohttp.client_ws.ClientWebSocketResponse object at 0x000001E0AA177250>

  File "aiohttp/_websocket/reader_c.py", line 118, in read
    raise

  File "aiohttp/_websocket/reader_c.py", line 115, in aiohttp._websocket.reader_c.WebSocketDataQueue.read
    await self._waiter

asyncio.exceptions.CancelledError
2026-06-25 05:06:08 | ERROR    | [asyncio.base_events:call_exception_handler:1797] - [asyncio] Task was destroyed but it is pending!
task: <Task pending name='Task-3272' coro=<ClientWebSocketResponse.receive() running at C:\shere-folder\arbitrator\.venv\Lib\site-packages\aiohttp\client_ws.py:312> cb=[Client.receive_loop.<locals>.after_interrupt() at C:\shere-folder\arbitrator\.venv\Lib\site-packages\ccxt\async_support\base\ws\client.py:139]>
2026-06-25 05:06:09 | INFO     | [arbitrator.application.screener_stream_worker:_thread_main:90] - Screener background stream stopped | nonce=1
2026-06-25 05:06:11 | DEBUG    | [arbitrator.exchanges.ccxt_base:_ensure_markets_loaded:957] - Markets loaded | exchange=bingx count=3026
2026-06-25 05:06:11 | INFO     | [arbitrator.exchanges.ccxt_base:watch_order_book:185] - Streaming order book | exchange=bingx symbol=0G/USDT:USDT limit=20
2026-06-25 05:06:11 | INFO     | [arbitrator.exchanges.ccxt_base:watch_trades:220] - Streaming trades | exchange=bingx symbol=0G/USDT:USDT
2026-06-25 05:06:12 | ERROR    | [asyncio.base_events:call_exception_handler:1797] - [asyncio] Unclosed client session
client_session: <aiohttp.client.ClientSession object at 0x000001E0AFA0E7D0>
2026-06-25 05:06:12 | WARNING  | [streamlit.runtime.scriptrunner.script_runner:_on_script_finished:772] - [ccxt.base.exchange] gate requires to release all resources with an explicit call to the .close() coroutine. If you are using the exchange instance with async coroutines, add `await exchange.close()` to your code into a place when you're done with the exchange and don't need the exchange instance anymore (at the end of your async coroutine).
2026-06-25 05:06:12 | ERROR    | [asyncio.base_events:call_exception_handler:1797] - [asyncio] Unclosed client session
client_session: <aiohttp.client.ClientSession object at 0x000001E0ACE413D0>
2026-06-25 05:06:12 | WARNING  | [streamlit.runtime.scriptrunner.script_runner:_on_script_finished:772] - [ccxt.base.exchange] bitget requires to release all resources with an explicit call to the .close() coroutine. If you are using the exchange instance with async coroutines, add `await exchange.close()` to your code into a place when you're done with the exchange and don't need the exchange instance anymore (at the end of your async coroutine).
2026-06-25 05:06:12 | ERROR    | [asyncio.base_events:call_exception_handler:1797] - [asyncio] Unclosed client session
client_session: <aiohttp.client.ClientSession object at 0x000001E0B47D5810>
2026-06-25 05:06:12 | WARNING  | [streamlit.runtime.scriptrunner.script_runner:_on_script_finished:772] - [ccxt.base.exchange] mexc requires to release all resources with an explicit call to the .close() coroutine. If you are using the exchange instance with async coroutines, add `await exchange.close()` to your code into a place when you're done with the exchange and don't need the exchange instance anymore (at the end of your async coroutine).
2026-06-25 05:06:12 | WARNING  | [streamlit.runtime.scriptrunner.script_runner:_on_script_finished:772] - [ccxt.base.exchange] bingx requires to release all resources with an explicit call to the .close() coroutine. If you are using the exchange instance with async coroutines, add `await exchange.close()` to your code into a place when you're done with the exchange and don't need the exchange instance anymore (at the end of your async coroutine).
2026-06-25 05:06:12 | ERROR    | [asyncio.base_events:call_exception_handler:1797] - [asyncio] Unclosed client session
client_session: <aiohttp.client.ClientSession object at 0x000001E0B3DE91D0>
2026-06-25 05:06:12 | ERROR    | [asyncio.base_events:call_exception_handler:1797] - [asyncio] Unclosed connector
connections: ['deque([(<aiohttp.client_proto.ResponseHandler object at 0x000001E0AB35C130>, 127394.703), (<aiohttp.client_proto.ResponseHandler object at 0x000001E0AA298670>, 127396.296)])']
connector: <aiohttp.connector.TCPConnector object at 0x000001E0ACE41A90>
2026-06-25 05:06:15 | INFO     | [starlette.middleware.errors:_send:161] - [uvicorn.access] 127.0.0.1:64839 - "GET /static/js/ButtonGroup.BgPGuH9O.js HTTP/1.1" 200
2026-06-25 05:06:42 | DEBUG    | [arbitrator.exchanges.ccxt_base:_ensure_markets_loaded:957] - Markets loaded | exchange=mexc count=3238
2026-06-25 05:06:42 | INFO     | [arbitrator.exchanges.ccxt_base:watch_order_book:185] - Streaming order book | exchange=mexc symbol=0G/USDT:USDT limit=20
2026-06-25 05:06:42 | INFO     | [arbitrator.exchanges.ccxt_base:watch_trades:220] - Streaming trades | exchange=mexc symbol=0G/USDT:USDT
