2026-06-30 16:41:20 | INFO     | [main:<module>:12] - Arbitrator starting | exchanges=['mexc', 'bitget', 'gate', 'bingx'] ui_data_mode=mock_data
2026-06-30 16:41:20 | INFO     | [arbitrator.presentation.fastapi_app:create:102] - FastAPI app created | title=Arbitrator host=127.0.0.1 port=8000 ui_data_mode=mock_data
2026-06-30 16:41:20 | INFO     | [uvicorn.server:serve:79] - [uvicorn.error] Started server process [26072]
2026-06-30 16:41:20 | INFO     | [uvicorn.server:startup:105] - [uvicorn.error] Waiting for application startup.
2026-06-30 16:41:20 | INFO     | [arbitrator.application.app_runtime:start:27] - ui_data_mode=mock_data | stream workers skipped
2026-06-30 16:41:20 | INFO     | [arbitrator.presentation.fastapi_app:lifespan:39] - app lifespan started | ui_data_mode=mock_data
2026-06-30 16:41:20 | INFO     | [uvicorn.server:startup:105] - [uvicorn.error] Application startup complete.
2026-06-30 16:41:20 | INFO     | [uvicorn.server:_serve:98] - [uvicorn.error] Shutting down
2026-06-30 16:41:20 | INFO     | [uvicorn.server:shutdown:301] - [uvicorn.error] Waiting for application shutdown.
2026-06-30 16:41:20 | INFO     | [arbitrator.presentation.fastapi_app:lifespan:45] - app lifespan stopped
2026-06-30 16:41:20 | INFO     | [uvicorn.server:shutdown:301] - [uvicorn.error] Application shutdown complete.
2026-06-30 16:41:20 | INFO     | [uvicorn.server:serve:79] - [uvicorn.error] Finished server process [26072]
2026-06-30 17:21:56 | INFO     | [main:<module>:12] - Arbitrator starting | exchanges=['mexc', 'bitget', 'gate', 'bingx'] ui_data_mode=mock_data
2026-06-30 17:21:56 | INFO     | [arbitrator.presentation.fastapi_app:create:102] - FastAPI app created | title=Arbitrator host=127.0.0.1 port=8000 ui_data_mode=mock_data
2026-06-30 17:21:56 | INFO     | [uvicorn.server:serve:79] - [uvicorn.error] Started server process [26072]
2026-06-30 17:21:56 | INFO     | [uvicorn.server:startup:105] - [uvicorn.error] Waiting for application startup.
2026-06-30 17:21:56 | INFO     | [arbitrator.application.app_runtime:start:27] - ui_data_mode=mock_data | stream workers skipped
2026-06-30 17:21:56 | INFO     | [arbitrator.presentation.fastapi_app:lifespan:39] - app lifespan started | ui_data_mode=mock_data
2026-06-30 17:21:56 | INFO     | [uvicorn.server:startup:105] - [uvicorn.error] Application startup complete.
2026-06-30 17:21:56 | INFO     | [starlette.middleware.errors:_send:161] - [uvicorn.access] 127.0.0.1:52399 - "GET / HTTP/1.1" 200
2026-06-30 17:21:56 | INFO     | [starlette.middleware.errors:_send:161] - [uvicorn.access] 127.0.0.1:52399 - "GET /static/css/app.css HTTP/1.1" 200
2026-06-30 17:21:56 | INFO     | [starlette.middleware.errors:_send:161] - [uvicorn.access] 127.0.0.1:52411 - "GET /static/js/core/ws_client.js HTTP/1.1" 200
2026-06-30 17:21:56 | INFO     | [starlette.middleware.errors:_send:161] - [uvicorn.access] 127.0.0.1:52400 - "GET /static/js/core/app_state.js HTTP/1.1" 200
2026-06-30 17:21:56 | INFO     | [starlette.middleware.errors:_send:161] - [uvicorn.access] 127.0.0.1:52411 - "GET /static/js/core/dom.js HTTP/1.1" 200
2026-06-30 17:21:56 | INFO     | [starlette.middleware.errors:_send:161] - [uvicorn.access] 127.0.0.1:52400 - "GET /static/js/core/delta_router.js HTTP/1.1" 200
2026-06-30 17:21:56 | INFO     | [starlette.middleware.errors:_send:161] - [uvicorn.access] 127.0.0.1:52399 - "GET /static/js/render/format.js HTTP/1.1" 200
2026-06-30 17:21:56 | INFO     | [starlette.middleware.errors:_send:161] - [uvicorn.access] 127.0.0.1:52399 - "GET /static/js/render/order_groups.js HTTP/1.1" 200
2026-06-30 17:21:56 | INFO     | [starlette.middleware.errors:_send:161] - [uvicorn.access] 127.0.0.1:52411 - "GET /static/js/render/order_book.js HTTP/1.1" 200
2026-06-30 17:21:56 | INFO     | [starlette.middleware.errors:_send:161] - [uvicorn.access] 127.0.0.1:52400 - "GET /static/js/render/opportunity_chart.js HTTP/1.1" 200
2026-06-30 17:21:56 | INFO     | [starlette.middleware.errors:_send:161] - [uvicorn.access] 127.0.0.1:52399 - "GET /static/js/render/screener.js HTTP/1.1" 200
2026-06-30 17:21:56 | INFO     | [starlette.middleware.errors:_send:161] - [uvicorn.access] 127.0.0.1:52400 - "GET /static/js/render/orders.js HTTP/1.1" 200
2026-06-30 17:21:56 | INFO     | [starlette.middleware.errors:_send:161] - [uvicorn.access] 127.0.0.1:52411 - "GET /static/js/render/opportunity.js HTTP/1.1" 200
2026-06-30 17:21:56 | INFO     | [starlette.middleware.errors:_send:161] - [uvicorn.access] 127.0.0.1:52399 - "GET /static/js/render/settings.js HTTP/1.1" 200
2026-06-30 17:21:56 | INFO     | [starlette.middleware.errors:_send:161] - [uvicorn.access] 127.0.0.1:52400 - "GET /static/js/app.js HTTP/1.1" 200
2026-06-30 17:21:56 | INFO     | [starlette._exception_handler:sender:39] - [uvicorn.error] 127.0.0.1:52412 - "WebSocket /ws/screener" [accepted]
2026-06-30 17:21:56 | INFO     | [arbitrator.presentation.ws.screener_ws_handler:handle:33] - ws connected | endpoint=/ws/screener
2026-06-30 17:21:56 | INFO     | [websockets.legacy.server:handler:161] - [uvicorn.error] connection open
2026-06-30 17:21:56 | ERROR    | [arbitrator.presentation.ws.screener_ws_handler:handle:43] - ws error | endpoint=/ws/screener
Traceback (most recent call last):

  File "<string>", line 1, in <module>
  File "C:\Users\dev_home\AppData\Local\Programs\Python\Python311\Lib\multiprocessing\spawn.py", line 122, in spawn_main
    exitcode = _main(fd, parent_sentinel)
               │     │   └ 568
               │     └ 3
               └ <function _main at 0x0000021FC345E2A0>
  File "C:\Users\dev_home\AppData\Local\Programs\Python\Python311\Lib\multiprocessing\spawn.py", line 135, in _main
    return self._bootstrap(parent_sentinel)
           │    │          └ 568
           │    └ <function BaseProcess._bootstrap at 0x0000021FC344CB80>
           └ <SpawnProcess name='SpawnProcess-2' parent=30328 started>
  File "C:\Users\dev_home\AppData\Local\Programs\Python\Python311\Lib\multiprocessing\process.py", line 314, in _bootstrap
    self.run()
    │    └ <function BaseProcess.run at 0x0000021FC344C0E0>
    └ <SpawnProcess name='SpawnProcess-2' parent=30328 started>
  File "C:\Users\dev_home\AppData\Local\Programs\Python\Python311\Lib\multiprocessing\process.py", line 108, in run
    self._target(*self._args, **self._kwargs)
    │    │        │    │        │    └ {'config': <uvicorn.config.Config object at 0x0000021FC34A91D0>, 'target': <bound method Server.run of <uvicorn.server.Server...
    │    │        │    │        └ <SpawnProcess name='SpawnProcess-2' parent=30328 started>
    │    │        │    └ ()
    │    │        └ <SpawnProcess name='SpawnProcess-2' parent=30328 started>
    │    └ <function subprocess_started at 0x0000021FC3FE19E0>
    └ <SpawnProcess name='SpawnProcess-2' parent=30328 started>
  File "C:\shere-folder\arbitrator\.venv\Lib\site-packages\uvicorn\_subprocess.py", line 80, in subprocess_started
    target(sockets=sockets)
    │              └ [<socket.socket fd=968, family=2, type=1, proto=6, laddr=('127.0.0.1', 8000)>]
    └ <bound method Server.run of <uvicorn.server.Server object at 0x0000021FC41E1110>>
  File "C:\shere-folder\arbitrator\.venv\Lib\site-packages\uvicorn\server.py", line 75, in run
    return asyncio_run(self.serve(sockets=sockets), loop_factory=self.config.get_loop_factory())
           │           │    │             │                      │    │      └ <function Config.get_loop_factory at 0x0000021FC3FE0360>
           │           │    │             │                      │    └ <uvicorn.config.Config object at 0x0000021FC34A91D0>
           │           │    │             │                      └ <uvicorn.server.Server object at 0x0000021FC41E1110>
           │           │    │             └ [<socket.socket fd=968, family=2, type=1, proto=6, laddr=('127.0.0.1', 8000)>]
           │           │    └ <function Server.serve at 0x0000021FC3FE0A40>
           │           └ <uvicorn.server.Server object at 0x0000021FC41E1110>
           └ <function asyncio_run at 0x0000021FC3F9C040>
  File "C:\shere-folder\arbitrator\.venv\Lib\site-packages\uvicorn\_compat.py", line 30, in asyncio_run
    return runner.run(main)
           │      │   └ <coroutine object Server.serve at 0x0000021FC412B3D0>
           │      └ <function Runner.run at 0x0000021FC35BB100>
           └ <asyncio.runners.Runner object at 0x0000021FC41F7790>
  File "C:\Users\dev_home\AppData\Local\Programs\Python\Python311\Lib\asyncio\runners.py", line 118, in run
    return self._loop.run_until_complete(task)
           │    │     │                  └ <Task pending name='Task-1' coro=<Server.serve() running at C:\shere-folder\arbitrator\.venv\Lib\site-packages\uvicorn\server...
           │    │     └ <function BaseEventLoop.run_until_complete at 0x0000021FC35B8B80>
           │    └ <_WindowsSelectorEventLoop running=True closed=False debug=False>
           └ <asyncio.runners.Runner object at 0x0000021FC41F7790>
  File "C:\Users\dev_home\AppData\Local\Programs\Python\Python311\Lib\asyncio\base_events.py", line 640, in run_until_complete
    self.run_forever()
    │    └ <function BaseEventLoop.run_forever at 0x0000021FC35B8AE0>
    └ <_WindowsSelectorEventLoop running=True closed=False debug=False>
  File "C:\Users\dev_home\AppData\Local\Programs\Python\Python311\Lib\asyncio\base_events.py", line 607, in run_forever
    self._run_once()
    │    └ <function BaseEventLoop._run_once at 0x0000021FC35BA8E0>
    └ <_WindowsSelectorEventLoop running=True closed=False debug=False>
  File "C:\Users\dev_home\AppData\Local\Programs\Python\Python311\Lib\asyncio\base_events.py", line 1922, in _run_once
    handle._run()
    │      └ <function Handle._run at 0x0000021FC3526340>
    └ <Handle Task.task_wakeup(<Task cancell...andler.py:88>>)>
  File "C:\Users\dev_home\AppData\Local\Programs\Python\Python311\Lib\asyncio\events.py", line 80, in _run
    self._context.run(self._callback, *self._args)
    │    │            │    │           │    └ <member '_args' of 'Handle' objects>
    │    │            │    │           └ <Handle Task.task_wakeup(<Task cancell...andler.py:88>>)>
    │    │            │    └ <member '_callback' of 'Handle' objects>
    │    │            └ <Handle Task.task_wakeup(<Task cancell...andler.py:88>>)>
    │    └ <member '_context' of 'Handle' objects>
    └ <Handle Task.task_wakeup(<Task cancell...andler.py:88>>)>
  File "C:\shere-folder\arbitrator\.venv\Lib\site-packages\uvicorn\protocols\websockets\websockets_impl.py", line 239, in run_asgi
    result = await self.app(self.scope, self.asgi_receive, self.asgi_send)  # type: ignore[func-returns-value]
                   │    │   │    │      │    │             │    └ <function WebSocketProtocol.asgi_send at 0x0000021FC43AF380>
                   │    │   │    │      │    │             └ <uvicorn.protocols.websockets.websockets_impl.WebSocketProtocol object at 0x0000021FCB92FC10>
                   │    │   │    │      │    └ <function WebSocketProtocol.asgi_receive at 0x0000021FC43AF420>
                   │    │   │    │      └ <uvicorn.protocols.websockets.websockets_impl.WebSocketProtocol object at 0x0000021FCB92FC10>
                   │    │   │    └ {'type': 'websocket', 'asgi': {'version': '3.0', 'spec_version': '2.4'}, 'http_version': '1.1', 'scheme': 'ws', 'server': ('1...
                   │    │   └ <uvicorn.protocols.websockets.websockets_impl.WebSocketProtocol object at 0x0000021FCB92FC10>
                   │    └ <uvicorn.middleware.proxy_headers.ProxyHeadersMiddleware object at 0x0000021FC420B590>
                   └ <uvicorn.protocols.websockets.websockets_impl.WebSocketProtocol object at 0x0000021FCB92FC10>
  File "C:\shere-folder\arbitrator\.venv\Lib\site-packages\uvicorn\middleware\proxy_headers.py", line 63, in __call__
    return await self.app(scope, receive, send)
                 │    │   │      │        └ <bound method WebSocketProtocol.asgi_send of <uvicorn.protocols.websockets.websockets_impl.WebSocketProtocol object at 0x0000...
                 │    │   │      └ <bound method WebSocketProtocol.asgi_receive of <uvicorn.protocols.websockets.websockets_impl.WebSocketProtocol object at 0x0...
                 │    │   └ {'type': 'websocket', 'asgi': {'version': '3.0', 'spec_version': '2.4'}, 'http_version': '1.1', 'scheme': 'ws', 'server': ('1...
                 │    └ <fastapi.applications.FastAPI object at 0x0000021FCB7C9510>
                 └ <uvicorn.middleware.proxy_headers.ProxyHeadersMiddleware object at 0x0000021FC420B590>
  File "C:\shere-folder\arbitrator\.venv\Lib\site-packages\fastapi\applications.py", line 1163, in __call__
    await super().__call__(scope, receive, send)
                           │      │        └ <bound method WebSocketProtocol.asgi_send of <uvicorn.protocols.websockets.websockets_impl.WebSocketProtocol object at 0x0000...
                           │      └ <bound method WebSocketProtocol.asgi_receive of <uvicorn.protocols.websockets.websockets_impl.WebSocketProtocol object at 0x0...
                           └ {'type': 'websocket', 'asgi': {'version': '3.0', 'spec_version': '2.4'}, 'http_version': '1.1', 'scheme': 'ws', 'server': ('1...
  File "C:\shere-folder\arbitrator\.venv\Lib\site-packages\starlette\applications.py", line 90, in __call__
    await self.middleware_stack(scope, receive, send)
          │    │                │      │        └ <bound method WebSocketProtocol.asgi_send of <uvicorn.protocols.websockets.websockets_impl.WebSocketProtocol object at 0x0000...
          │    │                │      └ <bound method WebSocketProtocol.asgi_receive of <uvicorn.protocols.websockets.websockets_impl.WebSocketProtocol object at 0x0...
          │    │                └ {'type': 'websocket', 'asgi': {'version': '3.0', 'spec_version': '2.4'}, 'http_version': '1.1', 'scheme': 'ws', 'server': ('1...
          │    └ <starlette.middleware.errors.ServerErrorMiddleware object at 0x0000021FCB790310>
          └ <fastapi.applications.FastAPI object at 0x0000021FCB7C9510>
  File "C:\shere-folder\arbitrator\.venv\Lib\site-packages\starlette\middleware\errors.py", line 151, in __call__
    await self.app(scope, receive, send)
          │    │   │      │        └ <bound method WebSocketProtocol.asgi_send of <uvicorn.protocols.websockets.websockets_impl.WebSocketProtocol object at 0x0000...
          │    │   │      └ <bound method WebSocketProtocol.asgi_receive of <uvicorn.protocols.websockets.websockets_impl.WebSocketProtocol object at 0x0...
          │    │   └ {'type': 'websocket', 'asgi': {'version': '3.0', 'spec_version': '2.4'}, 'http_version': '1.1', 'scheme': 'ws', 'server': ('1...
          │    └ <starlette.middleware.exceptions.ExceptionMiddleware object at 0x0000021FCB92D950>
          └ <starlette.middleware.errors.ServerErrorMiddleware object at 0x0000021FCB790310>
  File "C:\shere-folder\arbitrator\.venv\Lib\site-packages\starlette\middleware\exceptions.py", line 63, in __call__
    await wrap_app_handling_exceptions(self.app, conn)(scope, receive, send)
          │                            │    │    │     │      │        └ <bound method WebSocketProtocol.asgi_send of <uvicorn.protocols.websockets.websockets_impl.WebSocketProtocol object at 0x0000...
          │                            │    │    │     │      └ <bound method WebSocketProtocol.asgi_receive of <uvicorn.protocols.websockets.websockets_impl.WebSocketProtocol object at 0x0...
          │                            │    │    │     └ {'type': 'websocket', 'asgi': {'version': '3.0', 'spec_version': '2.4'}, 'http_version': '1.1', 'scheme': 'ws', 'server': ('1...
          │                            │    │    └ <starlette.websockets.WebSocket object at 0x0000021FCB9BCD10>
          │                            │    └ <fastapi.middleware.asyncexitstack.AsyncExitStackMiddleware object at 0x0000021FC49B2ED0>
          │                            └ <starlette.middleware.exceptions.ExceptionMiddleware object at 0x0000021FCB92D950>
          └ <function wrap_app_handling_exceptions at 0x0000021FCB6A6DE0>
  File "C:\shere-folder\arbitrator\.venv\Lib\site-packages\starlette\_exception_handler.py", line 42, in wrapped_app
    await app(scope, receive, sender)
          │   │      │        └ <function wrap_app_handling_exceptions.<locals>.wrapped_app.<locals>.sender at 0x0000021FCB9A5580>
          │   │      └ <bound method WebSocketProtocol.asgi_receive of <uvicorn.protocols.websockets.websockets_impl.WebSocketProtocol object at 0x0...
          │   └ {'type': 'websocket', 'asgi': {'version': '3.0', 'spec_version': '2.4'}, 'http_version': '1.1', 'scheme': 'ws', 'server': ('1...
          └ <fastapi.middleware.asyncexitstack.AsyncExitStackMiddleware object at 0x0000021FC49B2ED0>
  File "C:\shere-folder\arbitrator\.venv\Lib\site-packages\fastapi\middleware\asyncexitstack.py", line 18, in __call__
    await self.app(scope, receive, send)
          │    │   │      │        └ <function wrap_app_handling_exceptions.<locals>.wrapped_app.<locals>.sender at 0x0000021FCB9A5580>
          │    │   │      └ <bound method WebSocketProtocol.asgi_receive of <uvicorn.protocols.websockets.websockets_impl.WebSocketProtocol object at 0x0...
          │    │   └ {'type': 'websocket', 'asgi': {'version': '3.0', 'spec_version': '2.4'}, 'http_version': '1.1', 'scheme': 'ws', 'server': ('1...
          │    └ <fastapi.routing.APIRouter object at 0x0000021FCB7CABD0>
          └ <fastapi.middleware.asyncexitstack.AsyncExitStackMiddleware object at 0x0000021FC49B2ED0>
  File "C:\shere-folder\arbitrator\.venv\Lib\site-packages\starlette\routing.py", line 660, in __call__
    await self.middleware_stack(scope, receive, send)
          │    │                │      │        └ <function wrap_app_handling_exceptions.<locals>.wrapped_app.<locals>.sender at 0x0000021FCB9A5580>
          │    │                │      └ <bound method WebSocketProtocol.asgi_receive of <uvicorn.protocols.websockets.websockets_impl.WebSocketProtocol object at 0x0...
          │    │                └ {'type': 'websocket', 'asgi': {'version': '3.0', 'spec_version': '2.4'}, 'http_version': '1.1', 'scheme': 'ws', 'server': ('1...
          │    └ <bound method APIRouter.app of <fastapi.routing.APIRouter object at 0x0000021FCB7CABD0>>
          └ <fastapi.routing.APIRouter object at 0x0000021FCB7CABD0>
  File "C:\shere-folder\arbitrator\.venv\Lib\site-packages\fastapi\routing.py", line 2543, in app
    await route.handle(scope, receive, send)
          │     │      │      │        └ <function wrap_app_handling_exceptions.<locals>.wrapped_app.<locals>.sender at 0x0000021FCB9A5580>
          │     │      │      └ <bound method WebSocketProtocol.asgi_receive of <uvicorn.protocols.websockets.websockets_impl.WebSocketProtocol object at 0x0...
          │     │      └ {'type': 'websocket', 'asgi': {'version': '3.0', 'spec_version': '2.4'}, 'http_version': '1.1', 'scheme': 'ws', 'server': ('1...
          │     └ <function WebSocketRoute.handle at 0x0000021FCB6F49A0>
          └ APIWebSocketRoute(path='/ws/screener', name='screener_ws')
  File "C:\shere-folder\arbitrator\.venv\Lib\site-packages\starlette\routing.py", line 350, in handle
    await self.app(scope, receive, send)
          │    │   │      │        └ <function wrap_app_handling_exceptions.<locals>.wrapped_app.<locals>.sender at 0x0000021FCB9A5580>
          │    │   │      └ <bound method WebSocketProtocol.asgi_receive of <uvicorn.protocols.websockets.websockets_impl.WebSocketProtocol object at 0x0...
          │    │   └ {'type': 'websocket', 'asgi': {'version': '3.0', 'spec_version': '2.4'}, 'http_version': '1.1', 'scheme': 'ws', 'server': ('1...
          │    └ <function websocket_session.<locals>.app at 0x0000021FCB918E00>
          └ APIWebSocketRoute(path='/ws/screener', name='screener_ws')
  File "C:\shere-folder\arbitrator\.venv\Lib\site-packages\fastapi\routing.py", line 176, in app
    await wrap_app_handling_exceptions(app, session)(scope, receive, send)
          │                            │    │        │      │        └ <function wrap_app_handling_exceptions.<locals>.wrapped_app.<locals>.sender at 0x0000021FCB9A5580>
          │                            │    │        │      └ <bound method WebSocketProtocol.asgi_receive of <uvicorn.protocols.websockets.websockets_impl.WebSocketProtocol object at 0x0...
          │                            │    │        └ {'type': 'websocket', 'asgi': {'version': '3.0', 'spec_version': '2.4'}, 'http_version': '1.1', 'scheme': 'ws', 'server': ('1...
          │                            │    └ <starlette.websockets.WebSocket object at 0x0000021FCB6BB910>
          │                            └ <function websocket_session.<locals>.app.<locals>.app at 0x0000021FCB9A4720>
          └ <function wrap_app_handling_exceptions at 0x0000021FCB6A6DE0>
  File "C:\shere-folder\arbitrator\.venv\Lib\site-packages\starlette\_exception_handler.py", line 42, in wrapped_app
    await app(scope, receive, sender)
          │   │      │        └ <function wrap_app_handling_exceptions.<locals>.wrapped_app.<locals>.sender at 0x0000021FCB9A5300>
          │   │      └ <bound method WebSocketProtocol.asgi_receive of <uvicorn.protocols.websockets.websockets_impl.WebSocketProtocol object at 0x0...
          │   └ {'type': 'websocket', 'asgi': {'version': '3.0', 'spec_version': '2.4'}, 'http_version': '1.1', 'scheme': 'ws', 'server': ('1...
          └ <function websocket_session.<locals>.app.<locals>.app at 0x0000021FCB9A4720>
  File "C:\shere-folder\arbitrator\.venv\Lib\site-packages\fastapi\routing.py", line 173, in app
    await func(session)
          │    └ <starlette.websockets.WebSocket object at 0x0000021FCB6BB910>
          └ <function get_websocket_app.<locals>.app at 0x0000021FCB918D60>
  File "C:\shere-folder\arbitrator\.venv\Lib\site-packages\fastapi\routing.py", line 780, in app
    await dependant.call(**solved_result.values)
          │         │      │             └ {'websocket': <starlette.websockets.WebSocket object at 0x0000021FCB6BB910>}
          │         │      └ SolvedDependency(values={'websocket': <starlette.websockets.WebSocket object at 0x0000021FCB6BB910>}, errors=[], background_t...
          │         └ <function FastApiApp.create.<locals>.screener_ws at 0x0000021FCB918A40>
          └ Dependant(path_params=[], query_params=[], header_params=[], cookie_params=[], body_params=[], dependencies=[], name=None, ca...

  File "C:\shere-folder\arbitrator\src\arbitrator\presentation\fastapi_app.py", line 83, in screener_ws
    await screener_handler.handle(websocket)
          │                │      └ <starlette.websockets.WebSocket object at 0x0000021FCB6BB910>
          │                └ <function ScreenerWsHandler.handle at 0x0000021FCB74AC00>
          └ <arbitrator.presentation.ws.screener_ws_handler.ScreenerWsHandler object at 0x0000021FCB924890>

> File "C:\shere-folder\arbitrator\src\arbitrator\presentation\ws\screener_ws_handler.py", line 37, in handle
    await self._mock_loop(websocket, push_interval)
          │    │          │          └ 1.0
          │    │          └ <starlette.websockets.WebSocket object at 0x0000021FCB6BB910>
          │    └ <function ScreenerWsHandler._mock_loop at 0x0000021FCB74B2E0>
          └ <arbitrator.presentation.ws.screener_ws_handler.ScreenerWsHandler object at 0x0000021FCB924890>

  File "C:\shere-folder\arbitrator\src\arbitrator\presentation\ws\screener_ws_handler.py", line 60, in _mock_loop
    current = self._mock_provider.screener_snapshot()
              │    │              └ <function MockDataProvider.screener_snapshot at 0x0000021FCA3DFC40>
              │    └ <arbitrator.presentation.mock.mock_data_provider.MockDataProvider object at 0x0000021FC7B73850>
              └ <arbitrator.presentation.ws.screener_ws_handler.ScreenerWsHandler object at 0x0000021FCB924890>

  File "C:\shere-folder\arbitrator\src\arbitrator\presentation\mock\mock_data_provider.py", line 535, in screener_snapshot
    strategy_profits = MockStrategyCalculator.screener_profits(
                       │                      └ <staticmethod(<function MockStrategyCalculator.screener_profits at 0x0000021FCA3DEA20>)>
                       └ <class 'arbitrator.presentation.mock.mock_strategy_calculator.MockStrategyCalculator'>

  File "C:\shere-folder\arbitrator\src\arbitrator\presentation\mock\mock_strategy_calculator.py", line 93, in screener_profits
    scaled[strategy_id] = MockStrategyCalculator._scale_value(
    │      │              │                      └ <staticmethod(<function MockStrategyCalculator._scale_value at 0x0000021FCA3DED40>)>
    │      │              └ <class 'arbitrator.presentation.mock.mock_strategy_calculator.MockStrategyCalculator'>
    │      └ 'futures_spot_1ex'
    └ {'futures_futures': 1.86, 'futures_spot_2ex': 2.56}

  File "C:\shere-folder\arbitrator\src\arbitrator\presentation\mock\mock_strategy_calculator.py", line 256, in _scale_value
    return round(base_value * (current_metric / base_metric), 2)
                 │             │                └ 0.10552233556103108
                 │             └ 0.041725720594452426
                 └ None

TypeError: unsupported operand type(s) for *: 'NoneType' and 'float'
2026-06-30 17:21:56 | INFO     | [starlette._exception_handler:sender:39] - [uvicorn.error] 127.0.0.1:52413 - "WebSocket /ws/orders" [accepted]
2026-06-30 17:21:56 | INFO     | [arbitrator.presentation.ws.orders_ws_handler:handle:26] - ws connected | endpoint=/ws/orders
2026-06-30 17:21:56 | INFO     | [websockets.legacy.server:handler:161] - [uvicorn.error] connection open
2026-06-30 17:21:56 | INFO     | [asyncio.events:_run:80] - [uvicorn.error] connection closed
2026-06-30 17:21:56 | INFO     | [starlette._exception_handler:sender:39] - [uvicorn.error] 127.0.0.1:52414 - "WebSocket /ws/settings" [accepted]
2026-06-30 17:21:56 | INFO     | [arbitrator.presentation.ws.settings_ws_handler:handle:25] - ws connected | endpoint=/ws/settings
2026-06-30 17:21:56 | INFO     | [websockets.legacy.server:handler:161] - [uvicorn.error] connection open
2026-06-30 17:21:56 | INFO     | [starlette.middleware.errors:_send:161] - [uvicorn.access] 127.0.0.1:52400 - "GET /favicon.ico HTTP/1.1" 404
2026-06-30 17:21:57 | INFO     | [uvicorn.server:_serve:98] - [uvicorn.error] Shutting down
2026-06-30 17:21:57 | INFO     | [asyncio.events:_run:80] - [uvicorn.error] connection closed
2026-06-30 17:21:57 | INFO     | [asyncio.events:_run:80] - [uvicorn.error] connection closed
2026-06-30 17:21:57 | INFO     | [asyncio.tasks:wait_for:452] - [uvicorn.error] Waiting for background tasks to complete. (CTRL+C to force quit)
2026-06-30 17:21:57 | INFO     | [arbitrator.presentation.ws.orders_ws_handler:handle:38] - ws disconnected | endpoint=/ws/orders
2026-06-30 17:21:57 | INFO     | [arbitrator.presentation.ws.settings_ws_handler:handle:37] - ws disconnected | endpoint=/ws/settings
2026-06-30 17:21:57 | INFO     | [uvicorn.server:shutdown:301] - [uvicorn.error] Waiting for application shutdown.
2026-06-30 17:21:57 | INFO     | [arbitrator.presentation.fastapi_app:lifespan:45] - app lifespan stopped
2026-06-30 17:21:57 | INFO     | [uvicorn.server:shutdown:301] - [uvicorn.error] Application shutdown complete.
2026-06-30 17:21:57 | INFO     | [uvicorn.server:serve:79] - [uvicorn.error] Finished server process [26072]
