2026-07-01 05:40:23 | INFO     | [main:<module>:12] - Arbitrator starting | exchanges=['mexc', 'bitget', 'gate', 'bingx'] ui_data_mode=live
2026-07-01 05:40:23 | INFO     | [arbitrator.presentation.fastapi_app:create:103] - FastAPI app created | title=Arbitrator host=127.0.0.1 port=8000 ui_data_mode=live
2026-07-01 05:40:23 | INFO     | [uvicorn.server:serve:79] - [uvicorn.error] Started server process [16284]
2026-07-01 05:40:23 | INFO     | [uvicorn.server:startup:105] - [uvicorn.error] Waiting for application startup.
2026-07-01 05:40:23 | INFO     | [arbitrator.application.app_runtime:_start_live_workers:111] - screener worker started | mode=live
2026-07-01 05:40:23 | INFO     | [arbitrator.application.app_runtime:_start_live_workers:141] - funding worker started | mode=live
2026-07-01 05:40:23 | INFO     | [arbitrator.application.app_runtime:_start_live_workers:145] - account worker started | mode=live
2026-07-01 05:40:23 | INFO     | [arbitrator.presentation.fastapi_app:lifespan:39] - app lifespan started | ui_data_mode=live
2026-07-01 05:40:23 | INFO     | [uvicorn.server:startup:105] - [uvicorn.error] Application startup complete.
2026-07-01 05:40:23 | INFO     | [arbitrator.application.symbol_universe_service:_filter:111] - Universe filtered | total=1213 after_min_exchanges=669 after_exclusions=668
2026-07-01 05:40:23 | INFO     | [arbitrator.application.account_stream_worker:_async_main:124] - Account stream spawned | exchanges=['mexc', 'bitget', 'gate', 'bingx']
2026-07-01 05:40:23 | INFO     | [arbitrator.application.screener_stream_worker:_discovery_phase:164] - Volume discovery started | symbols=668 threshold_usdt=50000.0 timeout_s=30.0
2026-07-01 05:40:23 | INFO     | [arbitrator.application.multi_exchange_watcher:_spawn_watchers:61] - Spawning watchers | exchanges=['mexc', 'bitget', 'gate', 'bingx'] symbols={'mexc': 545, 'bitget': 573, 'gate': 636, 'bingx': 466}
2026-07-01 05:40:23 | DEBUG    | [arbitrator.application.multi_exchange_watcher:_watch:81] - Watcher start | exchange=mexc symbols=545
2026-07-01 05:40:23 | INFO     | [starlette._exception_handler:sender:39] - [uvicorn.error] 127.0.0.1:56323 - "WebSocket /ws/orders" [accepted]
2026-07-01 05:40:23 | INFO     | [arbitrator.presentation.ws.orders_ws_handler:handle:26] - ws connected | endpoint=/ws/orders
2026-07-01 05:40:23 | INFO     | [websockets.legacy.server:handler:161] - [uvicorn.error] connection open
2026-07-01 05:40:23 | INFO     | [starlette._exception_handler:sender:39] - [uvicorn.error] 127.0.0.1:56344 - "WebSocket /ws/screener" [accepted]
2026-07-01 05:40:23 | INFO     | [arbitrator.presentation.ws.screener_ws_handler:handle:35] - ws connected | endpoint=/ws/screener
2026-07-01 05:40:23 | DEBUG    | [arbitrator.application.strategy_table_service:refresh:75] - strategy recompute | changed=0 symbols=0
2026-07-01 05:40:23 | INFO     | [websockets.legacy.server:handler:161] - [uvicorn.error] connection open
2026-07-01 05:40:23 | INFO     | [starlette._exception_handler:sender:39] - [uvicorn.error] 127.0.0.1:56345 - "WebSocket /ws/settings" [accepted]
2026-07-01 05:40:23 | INFO     | [arbitrator.presentation.ws.settings_ws_handler:handle:25] - ws connected | endpoint=/ws/settings
2026-07-01 05:40:23 | INFO     | [websockets.legacy.server:handler:161] - [uvicorn.error] connection open
2026-07-01 05:40:23 | INFO     | [starlette._exception_handler:sender:39] - [uvicorn.error] 127.0.0.1:56346 - "WebSocket /ws/settings" [accepted]
2026-07-01 05:40:23 | INFO     | [arbitrator.presentation.ws.settings_ws_handler:handle:25] - ws connected | endpoint=/ws/settings
2026-07-01 05:40:23 | INFO     | [websockets.legacy.server:handler:161] - [uvicorn.error] connection open
2026-07-01 05:40:23 | INFO     | [starlette._exception_handler:sender:39] - [uvicorn.error] 127.0.0.1:56347 - "WebSocket /ws/orders" [accepted]
2026-07-01 05:40:23 | INFO     | [arbitrator.presentation.ws.orders_ws_handler:handle:26] - ws connected | endpoint=/ws/orders
2026-07-01 05:40:23 | INFO     | [websockets.legacy.server:handler:161] - [uvicorn.error] connection open
2026-07-01 05:40:23 | INFO     | [starlette._exception_handler:sender:39] - [uvicorn.error] 127.0.0.1:56348 - "WebSocket /ws/opportunity?symbol=BNB%2FUSDT&short=mexc&long=bitget" [accepted]
2026-07-01 05:40:23 | INFO     | [arbitrator.presentation.ws.opportunity_ws_handler:handle:42] - ws connected | endpoint=/ws/opportunity symbol=BNB/USDT short=mexc long=bitget
2026-07-01 05:40:23 | INFO     | [arbitrator.exchanges.ccxt_base:_ensure_open:1336] - Exchange client opened | exchange=mexc
2026-07-01 05:40:23 | INFO     | [arbitrator.exchanges.ccxt_base:_ensure_open:1336] - Exchange client opened | exchange=mexc
2026-07-01 05:40:23 | DEBUG    | [arbitrator.application.multi_exchange_watcher:_watch:81] - Watcher start | exchange=bitget symbols=573
2026-07-01 05:40:24 | INFO     | [arbitrator.exchanges.ccxt_base:_ensure_open:1336] - Exchange client opened | exchange=mexc
2026-07-01 05:40:24 | INFO     | [arbitrator.exchanges.ccxt_base:_ensure_open:1336] - Exchange client opened | exchange=mexc
2026-07-01 05:40:24 | INFO     | [websockets.legacy.server:handler:161] - [uvicorn.error] connection open
2026-07-01 05:40:24 | INFO     | [arbitrator.exchanges.ccxt_base:_ensure_open:1336] - Exchange client opened | exchange=bitget
2026-07-01 05:40:24 | INFO     | [arbitrator.exchanges.ccxt_base:_ensure_open:1336] - Exchange client opened | exchange=bitget
2026-07-01 05:40:24 | DEBUG    | [arbitrator.application.multi_exchange_watcher:_watch:81] - Watcher start | exchange=gate symbols=636
2026-07-01 05:40:24 | INFO     | [arbitrator.exchanges.ccxt_base:_ensure_open:1336] - Exchange client opened | exchange=bitget
2026-07-01 05:40:24 | DEBUG    | [arbitrator.application.strategy_table_service:refresh:75] - strategy recompute | changed=0 symbols=0
2026-07-01 05:40:24 | INFO     | [starlette._exception_handler:sender:39] - [uvicorn.error] 127.0.0.1:56351 - "WebSocket /ws/screener" [accepted]
2026-07-01 05:40:24 | INFO     | [arbitrator.presentation.ws.screener_ws_handler:handle:35] - ws connected | endpoint=/ws/screener
2026-07-01 05:40:24 | DEBUG    | [arbitrator.application.strategy_table_service:refresh:75] - strategy recompute | changed=0 symbols=0
2026-07-01 05:40:24 | INFO     | [websockets.legacy.server:handler:161] - [uvicorn.error] connection open
2026-07-01 05:40:25 | INFO     | [arbitrator.exchanges.ccxt_base:_ensure_open:1336] - Exchange client opened | exchange=gate
2026-07-01 05:40:25 | INFO     | [arbitrator.exchanges.ccxt_base:_ensure_open:1336] - Exchange client opened | exchange=gate
2026-07-01 05:40:25 | DEBUG    | [arbitrator.application.multi_exchange_watcher:_watch:81] - Watcher start | exchange=bingx symbols=466
2026-07-01 05:40:25 | INFO     | [arbitrator.exchanges.ccxt_base:_ensure_open:1336] - Exchange client opened | exchange=bingx
2026-07-01 05:40:25 | INFO     | [arbitrator.exchanges.ccxt_base:_ensure_open:1336] - Exchange client opened | exchange=bingx
2026-07-01 05:40:27 | DEBUG    | [arbitrator.application.strategy_table_service:refresh:75] - strategy recompute | changed=0 symbols=0
2026-07-01 05:40:27 | DEBUG    | [arbitrator.application.strategy_table_service:refresh:75] - strategy recompute | changed=0 symbols=0
2026-07-01 05:40:28 | DEBUG    | [arbitrator.application.strategy_table_service:refresh:75] - strategy recompute | changed=0 symbols=0
2026-07-01 05:40:29 | DEBUG    | [arbitrator.application.strategy_table_service:refresh:75] - strategy recompute | changed=0 symbols=0
2026-07-01 05:40:30 | DEBUG    | [arbitrator.application.strategy_table_service:refresh:75] - strategy recompute | changed=0 symbols=0
2026-07-01 05:40:30 | DEBUG    | [arbitrator.application.strategy_table_service:refresh:75] - strategy recompute | changed=0 symbols=0
2026-07-01 05:40:31 | DEBUG    | [arbitrator.exchanges.ccxt_base:_ensure_markets_loaded:1353] - Markets loaded | exchange=mexc count=3151
2026-07-01 05:40:31 | INFO     | [arbitrator.exchanges.ccxt_base:_ensure_open:1336] - Exchange client opened | exchange=bitget
2026-07-01 05:40:31 | DEBUG    | [arbitrator.application.strategy_table_service:refresh:75] - strategy recompute | changed=0 symbols=0
2026-07-01 05:40:31 | DEBUG    | [arbitrator.application.strategy_table_service:refresh:75] - strategy recompute | changed=0 symbols=0
2026-07-01 05:40:32 | DEBUG    | [arbitrator.application.strategy_table_service:refresh:75] - strategy recompute | changed=0 symbols=0
2026-07-01 05:40:32 | DEBUG    | [arbitrator.application.strategy_table_service:refresh:75] - strategy recompute | changed=0 symbols=0
2026-07-01 05:40:33 | DEBUG    | [arbitrator.exchanges.ccxt_base:_ensure_markets_loaded:1353] - Markets loaded | exchange=mexc count=3151
2026-07-01 05:40:33 | INFO     | [arbitrator.exchanges.ccxt_base:watch_order_book:233] - Streaming order book | exchange=mexc symbol=BNB/USDT:USDT limit=20
2026-07-01 05:40:33 | INFO     | [arbitrator.exchanges.ccxt_base:watch_order_book:233] - Streaming order book | exchange=mexc symbol=BNB/USDT limit=20
2026-07-01 05:40:33 | INFO     | [arbitrator.exchanges.ccxt_base:watch_tickers:209] - Streaming tickers | exchange=mexc symbols=1 mode=bulk chunks=1
2026-07-01 05:40:33 | DEBUG    | [arbitrator.exchanges.ccxt_base:_stream_bulk:1181] - Bulk stream chunks | exchange=mexc chunks=1 chunk_size=50
2026-07-01 05:40:33 | DEBUG    | [arbitrator.application.strategy_table_service:refresh:75] - strategy recompute | changed=0 symbols=0
2026-07-01 05:40:35 | DEBUG    | [arbitrator.application.strategy_table_service:refresh:75] - strategy recompute | changed=0 symbols=0
2026-07-01 05:40:35 | DEBUG    | [arbitrator.application.strategy_table_service:refresh:75] - strategy recompute | changed=0 symbols=0
2026-07-01 05:40:36 | DEBUG    | [arbitrator.exchanges.ccxt_base:_ensure_markets_loaded:1353] - Markets loaded | exchange=bitget count=1928
2026-07-01 05:40:36 | INFO     | [arbitrator.exchanges.ccxt_base:watch_order_book:233] - Streaming order book | exchange=bitget symbol=BNB/USDT:USDT limit=20
2026-07-01 05:40:36 | INFO     | [arbitrator.exchanges.ccxt_base:watch_order_book:233] - Streaming order book | exchange=bitget symbol=BNB/USDT limit=20
2026-07-01 05:40:36 | DEBUG    | [arbitrator.application.strategy_table_service:refresh:75] - strategy recompute | changed=0 symbols=0
2026-07-01 05:40:36 | DEBUG    | [arbitrator.application.strategy_table_service:refresh:75] - strategy recompute | changed=0 symbols=0
2026-07-01 05:40:36 | INFO     | [arbitrator.exchanges.ccxt_base:watch_tickers:209] - Streaming tickers | exchange=bitget symbols=1 mode=bulk chunks=1
2026-07-01 05:40:36 | DEBUG    | [arbitrator.exchanges.ccxt_base:_stream_bulk:1181] - Bulk stream chunks | exchange=bitget chunks=1 chunk_size=50
2026-07-01 05:40:38 | DEBUG    | [arbitrator.application.strategy_table_service:refresh:75] - strategy recompute | changed=0 symbols=0
2026-07-01 05:40:38 | DEBUG    | [arbitrator.application.strategy_table_service:refresh:75] - strategy recompute | changed=0 symbols=0
2026-07-01 05:40:40 | DEBUG    | [arbitrator.application.strategy_table_service:refresh:75] - strategy recompute | changed=0 symbols=0
2026-07-01 05:40:40 | DEBUG    | [arbitrator.application.strategy_table_service:refresh:75] - strategy recompute | changed=0 symbols=0
2026-07-01 05:40:41 | DEBUG    | [arbitrator.exchanges.ccxt_base:_ensure_markets_loaded:1353] - Markets loaded | exchange=bitget count=1928
2026-07-01 05:40:41 | INFO     | [arbitrator.application.fee_snapshot_service:snapshot:41] - fee snapshot complete | exchanges=2 symbols=1 loaded=2
2026-07-01 05:40:41 | INFO     | [arbitrator.exchanges.ccxt_base:fetch_funding_infos:970] - fetchFundingRates unsupported | exchange=mexc
2026-07-01 05:40:41 | DEBUG    | [arbitrator.application.strategy_table_service:refresh:75] - strategy recompute | changed=0 symbols=0
2026-07-01 05:40:41 | DEBUG    | [arbitrator.application.strategy_table_service:refresh:75] - strategy recompute | changed=0 symbols=0
2026-07-01 05:40:42 | DEBUG    | [arbitrator.exchanges.ccxt_base:watch_order_book:245] - watch_order_book unsubscribed, resubscribing | exchange=bitget symbol=BNB/USDT:USDT
2026-07-01 05:40:42 | DEBUG    | [arbitrator.exchanges.ccxt_base:watch_order_book:252] - watch_order_book transient, retrying | exchange=bitget symbol=BNB/USDT:USDT err=ChecksumError
2026-07-01 05:40:42 | DEBUG    | [arbitrator.exchanges.ccxt_base:watch_order_book:245] - watch_order_book unsubscribed, resubscribing | exchange=bitget symbol=BNB/USDT
2026-07-01 05:40:42 | DEBUG    | [arbitrator.exchanges.ccxt_base:watch_order_book:252] - watch_order_book transient, retrying | exchange=bitget symbol=BNB/USDT err=ChecksumError
2026-07-01 05:40:42 | DEBUG    | [arbitrator.application.strategy_table_service:refresh:75] - strategy recompute | changed=0 symbols=0
2026-07-01 05:40:43 | DEBUG    | [arbitrator.application.strategy_table_service:refresh:75] - strategy recompute | changed=0 symbols=0
2026-07-01 05:40:43 | DEBUG    | [arbitrator.exchanges.ccxt_base:_ensure_markets_loaded:1353] - Markets loaded | exchange=bingx count=3032
2026-07-01 05:40:43 | INFO     | [arbitrator.exchanges.ccxt_base:watch_open_positions:603] - Position stream started | exchange=bingx mode=ws
2026-07-01 05:40:44 | DEBUG    | [arbitrator.application.strategy_table_service:refresh:75] - strategy recompute | changed=0 symbols=0
2026-07-01 05:40:44 | DEBUG    | [arbitrator.application.strategy_table_service:refresh:75] - strategy recompute | changed=0 symbols=0
2026-07-01 05:40:44 | INFO     | [arbitrator.exchanges.ccxt_base:watch_usdt_balance:635] - Balance stream started | exchange=bingx mode=ws
2026-07-01 05:40:44 | DEBUG    | [arbitrator.exchanges.ccxt_base:_ensure_markets_loaded:1353] - Markets loaded | exchange=bitget count=1928
2026-07-01 05:40:44 | INFO     | [arbitrator.exchanges.ccxt_base:watch_open_positions:603] - Position stream started | exchange=bitget mode=ws
2026-07-01 05:40:44 | INFO     | [arbitrator.exchanges.ccxt_base:watch_usdt_balance:635] - Balance stream started | exchange=bitget mode=ws
2026-07-01 05:40:44 | DEBUG    | [arbitrator.exchanges.ccxt_base:_ensure_markets_loaded:1353] - Markets loaded | exchange=bingx count=3032
2026-07-01 05:40:44 | INFO     | [arbitrator.exchanges.ccxt_base:watch_tickers:209] - Streaming tickers | exchange=bingx symbols=466 mode=fanout chunks=-
2026-07-01 05:40:45 | DEBUG    | [arbitrator.application.strategy_table_service:refresh:75] - strategy recompute | changed=0 symbols=0
2026-07-01 05:40:45 | DEBUG    | [arbitrator.application.strategy_table_service:refresh:75] - strategy recompute | changed=0 symbols=0
2026-07-01 05:40:46 | DEBUG    | [arbitrator.exchanges.ccxt_base:_ensure_markets_loaded:1353] - Markets loaded | exchange=mexc count=3151
2026-07-01 05:40:46 | DEBUG    | [arbitrator.exchanges.ccxt_base:_ensure_markets_loaded:1353] - Markets loaded | exchange=bitget count=1928
2026-07-01 05:40:46 | INFO     | [arbitrator.exchanges.ccxt_base:watch_open_positions:603] - Position stream started | exchange=mexc mode=rest_poll
2026-07-01 05:40:46 | INFO     | [arbitrator.exchanges.ccxt_base:watch_tickers:209] - Streaming tickers | exchange=bitget symbols=573 mode=bulk chunks=12
2026-07-01 05:40:46 | DEBUG    | [arbitrator.exchanges.ccxt_base:_stream_bulk:1181] - Bulk stream chunks | exchange=bitget chunks=12 chunk_size=50
2026-07-01 05:40:46 | DEBUG    | [arbitrator.application.strategy_table_service:refresh:75] - strategy recompute | changed=0 symbols=0
2026-07-01 05:40:46 | DEBUG    | [arbitrator.application.strategy_table_service:refresh:75] - strategy recompute | changed=0 symbols=0
2026-07-01 05:40:46 | INFO     | [arbitrator.exchanges.ccxt_base:watch_usdt_balance:635] - Balance stream started | exchange=mexc mode=ws
2026-07-01 05:40:46 | DEBUG    | [arbitrator.exchanges.ccxt_base:_ensure_markets_loaded:1353] - Markets loaded | exchange=mexc count=3151
2026-07-01 05:40:47 | INFO     | [arbitrator.exchanges.ccxt_base:watch_tickers:209] - Streaming tickers | exchange=mexc symbols=545 mode=bulk chunks=11
2026-07-01 05:40:47 | DEBUG    | [arbitrator.exchanges.ccxt_base:_stream_bulk:1181] - Bulk stream chunks | exchange=mexc chunks=11 chunk_size=50
2026-07-01 05:40:47 | DEBUG    | [arbitrator.application.strategy_table_service:refresh:75] - strategy recompute | changed=0 symbols=0
2026-07-01 05:40:47 | DEBUG    | [arbitrator.exchanges.ccxt_base:watch_order_book:252] - watch_order_book transient, retrying | exchange=bitget symbol=BNB/USDT:USDT err=ChecksumError
2026-07-01 05:40:47 | DEBUG    | [arbitrator.application.strategy_table_service:refresh:75] - strategy recompute | changed=0 symbols=0
2026-07-01 05:40:47 | DEBUG    | [arbitrator.exchanges.ccxt_base:watch_order_book:252] - watch_order_book transient, retrying | exchange=bitget symbol=BNB/USDT err=ChecksumError
2026-07-01 05:40:48 | DEBUG    | [arbitrator.application.strategy_table_service:refresh:75] - strategy recompute | changed=0 symbols=0
2026-07-01 05:40:48 | DEBUG    | [arbitrator.application.strategy_table_service:refresh:75] - strategy recompute | changed=0 symbols=0
2026-07-01 05:40:49 | DEBUG    | [arbitrator.application.strategy_table_service:refresh:75] - strategy recompute | changed=5 symbols=5
2026-07-01 05:40:49 | DEBUG    | [arbitrator.application.strategy_table_service:refresh:75] - strategy recompute | changed=0 symbols=5
2026-07-01 05:40:49 | DEBUG    | [arbitrator.exchanges.ccxt_base:close:1168] - Exchange closed | exchange=mexc
2026-07-01 05:40:50 | DEBUG    | [arbitrator.exchanges.ccxt_base:close:1168] - Exchange closed | exchange=bitget
2026-07-01 05:40:50 | DEBUG    | [arbitrator.application.strategy_table_service:refresh:75] - strategy recompute | changed=150 symbols=151
2026-07-01 05:40:50 | DEBUG    | [arbitrator.application.strategy_table_service:refresh:75] - strategy recompute | changed=6 symbols=152
2026-07-01 05:40:50 | DEBUG    | [arbitrator.application.strategy_table_service:refresh:75] - strategy recompute | changed=0 symbols=152
2026-07-01 05:40:51 | DEBUG    | [arbitrator.application.strategy_table_service:refresh:75] - strategy recompute | changed=150 symbols=302
2026-07-01 05:40:51 | DEBUG    | [arbitrator.application.strategy_table_service:refresh:75] - strategy recompute | changed=11 symbols=302
2026-07-01 05:40:51 | DEBUG    | [arbitrator.application.strategy_table_service:refresh:75] - strategy recompute | changed=0 symbols=302
2026-07-01 05:40:52 | DEBUG    | [arbitrator.exchanges.ccxt_base:watch_order_book:252] - watch_order_book transient, retrying | exchange=bitget symbol=BNB/USDT:USDT err=ChecksumError
2026-07-01 05:40:52 | DEBUG    | [arbitrator.application.strategy_table_service:refresh:75] - strategy recompute | changed=11 symbols=303
2026-07-01 05:40:52 | DEBUG    | [arbitrator.exchanges.ccxt_base:watch_order_book:252] - watch_order_book transient, retrying | exchange=bitget symbol=BNB/USDT err=ChecksumError
2026-07-01 05:40:52 | DEBUG    | [arbitrator.application.strategy_table_service:refresh:75] - strategy recompute | changed=1 symbols=304
2026-07-01 05:40:52 | DEBUG    | [arbitrator.application.strategy_table_service:refresh:75] - strategy recompute | changed=0 symbols=304
2026-07-01 05:40:53 | INFO     | [arbitrator.application.screener_stream_worker:_discovery_phase:191] - Volume discovery timed out | eligible=306 pending=362
2026-07-01 05:40:53 | DEBUG    | [arbitrator.application.strategy_table_service:refresh:75] - strategy recompute | changed=2 symbols=306
2026-07-01 05:40:54 | DEBUG    | [arbitrator.application.strategy_table_service:refresh:75] - strategy recompute | changed=0 symbols=306
2026-07-01 05:40:54 | DEBUG    | [arbitrator.application.strategy_table_service:refresh:75] - strategy recompute | changed=0 symbols=306
2026-07-01 05:40:55 | DEBUG    | [arbitrator.application.strategy_table_service:refresh:75] - strategy recompute | changed=0 symbols=306
2026-07-01 05:40:55 | DEBUG    | [arbitrator.application.strategy_table_service:refresh:75] - strategy recompute | changed=0 symbols=306
2026-07-01 05:40:55 | DEBUG    | [arbitrator.application.strategy_table_service:refresh:75] - strategy recompute | changed=0 symbols=306
2026-07-01 05:40:55 | DEBUG    | [arbitrator.exchanges.ccxt_base:close:1168] - Exchange closed | exchange=mexc
2026-07-01 05:40:55 | DEBUG    | [arbitrator.exchanges.ccxt_base:_ensure_markets_loaded:1353] - Markets loaded | exchange=gate count=6253
2026-07-01 05:40:55 | INFO     | [arbitrator.exchanges.gate:watch_open_positions:71] - Position stream started | exchange=gate mode=rest_poll
2026-07-01 05:40:55 | INFO     | [arbitrator.exchanges.gate:watch_usdt_balance:91] - Balance stream started | exchange=gate mode=rest_poll
2026-07-01 05:40:56 | DEBUG    | [arbitrator.exchanges.ccxt_base:close:1168] - Exchange closed | exchange=mexc
2026-07-01 05:40:56 | DEBUG    | [arbitrator.exchanges.ccxt_base:_watch_chunk:1206] - watch_tickers transient, retrying | exchange=mexc chunk=9 err=NetworkError delay_s=5.0
2026-07-01 05:40:56 | DEBUG    | [arbitrator.exchanges.ccxt_base:_watch_chunk:1206] - watch_tickers transient, retrying | exchange=mexc chunk=10 err=NetworkError delay_s=5.0
2026-07-01 05:40:56 | DEBUG    | [arbitrator.exchanges.ccxt_base:_watch_chunk:1206] - watch_tickers transient, retrying | exchange=mexc chunk=0 err=NetworkError delay_s=5.0
2026-07-01 05:40:56 | DEBUG    | [arbitrator.exchanges.ccxt_base:_watch_chunk:1206] - watch_tickers transient, retrying | exchange=mexc chunk=1 err=NetworkError delay_s=5.0
2026-07-01 05:40:56 | DEBUG    | [arbitrator.exchanges.ccxt_base:_watch_chunk:1206] - watch_tickers transient, retrying | exchange=mexc chunk=2 err=NetworkError delay_s=5.0
2026-07-01 05:40:56 | DEBUG    | [arbitrator.exchanges.ccxt_base:_watch_chunk:1206] - watch_tickers transient, retrying | exchange=mexc chunk=3 err=NetworkError delay_s=5.0
2026-07-01 05:40:56 | DEBUG    | [arbitrator.exchanges.ccxt_base:_watch_chunk:1206] - watch_tickers transient, retrying | exchange=mexc chunk=4 err=NetworkError delay_s=5.0
2026-07-01 05:40:56 | DEBUG    | [arbitrator.exchanges.ccxt_base:_watch_chunk:1206] - watch_tickers transient, retrying | exchange=mexc chunk=5 err=NetworkError delay_s=5.0
2026-07-01 05:40:56 | DEBUG    | [arbitrator.exchanges.ccxt_base:close:1168] - Exchange closed | exchange=bitget
2026-07-01 05:40:56 | DEBUG    | [arbitrator.application.strategy_table_service:refresh:75] - strategy recompute | changed=0 symbols=306
2026-07-01 05:40:56 | DEBUG    | [arbitrator.application.strategy_table_service:refresh:75] - strategy recompute | changed=0 symbols=306
2026-07-01 05:40:56 | DEBUG    | [arbitrator.application.strategy_table_service:refresh:75] - strategy recompute | changed=0 symbols=306
2026-07-01 05:40:56 | ERROR    | [arbitrator.exchanges.ccxt_base:_ensure_markets_loaded:1351] - load_markets failed | exchange=gate
Traceback (most recent call last):

  File "c:\Users\dev_home\.cursor\extensions\ms-python.debugpy-2026.6.0-win32-x64\bundled\libs\debugpy\_vendored\pydevd\_pydev_bundle\pydev_monkey.py", line 1134, in __call__
    ret = self.original_func(*self.args, **self.kwargs)
          │    │              │    │       │    └ {}
          │    │              │    │       └ <_pydev_bundle.pydev_monkey._NewThreadStartupWithTrace object at 0x00000224E4A4ADD0>
          │    │              │    └ ()
          │    │              └ <_pydev_bundle.pydev_monkey._NewThreadStartupWithTrace object at 0x00000224E4A4ADD0>
          │    └ <bound method Thread._bootstrap of <Thread(screener-stream:0, started daemon 13728)>>
          └ <_pydev_bundle.pydev_monkey._NewThreadStartupWithTrace object at 0x00000224E4A4ADD0>

  File "C:\Users\dev_home\AppData\Local\Programs\Python\Python311\Lib\threading.py", line 1002, in _bootstrap
    self._bootstrap_inner()
    │    └ <function Thread._bootstrap_inner at 0x00000224D9D8CB80>
    └ <Thread(screener-stream:0, started daemon 13728)>
  File "C:\Users\dev_home\AppData\Local\Programs\Python\Python311\Lib\threading.py", line 1045, in _bootstrap_inner
    self.run()
    │    └ <function Thread.run at 0x00000224D9D8C860>
    └ <Thread(screener-stream:0, started daemon 13728)>
  File "C:\Users\dev_home\AppData\Local\Programs\Python\Python311\Lib\threading.py", line 982, in run
    self._target(*self._args, **self._kwargs)
    │    │        │    │        │    └ {}
    │    │        │    │        └ <Thread(screener-stream:0, started daemon 13728)>
    │    │        │    └ ()
    │    │        └ <Thread(screener-stream:0, started daemon 13728)>
    │    └ <bound method ScreenerStreamWorker._thread_main of <arbitrator.application.screener_stream_worker.ScreenerStreamWorker object...
    └ <Thread(screener-stream:0, started daemon 13728)>

  File "C:\shere-folder\arbitrator\src\arbitrator\application\screener_stream_worker.py", line 88, in _thread_main
    asyncio.run(self._async_main())
    │       │   │    └ <function ScreenerStreamWorker._async_main at 0x00000224E3437F60>
    │       │   └ <arbitrator.application.screener_stream_worker.ScreenerStreamWorker object at 0x00000224E4A4AB10>
    │       └ <function run at 0x00000224DC64ACA0>
    └ <module 'asyncio' from 'C:\\Users\\dev_home\\AppData\\Local\\Programs\\Python\\Python311\\Lib\\asyncio\\__init__.py'>

  File "C:\Users\dev_home\AppData\Local\Programs\Python\Python311\Lib\asyncio\runners.py", line 190, in run
    return runner.run(main)
           │      │   └ <coroutine object ScreenerStreamWorker._async_main at 0x00000224E49E8A40>
           │      └ <function Runner.run at 0x00000224DC64B100>
           └ <asyncio.runners.Runner object at 0x00000224E489A350>
  File "C:\Users\dev_home\AppData\Local\Programs\Python\Python311\Lib\asyncio\runners.py", line 118, in run
    return self._loop.run_until_complete(task)
           │    │     │                  └ <Task pending name='Task-3' coro=<ScreenerStreamWorker._async_main() running at C:\shere-folder\arbitrator\src\arbitrator\app...
           │    │     └ <function BaseEventLoop.run_until_complete at 0x00000224DC648B80>
           │    └ <ProactorEventLoop running=True closed=False debug=False>
           └ <asyncio.runners.Runner object at 0x00000224E489A350>
  File "C:\Users\dev_home\AppData\Local\Programs\Python\Python311\Lib\asyncio\base_events.py", line 640, in run_until_complete
    self.run_forever()
    │    └ <function ProactorEventLoop.run_forever at 0x00000224DC6E1B20>
    └ <ProactorEventLoop running=True closed=False debug=False>
  File "C:\Users\dev_home\AppData\Local\Programs\Python\Python311\Lib\asyncio\windows_events.py", line 321, in run_forever
    super().run_forever()
  File "C:\Users\dev_home\AppData\Local\Programs\Python\Python311\Lib\asyncio\base_events.py", line 607, in run_forever
    self._run_once()
    │    └ <function BaseEventLoop._run_once at 0x00000224DC64A8E0>
    └ <ProactorEventLoop running=True closed=False debug=False>
  File "C:\Users\dev_home\AppData\Local\Programs\Python\Python311\Lib\asyncio\base_events.py", line 1922, in _run_once
    handle._run()
    │      └ <function Handle._run at 0x00000224DC5B6340>
    └ <Handle Task.task_wakeup(<Task finishe...ibute 'get'")>)>
  File "C:\Users\dev_home\AppData\Local\Programs\Python\Python311\Lib\asyncio\events.py", line 80, in _run
    self._context.run(self._callback, *self._args)
    │    │            │    │           │    └ <member '_args' of 'Handle' objects>
    │    │            │    │           └ <Handle Task.task_wakeup(<Task finishe...ibute 'get'")>)>
    │    │            │    └ <member '_callback' of 'Handle' objects>
    │    │            └ <Handle Task.task_wakeup(<Task finishe...ibute 'get'")>)>
    │    └ <member '_context' of 'Handle' objects>
    └ <Handle Task.task_wakeup(<Task finishe...ibute 'get'")>)>

  File "C:\shere-folder\arbitrator\src\arbitrator\exchanges\gate.py", line 46, in watch_tickers
    await self._ensure_markets_loaded(client)
          │    │                      └ ccxt.async_support.gate()
          │    └ <function CcxtBase._ensure_markets_loaded at 0x00000224E341A980>
          └ <arbitrator.exchanges.gate.Gate object at 0x00000224E4A4A450>

> File "C:\shere-folder\arbitrator\src\arbitrator\exchanges\ccxt_base.py", line 1348, in _ensure_markets_loaded
    await client.load_markets()
          │      └ <function Exchange.load_markets at 0x00000224E109EDE0>
          └ ccxt.async_support.gate()

  File "C:\shere-folder\arbitrator\.venv\Lib\site-packages\ccxt\async_support\base\exchange.py", line 365, in load_markets
    raise e
  File "C:\shere-folder\arbitrator\.venv\Lib\site-packages\ccxt\async_support\base\exchange.py", line 357, in load_markets
    result = await self.markets_loading
                   │    └ None
                   └ ccxt.async_support.gate()
  File "C:\shere-folder\arbitrator\.venv\Lib\site-packages\ccxt\async_support\base\exchange.py", line 324, in load_markets_helper
    markets = await self.fetch_markets(params)
                    │    │             └ {}
                    │    └ <function gate.fetch_markets at 0x00000224E26749A0>
                    └ ccxt.async_support.gate()
  File "C:\shere-folder\arbitrator\.venv\Lib\site-packages\ccxt\async_support\gate.py", line 1343, in fetch_markets
    results = await asyncio.gather(*rawPromises)
                    │       │       └ [<coroutine object gate.fetch_spot_markets at 0x00000224E57DF5B0>, <coroutine object gate.fetch_swap_markets at 0x00000224E60...
                    │       └ <function gather at 0x00000224DC6079C0>
                    └ <module 'asyncio' from 'C:\\Users\\dev_home\\AppData\\Local\\Programs\\Python\\Python311\\Lib\\asyncio\\__init__.py'>
  File "C:\shere-folder\arbitrator\.venv\Lib\site-packages\ccxt\async_support\gate.py", line 1667, in fetch_option_markets
    response = await self.publicOptionsGetContracts(query)
                     │    │                         └ {'underlying': 'XRP_USDT'}
                     │    └ <function Entry.__init__.<locals>.unbound_method at 0x00000224DFD5B560>
                     └ ccxt.async_support.gate()
  File "C:\shere-folder\arbitrator\.venv\Lib\site-packages\ccxt\async_support\base\exchange.py", line 1033, in request
    return await self.fetch2(path, api, method, params, headers, body, config)
                 │    │      │     │    │       │       │        │     └ {'cost': 1}
                 │    │      │     │    │       │       │        └ None
                 │    │      │     │    │       │       └ None
                 │    │      │     │    │       └ {'underlying': 'XRP_USDT'}
                 │    │      │     │    └ 'GET'
                 │    │      │     └ ['public', 'options']
                 │    │      └ 'contracts'
                 │    └ <function Exchange.fetch2 at 0x00000224E11B6E80>
                 └ ccxt.async_support.gate()
  File "C:\shere-folder\arbitrator\.venv\Lib\site-packages\ccxt\async_support\base\exchange.py", line 1029, in fetch2
    raise e
  File "C:\shere-folder\arbitrator\.venv\Lib\site-packages\ccxt\async_support\base\exchange.py", line 1017, in fetch2
    return await self.fetch(request['url'], request['method'], request['headers'], request['body'])
                 │    │     │               │                  │                   └ {'url': 'https://api.gateio.ws/api/v4/options/contracts?underlying=XRP_USDT', 'method': 'GET', 'body': None, 'headers': None}
                 │    │     │               │                  └ {'url': 'https://api.gateio.ws/api/v4/options/contracts?underlying=XRP_USDT', 'method': 'GET', 'body': None, 'headers': None}
                 │    │     │               └ {'url': 'https://api.gateio.ws/api/v4/options/contracts?underlying=XRP_USDT', 'method': 'GET', 'body': None, 'headers': None}
                 │    │     └ {'url': 'https://api.gateio.ws/api/v4/options/contracts?underlying=XRP_USDT', 'method': 'GET', 'body': None, 'headers': None}
                 │    └ <function Exchange.fetch at 0x00000224E109EC00>
                 └ ccxt.async_support.gate()
  File "C:\shere-folder\arbitrator\.venv\Lib\site-packages\ccxt\async_support\base\exchange.py", line 234, in fetch
    session_method = getattr(final_session, method.lower())
                             │              │      └ <method 'lower' of 'str' objects>
                             │              └ 'GET'
                             └ None

AttributeError: 'NoneType' object has no attribute 'get'
2026-07-01 05:40:56 | DEBUG    | [arbitrator.exchanges.ccxt_base:close:1168] - Exchange closed | exchange=bitget
2026-07-01 05:40:56 | DEBUG    | [arbitrator.exchanges.ccxt_base:close:1168] - Exchange closed | exchange=gate
2026-07-01 05:40:56 | DEBUG    | [arbitrator.exchanges.ccxt_base:close:1168] - Exchange closed | exchange=gate
2026-07-01 05:40:57 | DEBUG    | [arbitrator.exchanges.ccxt_base:close:1168] - Exchange closed | exchange=bingx
2026-07-01 05:40:57 | DEBUG    | [arbitrator.exchanges.ccxt_base:close:1168] - Exchange closed | exchange=bingx
2026-07-01 05:40:57 | INFO     | [arbitrator.application.screener_stream_worker:_async_main:137] - Volume gate applied | threshold_usdt=50000.0 eligible=306 rejected=0
2026-07-01 05:40:57 | INFO     | [arbitrator.application.multi_exchange_watcher:_spawn_watchers:61] - Spawning watchers | exchanges=['mexc', 'bitget', 'gate', 'bingx'] symbols={'mexc': 303, 'bitget': 261, 'gate': 293, 'bingx': 255}
2026-07-01 05:40:57 | DEBUG    | [arbitrator.application.multi_exchange_watcher:_watch:81] - Watcher start | exchange=mexc symbols=303
2026-07-01 05:40:57 | DEBUG    | [arbitrator.exchanges.ccxt_base:watch_order_book:252] - watch_order_book transient, retrying | exchange=bitget symbol=BNB/USDT:USDT err=ChecksumError
2026-07-01 05:40:57 | INFO     | [arbitrator.exchanges.ccxt_base:_ensure_open:1336] - Exchange client opened | exchange=mexc
2026-07-01 05:40:57 | DEBUG    | [arbitrator.application.multi_exchange_watcher:_watch:81] - Watcher start | exchange=bitget symbols=261
2026-07-01 05:40:57 | DEBUG    | [arbitrator.application.strategy_table_service:refresh:75] - strategy recompute | changed=0 symbols=306
2026-07-01 05:40:57 | DEBUG    | [arbitrator.exchanges.ccxt_base:watch_order_book:252] - watch_order_book transient, retrying | exchange=bitget symbol=BNB/USDT err=ChecksumError
2026-07-01 05:40:57 | DEBUG    | [arbitrator.application.strategy_table_service:refresh:75] - strategy recompute | changed=0 symbols=306
2026-07-01 05:40:57 | DEBUG    | [arbitrator.application.strategy_table_service:refresh:75] - strategy recompute | changed=0 symbols=306
2026-07-01 05:40:58 | INFO     | [arbitrator.exchanges.ccxt_base:_ensure_open:1336] - Exchange client opened | exchange=bitget
2026-07-01 05:40:58 | DEBUG    | [arbitrator.application.multi_exchange_watcher:_watch:81] - Watcher start | exchange=gate symbols=293
2026-07-01 05:40:58 | INFO     | [arbitrator.exchanges.ccxt_base:_ensure_open:1336] - Exchange client opened | exchange=gate
2026-07-01 05:40:58 | DEBUG    | [arbitrator.application.multi_exchange_watcher:_watch:81] - Watcher start | exchange=bingx symbols=255
2026-07-01 05:40:58 | DEBUG    | [arbitrator.application.strategy_table_service:refresh:75] - strategy recompute | changed=0 symbols=306
2026-07-01 05:40:58 | INFO     | [arbitrator.exchanges.ccxt_base:_ensure_open:1336] - Exchange client opened | exchange=bingx
2026-07-01 05:40:58 | DEBUG    | [arbitrator.application.strategy_table_service:refresh:75] - strategy recompute | changed=0 symbols=306
2026-07-01 05:40:58 | DEBUG    | [arbitrator.application.strategy_table_service:refresh:75] - strategy recompute | changed=0 symbols=306
2026-07-01 05:40:59 | DEBUG    | [arbitrator.application.strategy_table_service:refresh:75] - strategy recompute | changed=0 symbols=306
2026-07-01 05:41:00 | DEBUG    | [arbitrator.application.strategy_table_service:refresh:75] - strategy recompute | changed=0 symbols=306
2026-07-01 05:41:00 | DEBUG    | [arbitrator.application.strategy_table_service:refresh:75] - strategy recompute | changed=0 symbols=306
2026-07-01 05:41:01 | DEBUG    | [arbitrator.application.strategy_table_service:refresh:75] - strategy recompute | changed=0 symbols=306
2026-07-01 05:41:01 | DEBUG    | [arbitrator.application.strategy_table_service:refresh:75] - strategy recompute | changed=0 symbols=306
2026-07-01 05:41:01 | DEBUG    | [arbitrator.application.strategy_table_service:refresh:75] - strategy recompute | changed=0 symbols=306
2026-07-01 05:41:02 | DEBUG    | [arbitrator.application.strategy_table_service:refresh:75] - strategy recompute | changed=0 symbols=306
2026-07-01 05:41:02 | DEBUG    | [arbitrator.application.strategy_table_service:refresh:75] - strategy recompute | changed=0 symbols=306
2026-07-01 05:41:02 | DEBUG    | [arbitrator.application.strategy_table_service:refresh:75] - strategy recompute | changed=0 symbols=306
2026-07-01 05:41:02 | DEBUG    | [arbitrator.exchanges.ccxt_base:watch_order_book:252] - watch_order_book transient, retrying | exchange=bitget symbol=BNB/USDT:USDT err=ChecksumError
2026-07-01 05:41:02 | DEBUG    | [arbitrator.exchanges.ccxt_base:watch_order_book:252] - watch_order_book transient, retrying | exchange=bitget symbol=BNB/USDT err=ChecksumError
2026-07-01 05:41:03 | DEBUG    | [arbitrator.application.strategy_table_service:refresh:75] - strategy recompute | changed=0 symbols=306
2026-07-01 05:41:04 | DEBUG    | [arbitrator.application.strategy_table_service:refresh:75] - strategy recompute | changed=0 symbols=306
2026-07-01 05:41:04 | DEBUG    | [arbitrator.application.strategy_table_service:refresh:75] - strategy recompute | changed=0 symbols=306
2026-07-01 05:41:05 | DEBUG    | [arbitrator.application.strategy_table_service:refresh:75] - strategy recompute | changed=0 symbols=306
2026-07-01 05:41:05 | DEBUG    | [arbitrator.application.strategy_table_service:refresh:75] - strategy recompute | changed=0 symbols=306
2026-07-01 05:41:05 | DEBUG    | [arbitrator.application.strategy_table_service:refresh:75] - strategy recompute | changed=0 symbols=306
2026-07-01 05:41:06 | DEBUG    | [arbitrator.application.strategy_table_service:refresh:75] - strategy recompute | changed=0 symbols=306
2026-07-01 05:41:06 | DEBUG    | [arbitrator.application.strategy_table_service:refresh:75] - strategy recompute | changed=0 symbols=306
2026-07-01 05:41:06 | DEBUG    | [arbitrator.application.strategy_table_service:refresh:75] - strategy recompute | changed=0 symbols=306
2026-07-01 05:41:07 | DEBUG    | [arbitrator.application.strategy_table_service:refresh:75] - strategy recompute | changed=0 symbols=306
2026-07-01 05:41:07 | DEBUG    | [arbitrator.application.strategy_table_service:refresh:75] - strategy recompute | changed=0 symbols=306
2026-07-01 05:41:07 | DEBUG    | [arbitrator.application.strategy_table_service:refresh:75] - strategy recompute | changed=0 symbols=306
2026-07-01 05:41:07 | DEBUG    | [arbitrator.exchanges.ccxt_base:_ensure_markets_loaded:1353] - Markets loaded | exchange=bitget count=1928
2026-07-01 05:41:07 | INFO     | [arbitrator.exchanges.ccxt_base:watch_tickers:209] - Streaming tickers | exchange=bitget symbols=261 mode=bulk chunks=6
2026-07-01 05:41:07 | DEBUG    | [arbitrator.exchanges.ccxt_base:_stream_bulk:1181] - Bulk stream chunks | exchange=bitget chunks=6 chunk_size=50
2026-07-01 05:41:07 | DEBUG    | [arbitrator.exchanges.ccxt_base:watch_order_book:252] - watch_order_book transient, retrying | exchange=bitget symbol=BNB/USDT:USDT err=ChecksumError
2026-07-01 05:41:07 | DEBUG    | [arbitrator.exchanges.ccxt_base:watch_order_book:252] - watch_order_book transient, retrying | exchange=bitget symbol=BNB/USDT err=ChecksumError
2026-07-01 05:41:08 | DEBUG    | [arbitrator.application.strategy_table_service:refresh:75] - strategy recompute | changed=0 symbols=306
2026-07-01 05:41:09 | DEBUG    | [arbitrator.application.strategy_table_service:refresh:75] - strategy recompute | changed=0 symbols=306
2026-07-01 05:41:09 | DEBUG    | [arbitrator.application.strategy_table_service:refresh:75] - strategy recompute | changed=0 symbols=306
2026-07-01 05:41:09 | DEBUG    | [arbitrator.exchanges.ccxt_base:_ensure_markets_loaded:1353] - Markets loaded | exchange=mexc count=3151
2026-07-01 05:41:09 | INFO     | [arbitrator.exchanges.ccxt_base:watch_tickers:209] - Streaming tickers | exchange=mexc symbols=303 mode=bulk chunks=7
2026-07-01 05:41:09 | DEBUG    | [arbitrator.exchanges.ccxt_base:_stream_bulk:1181] - Bulk stream chunks | exchange=mexc chunks=7 chunk_size=50
2026-07-01 05:41:09 | DEBUG    | [arbitrator.exchanges.ccxt_base:_ensure_markets_loaded:1353] - Markets loaded | exchange=bingx count=3032
2026-07-01 05:41:09 | INFO     | [arbitrator.exchanges.ccxt_base:watch_tickers:209] - Streaming tickers | exchange=bingx symbols=255 mode=fanout chunks=-
2026-07-01 05:41:10 | DEBUG    | [arbitrator.application.strategy_table_service:refresh:75] - strategy recompute | changed=0 symbols=306
2026-07-01 05:41:10 | DEBUG    | [arbitrator.application.strategy_table_service:refresh:75] - strategy recompute | changed=0 symbols=306
2026-07-01 05:41:10 | DEBUG    | [arbitrator.application.strategy_table_service:refresh:75] - strategy recompute | changed=0 symbols=306
2026-07-01 05:41:11 | DEBUG    | [arbitrator.application.strategy_table_service:refresh:75] - strategy recompute | changed=0 symbols=306
2026-07-01 05:41:11 | DEBUG    | [arbitrator.application.strategy_table_service:refresh:75] - strategy recompute | changed=0 symbols=306
2026-07-01 05:41:11 | DEBUG    | [arbitrator.application.strategy_table_service:refresh:75] - strategy recompute | changed=0 symbols=306
2026-07-01 05:41:12 | DEBUG    | [arbitrator.application.strategy_table_service:refresh:75] - strategy recompute | changed=3 symbols=3
2026-07-01 05:41:12 | DEBUG    | [arbitrator.application.strategy_table_service:refresh:75] - strategy recompute | changed=0 symbols=3
2026-07-01 05:41:12 | DEBUG    | [arbitrator.application.strategy_table_service:refresh:75] - strategy recompute | changed=0 symbols=3
2026-07-01 05:41:13 | DEBUG    | [arbitrator.exchanges.ccxt_base:watch_order_book:252] - watch_order_book transient, retrying | exchange=bitget symbol=BNB/USDT:USDT err=ChecksumError
2026-07-01 05:41:13 | DEBUG    | [arbitrator.exchanges.ccxt_base:watch_order_book:252] - watch_order_book transient, retrying | exchange=bitget symbol=BNB/USDT err=ChecksumError
2026-07-01 05:41:13 | DEBUG    | [arbitrator.application.strategy_table_service:refresh:75] - strategy recompute | changed=3 symbols=6
2026-07-01 05:41:13 | DEBUG    | [arbitrator.application.strategy_table_service:refresh:75] - strategy recompute | changed=0 symbols=6
2026-07-01 05:41:13 | DEBUG    | [arbitrator.application.strategy_table_service:refresh:75] - strategy recompute | changed=0 symbols=6
2026-07-01 05:41:14 | DEBUG    | [arbitrator.application.strategy_table_service:refresh:75] - strategy recompute | changed=118 symbols=155
2026-07-01 05:41:14 | DEBUG    | [arbitrator.application.strategy_table_service:refresh:75] - strategy recompute | changed=111 symbols=302
2026-07-01 05:41:14 | DEBUG    | [arbitrator.application.strategy_table_service:refresh:75] - strategy recompute | changed=0 symbols=302
2026-07-01 05:41:15 | DEBUG    | [arbitrator.application.strategy_table_service:refresh:75] - strategy recompute | changed=30 symbols=304
2026-07-01 05:41:16 | DEBUG    | [arbitrator.application.strategy_table_service:refresh:75] - strategy recompute | changed=0 symbols=304
2026-07-01 05:41:16 | DEBUG    | [arbitrator.application.strategy_table_service:refresh:75] - strategy recompute | changed=0 symbols=304
2026-07-01 05:41:17 | DEBUG    | [arbitrator.application.strategy_table_service:refresh:75] - strategy recompute | changed=83 symbols=304
2026-07-01 05:41:17 | DEBUG    | [arbitrator.application.strategy_table_service:refresh:75] - strategy recompute | changed=3 symbols=304
2026-07-01 05:41:17 | DEBUG    | [arbitrator.application.strategy_table_service:refresh:75] - strategy recompute | changed=1 symbols=304
2026-07-01 05:41:18 | DEBUG    | [arbitrator.exchanges.ccxt_base:watch_order_book:252] - watch_order_book transient, retrying | exchange=bitget symbol=BNB/USDT:USDT err=ChecksumError
2026-07-01 05:41:18 | DEBUG    | [arbitrator.exchanges.ccxt_base:watch_order_book:252] - watch_order_book transient, retrying | exchange=bitget symbol=BNB/USDT err=ChecksumError
2026-07-01 05:41:18 | DEBUG    | [arbitrator.application.strategy_table_service:refresh:75] - strategy recompute | changed=45 symbols=305
2026-07-01 05:41:18 | DEBUG    | [arbitrator.application.strategy_table_service:refresh:75] - strategy recompute | changed=0 symbols=305
2026-07-01 05:41:18 | DEBUG    | [arbitrator.application.strategy_table_service:refresh:75] - strategy recompute | changed=0 symbols=305
2026-07-01 05:41:19 | DEBUG    | [arbitrator.application.strategy_table_service:refresh:75] - strategy recompute | changed=109 symbols=305
2026-07-01 05:41:20 | DEBUG    | [arbitrator.application.strategy_table_service:refresh:75] - strategy recompute | changed=1 symbols=305
2026-07-01 05:41:20 | DEBUG    | [arbitrator.application.strategy_table_service:refresh:75] - strategy recompute | changed=0 symbols=305
2026-07-01 05:41:20 | INFO     | [starlette.middleware.errors:_send:161] - [uvicorn.access] 127.0.0.1:56517 - "GET /htfbxSxm6JwGrXrhBdofTsbKRUsrN1Wobaseflow/emulator/?o=-6.5 HTTP/1.1" 404
2026-07-01 05:41:21 | DEBUG    | [arbitrator.application.strategy_table_service:refresh:75] - strategy recompute | changed=41 symbols=305
2026-07-01 05:41:21 | INFO     | [starlette.middleware.errors:_send:161] - [uvicorn.access] 127.0.0.1:56517 - "GET /htfbxSxm6JwGrXrhBdofTsbKRUsrN1Wobaseflow/emulator/?o=-6.5 HTTP/1.1" 404
2026-07-01 05:41:21 | DEBUG    | [arbitrator.application.strategy_table_service:refresh:75] - strategy recompute | changed=0 symbols=305
2026-07-01 05:41:21 | DEBUG    | [arbitrator.application.strategy_table_service:refresh:75] - strategy recompute | changed=0 symbols=305
2026-07-01 05:41:21 | INFO     | [starlette.middleware.errors:_send:161] - [uvicorn.access] 127.0.0.1:56517 - "GET /favicon.ico HTTP/1.1" 404
2026-07-01 05:41:21 | DEBUG    | [arbitrator.exchanges.ccxt_base:_ensure_markets_loaded:1353] - Markets loaded | exchange=gate count=6253
2026-07-01 05:41:21 | INFO     | [arbitrator.exchanges.ccxt_base:watch_tickers:209] - Streaming tickers | exchange=gate symbols=293 mode=bulk chunks=6
2026-07-01 05:41:21 | DEBUG    | [arbitrator.exchanges.ccxt_base:_stream_bulk:1181] - Bulk stream chunks | exchange=gate chunks=6 chunk_size=50
2026-07-01 05:41:22 | DEBUG    | [arbitrator.application.strategy_table_service:refresh:75] - strategy recompute | changed=32 symbols=305
2026-07-01 05:41:22 | DEBUG    | [arbitrator.application.strategy_table_service:refresh:75] - strategy recompute | changed=50 symbols=305
2026-07-01 05:41:22 | DEBUG    | [arbitrator.application.strategy_table_service:refresh:75] - strategy recompute | changed=0 symbols=305
2026-07-01 05:41:23 | DEBUG    | [arbitrator.exchanges.ccxt_base:watch_order_book:252] - watch_order_book transient, retrying | exchange=bitget symbol=BNB/USDT:USDT err=ChecksumError
2026-07-01 05:41:23 | DEBUG    | [arbitrator.exchanges.ccxt_base:watch_order_book:252] - watch_order_book transient, retrying | exchange=bitget symbol=BNB/USDT err=ChecksumError
2026-07-01 05:41:23 | DEBUG    | [arbitrator.application.strategy_table_service:refresh:75] - strategy recompute | changed=45 symbols=305
2026-07-01 05:41:23 | DEBUG    | [arbitrator.application.strategy_table_service:refresh:75] - strategy recompute | changed=1 symbols=305
2026-07-01 05:41:23 | DEBUG    | [arbitrator.application.strategy_table_service:refresh:75] - strategy recompute | changed=1 symbols=305
2026-07-01 05:41:23 | INFO     | [arbitrator.exchanges.ccxt_base:_ensure_open:1336] - Exchange client opened | exchange=mexc
2026-07-01 05:41:24 | DEBUG    | [arbitrator.application.strategy_table_service:refresh:75] - strategy recompute | changed=94 symbols=305
2026-07-01 05:41:24 | DEBUG    | [arbitrator.application.strategy_table_service:refresh:75] - strategy recompute | changed=0 symbols=305
2026-07-01 05:41:24 | DEBUG    | [arbitrator.application.strategy_table_service:refresh:75] - strategy recompute | changed=0 symbols=305
2026-07-01 05:41:26 | DEBUG    | [arbitrator.application.strategy_table_service:refresh:75] - strategy recompute | changed=38 symbols=305
2026-07-01 05:41:26 | DEBUG    | [arbitrator.application.strategy_table_service:refresh:75] - strategy recompute | changed=0 symbols=305
2026-07-01 05:41:26 | DEBUG    | [arbitrator.application.strategy_table_service:refresh:75] - strategy recompute | changed=0 symbols=305
2026-07-01 05:41:27 | DEBUG    | [arbitrator.application.strategy_table_service:refresh:75] - strategy recompute | changed=0 symbols=305
2026-07-01 05:41:27 | DEBUG    | [arbitrator.application.strategy_table_service:refresh:75] - strategy recompute | changed=0 symbols=305
2026-07-01 05:41:27 | DEBUG    | [arbitrator.application.strategy_table_service:refresh:75] - strategy recompute | changed=0 symbols=305
2026-07-01 05:41:28 | DEBUG    | [arbitrator.exchanges.ccxt_base:watch_order_book:252] - watch_order_book transient, retrying | exchange=bitget symbol=BNB/USDT:USDT err=ChecksumError
2026-07-01 05:41:28 | DEBUG    | [arbitrator.exchanges.ccxt_base:watch_order_book:252] - watch_order_book transient, retrying | exchange=bitget symbol=BNB/USDT err=ChecksumError
2026-07-01 05:41:28 | DEBUG    | [arbitrator.application.strategy_table_service:refresh:75] - strategy recompute | changed=80 symbols=305
2026-07-01 05:41:29 | DEBUG    | [arbitrator.application.strategy_table_service:refresh:75] - strategy recompute | changed=30 symbols=305
2026-07-01 05:41:29 | DEBUG    | [arbitrator.application.strategy_table_service:refresh:75] - strategy recompute | changed=0 symbols=305
2026-07-01 05:41:30 | DEBUG    | [arbitrator.application.strategy_table_service:refresh:75] - strategy recompute | changed=14 symbols=305
2026-07-01 05:41:30 | DEBUG    | [arbitrator.exchanges.ccxt_base:_ensure_markets_loaded:1353] - Markets loaded | exchange=mexc count=3151
2026-07-01 05:41:30 | ERROR    | [arbitrator.exchanges.ccxt_base:fetch_fee_schedule:1005] - market symbol not found for fees | exchange=mexc symbol=1000CAT/USDT:USDT
2026-07-01 05:41:30 | ERROR    | [arbitrator.exchanges.ccxt_base:fetch_fee_schedule:1005] - market symbol not found for fees | exchange=mexc symbol=ADI/USDT:USDT
2026-07-01 05:41:30 | ERROR    | [arbitrator.exchanges.ccxt_base:fetch_fee_schedule:1005] - market symbol not found for fees | exchange=mexc symbol=TRUMP/USDT:USDT
2026-07-01 05:41:30 | DEBUG    | [arbitrator.application.strategy_table_service:refresh:75] - strategy recompute | changed=0 symbols=305
2026-07-01 05:41:30 | DEBUG    | [arbitrator.application.strategy_table_service:refresh:75] - strategy recompute | changed=0 symbols=305
2026-07-01 05:41:30 | INFO     | [arbitrator.exchanges.ccxt_base:_ensure_open:1336] - Exchange client opened | exchange=bitget
2026-07-01 05:41:31 | DEBUG    | [arbitrator.application.strategy_table_service:refresh:75] - strategy recompute | changed=112 symbols=305
2026-07-01 05:41:31 | DEBUG    | [arbitrator.application.strategy_table_service:refresh:75] - strategy recompute | changed=26 symbols=305
2026-07-01 05:41:31 | DEBUG    | [arbitrator.application.strategy_table_service:refresh:75] - strategy recompute | changed=0 symbols=305
2026-07-01 05:41:32 | DEBUG    | [arbitrator.application.strategy_table_service:refresh:75] - strategy recompute | changed=0 symbols=305
2026-07-01 05:41:33 | DEBUG    | [arbitrator.application.strategy_table_service:refresh:75] - strategy recompute | changed=0 symbols=305
2026-07-01 05:41:33 | DEBUG    | [arbitrator.application.strategy_table_service:refresh:75] - strategy recompute | changed=0 symbols=305
2026-07-01 05:41:33 | DEBUG    | [arbitrator.exchanges.ccxt_base:watch_order_book:252] - watch_order_book transient, retrying | exchange=bitget symbol=BNB/USDT err=ChecksumError
2026-07-01 05:41:33 | DEBUG    | [arbitrator.exchanges.ccxt_base:watch_order_book:252] - watch_order_book transient, retrying | exchange=bitget symbol=BNB/USDT:USDT err=ChecksumError
2026-07-01 05:41:34 | DEBUG    | [arbitrator.application.strategy_table_service:refresh:75] - strategy recompute | changed=132 symbols=305
2026-07-01 05:41:34 | DEBUG    | [arbitrator.application.strategy_table_service:refresh:75] - strategy recompute | changed=0 symbols=305
2026-07-01 05:41:34 | DEBUG    | [arbitrator.application.strategy_table_service:refresh:75] - strategy recompute | changed=41 symbols=305
2026-07-01 05:41:35 | DEBUG    | [arbitrator.application.strategy_table_service:refresh:75] - strategy recompute | changed=71 symbols=305
2026-07-01 05:41:35 | DEBUG    | [arbitrator.application.strategy_table_service:refresh:75] - strategy recompute | changed=0 symbols=305
2026-07-01 05:41:35 | DEBUG    | [arbitrator.exchanges.ccxt_base:_ensure_markets_loaded:1353] - Markets loaded | exchange=bitget count=1928
2026-07-01 05:41:35 | ERROR    | [arbitrator.exchanges.ccxt_base:fetch_fee_schedule:1005] - market symbol not found for fees | exchange=bitget symbol=1000000BABYDOGE/USDT:USDT
2026-07-01 05:41:35 | ERROR    | [arbitrator.exchanges.ccxt_base:fetch_fee_schedule:1005] - market symbol not found for fees | exchange=bitget symbol=AGT/USDT:USDT
2026-07-01 05:41:35 | ERROR    | [arbitrator.exchanges.ccxt_base:fetch_fee_schedule:1005] - market symbol not found for fees | exchange=bitget symbol=AIA/USDT:USDT
2026-07-01 05:41:35 | ERROR    | [arbitrator.exchanges.ccxt_base:fetch_fee_schedule:1005] - market symbol not found for fees | exchange=bitget symbol=AIGENSYN/USDT:USDT
2026-07-01 05:41:35 | ERROR    | [arbitrator.exchanges.ccxt_base:fetch_fee_schedule:1005] - market symbol not found for fees | exchange=bitget symbol=AIOT/USDT:USDT
2026-07-01 05:41:35 | ERROR    | [arbitrator.exchanges.ccxt_base:fetch_fee_schedule:1005] - market symbol not found for fees | exchange=bitget symbol=AKE/USDT:USDT
2026-07-01 05:41:35 | ERROR    | [arbitrator.exchanges.ccxt_base:fetch_fee_schedule:1005] - market symbol not found for fees | exchange=bitget symbol=ALPINE/USDT:USDT
2026-07-01 05:41:35 | ERROR    | [arbitrator.exchanges.ccxt_base:fetch_fee_schedule:1005] - market symbol not found for fees | exchange=bitget symbol=AMP/USDT:USDT
2026-07-01 05:41:35 | DEBUG    | [arbitrator.application.strategy_table_service:refresh:75] - strategy recompute | changed=0 symbols=305
2026-07-01 05:41:35 | ERROR    | [arbitrator.exchanges.ccxt_base:fetch_fee_schedule:1005] - market symbol not found for fees | exchange=bitget symbol=APEX/USDT:USDT
2026-07-01 05:41:35 | ERROR    | [arbitrator.exchanges.ccxt_base:fetch_fee_schedule:1005] - market symbol not found for fees | exchange=bitget symbol=ASTEROID/USDT:USDT
2026-07-01 05:41:35 | ERROR    | [arbitrator.exchanges.ccxt_base:fetch_fee_schedule:1005] - market symbol not found for fees | exchange=bitget symbol=AVAAI/USDT:USDT
2026-07-01 05:41:35 | ERROR    | [arbitrator.exchanges.ccxt_base:fetch_fee_schedule:1005] - market symbol not found for fees | exchange=bitget symbol=B3/USDT:USDT
2026-07-01 05:41:35 | ERROR    | [arbitrator.exchanges.ccxt_base:fetch_fee_schedule:1005] - market symbol not found for fees | exchange=bitget symbol=BEAMX/USDT:USDT
2026-07-01 05:41:35 | ERROR    | [arbitrator.exchanges.ccxt_base:fetch_fee_schedule:1005] - market symbol not found for fees | exchange=bitget symbol=BEL/USDT:USDT
2026-07-01 05:41:35 | ERROR    | [arbitrator.exchanges.ccxt_base:fetch_fee_schedule:1005] - market symbol not found for fees | exchange=bitget symbol=BLEND/USDT:USDT
2026-07-01 05:41:35 | ERROR    | [arbitrator.exchanges.ccxt_base:fetch_fee_schedule:1005] - market symbol not found for fees | exchange=bitget symbol=BLUAI/USDT:USDT
2026-07-01 05:41:35 | ERROR    | [arbitrator.exchanges.ccxt_base:fetch_fee_schedule:1005] - market symbol not found for fees | exchange=bitget symbol=BMT/USDT:USDT
2026-07-01 05:41:35 | ERROR    | [arbitrator.exchanges.ccxt_base:fetch_fee_schedule:1005] - market symbol not found for fees | exchange=bitget symbol=BROCCOLIF3B/USDT:USDT
2026-07-01 05:41:35 | ERROR    | [arbitrator.exchanges.ccxt_base:fetch_fee_schedule:1005] - market symbol not found for fees | exchange=bitget symbol=BTR/USDT:USDT
2026-07-01 05:41:35 | ERROR    | [arbitrator.exchanges.ccxt_base:fetch_fee_schedule:1005] - market symbol not found for fees | exchange=bitget symbol=BULLA/USDT:USDT
2026-07-01 05:41:35 | ERROR    | [arbitrator.exchanges.ccxt_base:fetch_fee_schedule:1005] - market symbol not found for fees | exchange=bitget symbol=CHEEMS/USDT:USDT
2026-07-01 05:41:35 | ERROR    | [arbitrator.exchanges.ccxt_base:fetch_fee_schedule:1005] - market symbol not found for fees | exchange=bitget symbol=CLO/USDT:USDT
2026-07-01 05:41:35 | ERROR    | [arbitrator.exchanges.ccxt_base:fetch_fee_schedule:1005] - market symbol not found for fees | exchange=bitget symbol=COLLECT/USDT:USDT
2026-07-01 05:41:35 | ERROR    | [arbitrator.exchanges.ccxt_base:fetch_fee_schedule:1005] - market symbol not found for fees | exchange=bitget symbol=CORE/USDT:USDT
2026-07-01 05:41:36 | ERROR    | [arbitrator.exchanges.ccxt_base:fetch_fee_schedule:1005] - market symbol not found for fees | exchange=bitget symbol=CTC/USDT:USDT
2026-07-01 05:41:36 | ERROR    | [arbitrator.exchanges.ccxt_base:fetch_fee_schedule:1005] - market symbol not found for fees | exchange=bitget symbol=DUSK/USDT:USDT
2026-07-01 05:41:36 | ERROR    | [arbitrator.exchanges.ccxt_base:fetch_fee_schedule:1005] - market symbol not found for fees | exchange=bitget symbol=EDEN/USDT:USDT
2026-07-01 05:41:36 | ERROR    | [arbitrator.exchanges.ccxt_base:fetch_fee_schedule:1005] - market symbol not found for fees | exchange=bitget symbol=EDU/USDT:USDT
2026-07-01 05:41:36 | ERROR    | [arbitrator.exchanges.ccxt_base:fetch_fee_schedule:1005] - market symbol not found for fees | exchange=bitget symbol=FHE/USDT:USDT
2026-07-01 05:41:36 | ERROR    | [arbitrator.exchanges.ccxt_base:fetch_fee_schedule:1005] - market symbol not found for fees | exchange=bitget symbol=FLOW/USDT:USDT
2026-07-01 05:41:36 | ERROR    | [arbitrator.exchanges.ccxt_base:fetch_fee_schedule:1005] - market symbol not found for fees | exchange=bitget symbol=FLR/USDT:USDT
2026-07-01 05:41:36 | ERROR    | [arbitrator.exchanges.ccxt_base:fetch_fee_schedule:1005] - market symbol not found for fees | exchange=bitget symbol=GAIB/USDT:USDT
2026-07-01 05:41:36 | ERROR    | [arbitrator.exchanges.ccxt_base:fetch_fee_schedule:1005] - market symbol not found for fees | exchange=bitget symbol=GUA/USDT:USDT
2026-07-01 05:41:36 | ERROR    | [arbitrator.exchanges.ccxt_base:fetch_fee_schedule:1005] - market symbol not found for fees | exchange=bitget symbol=HANA/USDT:USDT
2026-07-01 05:41:36 | ERROR    | [arbitrator.exchanges.ccxt_base:fetch_fee_schedule:1005] - market symbol not found for fees | exchange=bitget symbol=HEI/USDT:USDT
2026-07-01 05:41:36 | ERROR    | [arbitrator.exchanges.ccxt_base:fetch_fee_schedule:1005] - market symbol not found for fees | exchange=bitget symbol=HEMI/USDT:USDT
2026-07-01 05:41:36 | ERROR    | [arbitrator.exchanges.ccxt_base:fetch_fee_schedule:1005] - market symbol not found for fees | exchange=bitget symbol=HIGH/USDT:USDT
2026-07-01 05:41:36 | ERROR    | [arbitrator.exchanges.ccxt_base:fetch_fee_schedule:1005] - market symbol not found for fees | exchange=bitget symbol=HMSTR/USDT:USDT
2026-07-01 05:41:36 | ERROR    | [arbitrator.exchanges.ccxt_base:fetch_fee_schedule:1005] - market symbol not found for fees | exchange=bitget symbol=HNT/USDT:USDT
2026-07-01 05:41:36 | ERROR    | [arbitrator.exchanges.ccxt_base:fetch_fee_schedule:1005] - market symbol not found for fees | exchange=bitget symbol=JELLYJELLY/USDT:USDT
2026-07-01 05:41:36 | ERROR    | [arbitrator.exchanges.ccxt_base:fetch_fee_schedule:1005] - market symbol not found for fees | exchange=bitget symbol=KOMA/USDT:USDT
2026-07-01 05:41:36 | ERROR    | [arbitrator.exchanges.ccxt_base:fetch_fee_schedule:1005] - market symbol not found for fees | exchange=bitget symbol=LIGHT/USDT:USDT
2026-07-01 05:41:36 | ERROR    | [arbitrator.exchanges.ccxt_base:fetch_fee_schedule:1005] - market symbol not found for fees | exchange=bitget symbol=LONGXIA/USDT:USDT
2026-07-01 05:41:36 | ERROR    | [arbitrator.exchanges.ccxt_base:fetch_fee_schedule:1005] - market symbol not found for fees | exchange=bitget symbol=LRC/USDT:USDT
2026-07-01 05:41:36 | ERROR    | [arbitrator.exchanges.ccxt_base:fetch_fee_schedule:1005] - market symbol not found for fees | exchange=bitget symbol=MAVIA/USDT:USDT
2026-07-01 05:41:36 | INFO     | [arbitrator.exchanges.ccxt_base:_ensure_open:1336] - Exchange client opened | exchange=gate
2026-07-01 05:41:36 | DEBUG    | [arbitrator.application.strategy_table_service:refresh:75] - strategy recompute | changed=44 symbols=305
2026-07-01 05:41:36 | DEBUG    | [arbitrator.application.strategy_table_service:refresh:75] - strategy recompute | changed=2 symbols=305
2026-07-01 05:41:36 | DEBUG    | [arbitrator.application.strategy_table_service:refresh:75] - strategy recompute | changed=0 symbols=305
2026-07-01 05:41:37 | DEBUG    | [arbitrator.application.strategy_table_service:refresh:75] - strategy recompute | changed=117 symbols=305
2026-07-01 05:41:37 | DEBUG    | [arbitrator.application.strategy_table_service:refresh:75] - strategy recompute | changed=0 symbols=305
2026-07-01 05:41:38 | DEBUG    | [arbitrator.application.strategy_table_service:refresh:75] - strategy recompute | changed=0 symbols=305
2026-07-01 05:41:38 | DEBUG    | [arbitrator.exchanges.ccxt_base:watch_order_book:252] - watch_order_book transient, retrying | exchange=bitget symbol=BNB/USDT err=ChecksumError
2026-07-01 05:41:38 | DEBUG    | [arbitrator.exchanges.ccxt_base:watch_order_book:252] - watch_order_book transient, retrying | exchange=bitget symbol=BNB/USDT:USDT err=ChecksumError
2026-07-01 05:41:38 | DEBUG    | [arbitrator.application.strategy_table_service:refresh:75] - strategy recompute | changed=57 symbols=305
2026-07-01 05:41:39 | DEBUG    | [arbitrator.application.strategy_table_service:refresh:75] - strategy recompute | changed=0 symbols=305
2026-07-01 05:41:39 | DEBUG    | [arbitrator.application.strategy_table_service:refresh:75] - strategy recompute | changed=0 symbols=305
2026-07-01 05:41:40 | DEBUG    | [arbitrator.application.strategy_table_service:refresh:75] - strategy recompute | changed=54 symbols=305
2026-07-01 05:41:40 | DEBUG    | [arbitrator.application.strategy_table_service:refresh:75] - strategy recompute | changed=0 symbols=305
2026-07-01 05:41:40 | DEBUG    | [arbitrator.application.strategy_table_service:refresh:75] - strategy recompute | changed=0 symbols=305
2026-07-01 05:41:41 | DEBUG    | [arbitrator.application.strategy_table_service:refresh:75] - strategy recompute | changed=23 symbols=305
2026-07-01 05:41:41 | DEBUG    | [arbitrator.application.strategy_table_service:refresh:75] - strategy recompute | changed=51 symbols=305
2026-07-01 05:41:42 | DEBUG    | [arbitrator.application.strategy_table_service:refresh:75] - strategy recompute | changed=0 symbols=305
2026-07-01 05:41:42 | DEBUG    | [arbitrator.application.strategy_table_service:refresh:75] - strategy recompute | changed=121 symbols=305
2026-07-01 05:41:42 | DEBUG    | [arbitrator.application.strategy_table_service:refresh:75] - strategy recompute | changed=2 symbols=305
2026-07-01 05:41:43 | DEBUG    | [arbitrator.application.strategy_table_service:refresh:75] - strategy recompute | changed=0 symbols=305
2026-07-01 05:41:43 | DEBUG    | [arbitrator.exchanges.ccxt_base:watch_order_book:252] - watch_order_book transient, retrying | exchange=bitget symbol=BNB/USDT:USDT err=ChecksumError
2026-07-01 05:41:43 | DEBUG    | [arbitrator.exchanges.ccxt_base:watch_order_book:252] - watch_order_book transient, retrying | exchange=bitget symbol=BNB/USDT err=ChecksumError
2026-07-01 05:41:43 | DEBUG    | [arbitrator.application.strategy_table_service:refresh:75] - strategy recompute | changed=3 symbols=305
2026-07-01 05:41:44 | DEBUG    | [arbitrator.application.strategy_table_service:refresh:75] - strategy recompute | changed=0 symbols=305
2026-07-01 05:41:44 | DEBUG    | [arbitrator.application.strategy_table_service:refresh:75] - strategy recompute | changed=0 symbols=305
2026-07-01 05:41:45 | DEBUG    | [arbitrator.application.strategy_table_service:refresh:75] - strategy recompute | changed=61 symbols=305
