2026-06-25 04:40:05 | INFO     | [starlette.middleware.sessions:send_wrapper:86] - [uvicorn.error] 127.0.0.1:61612 - "WebSocket /_stcore/stream" [accepted]
2026-06-25 04:40:05 | INFO     | [websockets.legacy.server:handler:161] - [uvicorn.error] connection open
2026-06-25 04:40:06 | INFO     | [asyncio.events:_run:80] - [uvicorn.error] connection closed
2026-06-25 04:40:08 | INFO     | [__main__:<module>:16] - Arbitrator starting | exchanges=['mexc', 'bitget', 'gate', 'bingx']
2026-06-25 04:40:08 | INFO     | [__main__:<module>:16] - Arbitrator starting | exchanges=['mexc', 'bitget', 'gate', 'bingx']
2026-06-25 04:40:08 | INFO     | [__main__:<module>:16] - Arbitrator starting | exchanges=['mexc', 'bitget', 'gate', 'bingx']
2026-06-25 04:40:08 | INFO     | [__main__:<module>:16] - Arbitrator starting | exchanges=['mexc', 'bitget', 'gate', 'bingx']
2026-06-25 04:40:09 | INFO     | [arbitrator.presentation.streamlit_app:run:104] - UI run | section=Screener
2026-06-25 04:40:09 | INFO     | [arbitrator.presentation.streamlit_app:run:104] - UI run | section=Screener
2026-06-25 04:40:11 | INFO     | [__main__:<module>:16] - Arbitrator starting | exchanges=['mexc', 'bitget', 'gate', 'bingx']
2026-06-25 04:40:11 | INFO     | [arbitrator.presentation.streamlit_app:run:104] - UI run | section=Screener
2026-06-25 04:40:11 | INFO     | [arbitrator.presentation.sidebar.screener.screener_view:render:75] - Screener reconnect requested from UI
2026-06-25 04:40:12 | INFO     | [__main__:<module>:16] - Arbitrator starting | exchanges=['mexc', 'bitget', 'gate', 'bingx']
2026-06-25 04:40:12 | INFO     | [arbitrator.presentation.streamlit_app:run:104] - UI run | section=Screener
2026-06-25 04:40:12 | INFO     | [arbitrator.presentation.sidebar.screener.screener_view:_ensure_worker:269] - Screener background worker started | nonce=1 stream_volume_usdt=50000.0
2026-06-25 04:40:12 | INFO     | [arbitrator.application.symbol_universe_service:_filter:111] - Universe filtered | total=1395 after_min_exchanges=728 after_exclusions=727
2026-06-25 04:40:12 | INFO     | [arbitrator.application.screener_stream_worker:_discovery_phase:165] - Volume discovery started | symbols=727 threshold_usdt=50000.0 timeout_s=30.0
2026-06-25 04:40:12 | INFO     | [arbitrator.application.multi_exchange_watcher:_spawn_watchers:52] - Spawning watchers | exchanges=['mexc', 'bitget', 'gate', 'bingx'] symbols={'mexc': 582, 'bitget': 596, 'gate': 661, 'bingx': 473}
2026-06-25 04:40:12 | DEBUG    | [arbitrator.application.multi_exchange_watcher:_watch:72] - Watcher start | exchange=mexc symbols=582
2026-06-25 04:40:12 | INFO     | [arbitrator.exchanges.ccxt_base:_ensure_open:931] - Exchange client opened | exchange=mexc
2026-06-25 04:40:12 | DEBUG    | [arbitrator.application.multi_exchange_watcher:_watch:72] - Watcher start | exchange=bitget symbols=596
2026-06-25 04:40:13 | INFO     | [arbitrator.exchanges.ccxt_base:_ensure_open:931] - Exchange client opened | exchange=bitget
2026-06-25 04:40:13 | DEBUG    | [arbitrator.application.multi_exchange_watcher:_watch:72] - Watcher start | exchange=gate symbols=661
2026-06-25 04:40:13 | INFO     | [arbitrator.exchanges.ccxt_base:_ensure_open:931] - Exchange client opened | exchange=gate
2026-06-25 04:40:13 | DEBUG    | [arbitrator.application.multi_exchange_watcher:_watch:72] - Watcher start | exchange=bingx symbols=473
2026-06-25 04:40:13 | INFO     | [arbitrator.exchanges.ccxt_base:_ensure_open:931] - Exchange client opened | exchange=bingx
2026-06-25 04:40:18 | DEBUG    | [arbitrator.exchanges.ccxt_base:_ensure_markets_loaded:948] - Markets loaded | exchange=bitget count=1913
2026-06-25 04:40:18 | INFO     | [arbitrator.exchanges.ccxt_base:watch_tickers:160] - Streaming tickers | exchange=bitget symbols=596 mode=bulk chunks=12
2026-06-25 04:40:18 | DEBUG    | [arbitrator.exchanges.ccxt_base:_stream_bulk:819] - Bulk stream chunks | exchange=bitget chunks=12 chunk_size=50
2026-06-25 04:40:22 | DEBUG    | [arbitrator.exchanges.ccxt_base:_ensure_markets_loaded:948] - Markets loaded | exchange=bingx count=3026
2026-06-25 04:40:22 | INFO     | [arbitrator.exchanges.ccxt_base:watch_tickers:160] - Streaming tickers | exchange=bingx symbols=473 mode=fanout chunks=-
2026-06-25 04:40:26 | DEBUG    | [arbitrator.exchanges.ccxt_base:_ensure_markets_loaded:948] - Markets loaded | exchange=mexc count=3238
2026-06-25 04:40:26 | DEBUG    | [arbitrator.exchanges.mexc:watch_tickers:52] - watch_tickers skipped non-api contracts | exchange=mexc skipped=32
2026-06-25 04:40:26 | INFO     | [arbitrator.exchanges.ccxt_base:watch_tickers:160] - Streaming tickers | exchange=mexc symbols=550 mode=bulk chunks=11
2026-06-25 04:40:26 | DEBUG    | [arbitrator.exchanges.ccxt_base:_stream_bulk:819] - Bulk stream chunks | exchange=mexc chunks=11 chunk_size=50
2026-06-25 04:40:42 | INFO     | [arbitrator.application.screener_stream_worker:_discovery_phase:192] - Volume discovery timed out | eligible=577 pending=150
2026-06-25 04:40:42 | DEBUG    | [arbitrator.application.multi_exchange_watcher:_watch:86] - Watcher cancelled | exchange=mexc
2026-06-25 04:40:42 | DEBUG    | [arbitrator.application.multi_exchange_watcher:_watch:86] - Watcher cancelled | exchange=bitget
2026-06-25 04:40:42 | DEBUG    | [arbitrator.application.multi_exchange_watcher:_watch:86] - Watcher cancelled | exchange=gate
2026-06-25 04:40:42 | DEBUG    | [arbitrator.application.multi_exchange_watcher:_watch:86] - Watcher cancelled | exchange=bingx
2026-06-25 04:40:44 | DEBUG    | [arbitrator.exchanges.ccxt_base:close:806] - Exchange closed | exchange=mexc
2026-06-25 04:40:45 | DEBUG    | [arbitrator.exchanges.ccxt_base:close:806] - Exchange closed | exchange=bitget
2026-06-25 04:40:46 | DEBUG    | [arbitrator.exchanges.ccxt_base:close:806] - Exchange closed | exchange=gate
2026-06-25 04:40:46 | DEBUG    | [arbitrator.exchanges.ccxt_base:close:806] - Exchange closed | exchange=bingx
2026-06-25 04:40:46 | INFO     | [arbitrator.application.screener_stream_worker:_async_main:139] - Volume gate applied | threshold_usdt=50000.0 eligible=577 rejected=0
2026-06-25 04:40:46 | INFO     | [arbitrator.application.multi_exchange_watcher:_spawn_watchers:52] - Spawning watchers | exchanges=['mexc', 'bitget', 'gate', 'bingx'] symbols={'mexc': 553, 'bitget': 475, 'gate': 538, 'bingx': 459}
2026-06-25 04:40:46 | DEBUG    | [arbitrator.application.multi_exchange_watcher:_watch:72] - Watcher start | exchange=mexc symbols=553
2026-06-25 04:40:47 | INFO     | [arbitrator.exchanges.ccxt_base:_ensure_open:931] - Exchange client opened | exchange=mexc
2026-06-25 04:40:47 | DEBUG    | [arbitrator.application.multi_exchange_watcher:_watch:72] - Watcher start | exchange=bitget symbols=475
2026-06-25 04:40:47 | INFO     | [arbitrator.exchanges.ccxt_base:_ensure_open:931] - Exchange client opened | exchange=bitget
2026-06-25 04:40:47 | DEBUG    | [arbitrator.application.multi_exchange_watcher:_watch:72] - Watcher start | exchange=gate symbols=538
2026-06-25 04:40:47 | INFO     | [arbitrator.exchanges.ccxt_base:_ensure_open:931] - Exchange client opened | exchange=gate
2026-06-25 04:40:47 | DEBUG    | [arbitrator.application.multi_exchange_watcher:_watch:72] - Watcher start | exchange=bingx symbols=459
2026-06-25 04:40:48 | INFO     | [arbitrator.exchanges.ccxt_base:_ensure_open:931] - Exchange client opened | exchange=bingx
2026-06-25 04:40:52 | DEBUG    | [arbitrator.exchanges.ccxt_base:_ensure_markets_loaded:948] - Markets loaded | exchange=bitget count=1913
2026-06-25 04:40:52 | INFO     | [arbitrator.exchanges.ccxt_base:watch_tickers:160] - Streaming tickers | exchange=bitget symbols=475 mode=bulk chunks=10
2026-06-25 04:40:52 | DEBUG    | [arbitrator.exchanges.ccxt_base:_stream_bulk:819] - Bulk stream chunks | exchange=bitget chunks=10 chunk_size=50
2026-06-25 04:40:57 | DEBUG    | [arbitrator.exchanges.ccxt_base:_ensure_markets_loaded:948] - Markets loaded | exchange=bingx count=3026
2026-06-25 04:40:57 | INFO     | [arbitrator.exchanges.ccxt_base:watch_tickers:160] - Streaming tickers | exchange=bingx symbols=459 mode=fanout chunks=-
2026-06-25 04:41:09 | DEBUG    | [arbitrator.exchanges.ccxt_base:_ensure_markets_loaded:948] - Markets loaded | exchange=mexc count=3238
2026-06-25 04:41:09 | DEBUG    | [arbitrator.exchanges.mexc:watch_tickers:52] - watch_tickers skipped non-api contracts | exchange=mexc skipped=3
2026-06-25 04:41:09 | INFO     | [arbitrator.exchanges.ccxt_base:watch_tickers:160] - Streaming tickers | exchange=mexc symbols=550 mode=bulk chunks=11
2026-06-25 04:41:09 | DEBUG    | [arbitrator.exchanges.ccxt_base:_stream_bulk:819] - Bulk stream chunks | exchange=mexc chunks=11 chunk_size=50
2026-06-25 04:41:13 | DEBUG    | [arbitrator.exchanges.ccxt_base:_ensure_markets_loaded:948] - Markets loaded | exchange=gate count=5987
2026-06-25 04:41:13 | DEBUG    | [arbitrator.exchanges.gate:watch_tickers:52] - watch_tickers skipped non-tradable contracts | exchange=gate skipped=3
2026-06-25 04:41:13 | INFO     | [arbitrator.exchanges.ccxt_base:watch_tickers:160] - Streaming tickers | exchange=gate symbols=535 mode=bulk chunks=11
2026-06-25 04:41:13 | DEBUG    | [arbitrator.exchanges.ccxt_base:_stream_bulk:819] - Bulk stream chunks | exchange=gate chunks=11 chunk_size=50
2026-06-25 04:44:29 | INFO     | [__main__:<module>:16] - Arbitrator starting | exchanges=['mexc', 'bitget', 'gate', 'bingx']
2026-06-25 04:44:29 | INFO     | [arbitrator.presentation.streamlit_app:run:104] - UI run | section=Opportunity
2026-06-25 04:44:29 | INFO     | [arbitrator.application.screener_stream_worker:_stream_loop:215] - Closing screener watcher
2026-06-25 04:44:29 | DEBUG    | [arbitrator.application.multi_exchange_watcher:_watch:86] - Watcher cancelled | exchange=bingx
2026-06-25 04:44:29 | DEBUG    | [arbitrator.application.multi_exchange_watcher:_watch:86] - Watcher cancelled | exchange=mexc
2026-06-25 04:44:29 | DEBUG    | [arbitrator.application.multi_exchange_watcher:_watch:86] - Watcher cancelled | exchange=bitget
2026-06-25 04:44:29 | DEBUG    | [arbitrator.application.multi_exchange_watcher:_watch:86] - Watcher cancelled | exchange=gate
2026-06-25 04:44:30 | ERROR    | [asyncio.base_events:call_exception_handler:1797] - [asyncio] Exception in callback Client.receive_loop.<locals>.after_interrupt(<Task cancell...nt_ws.py:312>>) at C:\shere-folder\arbitrator\.venv\Lib\site-packages\ccxt\async_support\base\ws\client.py:139
handle: <Handle Client.receive_loop.<locals>.after_interrupt(<Task cancell...nt_ws.py:312>>) at C:\shere-folder\arbitrator\.venv\Lib\site-packages\ccxt\async_support\base\ws\client.py:139>
Traceback (most recent call last):

  File "C:\shere-folder\arbitrator\src\arbitrator\exchanges\ccxt_base.py", line 913, in _stream_fanout
    symbol, ticker = await queue.get()
    │                      │     └ <function Queue.get at 0x0000024F832C1620>
    │                      └ <Queue at 0x24ff6a910d0 maxsize=0 _queue=[('BTW/USDT:USDT', Ticker(symbol='BTW/USDT:USDT', last=0.09515, high_24h=0.11995, lo...
    └ 'ICP/USDT:USDT'

  File "C:\Users\dev_home\AppData\Local\Programs\Python\Python311\Lib\asyncio\queues.py", line 158, in get
    await getter
          └ <Future finished result=None>

asyncio.exceptions.CancelledError


During handling of the above exception, another exception occurred:


Traceback (most recent call last):

  File "C:\Users\dev_home\AppData\Local\Programs\Python\Python311\Lib\asyncio\runners.py", line 190, in run
    return runner.run(main)
           │      │   └ <coroutine object ScreenerStreamWorker._async_main at 0x0000024F868E1E40>
           │      └ <function Runner.run at 0x0000024F832C0680>
           └ <asyncio.runners.Runner object at 0x0000024FB46512D0>
  File "C:\Users\dev_home\AppData\Local\Programs\Python\Python311\Lib\asyncio\runners.py", line 118, in run
    return self._loop.run_until_complete(task)
           │    │     │                  └ <Task cancelled name='Task-88' coro=<ScreenerStreamWorker._async_main() done, defined at C:\shere-folder\arbitrator\src\arbit...
           │    │     └ <function BaseEventLoop.run_until_complete at 0x0000024F832BA0C0>
           │    └ <ProactorEventLoop running=True closed=False debug=False>
           └ <asyncio.runners.Runner object at 0x0000024FB46512D0>
  File "C:\Users\dev_home\AppData\Local\Programs\Python\Python311\Lib\asyncio\base_events.py", line 653, in run_until_complete
    return future.result()
           │      └ <method 'result' of '_asyncio.Task' objects>
           └ <Task cancelled name='Task-88' coro=<ScreenerStreamWorker._async_main() done, defined at C:\shere-folder\arbitrator\src\arbit...

  File "C:\shere-folder\arbitrator\src\arbitrator\application\screener_stream_worker.py", line 152, in _async_main
    await self._stream_loop(named_exchanges, filtered_by_exchange)
          │    │            │                └ {'binance': ['0G/USDT:USDT', '1000000BOB/USDT:USDT', '1000000MOG/USDT:USDT', '1000BONK/USDT:USDT', '1000CAT/USDT:USDT', '1000...
          │    │            └ [NamedExchange(exchange_id='mexc', display_name='MEXC', gateway=<arbitrator.exchanges.mexc.Mexc object at 0x0000024F86BE6D10>...
          │    └ <function ScreenerStreamWorker._stream_loop at 0x0000024FB4BB94E0>
          └ <arbitrator.application.screener_stream_worker.ScreenerStreamWorker object at 0x0000024FB4BB1010>

  File "C:\shere-folder\arbitrator\src\arbitrator\application\screener_stream_worker.py", line 216, in _stream_loop
    await watcher.close()
          │       └ <function MultiExchangeWatcher.close at 0x0000024FB4B28FE0>
          └ <arbitrator.application.multi_exchange_watcher.MultiExchangeWatcher object at 0x0000024FF6ED4050>

  File "C:\shere-folder\arbitrator\src\arbitrator\application\multi_exchange_watcher.py", line 44, in close
    await self._cancel_watchers()
          │    └ <function MultiExchangeWatcher._cancel_watchers at 0x0000024FB4B291C0>
          └ <arbitrator.application.multi_exchange_watcher.MultiExchangeWatcher object at 0x0000024FF6ED4050>

  File "C:\shere-folder\arbitrator\src\arbitrator\application\multi_exchange_watcher.py", line 103, in _cancel_watchers
    await asyncio.gather(*self._tasks, return_exceptions=True)
          │       │       │    └ []
          │       │       └ <arbitrator.application.multi_exchange_watcher.MultiExchangeWatcher object at 0x0000024FF6ED4050>
          │       └ <function gather at 0x0000024F832AD1C0>
          └ <module 'asyncio' from 'C:\\Users\\dev_home\\AppData\\Local\\Programs\\Python\\Python311\\Lib\\asyncio\\__init__.py'>

  File "C:\shere-folder\arbitrator\src\arbitrator\application\multi_exchange_watcher.py", line 79, in _watch
    async for tickers in exch.gateway.watch_tickers(symbols):
              │          │    │                     └ ['0G/USDT:USDT', '1000000BABYDOGE/USDT:USDT', '1000000BOB/USDT:USDT', '1000000MOG/USDT:USDT', '1000BONK/USDT:USDT', '1000CAT/...
              │          │    └ <member 'gateway' of 'NamedExchange' objects>
              │          └ NamedExchange(exchange_id='bingx', display_name='BingX', gateway=<arbitrator.exchanges.bingx.Bingx object at 0x0000024FB510CF...
              └ {'ICP/USDT:USDT': Ticker(symbol='ICP/USDT:USDT', last=2.182, high_24h=2.219, low_24h=2.041, base_volume_24h=9679350.37, quote...

  File "C:\shere-folder\arbitrator\src\arbitrator\exchanges\ccxt_base.py", line 171, in watch_tickers
    async for update in self._stream_fanout(client, symbol_list):
              │         │    │              │       └ ['0G/USDT:USDT', '1000000BABYDOGE/USDT:USDT', '1000000BOB/USDT:USDT', '1000000MOG/USDT:USDT', '1000BONK/USDT:USDT', '1000CAT/...
              │         │    │              └ ccxt.async_support.bingx()
              │         │    └ <function CcxtBase._stream_fanout at 0x0000024F8C1EC720>
              │         └ <arbitrator.exchanges.bingx.Bingx object at 0x0000024FB510CF10>
              └ {'ICP/USDT:USDT': Ticker(symbol='ICP/USDT:USDT', last=2.182, high_24h=2.219, low_24h=2.041, base_volume_24h=9679350.37, quote...

  File "C:\shere-folder\arbitrator\src\arbitrator\exchanges\ccxt_base.py", line 923, in _stream_fanout
    await asyncio.gather(*tasks, return_exceptions=True)
          │       │       └ [<Task cancelled name='watch_ticker:bingx:0G/USDT:USDT' coro=<CcxtBase._stream_fanout.<locals>._watch_one() done, defined at ...
          │       └ <function gather at 0x0000024F832AD1C0>
          └ <module 'asyncio' from 'C:\\Users\\dev_home\\AppData\\Local\\Programs\\Python\\Python311\\Lib\\asyncio\\__init__.py'>

  File "C:\shere-folder\arbitrator\src\arbitrator\exchanges\ccxt_base.py", line 885, in _watch_one
    payload = await client.watch_ticker(symbol)
                    │      │            └ 'ZRX/USDT:USDT'
                    │      └ <function bingx.watch_ticker at 0x0000024F8BED42C0>
                    └ ccxt.async_support.bingx()

  File "C:\shere-folder\arbitrator\.venv\Lib\site-packages\ccxt\pro\bingx.py", line 177, in watch_ticker
    return await self.watch(url, messageHash, self.extend(request, params), messageHash, subscription)
                 │    │     │    │            │    │      │        │        │            └ {'unsubscribe': False, 'id': 'b43e3002-16be-4c55-8b48-e819f121d612'}
                 │    │     │    │            │    │      │        │        └ 'ticker::ZRX/USDT:USDT'
                 │    │     │    │            │    │      │        └ {}
                 │    │     │    │            │    │      └ {'id': 'b43e3002-16be-4c55-8b48-e819f121d612', 'dataType': 'ZRX-USDT@ticker', 'reqType': 'sub'}
                 │    │     │    │            │    └ <staticmethod(<function Exchange.extend at 0x0000024F88E18860>)>
                 │    │     │    │            └ ccxt.async_support.bingx()
                 │    │     │    └ 'ticker::ZRX/USDT:USDT'
                 │    │     └ 'wss://open-api-swap.bingx.com/swap-market'
                 │    └ <function Exchange.watch at 0x0000024F8A57B740>
                 └ ccxt.async_support.bingx()

asyncio.exceptions.CancelledError


During handling of the above exception, another exception occurred:


Traceback (most recent call last):

  File "c:\Users\dev_home\.cursor\extensions\ms-python.debugpy-2026.6.0-win32-x64\bundled\libs\debugpy\_vendored\pydevd\_pydev_bundle\pydev_monkey.py", line 1134, in __call__
    ret = self.original_func(*self.args, **self.kwargs)
          │    │              │    │       │    └ {}
          │    │              │    │       └ <_pydev_bundle.pydev_monkey._NewThreadStartupWithTrace object at 0x0000024F86BE6C50>
          │    │              │    └ ()
          │    │              └ <_pydev_bundle.pydev_monkey._NewThreadStartupWithTrace object at 0x0000024F86BE6C50>
          │    └ <bound method Thread._bootstrap of <Thread(screener-stream:1, started daemon 16316)>>
          └ <_pydev_bundle.pydev_monkey._NewThreadStartupWithTrace object at 0x0000024F86BE6C50>

  File "C:\Users\dev_home\AppData\Local\Programs\Python\Python311\Lib\threading.py", line 1002, in _bootstrap
    self._bootstrap_inner()
    │    └ <function Thread._bootstrap_inner at 0x0000024F80001300>
    └ <Thread(screener-stream:1, started daemon 16316)>
  File "C:\Users\dev_home\AppData\Local\Programs\Python\Python311\Lib\threading.py", line 1045, in _bootstrap_inner
    self.run()
    │    └ <function Thread.run at 0x0000024F80000FE0>
    └ <Thread(screener-stream:1, started daemon 16316)>
  File "C:\Users\dev_home\AppData\Local\Programs\Python\Python311\Lib\threading.py", line 982, in run
    self._target(*self._args, **self._kwargs)
    │    │        │    │        │    └ {}
    │    │        │    │        └ <Thread(screener-stream:1, started daemon 16316)>
    │    │        │    └ ()
    │    │        └ <Thread(screener-stream:1, started daemon 16316)>
    │    └ <bound method ScreenerStreamWorker._thread_main of <arbitrator.application.screener_stream_worker.ScreenerStreamWorker object...
    └ <Thread(screener-stream:1, started daemon 16316)>

  File "C:\shere-folder\arbitrator\src\arbitrator\application\screener_stream_worker.py", line 88, in _thread_main
    asyncio.run(self._async_main())
    │       │   │    └ <function ScreenerStreamWorker._async_main at 0x0000024FB4BB93A0>
    │       │   └ <arbitrator.application.screener_stream_worker.ScreenerStreamWorker object at 0x0000024FB4BB1010>
    │       └ <function run at 0x0000024F83293E20>
    └ <module 'asyncio' from 'C:\\Users\\dev_home\\AppData\\Local\\Programs\\Python\\Python311\\Lib\\asyncio\\__init__.py'>

  File "C:\Users\dev_home\AppData\Local\Programs\Python\Python311\Lib\asyncio\runners.py", line 189, in run
    with Runner(debug=debug) as runner:
         │            │         └ <asyncio.runners.Runner object at 0x0000024FB46512D0>
         │            └ None
         └ <class 'asyncio.runners.Runner'>
  File "C:\Users\dev_home\AppData\Local\Programs\Python\Python311\Lib\asyncio\runners.py", line 63, in __exit__
    self.close()
    │    └ <function Runner.close at 0x0000024F832C0540>
    └ <asyncio.runners.Runner object at 0x0000024FB46512D0>
  File "C:\Users\dev_home\AppData\Local\Programs\Python\Python311\Lib\asyncio\runners.py", line 71, in close
    _cancel_all_tasks(loop)
    │                 └ <ProactorEventLoop running=True closed=False debug=False>
    └ <function _cancel_all_tasks at 0x0000024F832C02C0>
  File "C:\Users\dev_home\AppData\Local\Programs\Python\Python311\Lib\asyncio\runners.py", line 201, in _cancel_all_tasks
    loop.run_until_complete(tasks.gather(*to_cancel, return_exceptions=True))
    │    │                  │     │       └ {<Task cancelled name='Task-3071' coro=<Client.ping_loop() done, defined at C:\shere-folder\arbitrator\.venv\Lib\site-package...
    │    │                  │     └ <function gather at 0x0000024F832AD1C0>
    │    │                  └ <module 'asyncio.tasks' from 'C:\\Users\\dev_home\\AppData\\Local\\Programs\\Python\\Python311\\Lib\\asyncio\\tasks.py'>
    │    └ <function BaseEventLoop.run_until_complete at 0x0000024F832BA0C0>
    └ <ProactorEventLoop running=True closed=False debug=False>
  File "C:\Users\dev_home\AppData\Local\Programs\Python\Python311\Lib\asyncio\base_events.py", line 640, in run_until_complete
    self.run_forever()
    │    └ <function ProactorEventLoop.run_forever at 0x0000024F8333C040>
    └ <ProactorEventLoop running=True closed=False debug=False>
  File "C:\Users\dev_home\AppData\Local\Programs\Python\Python311\Lib\asyncio\windows_events.py", line 321, in run_forever
    super().run_forever()
  File "C:\Users\dev_home\AppData\Local\Programs\Python\Python311\Lib\asyncio\base_events.py", line 607, in run_forever
    self._run_once()
    │    └ <function BaseEventLoop._run_once at 0x0000024F832BBE20>
    └ <ProactorEventLoop running=True closed=False debug=False>
  File "C:\Users\dev_home\AppData\Local\Programs\Python\Python311\Lib\asyncio\base_events.py", line 1922, in _run_once
    handle._run()
    │      └ <function Handle._run at 0x0000024F83123880>
    └ <Handle Client.receive_loop.<locals>.after_interrupt(<Task cancell...nt_ws.py:312>>) at C:\shere-folder\arbitrator\.venv\Lib\...
> File "C:\Users\dev_home\AppData\Local\Programs\Python\Python311\Lib\asyncio\events.py", line 80, in _run
    self._context.run(self._callback, *self._args)
    │    │            │    │           │    └ <member '_args' of 'Handle' objects>
    │    │            │    │           └ <Handle Client.receive_loop.<locals>.after_interrupt(<Task cancell...nt_ws.py:312>>) at C:\shere-folder\arbitrator\.venv\Lib\...
    │    │            │    └ <member '_callback' of 'Handle' objects>
    │    │            └ <Handle Client.receive_loop.<locals>.after_interrupt(<Task cancell...nt_ws.py:312>>) at C:\shere-folder\arbitrator\.venv\Lib\...
    │    └ <member '_context' of 'Handle' objects>
    └ <Handle Client.receive_loop.<locals>.after_interrupt(<Task cancell...nt_ws.py:312>>) at C:\shere-folder\arbitrator\.venv\Lib\...
  File "C:\shere-folder\arbitrator\.venv\Lib\site-packages\ccxt\async_support\base\ws\client.py", line 140, in after_interrupt
    exception = resolved.exception()
                │        └ <method 'exception' of '_asyncio.Task' objects>
                └ <Task cancelled name='Task-13495' coro=<ClientWebSocketResponse.receive() done, defined at C:\shere-folder\arbitrator\.venv\L...
  File "C:\shere-folder\arbitrator\.venv\Lib\site-packages\aiohttp\client_ws.py", line 312, in receive
    async def receive(self, timeout: Optional[float] = None) -> WSMessage:
                      │     │        │                          └ <class 'aiohttp._websocket.models.WSMessage'>
                      │     │        └ typing.Optional
                      │     └ None
                      └ <aiohttp.client_ws.ClientWebSocketResponse object at 0x0000025004A61250>

asyncio.exceptions.CancelledError
2026-06-25 04:44:30 | ERROR    | [asyncio.base_events:call_exception_handler:1797] - [asyncio] Exception in callback Client.receive_loop.<locals>.after_interrupt(<Task cancell...nt_ws.py:312>>) at C:\shere-folder\arbitrator\.venv\Lib\site-packages\ccxt\async_support\base\ws\client.py:139
handle: <Handle Client.receive_loop.<locals>.after_interrupt(<Task cancell...nt_ws.py:312>>) at C:\shere-folder\arbitrator\.venv\Lib\site-packages\ccxt\async_support\base\ws\client.py:139>
Traceback (most recent call last):

  File "C:\shere-folder\arbitrator\src\arbitrator\exchanges\ccxt_base.py", line 913, in _stream_fanout
    symbol, ticker = await queue.get()
    │                      │     └ <function Queue.get at 0x0000024F832C1620>
    │                      └ <Queue at 0x24ff6a910d0 maxsize=0 _queue=[('BTW/USDT:USDT', Ticker(symbol='BTW/USDT:USDT', last=0.09515, high_24h=0.11995, lo...
    └ 'ICP/USDT:USDT'

  File "C:\Users\dev_home\AppData\Local\Programs\Python\Python311\Lib\asyncio\queues.py", line 158, in get
    await getter
          └ <Future finished result=None>

asyncio.exceptions.CancelledError


During handling of the above exception, another exception occurred:


Traceback (most recent call last):

  File "C:\Users\dev_home\AppData\Local\Programs\Python\Python311\Lib\asyncio\runners.py", line 190, in run
    return runner.run(main)
           │      │   └ <coroutine object ScreenerStreamWorker._async_main at 0x0000024F868E1E40>
           │      └ <function Runner.run at 0x0000024F832C0680>
           └ <asyncio.runners.Runner object at 0x0000024FB46512D0>
  File "C:\Users\dev_home\AppData\Local\Programs\Python\Python311\Lib\asyncio\runners.py", line 118, in run
    return self._loop.run_until_complete(task)
           │    │     │                  └ <Task cancelled name='Task-88' coro=<ScreenerStreamWorker._async_main() done, defined at C:\shere-folder\arbitrator\src\arbit...
           │    │     └ <function BaseEventLoop.run_until_complete at 0x0000024F832BA0C0>
           │    └ <ProactorEventLoop running=True closed=False debug=False>
           └ <asyncio.runners.Runner object at 0x0000024FB46512D0>
  File "C:\Users\dev_home\AppData\Local\Programs\Python\Python311\Lib\asyncio\base_events.py", line 653, in run_until_complete
    return future.result()
           │      └ <method 'result' of '_asyncio.Task' objects>
           └ <Task cancelled name='Task-88' coro=<ScreenerStreamWorker._async_main() done, defined at C:\shere-folder\arbitrator\src\arbit...

  File "C:\shere-folder\arbitrator\src\arbitrator\application\screener_stream_worker.py", line 152, in _async_main
    await self._stream_loop(named_exchanges, filtered_by_exchange)
          │    │            │                └ {'binance': ['0G/USDT:USDT', '1000000BOB/USDT:USDT', '1000000MOG/USDT:USDT', '1000BONK/USDT:USDT', '1000CAT/USDT:USDT', '1000...
          │    │            └ [NamedExchange(exchange_id='mexc', display_name='MEXC', gateway=<arbitrator.exchanges.mexc.Mexc object at 0x0000024F86BE6D10>...
          │    └ <function ScreenerStreamWorker._stream_loop at 0x0000024FB4BB94E0>
          └ <arbitrator.application.screener_stream_worker.ScreenerStreamWorker object at 0x0000024FB4BB1010>

  File "C:\shere-folder\arbitrator\src\arbitrator\application\screener_stream_worker.py", line 216, in _stream_loop
    await watcher.close()
          │       └ <function MultiExchangeWatcher.close at 0x0000024FB4B28FE0>
          └ <arbitrator.application.multi_exchange_watcher.MultiExchangeWatcher object at 0x0000024FF6ED4050>

  File "C:\shere-folder\arbitrator\src\arbitrator\application\multi_exchange_watcher.py", line 44, in close
    await self._cancel_watchers()
          │    └ <function MultiExchangeWatcher._cancel_watchers at 0x0000024FB4B291C0>
          └ <arbitrator.application.multi_exchange_watcher.MultiExchangeWatcher object at 0x0000024FF6ED4050>

  File "C:\shere-folder\arbitrator\src\arbitrator\application\multi_exchange_watcher.py", line 103, in _cancel_watchers
    await asyncio.gather(*self._tasks, return_exceptions=True)
          │       │       │    └ []
          │       │       └ <arbitrator.application.multi_exchange_watcher.MultiExchangeWatcher object at 0x0000024FF6ED4050>
          │       └ <function gather at 0x0000024F832AD1C0>
          └ <module 'asyncio' from 'C:\\Users\\dev_home\\AppData\\Local\\Programs\\Python\\Python311\\Lib\\asyncio\\__init__.py'>

  File "C:\shere-folder\arbitrator\src\arbitrator\application\multi_exchange_watcher.py", line 79, in _watch
    async for tickers in exch.gateway.watch_tickers(symbols):
              │          │    │                     └ ['0G/USDT:USDT', '1000000BABYDOGE/USDT:USDT', '1000000BOB/USDT:USDT', '1000000MOG/USDT:USDT', '1000BONK/USDT:USDT', '1000CAT/...
              │          │    └ <member 'gateway' of 'NamedExchange' objects>
              │          └ NamedExchange(exchange_id='bingx', display_name='BingX', gateway=<arbitrator.exchanges.bingx.Bingx object at 0x0000024FB510CF...
              └ {'ICP/USDT:USDT': Ticker(symbol='ICP/USDT:USDT', last=2.182, high_24h=2.219, low_24h=2.041, base_volume_24h=9679350.37, quote...

  File "C:\shere-folder\arbitrator\src\arbitrator\exchanges\ccxt_base.py", line 171, in watch_tickers
    async for update in self._stream_fanout(client, symbol_list):
              │         │    │              │       └ ['0G/USDT:USDT', '1000000BABYDOGE/USDT:USDT', '1000000BOB/USDT:USDT', '1000000MOG/USDT:USDT', '1000BONK/USDT:USDT', '1000CAT/...
              │         │    │              └ ccxt.async_support.bingx()
              │         │    └ <function CcxtBase._stream_fanout at 0x0000024F8C1EC720>
              │         └ <arbitrator.exchanges.bingx.Bingx object at 0x0000024FB510CF10>
              └ {'ICP/USDT:USDT': Ticker(symbol='ICP/USDT:USDT', last=2.182, high_24h=2.219, low_24h=2.041, base_volume_24h=9679350.37, quote...

  File "C:\shere-folder\arbitrator\src\arbitrator\exchanges\ccxt_base.py", line 923, in _stream_fanout
    await asyncio.gather(*tasks, return_exceptions=True)
          │       │       └ [<Task cancelled name='watch_ticker:bingx:0G/USDT:USDT' coro=<CcxtBase._stream_fanout.<locals>._watch_one() done, defined at ...
          │       └ <function gather at 0x0000024F832AD1C0>
          └ <module 'asyncio' from 'C:\\Users\\dev_home\\AppData\\Local\\Programs\\Python\\Python311\\Lib\\asyncio\\__init__.py'>

  File "C:\shere-folder\arbitrator\src\arbitrator\exchanges\ccxt_base.py", line 885, in _watch_one
    payload = await client.watch_ticker(symbol)
                    │      │            └ 'ZRX/USDT:USDT'
                    │      └ <function bingx.watch_ticker at 0x0000024F8BED42C0>
                    └ ccxt.async_support.bingx()

  File "C:\shere-folder\arbitrator\.venv\Lib\site-packages\ccxt\pro\bingx.py", line 177, in watch_ticker
    return await self.watch(url, messageHash, self.extend(request, params), messageHash, subscription)
                 │    │     │    │            │    │      │        │        │            └ {'unsubscribe': False, 'id': 'b43e3002-16be-4c55-8b48-e819f121d612'}
                 │    │     │    │            │    │      │        │        └ 'ticker::ZRX/USDT:USDT'
                 │    │     │    │            │    │      │        └ {}
                 │    │     │    │            │    │      └ {'id': 'b43e3002-16be-4c55-8b48-e819f121d612', 'dataType': 'ZRX-USDT@ticker', 'reqType': 'sub'}
                 │    │     │    │            │    └ <staticmethod(<function Exchange.extend at 0x0000024F88E18860>)>
                 │    │     │    │            └ ccxt.async_support.bingx()
                 │    │     │    └ 'ticker::ZRX/USDT:USDT'
                 │    │     └ 'wss://open-api-swap.bingx.com/swap-market'
                 │    └ <function Exchange.watch at 0x0000024F8A57B740>
                 └ ccxt.async_support.bingx()

asyncio.exceptions.CancelledError


During handling of the above exception, another exception occurred:


Traceback (most recent call last):

  File "c:\Users\dev_home\.cursor\extensions\ms-python.debugpy-2026.6.0-win32-x64\bundled\libs\debugpy\_vendored\pydevd\_pydev_bundle\pydev_monkey.py", line 1134, in __call__
    ret = self.original_func(*self.args, **self.kwargs)
          │    │              │    │       │    └ {}
          │    │              │    │       └ <_pydev_bundle.pydev_monkey._NewThreadStartupWithTrace object at 0x0000024F86BE6C50>
          │    │              │    └ ()
          │    │              └ <_pydev_bundle.pydev_monkey._NewThreadStartupWithTrace object at 0x0000024F86BE6C50>
          │    └ <bound method Thread._bootstrap of <Thread(screener-stream:1, started daemon 16316)>>
          └ <_pydev_bundle.pydev_monkey._NewThreadStartupWithTrace object at 0x0000024F86BE6C50>

  File "C:\Users\dev_home\AppData\Local\Programs\Python\Python311\Lib\threading.py", line 1002, in _bootstrap
    self._bootstrap_inner()
    │    └ <function Thread._bootstrap_inner at 0x0000024F80001300>
    └ <Thread(screener-stream:1, started daemon 16316)>
  File "C:\Users\dev_home\AppData\Local\Programs\Python\Python311\Lib\threading.py", line 1045, in _bootstrap_inner
    self.run()
    │    └ <function Thread.run at 0x0000024F80000FE0>
    └ <Thread(screener-stream:1, started daemon 16316)>
  File "C:\Users\dev_home\AppData\Local\Programs\Python\Python311\Lib\threading.py", line 982, in run
    self._target(*self._args, **self._kwargs)
    │    │        │    │        │    └ {}
    │    │        │    │        └ <Thread(screener-stream:1, started daemon 16316)>
    │    │        │    └ ()
    │    │        └ <Thread(screener-stream:1, started daemon 16316)>
    │    └ <bound method ScreenerStreamWorker._thread_main of <arbitrator.application.screener_stream_worker.ScreenerStreamWorker object...
    └ <Thread(screener-stream:1, started daemon 16316)>

  File "C:\shere-folder\arbitrator\src\arbitrator\application\screener_stream_worker.py", line 88, in _thread_main
    asyncio.run(self._async_main())
    │       │   │    └ <function ScreenerStreamWorker._async_main at 0x0000024FB4BB93A0>
    │       │   └ <arbitrator.application.screener_stream_worker.ScreenerStreamWorker object at 0x0000024FB4BB1010>
    │       └ <function run at 0x0000024F83293E20>
    └ <module 'asyncio' from 'C:\\Users\\dev_home\\AppData\\Local\\Programs\\Python\\Python311\\Lib\\asyncio\\__init__.py'>

  File "C:\Users\dev_home\AppData\Local\Programs\Python\Python311\Lib\asyncio\runners.py", line 189, in run
    with Runner(debug=debug) as runner:
         │            │         └ <asyncio.runners.Runner object at 0x0000024FB46512D0>
         │            └ None
         └ <class 'asyncio.runners.Runner'>
  File "C:\Users\dev_home\AppData\Local\Programs\Python\Python311\Lib\asyncio\runners.py", line 63, in __exit__
    self.close()
    │    └ <function Runner.close at 0x0000024F832C0540>
    └ <asyncio.runners.Runner object at 0x0000024FB46512D0>
  File "C:\Users\dev_home\AppData\Local\Programs\Python\Python311\Lib\asyncio\runners.py", line 71, in close
    _cancel_all_tasks(loop)
    │                 └ <ProactorEventLoop running=True closed=False debug=False>
    └ <function _cancel_all_tasks at 0x0000024F832C02C0>
  File "C:\Users\dev_home\AppData\Local\Programs\Python\Python311\Lib\asyncio\runners.py", line 201, in _cancel_all_tasks
    loop.run_until_complete(tasks.gather(*to_cancel, return_exceptions=True))
    │    │                  │     │       └ {<Task cancelled name='Task-3071' coro=<Client.ping_loop() done, defined at C:\shere-folder\arbitrator\.venv\Lib\site-package...
    │    │                  │     └ <function gather at 0x0000024F832AD1C0>
    │    │                  └ <module 'asyncio.tasks' from 'C:\\Users\\dev_home\\AppData\\Local\\Programs\\Python\\Python311\\Lib\\asyncio\\tasks.py'>
    │    └ <function BaseEventLoop.run_until_complete at 0x0000024F832BA0C0>
    └ <ProactorEventLoop running=True closed=False debug=False>
  File "C:\Users\dev_home\AppData\Local\Programs\Python\Python311\Lib\asyncio\base_events.py", line 640, in run_until_complete
    self.run_forever()
    │    └ <function ProactorEventLoop.run_forever at 0x0000024F8333C040>
    └ <ProactorEventLoop running=True closed=False debug=False>
  File "C:\Users\dev_home\AppData\Local\Programs\Python\Python311\Lib\asyncio\windows_events.py", line 321, in run_forever
    super().run_forever()
  File "C:\Users\dev_home\AppData\Local\Programs\Python\Python311\Lib\asyncio\base_events.py", line 607, in run_forever
    self._run_once()
    │    └ <function BaseEventLoop._run_once at 0x0000024F832BBE20>
    └ <ProactorEventLoop running=True closed=False debug=False>
  File "C:\Users\dev_home\AppData\Local\Programs\Python\Python311\Lib\asyncio\base_events.py", line 1922, in _run_once
    handle._run()
    │      └ <function Handle._run at 0x0000024F83123880>
    └ <Handle Client.receive_loop.<locals>.after_interrupt(<Task cancell...nt_ws.py:312>>) at C:\shere-folder\arbitrator\.venv\Lib\...
> File "C:\Users\dev_home\AppData\Local\Programs\Python\Python311\Lib\asyncio\events.py", line 80, in _run
    self._context.run(self._callback, *self._args)
    │    │            │    │           │    └ <member '_args' of 'Handle' objects>
    │    │            │    │           └ <Handle Client.receive_loop.<locals>.after_interrupt(<Task cancell...nt_ws.py:312>>) at C:\shere-folder\arbitrator\.venv\Lib\...
    │    │            │    └ <member '_callback' of 'Handle' objects>
    │    │            └ <Handle Client.receive_loop.<locals>.after_interrupt(<Task cancell...nt_ws.py:312>>) at C:\shere-folder\arbitrator\.venv\Lib\...
    │    └ <member '_context' of 'Handle' objects>
    └ <Handle Client.receive_loop.<locals>.after_interrupt(<Task cancell...nt_ws.py:312>>) at C:\shere-folder\arbitrator\.venv\Lib\...
  File "C:\shere-folder\arbitrator\.venv\Lib\site-packages\ccxt\async_support\base\ws\client.py", line 140, in after_interrupt
    exception = resolved.exception()
                │        └ <method 'exception' of '_asyncio.Task' objects>
                └ <Task cancelled name='Task-13480' coro=<ClientWebSocketResponse.receive() done, defined at C:\shere-folder\arbitrator\.venv\L...
  File "C:\shere-folder\arbitrator\.venv\Lib\site-packages\aiohttp\client_ws.py", line 336, in receive
    msg = await self._reader.read()
                │    │       └ <cyfunction WebSocketDataQueue.read at 0x0000024F870D4280>
                │    └ <aiohttp._websocket.reader_c.WebSocketDataQueue object at 0x0000025003E38640>
                └ <aiohttp.client_ws.ClientWebSocketResponse object at 0x0000024FFDB0E850>

  File "aiohttp/_websocket/reader_c.py", line 118, in read
    raise

  File "aiohttp/_websocket/reader_c.py", line 115, in aiohttp._websocket.reader_c.WebSocketDataQueue.read
    await self._waiter

asyncio.exceptions.CancelledError
2026-06-25 04:44:30 | ERROR    | [asyncio.base_events:call_exception_handler:1797] - [asyncio] Task was destroyed but it is pending!
task: <Task pending name='Task-13508' coro=<ClientWebSocketResponse.receive() running at C:\shere-folder\arbitrator\.venv\Lib\site-packages\aiohttp\client_ws.py:312> cb=[Client.receive_loop.<locals>.after_interrupt() at C:\shere-folder\arbitrator\.venv\Lib\site-packages\ccxt\async_support\base\ws\client.py:139]>
2026-06-25 04:44:30 | INFO     | [arbitrator.application.screener_stream_worker:_thread_main:90] - Screener background stream stopped | nonce=1
2026-06-25 04:44:34 | INFO     | [__main__:<module>:16] - Arbitrator starting | exchanges=['mexc', 'bitget', 'gate', 'bingx']
2026-06-25 04:44:34 | INFO     | [arbitrator.presentation.streamlit_app:run:104] - UI run | section=Screener
2026-06-25 04:44:34 | INFO     | [arbitrator.presentation.sidebar.screener.screener_view:_ensure_worker:269] - Screener background worker started | nonce=1 stream_volume_usdt=50000.0
2026-06-25 04:44:34 | INFO     | [arbitrator.application.symbol_universe_service:_filter:111] - Universe filtered | total=1395 after_min_exchanges=728 after_exclusions=727
2026-06-25 04:44:34 | INFO     | [arbitrator.application.screener_stream_worker:_discovery_phase:165] - Volume discovery started | symbols=727 threshold_usdt=50000.0 timeout_s=30.0
2026-06-25 04:44:34 | INFO     | [arbitrator.application.multi_exchange_watcher:_spawn_watchers:52] - Spawning watchers | exchanges=['mexc', 'bitget', 'gate', 'bingx'] symbols={'mexc': 582, 'bitget': 596, 'gate': 661, 'bingx': 473}
2026-06-25 04:44:35 | ERROR    | [asyncio.base_events:call_exception_handler:1797] - [asyncio] Unclosed client session
client_session: <aiohttp.client.ClientSession object at 0x0000024FF8D3A3D0>
2026-06-25 04:44:35 | WARNING  | [streamlit.runtime.scriptrunner.script_runner:_on_script_finished:772] - [ccxt.base.exchange] bitget requires to release all resources with an explicit call to the .close() coroutine. If you are using the exchange instance with async coroutines, add `await exchange.close()` to your code into a place when you're done with the exchange and don't need the exchange instance anymore (at the end of your async coroutine).
2026-06-25 04:44:35 | ERROR    | [asyncio.base_events:call_exception_handler:1797] - [asyncio] Unclosed client session
client_session: <aiohttp.client.ClientSession object at 0x0000024FF6ED4210>
2026-06-25 04:44:35 | WARNING  | [streamlit.runtime.scriptrunner.script_runner:_on_script_finished:772] - [ccxt.base.exchange] mexc requires to release all resources with an explicit call to the .close() coroutine. If you are using the exchange instance with async coroutines, add `await exchange.close()` to your code into a place when you're done with the exchange and don't need the exchange instance anymore (at the end of your async coroutine).
2026-06-25 04:44:35 | ERROR    | [asyncio.base_events:call_exception_handler:1797] - [asyncio] Unclosed client session
client_session: <aiohttp.client.ClientSession object at 0x0000024FF6993450>
2026-06-25 04:44:35 | DEBUG    | [arbitrator.application.multi_exchange_watcher:_watch:72] - Watcher start | exchange=mexc symbols=582
2026-06-25 04:44:35 | WARNING  | [streamlit.runtime.scriptrunner.script_runner:_on_script_finished:772] - [ccxt.base.exchange] gate requires to release all resources with an explicit call to the .close() coroutine. If you are using the exchange instance with async coroutines, add `await exchange.close()` to your code into a place when you're done with the exchange and don't need the exchange instance anymore (at the end of your async coroutine).
2026-06-25 04:44:35 | ERROR    | [asyncio.base_events:call_exception_handler:1797] - [asyncio] Unclosed client session
client_session: <aiohttp.client.ClientSession object at 0x0000024FF6984350>
2026-06-25 04:44:35 | WARNING  | [streamlit.runtime.scriptrunner.script_runner:_on_script_finished:772] - [ccxt.base.exchange] bingx requires to release all resources with an explicit call to the .close() coroutine. If you are using the exchange instance with async coroutines, add `await exchange.close()` to your code into a place when you're done with the exchange and don't need the exchange instance anymore (at the end of your async coroutine).
2026-06-25 04:44:35 | INFO     | [arbitrator.exchanges.ccxt_base:_ensure_open:931] - Exchange client opened | exchange=mexc
2026-06-25 04:44:35 | DEBUG    | [arbitrator.application.multi_exchange_watcher:_watch:72] - Watcher start | exchange=bitget symbols=596
2026-06-25 04:44:36 | INFO     | [arbitrator.exchanges.ccxt_base:_ensure_open:931] - Exchange client opened | exchange=bitget
2026-06-25 04:44:36 | DEBUG    | [arbitrator.application.multi_exchange_watcher:_watch:72] - Watcher start | exchange=gate symbols=661
2026-06-25 04:44:36 | INFO     | [arbitrator.exchanges.ccxt_base:_ensure_open:931] - Exchange client opened | exchange=gate
2026-06-25 04:44:36 | DEBUG    | [arbitrator.application.multi_exchange_watcher:_watch:72] - Watcher start | exchange=bingx symbols=473
2026-06-25 04:44:36 | INFO     | [arbitrator.exchanges.ccxt_base:_ensure_open:931] - Exchange client opened | exchange=bingx
2026-06-25 04:44:41 | INFO     | [__main__:<module>:16] - Arbitrator starting | exchanges=['mexc', 'bitget', 'gate', 'bingx']
2026-06-25 04:44:41 | INFO     | [arbitrator.presentation.streamlit_app:run:104] - UI run | section=Screener
2026-06-25 04:44:41 | INFO     | [arbitrator.presentation.sidebar.screener.screener_view:render:75] - Screener reconnect requested from UI
2026-06-25 04:44:41 | INFO     | [__main__:<module>:16] - Arbitrator starting | exchanges=['mexc', 'bitget', 'gate', 'bingx']
2026-06-25 04:44:41 | INFO     | [arbitrator.presentation.streamlit_app:run:104] - UI run | section=Screener
2026-06-25 04:44:41 | INFO     | [arbitrator.presentation.sidebar.screener.screener_view:_ensure_worker:269] - Screener background worker started | nonce=2 stream_volume_usdt=50000.0
2026-06-25 04:44:42 | INFO     | [arbitrator.application.symbol_universe_service:_filter:111] - Universe filtered | total=1395 after_min_exchanges=728 after_exclusions=727
2026-06-25 04:44:42 | INFO     | [arbitrator.application.screener_stream_worker:_discovery_phase:165] - Volume discovery started | symbols=727 threshold_usdt=50000.0 timeout_s=30.0
2026-06-25 04:44:42 | INFO     | [arbitrator.application.multi_exchange_watcher:_spawn_watchers:52] - Spawning watchers | exchanges=['mexc', 'bitget', 'gate', 'bingx'] symbols={'mexc': 582, 'bitget': 596, 'gate': 661, 'bingx': 473}
2026-06-25 04:44:42 | DEBUG    | [arbitrator.application.multi_exchange_watcher:_watch:72] - Watcher start | exchange=mexc symbols=582
2026-06-25 04:44:42 | DEBUG    | [arbitrator.exchanges.ccxt_base:close:806] - Exchange closed | exchange=mexc
2026-06-25 04:44:42 | DEBUG    | [arbitrator.exchanges.ccxt_base:close:806] - Exchange closed | exchange=bitget
2026-06-25 04:44:42 | INFO     | [arbitrator.exchanges.ccxt_base:_ensure_open:931] - Exchange client opened | exchange=mexc
2026-06-25 04:44:42 | DEBUG    | [arbitrator.application.multi_exchange_watcher:_watch:72] - Watcher start | exchange=bitget symbols=596
2026-06-25 04:44:42 | DEBUG    | [arbitrator.exchanges.ccxt_base:close:806] - Exchange closed | exchange=gate
2026-06-25 04:44:42 | DEBUG    | [arbitrator.exchanges.ccxt_base:close:806] - Exchange closed | exchange=bingx
2026-06-25 04:44:42 | INFO     | [arbitrator.exchanges.ccxt_base:_ensure_open:931] - Exchange client opened | exchange=bitget
2026-06-25 04:44:42 | DEBUG    | [arbitrator.application.multi_exchange_watcher:_watch:72] - Watcher start | exchange=gate symbols=661
2026-06-25 04:44:42 | INFO     | [arbitrator.application.screener_stream_worker:_thread_main:90] - Screener background stream stopped | nonce=1
2026-06-25 04:44:43 | INFO     | [arbitrator.exchanges.ccxt_base:_ensure_open:931] - Exchange client opened | exchange=gate
2026-06-25 04:44:43 | DEBUG    | [arbitrator.application.multi_exchange_watcher:_watch:72] - Watcher start | exchange=bingx symbols=473
2026-06-25 04:44:43 | INFO     | [arbitrator.exchanges.ccxt_base:_ensure_open:931] - Exchange client opened | exchange=bingx
2026-06-25 04:44:47 | DEBUG    | [arbitrator.exchanges.ccxt_base:_ensure_markets_loaded:948] - Markets loaded | exchange=bitget count=1913
2026-06-25 04:44:47 | INFO     | [arbitrator.exchanges.ccxt_base:watch_tickers:160] - Streaming tickers | exchange=bitget symbols=596 mode=bulk chunks=12
2026-06-25 04:44:47 | DEBUG    | [arbitrator.exchanges.ccxt_base:_stream_bulk:819] - Bulk stream chunks | exchange=bitget chunks=12 chunk_size=50
2026-06-25 04:44:51 | DEBUG    | [arbitrator.exchanges.ccxt_base:_ensure_markets_loaded:948] - Markets loaded | exchange=bingx count=3026
2026-06-25 04:44:51 | INFO     | [arbitrator.exchanges.ccxt_base:watch_tickers:160] - Streaming tickers | exchange=bingx symbols=473 mode=fanout chunks=-
2026-06-25 04:44:53 | DEBUG    | [arbitrator.exchanges.ccxt_base:_ensure_markets_loaded:948] - Markets loaded | exchange=mexc count=3238
2026-06-25 04:44:53 | DEBUG    | [arbitrator.exchanges.mexc:watch_tickers:52] - watch_tickers skipped non-api contracts | exchange=mexc skipped=32
2026-06-25 04:44:53 | INFO     | [arbitrator.exchanges.ccxt_base:watch_tickers:160] - Streaming tickers | exchange=mexc symbols=550 mode=bulk chunks=11
2026-06-25 04:44:53 | DEBUG    | [arbitrator.exchanges.ccxt_base:_stream_bulk:819] - Bulk stream chunks | exchange=mexc chunks=11 chunk_size=50
2026-06-25 04:45:12 | INFO     | [arbitrator.application.screener_stream_worker:_discovery_phase:192] - Volume discovery timed out | eligible=587 pending=140
2026-06-25 04:45:12 | DEBUG    | [arbitrator.application.multi_exchange_watcher:_watch:86] - Watcher cancelled | exchange=bingx
2026-06-25 04:45:12 | DEBUG    | [arbitrator.application.multi_exchange_watcher:_watch:86] - Watcher cancelled | exchange=mexc
2026-06-25 04:45:12 | DEBUG    | [arbitrator.application.multi_exchange_watcher:_watch:86] - Watcher cancelled | exchange=bitget
2026-06-25 04:45:12 | DEBUG    | [arbitrator.application.multi_exchange_watcher:_watch:86] - Watcher cancelled | exchange=gate
2026-06-25 04:45:14 | DEBUG    | [arbitrator.exchanges.ccxt_base:close:806] - Exchange closed | exchange=mexc
2026-06-25 04:45:16 | DEBUG    | [arbitrator.exchanges.ccxt_base:close:806] - Exchange closed | exchange=bitget
2026-06-25 04:45:16 | DEBUG    | [arbitrator.exchanges.ccxt_base:close:806] - Exchange closed | exchange=gate
2026-06-25 04:45:17 | DEBUG    | [arbitrator.exchanges.ccxt_base:close:806] - Exchange closed | exchange=bingx
2026-06-25 04:45:17 | INFO     | [arbitrator.application.screener_stream_worker:_async_main:139] - Volume gate applied | threshold_usdt=50000.0 eligible=587 rejected=0
2026-06-25 04:45:17 | INFO     | [arbitrator.application.multi_exchange_watcher:_spawn_watchers:52] - Spawning watchers | exchanges=['mexc', 'bitget', 'gate', 'bingx'] symbols={'mexc': 557, 'bitget': 485, 'gate': 547, 'bingx': 459}
2026-06-25 04:45:17 | DEBUG    | [arbitrator.application.multi_exchange_watcher:_watch:72] - Watcher start | exchange=mexc symbols=557
2026-06-25 04:45:17 | INFO     | [arbitrator.exchanges.ccxt_base:_ensure_open:931] - Exchange client opened | exchange=mexc
2026-06-25 04:45:17 | DEBUG    | [arbitrator.application.multi_exchange_watcher:_watch:72] - Watcher start | exchange=bitget symbols=485
2026-06-25 04:45:18 | INFO     | [arbitrator.exchanges.ccxt_base:_ensure_open:931] - Exchange client opened | exchange=bitget
2026-06-25 04:45:18 | DEBUG    | [arbitrator.application.multi_exchange_watcher:_watch:72] - Watcher start | exchange=gate symbols=547
2026-06-25 04:45:18 | INFO     | [arbitrator.exchanges.ccxt_base:_ensure_open:931] - Exchange client opened | exchange=gate
2026-06-25 04:45:18 | DEBUG    | [arbitrator.application.multi_exchange_watcher:_watch:72] - Watcher start | exchange=bingx symbols=459
2026-06-25 04:45:18 | INFO     | [arbitrator.exchanges.ccxt_base:_ensure_open:931] - Exchange client opened | exchange=bingx
2026-06-25 04:45:23 | DEBUG    | [arbitrator.exchanges.ccxt_base:_ensure_markets_loaded:948] - Markets loaded | exchange=bitget count=1913
2026-06-25 04:45:23 | INFO     | [arbitrator.exchanges.ccxt_base:watch_tickers:160] - Streaming tickers | exchange=bitget symbols=485 mode=bulk chunks=10
2026-06-25 04:45:23 | DEBUG    | [arbitrator.exchanges.ccxt_base:_stream_bulk:819] - Bulk stream chunks | exchange=bitget chunks=10 chunk_size=50
2026-06-25 04:45:25 | INFO     | [__main__:<module>:16] - Arbitrator starting | exchanges=['mexc', 'bitget', 'gate', 'bingx']
2026-06-25 04:45:26 | INFO     | [arbitrator.presentation.streamlit_app:run:104] - UI run | section=Screener
2026-06-25 04:45:27 | DEBUG    | [arbitrator.exchanges.ccxt_base:_ensure_markets_loaded:948] - Markets loaded | exchange=bingx count=3026
2026-06-25 04:45:27 | INFO     | [arbitrator.exchanges.ccxt_base:watch_tickers:160] - Streaming tickers | exchange=bingx symbols=459 mode=fanout chunks=-
2026-06-25 04:45:30 | DEBUG    | [arbitrator.exchanges.ccxt_base:_ensure_markets_loaded:948] - Markets loaded | exchange=mexc count=3238
2026-06-25 04:45:30 | DEBUG    | [arbitrator.exchanges.mexc:watch_tickers:52] - watch_tickers skipped non-api contracts | exchange=mexc skipped=7
2026-06-25 04:45:30 | INFO     | [arbitrator.exchanges.ccxt_base:watch_tickers:160] - Streaming tickers | exchange=mexc symbols=550 mode=bulk chunks=11
2026-06-25 04:45:30 | DEBUG    | [arbitrator.exchanges.ccxt_base:_stream_bulk:819] - Bulk stream chunks | exchange=mexc chunks=11 chunk_size=50
2026-06-25 04:45:45 | DEBUG    | [arbitrator.exchanges.ccxt_base:_ensure_markets_loaded:948] - Markets loaded | exchange=gate count=5987
2026-06-25 04:45:45 | DEBUG    | [arbitrator.exchanges.gate:watch_tickers:52] - watch_tickers skipped non-tradable contracts | exchange=gate skipped=3
2026-06-25 04:45:45 | INFO     | [arbitrator.exchanges.ccxt_base:watch_tickers:160] - Streaming tickers | exchange=gate symbols=544 mode=bulk chunks=11
2026-06-25 04:45:45 | DEBUG    | [arbitrator.exchanges.ccxt_base:_stream_bulk:819] - Bulk stream chunks | exchange=gate chunks=11 chunk_size=50
2026-06-25 04:46:39 | INFO     | [asyncio.events:_run:80] - [uvicorn.error] connection closed
2026-06-25 04:46:39 | INFO     | [starlette.middleware.sessions:send_wrapper:86] - [uvicorn.error] 127.0.0.1:63139 - "WebSocket /_stcore/stream" [accepted]
2026-06-25 04:46:39 | INFO     | [websockets.legacy.server:handler:161] - [uvicorn.error] connection open
2026-06-25 04:46:41 | INFO     | [__main__:<module>:16] - Arbitrator starting | exchanges=['mexc', 'bitget', 'gate', 'bingx']
2026-06-25 04:46:41 | INFO     | [arbitrator.presentation.streamlit_app:run:104] - UI run | section=Screener
2026-06-25 04:48:24 | INFO     | [__main__:<module>:16] - Arbitrator starting | exchanges=['mexc', 'bitget', 'gate', 'bingx']
2026-06-25 04:48:24 | INFO     | [arbitrator.presentation.streamlit_app:run:104] - UI run | section=Screener
2026-06-25 04:48:24 | INFO     | [arbitrator.presentation.sidebar.screener.screener_view:render:76] - Screener reconnect requested from UI
2026-06-25 04:48:24 | INFO     | [__main__:<module>:16] - Arbitrator starting | exchanges=['mexc', 'bitget', 'gate', 'bingx']
2026-06-25 04:48:24 | INFO     | [arbitrator.presentation.streamlit_app:run:104] - UI run | section=Screener
2026-06-25 04:48:24 | INFO     | [arbitrator.presentation.sidebar.screener.screener_view:_ensure_worker:228] - Screener background worker started | nonce=1 stream_volume_usdt=50000.0
2026-06-25 04:48:25 | INFO     | [arbitrator.application.symbol_universe_service:_filter:111] - Universe filtered | total=1395 after_min_exchanges=728 after_exclusions=727
2026-06-25 04:48:25 | INFO     | [arbitrator.application.screener_stream_worker:_discovery_phase:165] - Volume discovery started | symbols=727 threshold_usdt=50000.0 timeout_s=30.0
2026-06-25 04:48:25 | INFO     | [arbitrator.application.multi_exchange_watcher:_spawn_watchers:52] - Spawning watchers | exchanges=['mexc', 'bitget', 'gate', 'bingx'] symbols={'mexc': 582, 'bitget': 596, 'gate': 661, 'bingx': 473}
2026-06-25 04:48:25 | DEBUG    | [arbitrator.application.multi_exchange_watcher:_watch:72] - Watcher start | exchange=mexc symbols=582
2026-06-25 04:48:25 | INFO     | [arbitrator.exchanges.ccxt_base:_ensure_open:931] - Exchange client opened | exchange=mexc
2026-06-25 04:48:25 | DEBUG    | [arbitrator.application.multi_exchange_watcher:_watch:72] - Watcher start | exchange=bitget symbols=596
2026-06-25 04:48:26 | INFO     | [arbitrator.exchanges.ccxt_base:_ensure_open:931] - Exchange client opened | exchange=bitget
2026-06-25 04:48:26 | DEBUG    | [arbitrator.application.multi_exchange_watcher:_watch:72] - Watcher start | exchange=gate symbols=661
2026-06-25 04:48:26 | INFO     | [arbitrator.exchanges.ccxt_base:_ensure_open:931] - Exchange client opened | exchange=gate
2026-06-25 04:48:26 | DEBUG    | [arbitrator.application.multi_exchange_watcher:_watch:72] - Watcher start | exchange=bingx symbols=473
2026-06-25 04:48:27 | INFO     | [arbitrator.exchanges.ccxt_base:_ensure_open:931] - Exchange client opened | exchange=bingx
2026-06-25 04:48:32 | INFO     | [__main__:<module>:16] - Arbitrator starting | exchanges=['mexc', 'bitget', 'gate', 'bingx']
2026-06-25 04:48:32 | INFO     | [arbitrator.presentation.streamlit_app:run:104] - UI run | section=Screener
2026-06-25 04:48:40 | DEBUG    | [arbitrator.exchanges.ccxt_base:_ensure_markets_loaded:948] - Markets loaded | exchange=bitget count=1913
2026-06-25 04:48:40 | INFO     | [arbitrator.exchanges.ccxt_base:watch_tickers:160] - Streaming tickers | exchange=bitget symbols=596 mode=bulk chunks=12
2026-06-25 04:48:40 | DEBUG    | [arbitrator.exchanges.ccxt_base:_stream_bulk:819] - Bulk stream chunks | exchange=bitget chunks=12 chunk_size=50
2026-06-25 04:48:40 | DEBUG    | [arbitrator.exchanges.ccxt_base:_ensure_markets_loaded:948] - Markets loaded | exchange=bingx count=3026
2026-06-25 04:48:40 | INFO     | [arbitrator.exchanges.ccxt_base:watch_tickers:160] - Streaming tickers | exchange=bingx symbols=473 mode=fanout chunks=-
2026-06-25 04:48:43 | DEBUG    | [arbitrator.exchanges.ccxt_base:_ensure_markets_loaded:948] - Markets loaded | exchange=mexc count=3238
2026-06-25 04:48:43 | DEBUG    | [arbitrator.exchanges.mexc:watch_tickers:52] - watch_tickers skipped non-api contracts | exchange=mexc skipped=32
2026-06-25 04:48:43 | INFO     | [arbitrator.exchanges.ccxt_base:watch_tickers:160] - Streaming tickers | exchange=mexc symbols=550 mode=bulk chunks=11
2026-06-25 04:48:43 | DEBUG    | [arbitrator.exchanges.ccxt_base:_stream_bulk:819] - Bulk stream chunks | exchange=mexc chunks=11 chunk_size=50
2026-06-25 04:48:55 | INFO     | [arbitrator.application.screener_stream_worker:_discovery_phase:192] - Volume discovery timed out | eligible=554 pending=173
2026-06-25 04:48:56 | DEBUG    | [arbitrator.application.multi_exchange_watcher:_watch:86] - Watcher cancelled | exchange=bingx
2026-06-25 04:48:56 | DEBUG    | [arbitrator.application.multi_exchange_watcher:_watch:86] - Watcher cancelled | exchange=bitget
2026-06-25 04:48:56 | DEBUG    | [arbitrator.application.multi_exchange_watcher:_watch:86] - Watcher cancelled | exchange=mexc
2026-06-25 04:48:56 | DEBUG    | [arbitrator.application.multi_exchange_watcher:_watch:86] - Watcher cancelled | exchange=gate
