2026-07-01 03:54:12 | INFO     | [main:<module>:12] - Arbitrator starting | exchanges=['mexc', 'bitget', 'gate', 'bingx'] ui_data_mode=live
2026-07-01 03:54:12 | INFO     | [arbitrator.presentation.fastapi_app:create:103] - FastAPI app created | title=Arbitrator host=127.0.0.1 port=8000 ui_data_mode=live
2026-07-01 03:54:12 | INFO     | [uvicorn.server:serve:79] - [uvicorn.error] Started server process [12012]
2026-07-01 03:54:12 | INFO     | [uvicorn.server:startup:105] - [uvicorn.error] Waiting for application startup.
2026-07-01 03:54:12 | INFO     | [arbitrator.application.app_runtime:_start_live_workers:81] - screener worker started | mode=live
2026-07-01 03:54:12 | INFO     | [arbitrator.application.app_runtime:_start_live_workers:110] - funding worker started | mode=live
2026-07-01 03:54:12 | INFO     | [arbitrator.application.app_runtime:_start_live_workers:114] - account worker started | mode=live
2026-07-01 03:54:12 | INFO     | [arbitrator.presentation.fastapi_app:lifespan:39] - app lifespan started | ui_data_mode=live
2026-07-01 03:54:12 | INFO     | [uvicorn.server:startup:105] - [uvicorn.error] Application startup complete.
2026-07-01 03:54:12 | INFO     | [arbitrator.application.symbol_universe_service:_filter:111] - Universe filtered | total=1213 after_min_exchanges=669 after_exclusions=668
2026-07-01 03:54:12 | INFO     | [arbitrator.application.screener_stream_worker:_discovery_phase:164] - Volume discovery started | symbols=668 threshold_usdt=50000.0 timeout_s=30.0
2026-07-01 03:54:12 | INFO     | [arbitrator.application.multi_exchange_watcher:_spawn_watchers:61] - Spawning watchers | exchanges=['mexc', 'bitget', 'gate', 'bingx'] symbols={'mexc': 545, 'bitget': 573, 'gate': 636, 'bingx': 466}
2026-07-01 03:54:12 | DEBUG    | [arbitrator.application.multi_exchange_watcher:_watch:81] - Watcher start | exchange=mexc symbols=545
2026-07-01 03:54:12 | INFO     | [arbitrator.application.account_stream_worker:_async_main:124] - Account stream spawned | exchanges=['mexc', 'bitget', 'gate', 'bingx']
2026-07-01 03:54:12 | INFO     | [starlette._exception_handler:sender:39] - [uvicorn.error] 127.0.0.1:64991 - "WebSocket /ws/settings" [accepted]
2026-07-01 03:54:12 | INFO     | [arbitrator.presentation.ws.settings_ws_handler:handle:25] - ws connected | endpoint=/ws/settings
2026-07-01 03:54:12 | INFO     | [websockets.legacy.server:handler:161] - [uvicorn.error] connection open
2026-07-01 03:54:12 | INFO     | [asyncio.events:_run:80] - [uvicorn.error] connection closed
2026-07-01 03:54:12 | INFO     | [starlette._exception_handler:sender:39] - [uvicorn.error] 127.0.0.1:65099 - "WebSocket /ws/orders" [accepted]
2026-07-01 03:54:12 | INFO     | [arbitrator.presentation.ws.orders_ws_handler:handle:26] - ws connected | endpoint=/ws/orders
2026-07-01 03:54:12 | INFO     | [websockets.legacy.server:handler:161] - [uvicorn.error] connection open
2026-07-01 03:54:12 | INFO     | [asyncio.events:_run:80] - [uvicorn.error] connection closed
2026-07-01 03:54:12 | INFO     | [starlette._exception_handler:sender:39] - [uvicorn.error] 127.0.0.1:65100 - "WebSocket /ws/opportunity?symbol=GUA%2FUSDT&short=bingx&long=gate" [accepted]
2026-07-01 03:54:12 | INFO     | [arbitrator.presentation.ws.opportunity_ws_handler:handle:42] - ws connected | endpoint=/ws/opportunity symbol=GUA/USDT short=bingx long=gate
2026-07-01 03:54:12 | INFO     | [arbitrator.exchanges.ccxt_base:_ensure_open:1332] - Exchange client opened | exchange=mexc
2026-07-01 03:54:12 | INFO     | [arbitrator.exchanges.ccxt_base:_ensure_open:1332] - Exchange client opened | exchange=mexc
2026-07-01 03:54:12 | DEBUG    | [arbitrator.application.multi_exchange_watcher:_watch:81] - Watcher start | exchange=bitget symbols=573
2026-07-01 03:54:12 | INFO     | [arbitrator.exchanges.ccxt_base:_ensure_open:1332] - Exchange client opened | exchange=bingx
2026-07-01 03:54:12 | INFO     | [arbitrator.exchanges.ccxt_base:_ensure_open:1332] - Exchange client opened | exchange=bingx
2026-07-01 03:54:12 | INFO     | [websockets.legacy.server:handler:161] - [uvicorn.error] connection open
2026-07-01 03:54:13 | INFO     | [arbitrator.exchanges.ccxt_base:_ensure_open:1332] - Exchange client opened | exchange=gate
2026-07-01 03:54:13 | INFO     | [arbitrator.exchanges.ccxt_base:_ensure_open:1332] - Exchange client opened | exchange=bitget
2026-07-01 03:54:13 | INFO     | [arbitrator.exchanges.ccxt_base:_ensure_open:1332] - Exchange client opened | exchange=bitget
2026-07-01 03:54:13 | DEBUG    | [arbitrator.application.multi_exchange_watcher:_watch:81] - Watcher start | exchange=gate symbols=636
2026-07-01 03:54:13 | INFO     | [starlette._exception_handler:sender:39] - [uvicorn.error] 127.0.0.1:65104 - "WebSocket /ws/screener" [accepted]
2026-07-01 03:54:13 | INFO     | [arbitrator.presentation.ws.screener_ws_handler:handle:35] - ws connected | endpoint=/ws/screener
2026-07-01 03:54:13 | DEBUG    | [arbitrator.application.strategy_table_service:refresh:75] - strategy recompute | changed=0 symbols=0
2026-07-01 03:54:13 | INFO     | [websockets.legacy.server:handler:161] - [uvicorn.error] connection open
2026-07-01 03:54:14 | INFO     | [starlette._exception_handler:sender:39] - [uvicorn.error] 127.0.0.1:65107 - "WebSocket /ws/settings" [accepted]
2026-07-01 03:54:14 | INFO     | [arbitrator.presentation.ws.settings_ws_handler:handle:25] - ws connected | endpoint=/ws/settings
2026-07-01 03:54:14 | INFO     | [websockets.legacy.server:handler:161] - [uvicorn.error] connection open
2026-07-01 03:54:14 | INFO     | [asyncio.events:_run:80] - [uvicorn.error] connection closed
2026-07-01 03:54:14 | INFO     | [starlette._exception_handler:sender:39] - [uvicorn.error] 127.0.0.1:65108 - "WebSocket /ws/orders" [accepted]
2026-07-01 03:54:14 | INFO     | [arbitrator.presentation.ws.orders_ws_handler:handle:26] - ws connected | endpoint=/ws/orders
2026-07-01 03:54:14 | INFO     | [websockets.legacy.server:handler:161] - [uvicorn.error] connection open
2026-07-01 03:54:14 | INFO     | [asyncio.events:_run:80] - [uvicorn.error] connection closed
2026-07-01 03:54:14 | INFO     | [arbitrator.exchanges.ccxt_base:_ensure_open:1332] - Exchange client opened | exchange=gate
2026-07-01 03:54:14 | INFO     | [arbitrator.exchanges.ccxt_base:_ensure_open:1332] - Exchange client opened | exchange=gate
2026-07-01 03:54:14 | DEBUG    | [arbitrator.application.multi_exchange_watcher:_watch:81] - Watcher start | exchange=bingx symbols=466
2026-07-01 03:54:14 | INFO     | [arbitrator.exchanges.ccxt_base:_ensure_open:1332] - Exchange client opened | exchange=bingx
2026-07-01 03:54:14 | INFO     | [arbitrator.exchanges.ccxt_base:_ensure_open:1332] - Exchange client opened | exchange=bingx
2026-07-01 03:54:15 | DEBUG    | [arbitrator.application.strategy_table_service:refresh:75] - strategy recompute | changed=0 symbols=0
2026-07-01 03:54:16 | DEBUG    | [arbitrator.application.strategy_table_service:refresh:75] - strategy recompute | changed=0 symbols=0
2026-07-01 03:54:16 | INFO     | [starlette._exception_handler:sender:39] - [uvicorn.error] 127.0.0.1:65113 - "WebSocket /ws/settings" [accepted]
2026-07-01 03:54:16 | INFO     | [arbitrator.presentation.ws.settings_ws_handler:handle:25] - ws connected | endpoint=/ws/settings
2026-07-01 03:54:16 | INFO     | [websockets.legacy.server:handler:161] - [uvicorn.error] connection open
2026-07-01 03:54:16 | INFO     | [asyncio.events:_run:80] - [uvicorn.error] connection closed
2026-07-01 03:54:16 | INFO     | [starlette._exception_handler:sender:39] - [uvicorn.error] 127.0.0.1:65114 - "WebSocket /ws/orders" [accepted]
2026-07-01 03:54:16 | INFO     | [arbitrator.presentation.ws.orders_ws_handler:handle:26] - ws connected | endpoint=/ws/orders
2026-07-01 03:54:16 | INFO     | [websockets.legacy.server:handler:161] - [uvicorn.error] connection open
2026-07-01 03:54:16 | INFO     | [asyncio.events:_run:80] - [uvicorn.error] connection closed
2026-07-01 03:54:17 | DEBUG    | [arbitrator.exchanges.ccxt_base:_ensure_markets_loaded:1349] - Markets loaded | exchange=bingx count=3032
2026-07-01 03:54:17 | INFO     | [arbitrator.exchanges.ccxt_base:_ensure_open:1332] - Exchange client opened | exchange=gate
2026-07-01 03:54:18 | DEBUG    | [arbitrator.application.strategy_table_service:refresh:75] - strategy recompute | changed=0 symbols=0
2026-07-01 03:54:18 | INFO     | [starlette._exception_handler:sender:39] - [uvicorn.error] 127.0.0.1:65125 - "WebSocket /ws/settings" [accepted]
2026-07-01 03:54:18 | INFO     | [arbitrator.presentation.ws.settings_ws_handler:handle:25] - ws connected | endpoint=/ws/settings
2026-07-01 03:54:18 | INFO     | [websockets.legacy.server:handler:161] - [uvicorn.error] connection open
2026-07-01 03:54:18 | INFO     | [starlette._exception_handler:sender:39] - [uvicorn.error] 127.0.0.1:65127 - "WebSocket /ws/orders" [accepted]
2026-07-01 03:54:18 | INFO     | [arbitrator.presentation.ws.orders_ws_handler:handle:26] - ws connected | endpoint=/ws/orders
2026-07-01 03:54:18 | INFO     | [websockets.legacy.server:handler:161] - [uvicorn.error] connection open
2026-07-01 03:54:18 | INFO     | [asyncio.events:_run:80] - [uvicorn.error] connection closed
2026-07-01 03:54:18 | INFO     | [asyncio.events:_run:80] - [uvicorn.error] connection closed
2026-07-01 03:54:19 | DEBUG    | [arbitrator.application.strategy_table_service:refresh:75] - strategy recompute | changed=0 symbols=0
2026-07-01 03:54:20 | DEBUG    | [arbitrator.application.strategy_table_service:refresh:75] - strategy recompute | changed=0 symbols=0
2026-07-01 03:54:20 | DEBUG    | [arbitrator.exchanges.ccxt_base:_ensure_markets_loaded:1349] - Markets loaded | exchange=bingx count=3032
2026-07-01 03:54:20 | INFO     | [arbitrator.exchanges.ccxt_base:watch_order_book:232] - Streaming order book | exchange=bingx symbol=GUA/USDT:USDT limit=20
2026-07-01 03:54:20 | INFO     | [arbitrator.exchanges.ccxt_base:watch_order_book:232] - Streaming order book | exchange=bingx symbol=GUA/USDT limit=20
2026-07-01 03:54:21 | INFO     | [arbitrator.exchanges.ccxt_base:watch_tickers:208] - Streaming tickers | exchange=bingx symbols=1 mode=fanout chunks=-
2026-07-01 03:54:23 | DEBUG    | [arbitrator.application.strategy_table_service:refresh:75] - strategy recompute | changed=0 symbols=0
2026-07-01 03:54:23 | INFO     | [starlette._exception_handler:sender:39] - [uvicorn.error] 127.0.0.1:65137 - "WebSocket /ws/settings" [accepted]
2026-07-01 03:54:23 | INFO     | [arbitrator.presentation.ws.settings_ws_handler:handle:25] - ws connected | endpoint=/ws/settings
2026-07-01 03:54:23 | INFO     | [websockets.legacy.server:handler:161] - [uvicorn.error] connection open
2026-07-01 03:54:24 | INFO     | [starlette._exception_handler:sender:39] - [uvicorn.error] 127.0.0.1:65139 - "WebSocket /ws/orders" [accepted]
2026-07-01 03:54:24 | INFO     | [arbitrator.presentation.ws.orders_ws_handler:handle:26] - ws connected | endpoint=/ws/orders
2026-07-01 03:54:24 | INFO     | [websockets.legacy.server:handler:161] - [uvicorn.error] connection open
2026-07-01 03:54:24 | INFO     | [asyncio.events:_run:80] - [uvicorn.error] connection closed
2026-07-01 03:54:24 | INFO     | [asyncio.events:_run:80] - [uvicorn.error] connection closed
2026-07-01 03:54:24 | DEBUG    | [arbitrator.application.strategy_table_service:refresh:75] - strategy recompute | changed=0 symbols=0
2026-07-01 03:54:26 | DEBUG    | [arbitrator.application.strategy_table_service:refresh:75] - strategy recompute | changed=0 symbols=0
2026-07-01 03:54:28 | INFO     | [starlette._exception_handler:sender:39] - [uvicorn.error] 127.0.0.1:65147 - "WebSocket /ws/settings" [accepted]
2026-07-01 03:54:28 | INFO     | [arbitrator.presentation.ws.settings_ws_handler:handle:25] - ws connected | endpoint=/ws/settings
2026-07-01 03:54:28 | DEBUG    | [arbitrator.application.strategy_table_service:refresh:75] - strategy recompute | changed=0 symbols=0
2026-07-01 03:54:28 | INFO     | [websockets.legacy.server:handler:161] - [uvicorn.error] connection open
2026-07-01 03:54:28 | INFO     | [starlette._exception_handler:sender:39] - [uvicorn.error] 127.0.0.1:65154 - "WebSocket /ws/orders" [accepted]
2026-07-01 03:54:28 | INFO     | [arbitrator.presentation.ws.orders_ws_handler:handle:26] - ws connected | endpoint=/ws/orders
2026-07-01 03:54:28 | INFO     | [websockets.legacy.server:handler:161] - [uvicorn.error] connection open
2026-07-01 03:54:28 | INFO     | [asyncio.events:_run:80] - [uvicorn.error] connection closed
2026-07-01 03:54:28 | INFO     | [asyncio.events:_run:80] - [uvicorn.error] connection closed
2026-07-01 03:54:30 | DEBUG    | [arbitrator.application.strategy_table_service:refresh:75] - strategy recompute | changed=0 symbols=0
2026-07-01 03:54:31 | DEBUG    | [arbitrator.exchanges.ccxt_base:_ensure_markets_loaded:1349] - Markets loaded | exchange=bingx count=3032
2026-07-01 03:54:31 | INFO     | [arbitrator.exchanges.ccxt_base:watch_open_positions:602] - Position stream started | exchange=bingx mode=ws
2026-07-01 03:54:31 | DEBUG    | [arbitrator.application.strategy_table_service:refresh:75] - strategy recompute | changed=0 symbols=0
2026-07-01 03:54:32 | INFO     | [arbitrator.exchanges.ccxt_base:watch_usdt_balance:634] - Balance stream started | exchange=bingx mode=ws
2026-07-01 03:54:32 | INFO     | [starlette._exception_handler:sender:39] - [uvicorn.error] 127.0.0.1:65180 - "WebSocket /ws/settings" [accepted]
2026-07-01 03:54:32 | INFO     | [arbitrator.presentation.ws.settings_ws_handler:handle:25] - ws connected | endpoint=/ws/settings
2026-07-01 03:54:32 | INFO     | [websockets.legacy.server:handler:161] - [uvicorn.error] connection open
2026-07-01 03:54:32 | DEBUG    | [arbitrator.application.strategy_table_service:refresh:75] - strategy recompute | changed=0 symbols=0
2026-07-01 03:54:32 | INFO     | [starlette._exception_handler:sender:39] - [uvicorn.error] 127.0.0.1:65182 - "WebSocket /ws/orders" [accepted]
2026-07-01 03:54:32 | INFO     | [arbitrator.presentation.ws.orders_ws_handler:handle:26] - ws connected | endpoint=/ws/orders
2026-07-01 03:54:32 | INFO     | [websockets.legacy.server:handler:161] - [uvicorn.error] connection open
2026-07-01 03:54:32 | DEBUG    | [arbitrator.exchanges.ccxt_base:_ensure_markets_loaded:1349] - Markets loaded | exchange=bitget count=1928
2026-07-01 03:54:32 | INFO     | [arbitrator.exchanges.ccxt_base:watch_tickers:208] - Streaming tickers | exchange=bitget symbols=573 mode=bulk chunks=12
2026-07-01 03:54:32 | DEBUG    | [arbitrator.exchanges.ccxt_base:_stream_bulk:1180] - Bulk stream chunks | exchange=bitget chunks=12 chunk_size=50
2026-07-01 03:54:33 | INFO     | [asyncio.events:_run:80] - [uvicorn.error] connection closed
2026-07-01 03:54:33 | DEBUG    | [arbitrator.exchanges.ccxt_base:_ensure_markets_loaded:1349] - Markets loaded | exchange=bitget count=1928
2026-07-01 03:54:33 | INFO     | [arbitrator.exchanges.ccxt_base:watch_open_positions:602] - Position stream started | exchange=bitget mode=ws
2026-07-01 03:54:33 | INFO     | [asyncio.events:_run:80] - [uvicorn.error] connection closed
2026-07-01 03:54:33 | INFO     | [arbitrator.exchanges.ccxt_base:watch_usdt_balance:634] - Balance stream started | exchange=bitget mode=ws
2026-07-01 03:54:33 | DEBUG    | [arbitrator.application.strategy_table_service:refresh:75] - strategy recompute | changed=0 symbols=0
2026-07-01 03:54:33 | DEBUG    | [arbitrator.exchanges.ccxt_base:_ensure_markets_loaded:1349] - Markets loaded | exchange=mexc count=3151
2026-07-01 03:54:33 | INFO     | [arbitrator.exchanges.ccxt_base:watch_open_positions:602] - Position stream started | exchange=mexc mode=rest_poll
2026-07-01 03:54:33 | INFO     | [arbitrator.exchanges.ccxt_base:watch_usdt_balance:634] - Balance stream started | exchange=mexc mode=ws
2026-07-01 03:54:34 | DEBUG    | [arbitrator.exchanges.ccxt_base:_ensure_markets_loaded:1349] - Markets loaded | exchange=bingx count=3032
2026-07-01 03:54:34 | INFO     | [arbitrator.exchanges.ccxt_base:watch_tickers:208] - Streaming tickers | exchange=bingx symbols=466 mode=fanout chunks=-
2026-07-01 03:54:35 | DEBUG    | [arbitrator.application.strategy_table_service:refresh:75] - strategy recompute | changed=0 symbols=0
2026-07-01 03:54:35 | INFO     | [starlette._exception_handler:sender:39] - [uvicorn.error] 127.0.0.1:65186 - "WebSocket /ws/settings" [accepted]
2026-07-01 03:54:35 | INFO     | [arbitrator.presentation.ws.settings_ws_handler:handle:25] - ws connected | endpoint=/ws/settings
2026-07-01 03:54:35 | DEBUG    | [arbitrator.exchanges.ccxt_base:_ensure_markets_loaded:1349] - Markets loaded | exchange=mexc count=3151
2026-07-01 03:54:35 | INFO     | [arbitrator.exchanges.ccxt_base:watch_tickers:208] - Streaming tickers | exchange=mexc symbols=545 mode=bulk chunks=11
2026-07-01 03:54:35 | INFO     | [websockets.legacy.server:handler:161] - [uvicorn.error] connection open
2026-07-01 03:54:35 | DEBUG    | [arbitrator.exchanges.ccxt_base:_stream_bulk:1180] - Bulk stream chunks | exchange=mexc chunks=11 chunk_size=50
2026-07-01 03:54:35 | INFO     | [starlette._exception_handler:sender:39] - [uvicorn.error] 127.0.0.1:65187 - "WebSocket /ws/orders" [accepted]
2026-07-01 03:54:35 | INFO     | [arbitrator.presentation.ws.orders_ws_handler:handle:26] - ws connected | endpoint=/ws/orders
2026-07-01 03:54:35 | INFO     | [websockets.legacy.server:handler:161] - [uvicorn.error] connection open
2026-07-01 03:54:35 | INFO     | [asyncio.events:_run:80] - [uvicorn.error] connection closed
2026-07-01 03:54:35 | INFO     | [asyncio.events:_run:80] - [uvicorn.error] connection closed
2026-07-01 03:54:36 | DEBUG    | [arbitrator.application.strategy_table_service:refresh:75] - strategy recompute | changed=0 symbols=0
2026-07-01 03:54:37 | DEBUG    | [arbitrator.application.strategy_table_service:refresh:75] - strategy recompute | changed=0 symbols=0
2026-07-01 03:54:37 | INFO     | [starlette._exception_handler:sender:39] - [uvicorn.error] 127.0.0.1:65194 - "WebSocket /ws/settings" [accepted]
2026-07-01 03:54:37 | INFO     | [arbitrator.presentation.ws.settings_ws_handler:handle:25] - ws connected | endpoint=/ws/settings
2026-07-01 03:54:37 | INFO     | [websockets.legacy.server:handler:161] - [uvicorn.error] connection open
2026-07-01 03:54:38 | DEBUG    | [arbitrator.exchanges.ccxt_base:_ensure_markets_loaded:1349] - Markets loaded | exchange=gate count=6253
2026-07-01 03:54:38 | INFO     | [arbitrator.exchanges.ccxt_base:watch_order_book:232] - Streaming order book | exchange=gate symbol=GUA/USDT:USDT limit=20
2026-07-01 03:54:38 | INFO     | [starlette._exception_handler:sender:39] - [uvicorn.error] 127.0.0.1:65195 - "WebSocket /ws/orders" [accepted]
2026-07-01 03:54:38 | INFO     | [arbitrator.exchanges.ccxt_base:watch_order_book:232] - Streaming order book | exchange=gate symbol=GUA/USDT limit=20
2026-07-01 03:54:38 | INFO     | [arbitrator.presentation.ws.orders_ws_handler:handle:26] - ws connected | endpoint=/ws/orders
2026-07-01 03:54:38 | INFO     | [arbitrator.exchanges.ccxt_base:watch_tickers:208] - Streaming tickers | exchange=gate symbols=1 mode=bulk chunks=1
2026-07-01 03:54:38 | DEBUG    | [arbitrator.exchanges.ccxt_base:_stream_bulk:1180] - Bulk stream chunks | exchange=gate chunks=1 chunk_size=50
2026-07-01 03:54:38 | INFO     | [websockets.legacy.server:handler:161] - [uvicorn.error] connection open
2026-07-01 03:54:38 | INFO     | [asyncio.events:_run:80] - [uvicorn.error] connection closed
2026-07-01 03:54:38 | INFO     | [asyncio.events:_run:80] - [uvicorn.error] connection closed
2026-07-01 03:54:38 | DEBUG    | [arbitrator.application.strategy_table_service:refresh:75] - strategy recompute | changed=0 symbols=0
2026-07-01 03:54:39 | DEBUG    | [arbitrator.application.strategy_table_service:refresh:75] - strategy recompute | changed=0 symbols=0
2026-07-01 03:54:39 | INFO     | [starlette._exception_handler:sender:39] - [uvicorn.error] 127.0.0.1:65199 - "WebSocket /ws/settings" [accepted]
2026-07-01 03:54:39 | INFO     | [arbitrator.presentation.ws.settings_ws_handler:handle:25] - ws connected | endpoint=/ws/settings
2026-07-01 03:54:39 | INFO     | [websockets.legacy.server:handler:161] - [uvicorn.error] connection open
2026-07-01 03:54:39 | INFO     | [asyncio.events:_run:80] - [uvicorn.error] connection closed
2026-07-01 03:54:40 | INFO     | [starlette._exception_handler:sender:39] - [uvicorn.error] 127.0.0.1:65200 - "WebSocket /ws/orders" [accepted]
2026-07-01 03:54:40 | INFO     | [arbitrator.presentation.ws.orders_ws_handler:handle:26] - ws connected | endpoint=/ws/orders
2026-07-01 03:54:40 | INFO     | [websockets.legacy.server:handler:161] - [uvicorn.error] connection open
2026-07-01 03:54:41 | DEBUG    | [arbitrator.exchanges.ccxt_base:_ensure_markets_loaded:1349] - Markets loaded | exchange=gate count=6253
2026-07-01 03:54:41 | INFO     | [arbitrator.application.fee_snapshot_service:snapshot:41] - fee snapshot complete | exchanges=2 symbols=1 loaded=2
2026-07-01 03:54:41 | DEBUG    | [arbitrator.application.strategy_table_service:refresh:75] - strategy recompute | changed=300 symbols=300
2026-07-01 03:54:41 | INFO     | [asyncio.events:_run:80] - [uvicorn.error] connection closed
2026-07-01 03:54:41 | INFO     | [starlette._exception_handler:sender:39] - [uvicorn.error] 127.0.0.1:65202 - "WebSocket /ws/settings" [accepted]
2026-07-01 03:54:41 | INFO     | [arbitrator.presentation.ws.settings_ws_handler:handle:25] - ws connected | endpoint=/ws/settings
2026-07-01 03:54:42 | INFO     | [websockets.legacy.server:handler:161] - [uvicorn.error] connection open
2026-07-01 03:54:42 | INFO     | [asyncio.events:_run:80] - [uvicorn.error] connection closed
2026-07-01 03:54:42 | INFO     | [arbitrator.application.screener_stream_worker:_discovery_phase:191] - Volume discovery timed out | eligible=451 pending=217
2026-07-01 03:54:42 | DEBUG    | [arbitrator.exchanges.ccxt_base:_watch_chunk:1205] - watch_tickers transient, retrying | exchange=mexc chunk=1 err=NetworkError delay_s=5.0
2026-07-01 03:54:42 | DEBUG    | [arbitrator.exchanges.ccxt_base:_watch_chunk:1205] - watch_tickers transient, retrying | exchange=mexc chunk=2 err=NetworkError delay_s=5.0
2026-07-01 03:54:42 | DEBUG    | [arbitrator.exchanges.ccxt_base:_watch_chunk:1205] - watch_tickers transient, retrying | exchange=mexc chunk=3 err=NetworkError delay_s=5.0
2026-07-01 03:54:42 | DEBUG    | [arbitrator.exchanges.ccxt_base:_watch_chunk:1205] - watch_tickers transient, retrying | exchange=mexc chunk=4 err=NetworkError delay_s=5.0
2026-07-01 03:54:42 | DEBUG    | [arbitrator.exchanges.ccxt_base:_watch_chunk:1205] - watch_tickers transient, retrying | exchange=mexc chunk=5 err=NetworkError delay_s=5.0
2026-07-01 03:54:42 | DEBUG    | [arbitrator.exchanges.ccxt_base:_watch_chunk:1205] - watch_tickers transient, retrying | exchange=mexc chunk=6 err=NetworkError delay_s=5.0
2026-07-01 03:54:42 | DEBUG    | [arbitrator.exchanges.ccxt_base:_watch_chunk:1205] - watch_tickers transient, retrying | exchange=mexc chunk=7 err=NetworkError delay_s=5.0
2026-07-01 03:54:42 | DEBUG    | [arbitrator.exchanges.ccxt_base:_watch_chunk:1205] - watch_tickers transient, retrying | exchange=mexc chunk=8 err=NetworkError delay_s=5.0
2026-07-01 03:54:42 | DEBUG    | [arbitrator.application.strategy_table_service:refresh:75] - strategy recompute | changed=164 symbols=451
2026-07-01 03:54:42 | DEBUG    | [arbitrator.exchanges.ccxt_base:close:1167] - Exchange closed | exchange=mexc
2026-07-01 03:54:42 | DEBUG    | [arbitrator.exchanges.ccxt_base:close:1167] - Exchange closed | exchange=mexc
2026-07-01 03:54:43 | DEBUG    | [arbitrator.exchanges.ccxt_base:close:1167] - Exchange closed | exchange=bitget
2026-07-01 03:54:43 | DEBUG    | [arbitrator.exchanges.ccxt_base:close:1167] - Exchange closed | exchange=bitget
2026-07-01 03:54:43 | ERROR    | [arbitrator.exchanges.ccxt_base:_ensure_markets_loaded:1347] - load_markets failed | exchange=gate
Traceback (most recent call last):

  File "c:\Users\dev_home\.cursor\extensions\ms-python.debugpy-2026.6.0-win32-x64\bundled\libs\debugpy\_vendored\pydevd\_pydev_bundle\pydev_monkey.py", line 1134, in __call__
    ret = self.original_func(*self.args, **self.kwargs)
          │    │              │    │       │    └ {}
          │    │              │    │       └ <_pydev_bundle.pydev_monkey._NewThreadStartupWithTrace object at 0x000001D51EA620D0>
          │    │              │    └ ()
          │    │              └ <_pydev_bundle.pydev_monkey._NewThreadStartupWithTrace object at 0x000001D51EA620D0>
          │    └ <bound method Thread._bootstrap of <Thread(screener-stream:0, started daemon 12624)>>
          └ <_pydev_bundle.pydev_monkey._NewThreadStartupWithTrace object at 0x000001D51EA620D0>

  File "C:\Users\dev_home\AppData\Local\Programs\Python\Python311\Lib\threading.py", line 1002, in _bootstrap
    self._bootstrap_inner()
    │    └ <function Thread._bootstrap_inner at 0x000001D513DCCB80>
    └ <Thread(screener-stream:0, started daemon 12624)>
  File "C:\Users\dev_home\AppData\Local\Programs\Python\Python311\Lib\threading.py", line 1045, in _bootstrap_inner
    self.run()
    │    └ <function Thread.run at 0x000001D513DCC860>
    └ <Thread(screener-stream:0, started daemon 12624)>
  File "C:\Users\dev_home\AppData\Local\Programs\Python\Python311\Lib\threading.py", line 982, in run
    self._target(*self._args, **self._kwargs)
    │    │        │    │        │    └ {}
    │    │        │    │        └ <Thread(screener-stream:0, started daemon 12624)>
    │    │        │    └ ()
    │    │        └ <Thread(screener-stream:0, started daemon 12624)>
    │    └ <bound method ScreenerStreamWorker._thread_main of <arbitrator.application.screener_stream_worker.ScreenerStreamWorker object...
    └ <Thread(screener-stream:0, started daemon 12624)>

  File "C:\shere-folder\arbitrator\src\arbitrator\application\screener_stream_worker.py", line 88, in _thread_main
    asyncio.run(self._async_main())
    │       │   │    └ <function ScreenerStreamWorker._async_main at 0x000001D51D460040>
    │       │   └ <arbitrator.application.screener_stream_worker.ScreenerStreamWorker object at 0x000001D51EA4FED0>
    │       └ <function run at 0x000001D51665ACA0>
    └ <module 'asyncio' from 'C:\\Users\\dev_home\\AppData\\Local\\Programs\\Python\\Python311\\Lib\\asyncio\\__init__.py'>

  File "C:\Users\dev_home\AppData\Local\Programs\Python\Python311\Lib\asyncio\runners.py", line 190, in run
    return runner.run(main)
           │      │   └ <coroutine object ScreenerStreamWorker._async_main at 0x000001D51E9F8B80>
           │      └ <function Runner.run at 0x000001D51665B100>
           └ <asyncio.runners.Runner object at 0x000001D51D663E10>
  File "C:\Users\dev_home\AppData\Local\Programs\Python\Python311\Lib\asyncio\runners.py", line 118, in run
    return self._loop.run_until_complete(task)
           │    │     │                  └ <Task pending name='Task-3' coro=<ScreenerStreamWorker._async_main() running at C:\shere-folder\arbitrator\src\arbitrator\app...
           │    │     └ <function BaseEventLoop.run_until_complete at 0x000001D516658B80>
           │    └ <ProactorEventLoop running=True closed=False debug=False>
           └ <asyncio.runners.Runner object at 0x000001D51D663E10>
  File "C:\Users\dev_home\AppData\Local\Programs\Python\Python311\Lib\asyncio\base_events.py", line 640, in run_until_complete
    self.run_forever()
    │    └ <function ProactorEventLoop.run_forever at 0x000001D5166F1B20>
    └ <ProactorEventLoop running=True closed=False debug=False>
  File "C:\Users\dev_home\AppData\Local\Programs\Python\Python311\Lib\asyncio\windows_events.py", line 321, in run_forever
    super().run_forever()
  File "C:\Users\dev_home\AppData\Local\Programs\Python\Python311\Lib\asyncio\base_events.py", line 607, in run_forever
    self._run_once()
    │    └ <function BaseEventLoop._run_once at 0x000001D51665A8E0>
    └ <ProactorEventLoop running=True closed=False debug=False>
  File "C:\Users\dev_home\AppData\Local\Programs\Python\Python311\Lib\asyncio\base_events.py", line 1922, in _run_once
    handle._run()
    │      └ <function Handle._run at 0x000001D5165CA340>
    └ <Handle Task.task_wakeup(<Task finishe...ibute 'get'")>)>
  File "C:\Users\dev_home\AppData\Local\Programs\Python\Python311\Lib\asyncio\events.py", line 80, in _run
    self._context.run(self._callback, *self._args)
    │    │            │    │           │    └ <member '_args' of 'Handle' objects>
    │    │            │    │           └ <Handle Task.task_wakeup(<Task finishe...ibute 'get'")>)>
    │    │            │    └ <member '_callback' of 'Handle' objects>
    │    │            └ <Handle Task.task_wakeup(<Task finishe...ibute 'get'")>)>
    │    └ <member '_context' of 'Handle' objects>
    └ <Handle Task.task_wakeup(<Task finishe...ibute 'get'")>)>

  File "C:\shere-folder\arbitrator\src\arbitrator\exchanges\gate.py", line 46, in watch_tickers
    await self._ensure_markets_loaded(client)
          │    │                      └ ccxt.async_support.gate()
          │    └ <function CcxtBase._ensure_markets_loaded at 0x000001D51D42AA20>
          └ <arbitrator.exchanges.gate.Gate object at 0x000001D51EA74A10>

> File "C:\shere-folder\arbitrator\src\arbitrator\exchanges\ccxt_base.py", line 1344, in _ensure_markets_loaded
    await client.load_markets()
          │      └ <function Exchange.load_markets at 0x000001D51B0AAE80>
          └ ccxt.async_support.gate()

  File "C:\shere-folder\arbitrator\.venv\Lib\site-packages\ccxt\async_support\base\exchange.py", line 365, in load_markets
    raise e
  File "C:\shere-folder\arbitrator\.venv\Lib\site-packages\ccxt\async_support\base\exchange.py", line 357, in load_markets
    result = await self.markets_loading
                   │    └ None
                   └ ccxt.async_support.gate()
  File "C:\shere-folder\arbitrator\.venv\Lib\site-packages\ccxt\async_support\base\exchange.py", line 324, in load_markets_helper
    markets = await self.fetch_markets(params)
                    │    │             └ {}
                    │    └ <function gate.fetch_markets at 0x000001D51C684A40>
                    └ ccxt.async_support.gate()
  File "C:\shere-folder\arbitrator\.venv\Lib\site-packages\ccxt\async_support\gate.py", line 1343, in fetch_markets
    results = await asyncio.gather(*rawPromises)
                    │       │       └ [<coroutine object gate.fetch_spot_markets at 0x000001D51F72ECF0>, <coroutine object gate.fetch_swap_markets at 0x000001D51EA...
                    │       └ <function gather at 0x000001D5166139C0>
                    └ <module 'asyncio' from 'C:\\Users\\dev_home\\AppData\\Local\\Programs\\Python\\Python311\\Lib\\asyncio\\__init__.py'>
  File "C:\shere-folder\arbitrator\.venv\Lib\site-packages\ccxt\async_support\gate.py", line 1667, in fetch_option_markets
    response = await self.publicOptionsGetContracts(query)
                     │    │                         └ {'underlying': 'BNB_USDT'}
                     │    └ <function Entry.__init__.<locals>.unbound_method at 0x000001D519D53600>
                     └ ccxt.async_support.gate()
  File "C:\shere-folder\arbitrator\.venv\Lib\site-packages\ccxt\async_support\base\exchange.py", line 1033, in request
    return await self.fetch2(path, api, method, params, headers, body, config)
                 │    │      │     │    │       │       │        │     └ {'cost': 1}
                 │    │      │     │    │       │       │        └ None
                 │    │      │     │    │       │       └ None
                 │    │      │     │    │       └ {'underlying': 'BNB_USDT'}
                 │    │      │     │    └ 'GET'
                 │    │      │     └ ['public', 'options']
                 │    │      └ 'contracts'
                 │    └ <function Exchange.fetch2 at 0x000001D51B1CAF20>
                 └ ccxt.async_support.gate()
  File "C:\shere-folder\arbitrator\.venv\Lib\site-packages\ccxt\async_support\base\exchange.py", line 1029, in fetch2
    raise e
  File "C:\shere-folder\arbitrator\.venv\Lib\site-packages\ccxt\async_support\base\exchange.py", line 1017, in fetch2
    return await self.fetch(request['url'], request['method'], request['headers'], request['body'])
                 │    │     │               │                  │                   └ {'url': 'https://api.gateio.ws/api/v4/options/contracts?underlying=BNB_USDT', 'method': 'GET', 'body': None, 'headers': None}
                 │    │     │               │                  └ {'url': 'https://api.gateio.ws/api/v4/options/contracts?underlying=BNB_USDT', 'method': 'GET', 'body': None, 'headers': None}
                 │    │     │               └ {'url': 'https://api.gateio.ws/api/v4/options/contracts?underlying=BNB_USDT', 'method': 'GET', 'body': None, 'headers': None}
                 │    │     └ {'url': 'https://api.gateio.ws/api/v4/options/contracts?underlying=BNB_USDT', 'method': 'GET', 'body': None, 'headers': None}
                 │    └ <function Exchange.fetch at 0x000001D51B0AACA0>
                 └ ccxt.async_support.gate()
  File "C:\shere-folder\arbitrator\.venv\Lib\site-packages\ccxt\async_support\base\exchange.py", line 234, in fetch
    session_method = getattr(final_session, method.lower())
                             │              │      └ <method 'lower' of 'str' objects>
                             │              └ 'GET'
                             └ None

AttributeError: 'NoneType' object has no attribute 'get'
2026-07-01 03:54:43 | DEBUG    | [arbitrator.exchanges.ccxt_base:close:1167] - Exchange closed | exchange=gate
2026-07-01 03:54:43 | DEBUG    | [arbitrator.exchanges.ccxt_base:close:1167] - Exchange closed | exchange=gate
2026-07-01 03:54:43 | DEBUG    | [arbitrator.application.strategy_table_service:refresh:75] - strategy recompute | changed=0 symbols=451
2026-07-01 03:54:43 | DEBUG    | [arbitrator.exchanges.ccxt_base:close:1167] - Exchange closed | exchange=bingx
2026-07-01 03:54:44 | INFO     | [arbitrator.application.screener_stream_worker:_async_main:137] - Volume gate applied | threshold_usdt=50000.0 eligible=451 rejected=0
2026-07-01 03:54:44 | INFO     | [arbitrator.application.multi_exchange_watcher:_spawn_watchers:61] - Spawning watchers | exchanges=['mexc', 'bitget', 'gate', 'bingx'] symbols={'mexc': 450, 'bitget': 377, 'gate': 427, 'bingx': 374}
2026-07-01 03:54:44 | DEBUG    | [arbitrator.application.multi_exchange_watcher:_watch:81] - Watcher start | exchange=mexc symbols=450
2026-07-01 03:54:44 | INFO     | [starlette._exception_handler:sender:39] - [uvicorn.error] 127.0.0.1:65205 - "WebSocket /ws/orders" [accepted]
2026-07-01 03:54:44 | INFO     | [arbitrator.presentation.ws.orders_ws_handler:handle:26] - ws connected | endpoint=/ws/orders
2026-07-01 03:54:44 | INFO     | [websockets.legacy.server:handler:161] - [uvicorn.error] connection open
2026-07-01 03:54:44 | DEBUG    | [arbitrator.exchanges.ccxt_base:_ensure_markets_loaded:1349] - Markets loaded | exchange=gate count=6253
2026-07-01 03:54:44 | INFO     | [arbitrator.exchanges.gate:watch_open_positions:71] - Position stream started | exchange=gate mode=rest_poll
2026-07-01 03:54:44 | INFO     | [arbitrator.exchanges.gate:watch_usdt_balance:91] - Balance stream started | exchange=gate mode=rest_poll
2026-07-01 03:54:44 | INFO     | [starlette._exception_handler:sender:39] - [uvicorn.error] 127.0.0.1:65206 - "WebSocket /ws/settings" [accepted]
2026-07-01 03:54:44 | INFO     | [arbitrator.presentation.ws.settings_ws_handler:handle:25] - ws connected | endpoint=/ws/settings
2026-07-01 03:54:44 | INFO     | [websockets.legacy.server:handler:161] - [uvicorn.error] connection open
2026-07-01 03:54:44 | INFO     | [asyncio.events:_run:80] - [uvicorn.error] connection closed
2026-07-01 03:54:44 | INFO     | [asyncio.events:_run:80] - [uvicorn.error] connection closed
2026-07-01 03:54:44 | INFO     | [arbitrator.exchanges.ccxt_base:_ensure_open:1332] - Exchange client opened | exchange=mexc
2026-07-01 03:54:44 | DEBUG    | [arbitrator.application.multi_exchange_watcher:_watch:81] - Watcher start | exchange=bitget symbols=377
2026-07-01 03:54:44 | INFO     | [arbitrator.exchanges.ccxt_base:_ensure_open:1332] - Exchange client opened | exchange=bitget
2026-07-01 03:54:44 | DEBUG    | [arbitrator.application.multi_exchange_watcher:_watch:81] - Watcher start | exchange=gate symbols=427
2026-07-01 03:54:44 | DEBUG    | [arbitrator.application.strategy_table_service:refresh:75] - strategy recompute | changed=0 symbols=451
2026-07-01 03:54:45 | INFO     | [arbitrator.exchanges.ccxt_base:_ensure_open:1332] - Exchange client opened | exchange=gate
2026-07-01 03:54:45 | DEBUG    | [arbitrator.exchanges.ccxt_base:close:1167] - Exchange closed | exchange=bingx
2026-07-01 03:54:45 | DEBUG    | [arbitrator.application.multi_exchange_watcher:_watch:81] - Watcher start | exchange=bingx symbols=374
2026-07-01 03:54:45 | DEBUG    | [arbitrator.exchanges.ccxt_base:close:1167] - Exchange closed | exchange=gate
2026-07-01 03:54:45 | DEBUG    | [arbitrator.application.strategy_table_service:refresh:75] - strategy recompute | changed=0 symbols=451
2026-07-01 03:54:45 | INFO     | [arbitrator.exchanges.ccxt_base:_ensure_open:1332] - Exchange client opened | exchange=bingx
2026-07-01 03:54:45 | DEBUG    | [arbitrator.exchanges.ccxt_base:close:1167] - Exchange closed | exchange=bingx
2026-07-01 03:54:45 | ERROR    | [arbitrator.presentation.ws.opportunity_ws_handler:handle:71] - ws disconnected | endpoint=/ws/opportunity symbol=GUA/USDT
Traceback (most recent call last):

  File "<string>", line 1, in <module>
  File "C:\Users\dev_home\AppData\Local\Programs\Python\Python311\Lib\multiprocessing\spawn.py", line 122, in spawn_main
    exitcode = _main(fd, parent_sentinel)
               │     │   └ 648
               │     └ 3
               └ <function _main at 0x000001D5164FE2A0>
  File "C:\Users\dev_home\AppData\Local\Programs\Python\Python311\Lib\multiprocessing\spawn.py", line 135, in _main
    return self._bootstrap(parent_sentinel)
           │    │          └ 648
           │    └ <function BaseProcess._bootstrap at 0x000001D5164ECB80>
           └ <SpawnProcess name='SpawnProcess-19' parent=15228 started>
  File "C:\Users\dev_home\AppData\Local\Programs\Python\Python311\Lib\multiprocessing\process.py", line 314, in _bootstrap
    self.run()
    │    └ <function BaseProcess.run at 0x000001D5164EC0E0>
    └ <SpawnProcess name='SpawnProcess-19' parent=15228 started>
  File "C:\Users\dev_home\AppData\Local\Programs\Python\Python311\Lib\multiprocessing\process.py", line 108, in run
    self._target(*self._args, **self._kwargs)
    │    │        │    │        │    └ {'config': <uvicorn.config.Config object at 0x000001D516548E10>, 'target': <bound method Server.run of <uvicorn.server.Server...
    │    │        │    │        └ <SpawnProcess name='SpawnProcess-19' parent=15228 started>
    │    │        │    └ ()
    │    │        └ <SpawnProcess name='SpawnProcess-19' parent=15228 started>
    │    └ <function subprocess_started at 0x000001D5170819E0>
    └ <SpawnProcess name='SpawnProcess-19' parent=15228 started>
  File "C:\shere-folder\arbitrator\.venv\Lib\site-packages\uvicorn\_subprocess.py", line 80, in subprocess_started
    target(sockets=sockets)
    │              └ [<socket.socket fd=924, family=2, type=1, proto=6, laddr=('127.0.0.1', 8000)>]
    └ <bound method Server.run of <uvicorn.server.Server object at 0x000001D5172812D0>>
  File "C:\shere-folder\arbitrator\.venv\Lib\site-packages\uvicorn\server.py", line 75, in run
    return asyncio_run(self.serve(sockets=sockets), loop_factory=self.config.get_loop_factory())
           │           │    │             │                      │    │      └ <function Config.get_loop_factory at 0x000001D517080360>
           │           │    │             │                      │    └ <uvicorn.config.Config object at 0x000001D516548E10>
           │           │    │             │                      └ <uvicorn.server.Server object at 0x000001D5172812D0>
           │           │    │             └ [<socket.socket fd=924, family=2, type=1, proto=6, laddr=('127.0.0.1', 8000)>]
           │           │    └ <function Server.serve at 0x000001D517080A40>
           │           └ <uvicorn.server.Server object at 0x000001D5172812D0>
           └ <function asyncio_run at 0x000001D51703C040>
  File "C:\shere-folder\arbitrator\.venv\Lib\site-packages\uvicorn\_compat.py", line 30, in asyncio_run
    return runner.run(main)
           │      │   └ <coroutine object Server.serve at 0x000001D5171CB3D0>
           │      └ <function Runner.run at 0x000001D51665B100>
           └ <asyncio.runners.Runner object at 0x000001D517297750>
  File "C:\Users\dev_home\AppData\Local\Programs\Python\Python311\Lib\asyncio\runners.py", line 118, in run
    return self._loop.run_until_complete(task)
           │    │     │                  └ <Task pending name='Task-1' coro=<Server.serve() running at C:\shere-folder\arbitrator\.venv\Lib\site-packages\uvicorn\server...
           │    │     └ <function BaseEventLoop.run_until_complete at 0x000001D516658B80>
           │    └ <_WindowsSelectorEventLoop running=True closed=False debug=False>
           └ <asyncio.runners.Runner object at 0x000001D517297750>
  File "C:\Users\dev_home\AppData\Local\Programs\Python\Python311\Lib\asyncio\base_events.py", line 640, in run_until_complete
    self.run_forever()
    │    └ <function BaseEventLoop.run_forever at 0x000001D516658AE0>
    └ <_WindowsSelectorEventLoop running=True closed=False debug=False>
  File "C:\Users\dev_home\AppData\Local\Programs\Python\Python311\Lib\asyncio\base_events.py", line 607, in run_forever
    self._run_once()
    │    └ <function BaseEventLoop._run_once at 0x000001D51665A8E0>
    └ <_WindowsSelectorEventLoop running=True closed=False debug=False>
  File "C:\Users\dev_home\AppData\Local\Programs\Python\Python311\Lib\asyncio\base_events.py", line 1922, in _run_once
    handle._run()
    │      └ <function Handle._run at 0x000001D5165CA340>
    └ <Handle Task.task_wakeup(<Task cancell...ndler.py:206>>)>
  File "C:\Users\dev_home\AppData\Local\Programs\Python\Python311\Lib\asyncio\events.py", line 80, in _run
    self._context.run(self._callback, *self._args)
    │    │            │    │           │    └ <member '_args' of 'Handle' objects>
    │    │            │    │           └ <Handle Task.task_wakeup(<Task cancell...ndler.py:206>>)>
    │    │            │    └ <member '_callback' of 'Handle' objects>
    │    │            └ <Handle Task.task_wakeup(<Task cancell...ndler.py:206>>)>
    │    └ <member '_context' of 'Handle' objects>
    └ <Handle Task.task_wakeup(<Task cancell...ndler.py:206>>)>
  File "C:\shere-folder\arbitrator\.venv\Lib\site-packages\uvicorn\protocols\websockets\websockets_impl.py", line 239, in run_asgi
    result = await self.app(self.scope, self.asgi_receive, self.asgi_send)  # type: ignore[func-returns-value]
                   │    │   │    │      │    │             │    └ <function WebSocketProtocol.asgi_send at 0x000001D51744F380>
                   │    │   │    │      │    │             └ <uvicorn.protocols.websockets.websockets_impl.WebSocketProtocol object at 0x000001D51EA749D0>
                   │    │   │    │      │    └ <function WebSocketProtocol.asgi_receive at 0x000001D51744F420>
                   │    │   │    │      └ <uvicorn.protocols.websockets.websockets_impl.WebSocketProtocol object at 0x000001D51EA749D0>
                   │    │   │    └ {'type': 'websocket', 'asgi': {'version': '3.0', 'spec_version': '2.4'}, 'http_version': '1.1', 'scheme': 'ws', 'server': ('1...
                   │    │   └ <uvicorn.protocols.websockets.websockets_impl.WebSocketProtocol object at 0x000001D51EA749D0>
                   │    └ <uvicorn.middleware.proxy_headers.ProxyHeadersMiddleware object at 0x000001D5172A7550>
                   └ <uvicorn.protocols.websockets.websockets_impl.WebSocketProtocol object at 0x000001D51EA749D0>
  File "C:\shere-folder\arbitrator\.venv\Lib\site-packages\uvicorn\middleware\proxy_headers.py", line 63, in __call__
    return await self.app(scope, receive, send)
                 │    │   │      │        └ <bound method WebSocketProtocol.asgi_send of <uvicorn.protocols.websockets.websockets_impl.WebSocketProtocol object at 0x0000...
                 │    │   │      └ <bound method WebSocketProtocol.asgi_receive of <uvicorn.protocols.websockets.websockets_impl.WebSocketProtocol object at 0x0...
                 │    │   └ {'type': 'websocket', 'asgi': {'version': '3.0', 'spec_version': '2.4'}, 'http_version': '1.1', 'scheme': 'ws', 'server': ('1...
                 │    └ <fastapi.applications.FastAPI object at 0x000001D51E8A8D50>
                 └ <uvicorn.middleware.proxy_headers.ProxyHeadersMiddleware object at 0x000001D5172A7550>
  File "C:\shere-folder\arbitrator\.venv\Lib\site-packages\fastapi\applications.py", line 1163, in __call__
    await super().__call__(scope, receive, send)
                           │      │        └ <bound method WebSocketProtocol.asgi_send of <uvicorn.protocols.websockets.websockets_impl.WebSocketProtocol object at 0x0000...
                           │      └ <bound method WebSocketProtocol.asgi_receive of <uvicorn.protocols.websockets.websockets_impl.WebSocketProtocol object at 0x0...
                           └ {'type': 'websocket', 'asgi': {'version': '3.0', 'spec_version': '2.4'}, 'http_version': '1.1', 'scheme': 'ws', 'server': ('1...
  File "C:\shere-folder\arbitrator\.venv\Lib\site-packages\starlette\applications.py", line 90, in __call__
    await self.middleware_stack(scope, receive, send)
          │    │                │      │        └ <bound method WebSocketProtocol.asgi_send of <uvicorn.protocols.websockets.websockets_impl.WebSocketProtocol object at 0x0000...
          │    │                │      └ <bound method WebSocketProtocol.asgi_receive of <uvicorn.protocols.websockets.websockets_impl.WebSocketProtocol object at 0x0...
          │    │                └ {'type': 'websocket', 'asgi': {'version': '3.0', 'spec_version': '2.4'}, 'http_version': '1.1', 'scheme': 'ws', 'server': ('1...
          │    └ <starlette.middleware.errors.ServerErrorMiddleware object at 0x000001D51AA1B4D0>
          └ <fastapi.applications.FastAPI object at 0x000001D51E8A8D50>
  File "C:\shere-folder\arbitrator\.venv\Lib\site-packages\starlette\middleware\errors.py", line 151, in __call__
    await self.app(scope, receive, send)
          │    │   │      │        └ <bound method WebSocketProtocol.asgi_send of <uvicorn.protocols.websockets.websockets_impl.WebSocketProtocol object at 0x0000...
          │    │   │      └ <bound method WebSocketProtocol.asgi_receive of <uvicorn.protocols.websockets.websockets_impl.WebSocketProtocol object at 0x0...
          │    │   └ {'type': 'websocket', 'asgi': {'version': '3.0', 'spec_version': '2.4'}, 'http_version': '1.1', 'scheme': 'ws', 'server': ('1...
          │    └ <starlette.middleware.exceptions.ExceptionMiddleware object at 0x000001D51EA61510>
          └ <starlette.middleware.errors.ServerErrorMiddleware object at 0x000001D51AA1B4D0>
  File "C:\shere-folder\arbitrator\.venv\Lib\site-packages\starlette\middleware\exceptions.py", line 63, in __call__
    await wrap_app_handling_exceptions(self.app, conn)(scope, receive, send)
          │                            │    │    │     │      │        └ <bound method WebSocketProtocol.asgi_send of <uvicorn.protocols.websockets.websockets_impl.WebSocketProtocol object at 0x0000...
          │                            │    │    │     │      └ <bound method WebSocketProtocol.asgi_receive of <uvicorn.protocols.websockets.websockets_impl.WebSocketProtocol object at 0x0...
          │                            │    │    │     └ {'type': 'websocket', 'asgi': {'version': '3.0', 'spec_version': '2.4'}, 'http_version': '1.1', 'scheme': 'ws', 'server': ('1...
          │                            │    │    └ <starlette.websockets.WebSocket object at 0x000001D51EA94D10>
          │                            │    └ <fastapi.middleware.asyncexitstack.AsyncExitStackMiddleware object at 0x000001D51EA61490>
          │                            └ <starlette.middleware.exceptions.ExceptionMiddleware object at 0x000001D51EA61510>
          └ <function wrap_app_handling_exceptions at 0x000001D51E7B5260>
  File "C:\shere-folder\arbitrator\.venv\Lib\site-packages\starlette\_exception_handler.py", line 42, in wrapped_app
    await app(scope, receive, sender)
          │   │      │        └ <function wrap_app_handling_exceptions.<locals>.wrapped_app.<locals>.sender at 0x000001D51EA716C0>
          │   │      └ <bound method WebSocketProtocol.asgi_receive of <uvicorn.protocols.websockets.websockets_impl.WebSocketProtocol object at 0x0...
          │   └ {'type': 'websocket', 'asgi': {'version': '3.0', 'spec_version': '2.4'}, 'http_version': '1.1', 'scheme': 'ws', 'server': ('1...
          └ <fastapi.middleware.asyncexitstack.AsyncExitStackMiddleware object at 0x000001D51EA61490>
  File "C:\shere-folder\arbitrator\.venv\Lib\site-packages\fastapi\middleware\asyncexitstack.py", line 18, in __call__
    await self.app(scope, receive, send)
          │    │   │      │        └ <function wrap_app_handling_exceptions.<locals>.wrapped_app.<locals>.sender at 0x000001D51EA716C0>
          │    │   │      └ <bound method WebSocketProtocol.asgi_receive of <uvicorn.protocols.websockets.websockets_impl.WebSocketProtocol object at 0x0...
          │    │   └ {'type': 'websocket', 'asgi': {'version': '3.0', 'spec_version': '2.4'}, 'http_version': '1.1', 'scheme': 'ws', 'server': ('1...
          │    └ <fastapi.routing.APIRouter object at 0x000001D51E8DAE10>
          └ <fastapi.middleware.asyncexitstack.AsyncExitStackMiddleware object at 0x000001D51EA61490>
  File "C:\shere-folder\arbitrator\.venv\Lib\site-packages\starlette\routing.py", line 660, in __call__
    await self.middleware_stack(scope, receive, send)
          │    │                │      │        └ <function wrap_app_handling_exceptions.<locals>.wrapped_app.<locals>.sender at 0x000001D51EA716C0>
          │    │                │      └ <bound method WebSocketProtocol.asgi_receive of <uvicorn.protocols.websockets.websockets_impl.WebSocketProtocol object at 0x0...
          │    │                └ {'type': 'websocket', 'asgi': {'version': '3.0', 'spec_version': '2.4'}, 'http_version': '1.1', 'scheme': 'ws', 'server': ('1...
          │    └ <bound method APIRouter.app of <fastapi.routing.APIRouter object at 0x000001D51E8DAE10>>
          └ <fastapi.routing.APIRouter object at 0x000001D51E8DAE10>
  File "C:\shere-folder\arbitrator\.venv\Lib\site-packages\fastapi\routing.py", line 2543, in app
    await route.handle(scope, receive, send)
          │     │      │      │        └ <function wrap_app_handling_exceptions.<locals>.wrapped_app.<locals>.sender at 0x000001D51EA716C0>
          │     │      │      └ <bound method WebSocketProtocol.asgi_receive of <uvicorn.protocols.websockets.websockets_impl.WebSocketProtocol object at 0x0...
          │     │      └ {'type': 'websocket', 'asgi': {'version': '3.0', 'spec_version': '2.4'}, 'http_version': '1.1', 'scheme': 'ws', 'server': ('1...
          │     └ <function WebSocketRoute.handle at 0x000001D51E7B6DE0>
          └ APIWebSocketRoute(path='/ws/opportunity', name='opportunity_ws')
  File "C:\shere-folder\arbitrator\.venv\Lib\site-packages\starlette\routing.py", line 350, in handle
    await self.app(scope, receive, send)
          │    │   │      │        └ <function wrap_app_handling_exceptions.<locals>.wrapped_app.<locals>.sender at 0x000001D51EA716C0>
          │    │   │      └ <bound method WebSocketProtocol.asgi_receive of <uvicorn.protocols.websockets.websockets_impl.WebSocketProtocol object at 0x0...
          │    │   └ {'type': 'websocket', 'asgi': {'version': '3.0', 'spec_version': '2.4'}, 'http_version': '1.1', 'scheme': 'ws', 'server': ('1...
          │    └ <function websocket_session.<locals>.app at 0x000001D51EA2F1A0>
          └ APIWebSocketRoute(path='/ws/opportunity', name='opportunity_ws')
  File "C:\shere-folder\arbitrator\.venv\Lib\site-packages\fastapi\routing.py", line 176, in app
    await wrap_app_handling_exceptions(app, session)(scope, receive, send)
          │                            │    │        │      │        └ <function wrap_app_handling_exceptions.<locals>.wrapped_app.<locals>.sender at 0x000001D51EA716C0>
          │                            │    │        │      └ <bound method WebSocketProtocol.asgi_receive of <uvicorn.protocols.websockets.websockets_impl.WebSocketProtocol object at 0x0...
          │                            │    │        └ {'type': 'websocket', 'asgi': {'version': '3.0', 'spec_version': '2.4'}, 'http_version': '1.1', 'scheme': 'ws', 'server': ('1...
          │                            │    └ <starlette.websockets.WebSocket object at 0x000001D51EAFACD0>
          │                            └ <function websocket_session.<locals>.app.<locals>.app at 0x000001D51EA72200>
          └ <function wrap_app_handling_exceptions at 0x000001D51E7B5260>
  File "C:\shere-folder\arbitrator\.venv\Lib\site-packages\starlette\_exception_handler.py", line 42, in wrapped_app
    await app(scope, receive, sender)
          │   │      │        └ <function wrap_app_handling_exceptions.<locals>.wrapped_app.<locals>.sender at 0x000001D51EA720C0>
          │   │      └ <bound method WebSocketProtocol.asgi_receive of <uvicorn.protocols.websockets.websockets_impl.WebSocketProtocol object at 0x0...
          │   └ {'type': 'websocket', 'asgi': {'version': '3.0', 'spec_version': '2.4'}, 'http_version': '1.1', 'scheme': 'ws', 'server': ('1...
          └ <function websocket_session.<locals>.app.<locals>.app at 0x000001D51EA72200>
  File "C:\shere-folder\arbitrator\.venv\Lib\site-packages\fastapi\routing.py", line 173, in app
    await func(session)
          │    └ <starlette.websockets.WebSocket object at 0x000001D51EAFACD0>
          └ <function get_websocket_app.<locals>.app at 0x000001D51EA2F240>
  File "C:\shere-folder\arbitrator\.venv\Lib\site-packages\fastapi\routing.py", line 780, in app
    await dependant.call(**solved_result.values)
          │         │      │             └ {'symbol': 'GUA/USDT', 'short': 'bingx', 'long': 'gate', 'websocket': <starlette.websockets.WebSocket object at 0x000001D51EA...
          │         │      └ SolvedDependency(values={'symbol': 'GUA/USDT', 'short': 'bingx', 'long': 'gate', 'websocket': <starlette.websockets.WebSocket...
          │         └ <function FastApiApp.create.<locals>.opportunity_ws at 0x000001D51EA2EE80>
          └ Dependant(path_params=[], query_params=[ModelField(field_info=Query(), name='symbol', mode='validation', config=None), ModelF...

  File "C:\shere-folder\arbitrator\src\arbitrator\presentation\fastapi_app.py", line 93, in opportunity_ws
    await opportunity_handler.handle(websocket, symbol, short, long)
          │                   │      │          │       │      └ 'gate'
          │                   │      │          │       └ 'bingx'
          │                   │      │          └ 'GUA/USDT'
          │                   │      └ <starlette.websockets.WebSocket object at 0x000001D51EAFACD0>
          │                   └ <function OpportunityWsHandler.handle at 0x000001D51E83F240>
          └ <arbitrator.presentation.ws.opportunity_ws_handler.OpportunityWsHandler object at 0x000001D51EA4CB50>

> File "C:\shere-folder\arbitrator\src\arbitrator\presentation\ws\opportunity_ws_handler.py", line 60, in handle
    await self._live_loop(
          │    └ <function OpportunityWsHandler._live_loop at 0x000001D51E83F600>
          └ <arbitrator.presentation.ws.opportunity_ws_handler.OpportunityWsHandler object at 0x000001D51EA4CB50>

  File "C:\shere-folder\arbitrator\src\arbitrator\presentation\ws\opportunity_ws_handler.py", line 190, in _live_loop
    await WsEnvelope.send(
          │          └ <staticmethod(<function WsEnvelope.send at 0x000001D51E83F420>)>
          └ <class 'arbitrator.presentation.ws.ws_envelope.WsEnvelope'>

  File "C:\shere-folder\arbitrator\src\arbitrator\presentation\ws\ws_envelope.py", line 30, in send
    "payload": payload.model_dump(mode="json"),
               └ {'chart_series': [{'key': 'bingxFut', 'point': {'t': 1782867284800, 'price': 0.1858}, 'last_price': 0.1858}, {'key': 'gateFut...

AttributeError: 'dict' object has no attribute 'model_dump'
2026-07-01 03:54:45 | INFO     | [asyncio.events:_run:80] - [uvicorn.error] connection closed
2026-07-01 03:54:45 | DEBUG    | [arbitrator.application.strategy_table_service:refresh:75] - strategy recompute | changed=0 symbols=451
2026-07-01 03:54:46 | DEBUG    | [arbitrator.exchanges.ccxt_base:close:1167] - Exchange closed | exchange=bingx
2026-07-01 03:54:46 | INFO     | [starlette._exception_handler:sender:39] - [uvicorn.error] 127.0.0.1:65208 - "WebSocket /ws/orders" [accepted]
2026-07-01 03:54:46 | INFO     | [arbitrator.presentation.ws.orders_ws_handler:handle:26] - ws connected | endpoint=/ws/orders
2026-07-01 03:54:46 | INFO     | [websockets.legacy.server:handler:161] - [uvicorn.error] connection open
2026-07-01 03:54:46 | INFO     | [asyncio.events:_run:80] - [uvicorn.error] connection closed
2026-07-01 03:54:46 | INFO     | [starlette._exception_handler:sender:39] - [uvicorn.error] 127.0.0.1:65209 - "WebSocket /ws/settings" [accepted]
2026-07-01 03:54:46 | INFO     | [arbitrator.presentation.ws.settings_ws_handler:handle:25] - ws connected | endpoint=/ws/settings
2026-07-01 03:54:46 | INFO     | [websockets.legacy.server:handler:161] - [uvicorn.error] connection open
2026-07-01 03:54:46 | INFO     | [asyncio.events:_run:80] - [uvicorn.error] connection closed
2026-07-01 03:54:46 | DEBUG    | [arbitrator.exchanges.ccxt_base:close:1167] - Exchange closed | exchange=gate
2026-07-01 03:54:46 | INFO     | [arbitrator.application.opportunity_stream_worker:_async_main:159] - Opportunity streams closed | symbol=GUA/USDT:USDT
2026-07-01 03:54:46 | DEBUG    | [arbitrator.application.strategy_table_service:refresh:75] - strategy recompute | changed=0 symbols=451
2026-07-01 03:54:46 | ERROR    | [arbitrator.exchanges.ccxt_base:_ensure_markets_loaded:1347] - load_markets failed | exchange=bingx
Traceback (most recent call last):

  File "c:\Users\dev_home\.cursor\extensions\ms-python.debugpy-2026.6.0-win32-x64\bundled\libs\debugpy\_vendored\pydevd\_pydev_bundle\pydev_monkey.py", line 1134, in __call__
    ret = self.original_func(*self.args, **self.kwargs)
          │    │              │    │       │    └ {}
          │    │              │    │       └ <_pydev_bundle.pydev_monkey._NewThreadStartupWithTrace object at 0x000001D51EA620D0>
          │    │              │    └ ()
          │    │              └ <_pydev_bundle.pydev_monkey._NewThreadStartupWithTrace object at 0x000001D51EA620D0>
          │    └ <bound method Thread._bootstrap of <Thread(screener-stream:0, started daemon 12624)>>
          └ <_pydev_bundle.pydev_monkey._NewThreadStartupWithTrace object at 0x000001D51EA620D0>

  File "C:\Users\dev_home\AppData\Local\Programs\Python\Python311\Lib\threading.py", line 1002, in _bootstrap
    self._bootstrap_inner()
    │    └ <function Thread._bootstrap_inner at 0x000001D513DCCB80>
    └ <Thread(screener-stream:0, started daemon 12624)>
  File "C:\Users\dev_home\AppData\Local\Programs\Python\Python311\Lib\threading.py", line 1045, in _bootstrap_inner
    self.run()
    │    └ <function Thread.run at 0x000001D513DCC860>
    └ <Thread(screener-stream:0, started daemon 12624)>
  File "C:\Users\dev_home\AppData\Local\Programs\Python\Python311\Lib\threading.py", line 982, in run
    self._target(*self._args, **self._kwargs)
    │    │        │    │        │    └ {}
    │    │        │    │        └ <Thread(screener-stream:0, started daemon 12624)>
    │    │        │    └ ()
    │    │        └ <Thread(screener-stream:0, started daemon 12624)>
    │    └ <bound method ScreenerStreamWorker._thread_main of <arbitrator.application.screener_stream_worker.ScreenerStreamWorker object...
    └ <Thread(screener-stream:0, started daemon 12624)>

  File "C:\shere-folder\arbitrator\src\arbitrator\application\screener_stream_worker.py", line 88, in _thread_main
    asyncio.run(self._async_main())
    │       │   │    └ <function ScreenerStreamWorker._async_main at 0x000001D51D460040>
    │       │   └ <arbitrator.application.screener_stream_worker.ScreenerStreamWorker object at 0x000001D51EA4FED0>
    │       └ <function run at 0x000001D51665ACA0>
    └ <module 'asyncio' from 'C:\\Users\\dev_home\\AppData\\Local\\Programs\\Python\\Python311\\Lib\\asyncio\\__init__.py'>

  File "C:\Users\dev_home\AppData\Local\Programs\Python\Python311\Lib\asyncio\runners.py", line 190, in run
    return runner.run(main)
           │      │   └ <coroutine object ScreenerStreamWorker._async_main at 0x000001D51E9F8B80>
           │      └ <function Runner.run at 0x000001D51665B100>
           └ <asyncio.runners.Runner object at 0x000001D51D663E10>
  File "C:\Users\dev_home\AppData\Local\Programs\Python\Python311\Lib\asyncio\runners.py", line 118, in run
    return self._loop.run_until_complete(task)
           │    │     │                  └ <Task pending name='Task-3' coro=<ScreenerStreamWorker._async_main() running at C:\shere-folder\arbitrator\src\arbitrator\app...
           │    │     └ <function BaseEventLoop.run_until_complete at 0x000001D516658B80>
           │    └ <ProactorEventLoop running=True closed=False debug=False>
           └ <asyncio.runners.Runner object at 0x000001D51D663E10>
  File "C:\Users\dev_home\AppData\Local\Programs\Python\Python311\Lib\asyncio\base_events.py", line 640, in run_until_complete
    self.run_forever()
    │    └ <function ProactorEventLoop.run_forever at 0x000001D5166F1B20>
    └ <ProactorEventLoop running=True closed=False debug=False>
  File "C:\Users\dev_home\AppData\Local\Programs\Python\Python311\Lib\asyncio\windows_events.py", line 321, in run_forever
    super().run_forever()
  File "C:\Users\dev_home\AppData\Local\Programs\Python\Python311\Lib\asyncio\base_events.py", line 607, in run_forever
    self._run_once()
    │    └ <function BaseEventLoop._run_once at 0x000001D51665A8E0>
    └ <ProactorEventLoop running=True closed=False debug=False>
  File "C:\Users\dev_home\AppData\Local\Programs\Python\Python311\Lib\asyncio\base_events.py", line 1922, in _run_once
    handle._run()
    │      └ <function Handle._run at 0x000001D5165CA340>
    └ <Handle Task.task_wakeup(<Task finishe...n is closed')>)>
  File "C:\Users\dev_home\AppData\Local\Programs\Python\Python311\Lib\asyncio\events.py", line 80, in _run
    self._context.run(self._callback, *self._args)
    │    │            │    │           │    └ <member '_args' of 'Handle' objects>
    │    │            │    │           └ <Handle Task.task_wakeup(<Task finishe...n is closed')>)>
    │    │            │    └ <member '_callback' of 'Handle' objects>
    │    │            └ <Handle Task.task_wakeup(<Task finishe...n is closed')>)>
    │    └ <member '_context' of 'Handle' objects>
    └ <Handle Task.task_wakeup(<Task finishe...n is closed')>)>

  File "C:\shere-folder\arbitrator\src\arbitrator\exchanges\ccxt_base.py", line 195, in watch_tickers
    await self._ensure_markets_loaded(client)
          │    │                      └ ccxt.async_support.bingx()
          │    └ <function CcxtBase._ensure_markets_loaded at 0x000001D51D42AA20>
          └ <arbitrator.exchanges.bingx.Bingx object at 0x000001D51EA74C50>

> File "C:\shere-folder\arbitrator\src\arbitrator\exchanges\ccxt_base.py", line 1344, in _ensure_markets_loaded
    await client.load_markets()
          │      └ <function Exchange.load_markets at 0x000001D51B0AAE80>
          └ ccxt.async_support.bingx()

  File "C:\shere-folder\arbitrator\.venv\Lib\site-packages\ccxt\async_support\base\exchange.py", line 365, in load_markets
    raise e
  File "C:\shere-folder\arbitrator\.venv\Lib\site-packages\ccxt\async_support\base\exchange.py", line 357, in load_markets
    result = await self.markets_loading
                   │    └ None
                   └ ccxt.async_support.bingx()
  File "C:\shere-folder\arbitrator\.venv\Lib\site-packages\ccxt\async_support\base\exchange.py", line 322, in load_markets_helper
    currencies = await self.fetch_currencies()
                       │    └ <function bingx.fetch_currencies at 0x000001D51C2C1800>
                       └ ccxt.async_support.bingx()
  File "C:\shere-folder\arbitrator\.venv\Lib\site-packages\ccxt\async_support\bingx.py", line 835, in fetch_currencies
    response = await self.walletsV1PrivateGetCapitalConfigGetall(params)
                     │    │                                      └ {}
                     │    └ <function Entry.__init__.<locals>.unbound_method at 0x000001D51934E160>
                     └ ccxt.async_support.bingx()
  File "C:\shere-folder\arbitrator\.venv\Lib\site-packages\ccxt\async_support\base\exchange.py", line 1033, in request
    return await self.fetch2(path, api, method, params, headers, body, config)
                 │    │      │     │    │       │       │        │     └ {'cost': 5}
                 │    │      │     │    │       │       │        └ None
                 │    │      │     │    │       │       └ None
                 │    │      │     │    │       └ {}
                 │    │      │     │    └ 'GET'
                 │    │      │     └ ['wallets', 'v1', 'private']
                 │    │      └ 'capital/config/getall'
                 │    └ <function Exchange.fetch2 at 0x000001D51B1CAF20>
                 └ ccxt.async_support.bingx()
  File "C:\shere-folder\arbitrator\.venv\Lib\site-packages\ccxt\async_support\base\exchange.py", line 1029, in fetch2
    raise e
  File "C:\shere-folder\arbitrator\.venv\Lib\site-packages\ccxt\async_support\base\exchange.py", line 1017, in fetch2
    return await self.fetch(request['url'], request['method'], request['headers'], request['body'])
                 │    │     │               │                  │                   └ {'url': 'https://open-api.bingx.com/openApi/wallets/v1/capital/config/getall?timestamp=1782867286574&signature=447143a43a49b7...
                 │    │     │               │                  └ {'url': 'https://open-api.bingx.com/openApi/wallets/v1/capital/config/getall?timestamp=1782867286574&signature=447143a43a49b7...
                 │    │     │               └ {'url': 'https://open-api.bingx.com/openApi/wallets/v1/capital/config/getall?timestamp=1782867286574&signature=447143a43a49b7...
                 │    │     └ {'url': 'https://open-api.bingx.com/openApi/wallets/v1/capital/config/getall?timestamp=1782867286574&signature=447143a43a49b7...
                 │    └ <function Exchange.fetch at 0x000001D51B0AACA0>
                 └ ccxt.async_support.bingx()
  File "C:\shere-folder\arbitrator\.venv\Lib\site-packages\ccxt\async_support\base\exchange.py", line 241, in fetch
    async with session_method(yarl.URL(url, encoded=True),
               │              │    │   └ 'https://open-api.bingx.com/openApi/wallets/v1/capital/config/getall?timestamp=1782867286574&signature=447143a43a49b7a90494b2...
               │              │    └ <class 'yarl.URL'>
               │              └ <module 'yarl' from 'C:\\shere-folder\\arbitrator\\.venv\\Lib\\site-packages\\yarl\\__init__.py'>
               └ <bound method ClientSession.get of <aiohttp.client.ClientSession object at 0x000001D52B7F4E50>>
  File "C:\shere-folder\arbitrator\.venv\Lib\site-packages\aiohttp\client.py", line 1521, in __aenter__
    self._resp: _RetType = await self._coro
    │    │                       │    └ <member '_coro' of '_BaseRequestContextManager' objects>
    │    │                       └ <aiohttp.client._BaseRequestContextManager object at 0x000001D51EA99C90>
    │    └ <member '_resp' of '_BaseRequestContextManager' objects>
    └ <aiohttp.client._BaseRequestContextManager object at 0x000001D51EA99C90>
  File "C:\shere-folder\arbitrator\.venv\Lib\site-packages\aiohttp\client.py", line 534, in _request
    raise RuntimeError("Session is closed")

RuntimeError: Session is closed
2026-07-01 03:54:46 | ERROR    | [arbitrator.application.multi_exchange_watcher:_watch:102] - Watcher failed, reconnecting | exchange=bingx
Traceback (most recent call last):

  File "c:\Users\dev_home\.cursor\extensions\ms-python.debugpy-2026.6.0-win32-x64\bundled\libs\debugpy\_vendored\pydevd\_pydev_bundle\pydev_monkey.py", line 1134, in __call__
    ret = self.original_func(*self.args, **self.kwargs)
          │    │              │    │       │    └ {}
          │    │              │    │       └ <_pydev_bundle.pydev_monkey._NewThreadStartupWithTrace object at 0x000001D51EA620D0>
          │    │              │    └ ()
          │    │              └ <_pydev_bundle.pydev_monkey._NewThreadStartupWithTrace object at 0x000001D51EA620D0>
          │    └ <bound method Thread._bootstrap of <Thread(screener-stream:0, started daemon 12624)>>
          └ <_pydev_bundle.pydev_monkey._NewThreadStartupWithTrace object at 0x000001D51EA620D0>

  File "C:\Users\dev_home\AppData\Local\Programs\Python\Python311\Lib\threading.py", line 1002, in _bootstrap
    self._bootstrap_inner()
    │    └ <function Thread._bootstrap_inner at 0x000001D513DCCB80>
    └ <Thread(screener-stream:0, started daemon 12624)>
  File "C:\Users\dev_home\AppData\Local\Programs\Python\Python311\Lib\threading.py", line 1045, in _bootstrap_inner
    self.run()
    │    └ <function Thread.run at 0x000001D513DCC860>
    └ <Thread(screener-stream:0, started daemon 12624)>
  File "C:\Users\dev_home\AppData\Local\Programs\Python\Python311\Lib\threading.py", line 982, in run
    self._target(*self._args, **self._kwargs)
    │    │        │    │        │    └ {}
    │    │        │    │        └ <Thread(screener-stream:0, started daemon 12624)>
    │    │        │    └ ()
    │    │        └ <Thread(screener-stream:0, started daemon 12624)>
    │    └ <bound method ScreenerStreamWorker._thread_main of <arbitrator.application.screener_stream_worker.ScreenerStreamWorker object...
    └ <Thread(screener-stream:0, started daemon 12624)>

  File "C:\shere-folder\arbitrator\src\arbitrator\application\screener_stream_worker.py", line 88, in _thread_main
    asyncio.run(self._async_main())
    │       │   │    └ <function ScreenerStreamWorker._async_main at 0x000001D51D460040>
    │       │   └ <arbitrator.application.screener_stream_worker.ScreenerStreamWorker object at 0x000001D51EA4FED0>
    │       └ <function run at 0x000001D51665ACA0>
    └ <module 'asyncio' from 'C:\\Users\\dev_home\\AppData\\Local\\Programs\\Python\\Python311\\Lib\\asyncio\\__init__.py'>

  File "C:\Users\dev_home\AppData\Local\Programs\Python\Python311\Lib\asyncio\runners.py", line 190, in run
    return runner.run(main)
           │      │   └ <coroutine object ScreenerStreamWorker._async_main at 0x000001D51E9F8B80>
           │      └ <function Runner.run at 0x000001D51665B100>
           └ <asyncio.runners.Runner object at 0x000001D51D663E10>
  File "C:\Users\dev_home\AppData\Local\Programs\Python\Python311\Lib\asyncio\runners.py", line 118, in run
    return self._loop.run_until_complete(task)
           │    │     │                  └ <Task pending name='Task-3' coro=<ScreenerStreamWorker._async_main() running at C:\shere-folder\arbitrator\src\arbitrator\app...
           │    │     └ <function BaseEventLoop.run_until_complete at 0x000001D516658B80>
           │    └ <ProactorEventLoop running=True closed=False debug=False>
           └ <asyncio.runners.Runner object at 0x000001D51D663E10>
  File "C:\Users\dev_home\AppData\Local\Programs\Python\Python311\Lib\asyncio\base_events.py", line 640, in run_until_complete
    self.run_forever()
    │    └ <function ProactorEventLoop.run_forever at 0x000001D5166F1B20>
    └ <ProactorEventLoop running=True closed=False debug=False>
  File "C:\Users\dev_home\AppData\Local\Programs\Python\Python311\Lib\asyncio\windows_events.py", line 321, in run_forever
    super().run_forever()
  File "C:\Users\dev_home\AppData\Local\Programs\Python\Python311\Lib\asyncio\base_events.py", line 607, in run_forever
    self._run_once()
    │    └ <function BaseEventLoop._run_once at 0x000001D51665A8E0>
    └ <ProactorEventLoop running=True closed=False debug=False>
  File "C:\Users\dev_home\AppData\Local\Programs\Python\Python311\Lib\asyncio\base_events.py", line 1922, in _run_once
    handle._run()
    │      └ <function Handle._run at 0x000001D5165CA340>
    └ <Handle Task.task_wakeup(<Task finishe...n is closed')>)>
  File "C:\Users\dev_home\AppData\Local\Programs\Python\Python311\Lib\asyncio\events.py", line 80, in _run
    self._context.run(self._callback, *self._args)
    │    │            │    │           │    └ <member '_args' of 'Handle' objects>
    │    │            │    │           └ <Handle Task.task_wakeup(<Task finishe...n is closed')>)>
    │    │            │    └ <member '_callback' of 'Handle' objects>
    │    │            └ <Handle Task.task_wakeup(<Task finishe...n is closed')>)>
    │    └ <member '_context' of 'Handle' objects>
    └ <Handle Task.task_wakeup(<Task finishe...n is closed')>)>

> File "C:\shere-folder\arbitrator\src\arbitrator\application\multi_exchange_watcher.py", line 88, in _watch
    async for tickers in exch.gateway.watch_tickers(symbols):
                         │    │                     └ ['0G/USDT:USDT', '1000000BABYDOGE/USDT:USDT', '1000000MOG/USDT:USDT', '1000BONK/USDT:USDT', '1000CAT/USDT:USDT', '1INCH/USDT:...
                         │    └ <member 'gateway' of 'NamedExchange' objects>
                         └ NamedExchange(exchange_id='bingx', display_name='BingX', gateway=<arbitrator.exchanges.bingx.Bingx object at 0x000001D51EA74C...

  File "C:\shere-folder\arbitrator\src\arbitrator\exchanges\ccxt_base.py", line 195, in watch_tickers
    await self._ensure_markets_loaded(client)
          │    │                      └ ccxt.async_support.bingx()
          │    └ <function CcxtBase._ensure_markets_loaded at 0x000001D51D42AA20>
          └ <arbitrator.exchanges.bingx.Bingx object at 0x000001D51EA74C50>

  File "C:\shere-folder\arbitrator\src\arbitrator\exchanges\ccxt_base.py", line 1344, in _ensure_markets_loaded
    await client.load_markets()
          │      └ <function Exchange.load_markets at 0x000001D51B0AAE80>
          └ ccxt.async_support.bingx()

  File "C:\shere-folder\arbitrator\.venv\Lib\site-packages\ccxt\async_support\base\exchange.py", line 365, in load_markets
    raise e
  File "C:\shere-folder\arbitrator\.venv\Lib\site-packages\ccxt\async_support\base\exchange.py", line 357, in load_markets
    result = await self.markets_loading
                   │    └ None
                   └ ccxt.async_support.bingx()
  File "C:\shere-folder\arbitrator\.venv\Lib\site-packages\ccxt\async_support\base\exchange.py", line 322, in load_markets_helper
    currencies = await self.fetch_currencies()
                       │    └ <function bingx.fetch_currencies at 0x000001D51C2C1800>
                       └ ccxt.async_support.bingx()
  File "C:\shere-folder\arbitrator\.venv\Lib\site-packages\ccxt\async_support\bingx.py", line 835, in fetch_currencies
    response = await self.walletsV1PrivateGetCapitalConfigGetall(params)
                     │    │                                      └ {}
                     │    └ <function Entry.__init__.<locals>.unbound_method at 0x000001D51934E160>
                     └ ccxt.async_support.bingx()
  File "C:\shere-folder\arbitrator\.venv\Lib\site-packages\ccxt\async_support\base\exchange.py", line 1033, in request
    return await self.fetch2(path, api, method, params, headers, body, config)
                 │    │      │     │    │       │       │        │     └ {'cost': 5}
                 │    │      │     │    │       │       │        └ None
                 │    │      │     │    │       │       └ None
                 │    │      │     │    │       └ {}
                 │    │      │     │    └ 'GET'
                 │    │      │     └ ['wallets', 'v1', 'private']
                 │    │      └ 'capital/config/getall'
                 │    └ <function Exchange.fetch2 at 0x000001D51B1CAF20>
                 └ ccxt.async_support.bingx()
  File "C:\shere-folder\arbitrator\.venv\Lib\site-packages\ccxt\async_support\base\exchange.py", line 1029, in fetch2
    raise e
  File "C:\shere-folder\arbitrator\.venv\Lib\site-packages\ccxt\async_support\base\exchange.py", line 1017, in fetch2
    return await self.fetch(request['url'], request['method'], request['headers'], request['body'])
                 │    │     │               │                  │                   └ {'url': 'https://open-api.bingx.com/openApi/wallets/v1/capital/config/getall?timestamp=1782867286574&signature=447143a43a49b7...
                 │    │     │               │                  └ {'url': 'https://open-api.bingx.com/openApi/wallets/v1/capital/config/getall?timestamp=1782867286574&signature=447143a43a49b7...
                 │    │     │               └ {'url': 'https://open-api.bingx.com/openApi/wallets/v1/capital/config/getall?timestamp=1782867286574&signature=447143a43a49b7...
                 │    │     └ {'url': 'https://open-api.bingx.com/openApi/wallets/v1/capital/config/getall?timestamp=1782867286574&signature=447143a43a49b7...
                 │    └ <function Exchange.fetch at 0x000001D51B0AACA0>
                 └ ccxt.async_support.bingx()
  File "C:\shere-folder\arbitrator\.venv\Lib\site-packages\ccxt\async_support\base\exchange.py", line 241, in fetch
    async with session_method(yarl.URL(url, encoded=True),
               │              │    │   └ 'https://open-api.bingx.com/openApi/wallets/v1/capital/config/getall?timestamp=1782867286574&signature=447143a43a49b7a90494b2...
               │              │    └ <class 'yarl.URL'>
               │              └ <module 'yarl' from 'C:\\shere-folder\\arbitrator\\.venv\\Lib\\site-packages\\yarl\\__init__.py'>
               └ <bound method ClientSession.get of <aiohttp.client.ClientSession object at 0x000001D52B7F4E50>>
  File "C:\shere-folder\arbitrator\.venv\Lib\site-packages\aiohttp\client.py", line 1521, in __aenter__
    self._resp: _RetType = await self._coro
    │    │                       │    └ <member '_coro' of '_BaseRequestContextManager' objects>
    │    │                       └ <aiohttp.client._BaseRequestContextManager object at 0x000001D51EA99C90>
    │    └ <member '_resp' of '_BaseRequestContextManager' objects>
    └ <aiohttp.client._BaseRequestContextManager object at 0x000001D51EA99C90>
  File "C:\shere-folder\arbitrator\.venv\Lib\site-packages\aiohttp\client.py", line 534, in _request
    raise RuntimeError("Session is closed")

RuntimeError: Session is closed
2026-07-01 03:54:46 | DEBUG    | [arbitrator.exchanges.ccxt_base:close:1167] - Exchange closed | exchange=bingx
2026-07-01 03:54:47 | INFO     | [starlette._exception_handler:sender:39] - [uvicorn.error] 127.0.0.1:65214 - "WebSocket /ws/opportunity?symbol=GUA%2FUSDT&short=bingx&long=gate" [accepted]
2026-07-01 03:54:47 | INFO     | [arbitrator.presentation.ws.opportunity_ws_handler:handle:42] - ws connected | endpoint=/ws/opportunity symbol=GUA/USDT short=bingx long=gate
2026-07-01 03:54:48 | INFO     | [arbitrator.exchanges.ccxt_base:_ensure_open:1332] - Exchange client opened | exchange=bingx
2026-07-01 03:54:48 | INFO     | [arbitrator.exchanges.ccxt_base:_ensure_open:1332] - Exchange client opened | exchange=bingx
2026-07-01 03:54:48 | DEBUG    | [arbitrator.application.strategy_table_service:refresh:75] - strategy recompute | changed=0 symbols=451
2026-07-01 03:54:48 | INFO     | [websockets.legacy.server:handler:161] - [uvicorn.error] connection open
2026-07-01 03:54:48 | INFO     | [arbitrator.exchanges.ccxt_base:_ensure_open:1332] - Exchange client opened | exchange=gate
2026-07-01 03:54:49 | INFO     | [starlette._exception_handler:sender:39] - [uvicorn.error] 127.0.0.1:65220 - "WebSocket /ws/orders" [accepted]
2026-07-01 03:54:49 | INFO     | [arbitrator.presentation.ws.orders_ws_handler:handle:26] - ws connected | endpoint=/ws/orders
2026-07-01 03:54:49 | INFO     | [websockets.legacy.server:handler:161] - [uvicorn.error] connection open
2026-07-01 03:54:49 | DEBUG    | [arbitrator.application.strategy_table_service:refresh:75] - strategy recompute | changed=0 symbols=451
2026-07-01 03:54:49 | INFO     | [starlette._exception_handler:sender:39] - [uvicorn.error] 127.0.0.1:65221 - "WebSocket /ws/settings" [accepted]
2026-07-01 03:54:49 | INFO     | [arbitrator.presentation.ws.settings_ws_handler:handle:25] - ws connected | endpoint=/ws/settings
2026-07-01 03:54:49 | INFO     | [websockets.legacy.server:handler:161] - [uvicorn.error] connection open
2026-07-01 03:54:49 | INFO     | [asyncio.events:_run:80] - [uvicorn.error] connection closed
2026-07-01 03:54:49 | INFO     | [asyncio.events:_run:80] - [uvicorn.error] connection closed
2026-07-01 03:54:51 | DEBUG    | [arbitrator.exchanges.ccxt_base:_ensure_markets_loaded:1349] - Markets loaded | exchange=bitget count=1928
2026-07-01 03:54:51 | INFO     | [arbitrator.exchanges.ccxt_base:watch_tickers:208] - Streaming tickers | exchange=bitget symbols=377 mode=bulk chunks=8
2026-07-01 03:54:51 | DEBUG    | [arbitrator.exchanges.ccxt_base:_stream_bulk:1180] - Bulk stream chunks | exchange=bitget chunks=8 chunk_size=50
2026-07-01 03:54:51 | DEBUG    | [arbitrator.application.strategy_table_service:refresh:75] - strategy recompute | changed=0 symbols=451
2026-07-01 03:54:52 | DEBUG    | [arbitrator.application.strategy_table_service:refresh:75] - strategy recompute | changed=0 symbols=451
2026-07-01 03:54:52 | INFO     | [starlette._exception_handler:sender:39] - [uvicorn.error] 127.0.0.1:65236 - "WebSocket /ws/orders" [accepted]
2026-07-01 03:54:52 | INFO     | [arbitrator.presentation.ws.orders_ws_handler:handle:26] - ws connected | endpoint=/ws/orders
2026-07-01 03:54:52 | INFO     | [websockets.legacy.server:handler:161] - [uvicorn.error] connection open
2026-07-01 03:54:52 | INFO     | [asyncio.events:_run:80] - [uvicorn.error] connection closed
2026-07-01 03:54:52 | WARNING  | [arbitrator.application.multi_exchange_watcher:_watch:110] - [ccxt.base.exchange] bingx requires to release all resources with an explicit call to the .close() coroutine. If you are using the exchange instance with async coroutines, add `await exchange.close()` to your code into a place when you're done with the exchange and don't need the exchange instance anymore (at the end of your async coroutine).
2026-07-01 03:54:52 | INFO     | [starlette._exception_handler:sender:39] - [uvicorn.error] 127.0.0.1:65237 - "WebSocket /ws/settings" [accepted]
2026-07-01 03:54:52 | INFO     | [arbitrator.presentation.ws.settings_ws_handler:handle:25] - ws connected | endpoint=/ws/settings
2026-07-01 03:54:52 | INFO     | [websockets.legacy.server:handler:161] - [uvicorn.error] connection open
2026-07-01 03:54:52 | INFO     | [asyncio.events:_run:80] - [uvicorn.error] connection closed
2026-07-01 03:54:52 | INFO     | [arbitrator.exchanges.ccxt_base:_ensure_open:1332] - Exchange client opened | exchange=bingx
2026-07-01 03:54:53 | DEBUG    | [arbitrator.application.strategy_table_service:refresh:75] - strategy recompute | changed=0 symbols=451
2026-07-01 03:54:54 | DEBUG    | [arbitrator.application.strategy_table_service:refresh:75] - strategy recompute | changed=0 symbols=451
2026-07-01 03:54:55 | INFO     | [starlette._exception_handler:sender:39] - [uvicorn.error] 127.0.0.1:65245 - "WebSocket /ws/orders" [accepted]
2026-07-01 03:54:55 | INFO     | [arbitrator.presentation.ws.orders_ws_handler:handle:26] - ws connected | endpoint=/ws/orders
2026-07-01 03:54:55 | DEBUG    | [arbitrator.exchanges.ccxt_base:_ensure_markets_loaded:1349] - Markets loaded | exchange=mexc count=3151
2026-07-01 03:54:55 | INFO     | [arbitrator.exchanges.ccxt_base:watch_tickers:208] - Streaming tickers | exchange=mexc symbols=450 mode=bulk chunks=9
2026-07-01 03:54:56 | DEBUG    | [arbitrator.exchanges.ccxt_base:_stream_bulk:1180] - Bulk stream chunks | exchange=mexc chunks=9 chunk_size=50
2026-07-01 03:54:56 | INFO     | [websockets.legacy.server:handler:161] - [uvicorn.error] connection open
2026-07-01 03:54:56 | DEBUG    | [arbitrator.application.strategy_table_service:refresh:75] - strategy recompute | changed=0 symbols=451
2026-07-01 03:54:56 | DEBUG    | [arbitrator.exchanges.ccxt_base:_ensure_markets_loaded:1349] - Markets loaded | exchange=bingx count=3032
2026-07-01 03:54:57 | INFO     | [arbitrator.exchanges.ccxt_base:_ensure_open:1332] - Exchange client opened | exchange=gate
2026-07-01 03:54:57 | DEBUG    | [arbitrator.exchanges.ccxt_base:_ensure_markets_loaded:1349] - Markets loaded | exchange=bingx count=3032
2026-07-01 03:54:57 | INFO     | [arbitrator.exchanges.ccxt_base:watch_order_book:232] - Streaming order book | exchange=bingx symbol=GUA/USDT:USDT limit=20
2026-07-01 03:54:57 | INFO     | [arbitrator.exchanges.ccxt_base:watch_order_book:232] - Streaming order book | exchange=bingx symbol=GUA/USDT limit=20
2026-07-01 03:54:57 | INFO     | [arbitrator.exchanges.ccxt_base:watch_tickers:208] - Streaming tickers | exchange=bingx symbols=1 mode=fanout chunks=-
2026-07-01 03:54:58 | INFO     | [starlette._exception_handler:sender:39] - [uvicorn.error] 127.0.0.1:65251 - "WebSocket /ws/settings" [accepted]
2026-07-01 03:54:58 | INFO     | [arbitrator.presentation.ws.settings_ws_handler:handle:25] - ws connected | endpoint=/ws/settings
2026-07-01 03:54:58 | DEBUG    | [arbitrator.application.strategy_table_service:refresh:75] - strategy recompute | changed=0 symbols=451
2026-07-01 03:54:58 | INFO     | [websockets.legacy.server:handler:161] - [uvicorn.error] connection open
2026-07-01 03:54:58 | INFO     | [asyncio.events:_run:80] - [uvicorn.error] connection closed
2026-07-01 03:54:58 | INFO     | [asyncio.events:_run:80] - [uvicorn.error] connection closed
2026-07-01 03:54:59 | DEBUG    | [arbitrator.application.strategy_table_service:refresh:75] - strategy recompute | changed=1 symbols=1
2026-07-01 03:55:00 | DEBUG    | [arbitrator.application.strategy_table_service:refresh:75] - strategy recompute | changed=98 symbols=151
2026-07-01 03:55:02 | DEBUG    | [arbitrator.exchanges.ccxt_base:_ensure_markets_loaded:1349] - Markets loaded | exchange=bingx count=3032
2026-07-01 03:55:02 | INFO     | [arbitrator.exchanges.ccxt_base:watch_tickers:208] - Streaming tickers | exchange=bingx symbols=374 mode=fanout chunks=-
2026-07-01 03:55:02 | INFO     | [starlette._exception_handler:sender:39] - [uvicorn.error] 127.0.0.1:65271 - "WebSocket /ws/orders" [accepted]
2026-07-01 03:55:02 | INFO     | [arbitrator.presentation.ws.orders_ws_handler:handle:26] - ws connected | endpoint=/ws/orders
2026-07-01 03:55:02 | DEBUG    | [arbitrator.application.strategy_table_service:refresh:75] - strategy recompute | changed=0 symbols=151
2026-07-01 03:55:02 | INFO     | [websockets.legacy.server:handler:161] - [uvicorn.error] connection open
2026-07-01 03:55:02 | INFO     | [starlette._exception_handler:sender:39] - [uvicorn.error] 127.0.0.1:65272 - "WebSocket /ws/settings" [accepted]
2026-07-01 03:55:02 | INFO     | [arbitrator.presentation.ws.settings_ws_handler:handle:25] - ws connected | endpoint=/ws/settings
2026-07-01 03:55:02 | INFO     | [websockets.legacy.server:handler:161] - [uvicorn.error] connection open
2026-07-01 03:55:02 | INFO     | [asyncio.events:_run:80] - [uvicorn.error] connection closed
2026-07-01 03:55:02 | INFO     | [asyncio.events:_run:80] - [uvicorn.error] connection closed
2026-07-01 03:55:03 | DEBUG    | [arbitrator.application.strategy_table_service:refresh:75] - strategy recompute | changed=194 symbols=450
2026-07-01 03:55:04 | DEBUG    | [arbitrator.application.strategy_table_service:refresh:75] - strategy recompute | changed=1 symbols=450
2026-07-01 03:55:04 | INFO     | [starlette._exception_handler:sender:39] - [uvicorn.error] 127.0.0.1:65283 - "WebSocket /ws/orders" [accepted]
2026-07-01 03:55:04 | INFO     | [arbitrator.presentation.ws.orders_ws_handler:handle:26] - ws connected | endpoint=/ws/orders
2026-07-01 03:55:04 | INFO     | [websockets.legacy.server:handler:161] - [uvicorn.error] connection open
2026-07-01 03:55:04 | INFO     | [starlette._exception_handler:sender:39] - [uvicorn.error] 127.0.0.1:65284 - "WebSocket /ws/settings" [accepted]
2026-07-01 03:55:04 | INFO     | [arbitrator.presentation.ws.settings_ws_handler:handle:25] - ws connected | endpoint=/ws/settings
2026-07-01 03:55:04 | INFO     | [websockets.legacy.server:handler:161] - [uvicorn.error] connection open
2026-07-01 03:55:04 | INFO     | [asyncio.events:_run:80] - [uvicorn.error] connection closed
2026-07-01 03:55:04 | INFO     | [asyncio.events:_run:80] - [uvicorn.error] connection closed
2026-07-01 03:55:05 | DEBUG    | [arbitrator.application.strategy_table_service:refresh:75] - strategy recompute | changed=7 symbols=451
2026-07-01 03:55:06 | DEBUG    | [arbitrator.application.strategy_table_service:refresh:75] - strategy recompute | changed=101 symbols=451
2026-07-01 03:55:06 | INFO     | [starlette._exception_handler:sender:39] - [uvicorn.error] 127.0.0.1:65287 - "WebSocket /ws/orders" [accepted]
2026-07-01 03:55:06 | INFO     | [arbitrator.presentation.ws.orders_ws_handler:handle:26] - ws connected | endpoint=/ws/orders
2026-07-01 03:55:06 | INFO     | [websockets.legacy.server:handler:161] - [uvicorn.error] connection open
2026-07-01 03:55:06 | INFO     | [asyncio.events:_run:80] - [uvicorn.error] connection closed
2026-07-01 03:55:07 | INFO     | [starlette._exception_handler:sender:39] - [uvicorn.error] 127.0.0.1:65288 - "WebSocket /ws/settings" [accepted]
2026-07-01 03:55:07 | INFO     | [arbitrator.presentation.ws.settings_ws_handler:handle:25] - ws connected | endpoint=/ws/settings
2026-07-01 03:55:07 | INFO     | [websockets.legacy.server:handler:161] - [uvicorn.error] connection open
2026-07-01 03:55:07 | INFO     | [asyncio.events:_run:80] - [uvicorn.error] connection closed
2026-07-01 03:55:07 | DEBUG    | [arbitrator.application.strategy_table_service:refresh:75] - strategy recompute | changed=18 symbols=451
2026-07-01 03:55:09 | DEBUG    | [arbitrator.application.strategy_table_service:refresh:75] - strategy recompute | changed=15 symbols=451
2026-07-01 03:55:09 | INFO     | [starlette._exception_handler:sender:39] - [uvicorn.error] 127.0.0.1:65291 - "WebSocket /ws/orders" [accepted]
2026-07-01 03:55:09 | INFO     | [arbitrator.presentation.ws.orders_ws_handler:handle:26] - ws connected | endpoint=/ws/orders
2026-07-01 03:55:09 | INFO     | [websockets.legacy.server:handler:161] - [uvicorn.error] connection open
2026-07-01 03:55:09 | DEBUG    | [arbitrator.exchanges.ccxt_base:_ensure_markets_loaded:1349] - Markets loaded | exchange=gate count=6253
2026-07-01 03:55:09 | INFO     | [arbitrator.exchanges.ccxt_base:watch_order_book:232] - Streaming order book | exchange=gate symbol=GUA/USDT:USDT limit=20
2026-07-01 03:55:09 | INFO     | [arbitrator.exchanges.ccxt_base:watch_order_book:232] - Streaming order book | exchange=gate symbol=GUA/USDT limit=20
2026-07-01 03:55:09 | INFO     | [arbitrator.exchanges.ccxt_base:watch_tickers:208] - Streaming tickers | exchange=gate symbols=1 mode=bulk chunks=1
2026-07-01 03:55:09 | DEBUG    | [arbitrator.exchanges.ccxt_base:_stream_bulk:1180] - Bulk stream chunks | exchange=gate chunks=1 chunk_size=50
2026-07-01 03:55:09 | INFO     | [starlette._exception_handler:sender:39] - [uvicorn.error] 127.0.0.1:65292 - "WebSocket /ws/settings" [accepted]
2026-07-01 03:55:09 | INFO     | [arbitrator.presentation.ws.settings_ws_handler:handle:25] - ws connected | endpoint=/ws/settings
2026-07-01 03:55:09 | INFO     | [websockets.legacy.server:handler:161] - [uvicorn.error] connection open
2026-07-01 03:55:09 | INFO     | [asyncio.events:_run:80] - [uvicorn.error] connection closed
2026-07-01 03:55:09 | INFO     | [asyncio.events:_run:80] - [uvicorn.error] connection closed
2026-07-01 03:55:10 | DEBUG    | [arbitrator.application.strategy_table_service:refresh:75] - strategy recompute | changed=114 symbols=451
2026-07-01 03:55:11 | DEBUG    | [arbitrator.application.strategy_table_service:refresh:75] - strategy recompute | changed=133 symbols=451
2026-07-01 03:55:11 | INFO     | [starlette._exception_handler:sender:39] - [uvicorn.error] 127.0.0.1:65294 - "WebSocket /ws/orders" [accepted]
2026-07-01 03:55:11 | INFO     | [arbitrator.presentation.ws.orders_ws_handler:handle:26] - ws connected | endpoint=/ws/orders
2026-07-01 03:55:11 | INFO     | [websockets.legacy.server:handler:161] - [uvicorn.error] connection open
2026-07-01 03:55:11 | INFO     | [asyncio.events:_run:80] - [uvicorn.error] connection closed
2026-07-01 03:55:12 | INFO     | [starlette._exception_handler:sender:39] - [uvicorn.error] 127.0.0.1:65295 - "WebSocket /ws/settings" [accepted]
2026-07-01 03:55:12 | INFO     | [arbitrator.presentation.ws.settings_ws_handler:handle:25] - ws connected | endpoint=/ws/settings
2026-07-01 03:55:12 | INFO     | [websockets.legacy.server:handler:161] - [uvicorn.error] connection open
2026-07-01 03:55:12 | INFO     | [asyncio.events:_run:80] - [uvicorn.error] connection closed
2026-07-01 03:55:12 | DEBUG    | [arbitrator.application.strategy_table_service:refresh:75] - strategy recompute | changed=28 symbols=451
2026-07-01 03:55:12 | INFO     | [arbitrator.exchanges.ccxt_base:_ensure_open:1332] - Exchange client opened | exchange=mexc
2026-07-01 03:55:13 | DEBUG    | [arbitrator.exchanges.ccxt_base:_ensure_markets_loaded:1349] - Markets loaded | exchange=gate count=6253
2026-07-01 03:55:13 | INFO     | [arbitrator.application.fee_snapshot_service:snapshot:41] - fee snapshot complete | exchanges=2 symbols=1 loaded=2
2026-07-01 03:55:13 | INFO     | [uvicorn.server:_serve:98] - [uvicorn.error] Shutting down
2026-07-01 03:55:13 | DEBUG    | [arbitrator.application.strategy_table_service:refresh:75] - strategy recompute | changed=26 symbols=451
2026-07-01 03:55:13 | INFO     | [asyncio.events:_run:80] - [uvicorn.error] connection closed
2026-07-01 03:55:13 | INFO     | [asyncio.events:_run:80] - [uvicorn.error] connection closed
2026-07-01 03:55:13 | INFO     | [arbitrator.presentation.ws.screener_ws_handler:handle:43] - ws disconnected | endpoint=/ws/screener
2026-07-01 03:55:13 | INFO     | [asyncio.tasks:wait_for:452] - [uvicorn.error] Waiting for background tasks to complete. (CTRL+C to force quit)
2026-07-01 03:55:16 | DEBUG    | [arbitrator.exchanges.ccxt_base:_ensure_markets_loaded:1349] - Markets loaded | exchange=gate count=6253
2026-07-01 03:55:16 | INFO     | [arbitrator.exchanges.ccxt_base:watch_tickers:208] - Streaming tickers | exchange=gate symbols=427 mode=bulk chunks=9
2026-07-01 03:55:16 | DEBUG    | [arbitrator.exchanges.ccxt_base:_stream_bulk:1180] - Bulk stream chunks | exchange=gate chunks=9 chunk_size=50
2026-07-01 03:55:19 | DEBUG    | [arbitrator.exchanges.ccxt_base:close:1167] - Exchange closed | exchange=bingx
2026-07-01 03:55:19 | DEBUG    | [arbitrator.exchanges.ccxt_base:close:1167] - Exchange closed | exchange=gate
2026-07-01 03:55:19 | DEBUG    | [arbitrator.application.strategy_table_service:refresh:75] - strategy recompute | changed=314 symbols=451
2026-07-01 03:55:19 | INFO     | [arbitrator.presentation.ws.opportunity_ws_handler:handle:69] - ws disconnected | endpoint=/ws/opportunity symbol=GUA/USDT
2026-07-01 03:55:20 | INFO     | [uvicorn.server:shutdown:301] - [uvicorn.error] Waiting for application shutdown.
2026-07-01 03:55:20 | INFO     | [arbitrator.application.app_runtime:stop:55] - screener worker stopped
2026-07-01 03:55:20 | INFO     | [arbitrator.application.app_runtime:stop:58] - account worker stopped
2026-07-01 03:55:20 | INFO     | [arbitrator.application.app_runtime:stop:61] - funding worker stopped
2026-07-01 03:55:20 | INFO     | [arbitrator.application.screener_stream_worker:_stream_loop:214] - Closing screener watcher
2026-07-01 03:55:20 | INFO     | [arbitrator.presentation.fastapi_app:lifespan:45] - app lifespan stopped
2026-07-01 03:55:21 | INFO     | [uvicorn.server:shutdown:301] - [uvicorn.error] Application shutdown complete.
2026-07-01 03:55:21 | INFO     | [uvicorn.server:serve:79] - [uvicorn.error] Finished server process [12012]
2026-07-01 03:55:21 | DEBUG    | [arbitrator.exchanges.ccxt_base:close:1167] - Exchange closed | exchange=mexc
2026-07-01 03:55:21 | DEBUG    | [arbitrator.exchanges.ccxt_base:close:1167] - Exchange closed | exchange=bingx
2026-07-01 03:55:21 | DEBUG    | [arbitrator.exchanges.ccxt_base:close:1167] - Exchange closed | exchange=mexc
2026-07-01 03:55:21 | DEBUG    | [arbitrator.exchanges.ccxt_base:close:1167] - Exchange closed | exchange=bitget
2026-07-01 03:55:21 | DEBUG    | [arbitrator.exchanges.ccxt_base:close:1167] - Exchange closed | exchange=gate
2026-07-01 03:55:21 | DEBUG    | [arbitrator.exchanges.ccxt_base:_watch_chunk:1205] - watch_tickers transient, retrying | exchange=mexc chunk=3 err=NetworkError delay_s=5.0
2026-07-01 03:55:21 | DEBUG    | [arbitrator.exchanges.ccxt_base:close:1167] - Exchange closed | exchange=bingx
2026-07-01 03:55:21 | DEBUG    | [arbitrator.exchanges.ccxt_base:_watch_chunk:1205] - watch_tickers transient, retrying | exchange=mexc chunk=4 err=NetworkError delay_s=5.0
2026-07-01 03:55:21 | DEBUG    | [arbitrator.exchanges.ccxt_base:_watch_chunk:1205] - watch_tickers transient, retrying | exchange=mexc chunk=5 err=NetworkError delay_s=5.0
2026-07-01 03:55:21 | INFO     | [arbitrator.application.funding_rate_worker:_thread_main:65] - funding worker stopped
2026-07-01 03:55:21 | DEBUG    | [arbitrator.exchanges.ccxt_base:_watch_chunk:1205] - watch_tickers transient, retrying | exchange=mexc chunk=6 err=NetworkError delay_s=5.0
2026-07-01 03:55:21 | DEBUG    | [arbitrator.exchanges.ccxt_base:_watch_chunk:1205] - watch_tickers transient, retrying | exchange=mexc chunk=7 err=NetworkError delay_s=5.0
2026-07-01 03:55:21 | DEBUG    | [arbitrator.exchanges.ccxt_base:_watch_chunk:1205] - watch_tickers transient, retrying | exchange=mexc chunk=8 err=NetworkError delay_s=5.0
2026-07-01 03:55:21 | DEBUG    | [arbitrator.exchanges.ccxt_base:close:1167] - Exchange closed | exchange=mexc
