2026-07-01 05:40:56 | ERROR    | [arbitrator.exchanges.ccxt_base:_ensure_markets_loaded:1351] - load_markets failed | exchange=gate
Traceback (most recent call last):

  File "c:\Users\dev_home\.cursor\extensions\ms-python.debugpy-2026.6.0-win32-x64\bundled\libs\debugpy\_vendored\pydevd\_pydev_bundle\pydev_monkey.py", line 1134, in __call__
    ret = self.original_func(*self.args, **self.kwargs)
          │    │              │    │       │    └ {}
          │    │              │    │       └ <_pydev_bundle.pydev_monkey._NewThreadStartupWithTrace object at 0x00000224E4A4ADD0>
          │    │              │    └ ()
          │    │              └ <_pydev_bundle.pydev_monkey._NewThreadStartupWithTrace object at 0x00000224E4A4ADD0>
          │    └ <bound method Thread._bootstrap of <Thread(screener-stream:0, started daemon 13728)>>
          └ <_pydev_bundle.pydev_monkey._NewThreadStartupWithTrace object at 0x00000224E4A4ADD0>

  File "C:\Users\dev_home\AppData\Local\Programs\Python\Python311\Lib\threading.py", line 1002, in _bootstrap
    self._bootstrap_inner()
    │    └ <function Thread._bootstrap_inner at 0x00000224D9D8CB80>
    └ <Thread(screener-stream:0, started daemon 13728)>
  File "C:\Users\dev_home\AppData\Local\Programs\Python\Python311\Lib\threading.py", line 1045, in _bootstrap_inner
    self.run()
    │    └ <function Thread.run at 0x00000224D9D8C860>
    └ <Thread(screener-stream:0, started daemon 13728)>
  File "C:\Users\dev_home\AppData\Local\Programs\Python\Python311\Lib\threading.py", line 982, in run
    self._target(*self._args, **self._kwargs)
    │    │        │    │        │    └ {}
    │    │        │    │        └ <Thread(screener-stream:0, started daemon 13728)>
    │    │        │    └ ()
    │    │        └ <Thread(screener-stream:0, started daemon 13728)>
    │    └ <bound method ScreenerStreamWorker._thread_main of <arbitrator.application.screener_stream_worker.ScreenerStreamWorker object...
    └ <Thread(screener-stream:0, started daemon 13728)>

  File "C:\shere-folder\arbitrator\src\arbitrator\application\screener_stream_worker.py", line 88, in _thread_main
    asyncio.run(self._async_main())
    │       │   │    └ <function ScreenerStreamWorker._async_main at 0x00000224E3437F60>
    │       │   └ <arbitrator.application.screener_stream_worker.ScreenerStreamWorker object at 0x00000224E4A4AB10>
    │       └ <function run at 0x00000224DC64ACA0>
    └ <module 'asyncio' from 'C:\\Users\\dev_home\\AppData\\Local\\Programs\\Python\\Python311\\Lib\\asyncio\\__init__.py'>

  File "C:\Users\dev_home\AppData\Local\Programs\Python\Python311\Lib\asyncio\runners.py", line 190, in run
    return runner.run(main)
           │      │   └ <coroutine object ScreenerStreamWorker._async_main at 0x00000224E49E8A40>
           │      └ <function Runner.run at 0x00000224DC64B100>
           └ <asyncio.runners.Runner object at 0x00000224E489A350>
  File "C:\Users\dev_home\AppData\Local\Programs\Python\Python311\Lib\asyncio\runners.py", line 118, in run
    return self._loop.run_until_complete(task)
           │    │     │                  └ <Task pending name='Task-3' coro=<ScreenerStreamWorker._async_main() running at C:\shere-folder\arbitrator\src\arbitrator\app...
           │    │     └ <function BaseEventLoop.run_until_complete at 0x00000224DC648B80>
           │    └ <ProactorEventLoop running=True closed=False debug=False>
           └ <asyncio.runners.Runner object at 0x00000224E489A350>
  File "C:\Users\dev_home\AppData\Local\Programs\Python\Python311\Lib\asyncio\base_events.py", line 640, in run_until_complete
    self.run_forever()
    │    └ <function ProactorEventLoop.run_forever at 0x00000224DC6E1B20>
    └ <ProactorEventLoop running=True closed=False debug=False>
  File "C:\Users\dev_home\AppData\Local\Programs\Python\Python311\Lib\asyncio\windows_events.py", line 321, in run_forever
    super().run_forever()
  File "C:\Users\dev_home\AppData\Local\Programs\Python\Python311\Lib\asyncio\base_events.py", line 607, in run_forever
    self._run_once()
    │    └ <function BaseEventLoop._run_once at 0x00000224DC64A8E0>
    └ <ProactorEventLoop running=True closed=False debug=False>
  File "C:\Users\dev_home\AppData\Local\Programs\Python\Python311\Lib\asyncio\base_events.py", line 1922, in _run_once
    handle._run()
    │      └ <function Handle._run at 0x00000224DC5B6340>
    └ <Handle Task.task_wakeup(<Task finishe...ibute 'get'")>)>
  File "C:\Users\dev_home\AppData\Local\Programs\Python\Python311\Lib\asyncio\events.py", line 80, in _run
    self._context.run(self._callback, *self._args)
    │    │            │    │           │    └ <member '_args' of 'Handle' objects>
    │    │            │    │           └ <Handle Task.task_wakeup(<Task finishe...ibute 'get'")>)>
    │    │            │    └ <member '_callback' of 'Handle' objects>
    │    │            └ <Handle Task.task_wakeup(<Task finishe...ibute 'get'")>)>
    │    └ <member '_context' of 'Handle' objects>
    └ <Handle Task.task_wakeup(<Task finishe...ibute 'get'")>)>

  File "C:\shere-folder\arbitrator\src\arbitrator\exchanges\gate.py", line 46, in watch_tickers
    await self._ensure_markets_loaded(client)
          │    │                      └ ccxt.async_support.gate()
          │    └ <function CcxtBase._ensure_markets_loaded at 0x00000224E341A980>
          └ <arbitrator.exchanges.gate.Gate object at 0x00000224E4A4A450>

> File "C:\shere-folder\arbitrator\src\arbitrator\exchanges\ccxt_base.py", line 1348, in _ensure_markets_loaded
    await client.load_markets()
          │      └ <function Exchange.load_markets at 0x00000224E109EDE0>
          └ ccxt.async_support.gate()

  File "C:\shere-folder\arbitrator\.venv\Lib\site-packages\ccxt\async_support\base\exchange.py", line 365, in load_markets
    raise e
  File "C:\shere-folder\arbitrator\.venv\Lib\site-packages\ccxt\async_support\base\exchange.py", line 357, in load_markets
    result = await self.markets_loading
                   │    └ None
                   └ ccxt.async_support.gate()
  File "C:\shere-folder\arbitrator\.venv\Lib\site-packages\ccxt\async_support\base\exchange.py", line 324, in load_markets_helper
    markets = await self.fetch_markets(params)
                    │    │             └ {}
                    │    └ <function gate.fetch_markets at 0x00000224E26749A0>
                    └ ccxt.async_support.gate()
  File "C:\shere-folder\arbitrator\.venv\Lib\site-packages\ccxt\async_support\gate.py", line 1343, in fetch_markets
    results = await asyncio.gather(*rawPromises)
                    │       │       └ [<coroutine object gate.fetch_spot_markets at 0x00000224E57DF5B0>, <coroutine object gate.fetch_swap_markets at 0x00000224E60...
                    │       └ <function gather at 0x00000224DC6079C0>
                    └ <module 'asyncio' from 'C:\\Users\\dev_home\\AppData\\Local\\Programs\\Python\\Python311\\Lib\\asyncio\\__init__.py'>
  File "C:\shere-folder\arbitrator\.venv\Lib\site-packages\ccxt\async_support\gate.py", line 1667, in fetch_option_markets
    response = await self.publicOptionsGetContracts(query)
                     │    │                         └ {'underlying': 'XRP_USDT'}
                     │    └ <function Entry.__init__.<locals>.unbound_method at 0x00000224DFD5B560>
                     └ ccxt.async_support.gate()
  File "C:\shere-folder\arbitrator\.venv\Lib\site-packages\ccxt\async_support\base\exchange.py", line 1033, in request
    return await self.fetch2(path, api, method, params, headers, body, config)
                 │    │      │     │    │       │       │        │     └ {'cost': 1}
                 │    │      │     │    │       │       │        └ None
                 │    │      │     │    │       │       └ None
                 │    │      │     │    │       └ {'underlying': 'XRP_USDT'}
                 │    │      │     │    └ 'GET'
                 │    │      │     └ ['public', 'options']
                 │    │      └ 'contracts'
                 │    └ <function Exchange.fetch2 at 0x00000224E11B6E80>
                 └ ccxt.async_support.gate()
  File "C:\shere-folder\arbitrator\.venv\Lib\site-packages\ccxt\async_support\base\exchange.py", line 1029, in fetch2
    raise e
  File "C:\shere-folder\arbitrator\.venv\Lib\site-packages\ccxt\async_support\base\exchange.py", line 1017, in fetch2
    return await self.fetch(request['url'], request['method'], request['headers'], request['body'])
                 │    │     │               │                  │                   └ {'url': 'https://api.gateio.ws/api/v4/options/contracts?underlying=XRP_USDT', 'method': 'GET', 'body': None, 'headers': None}
                 │    │     │               │                  └ {'url': 'https://api.gateio.ws/api/v4/options/contracts?underlying=XRP_USDT', 'method': 'GET', 'body': None, 'headers': None}
                 │    │     │               └ {'url': 'https://api.gateio.ws/api/v4/options/contracts?underlying=XRP_USDT', 'method': 'GET', 'body': None, 'headers': None}
                 │    │     └ {'url': 'https://api.gateio.ws/api/v4/options/contracts?underlying=XRP_USDT', 'method': 'GET', 'body': None, 'headers': None}
                 │    └ <function Exchange.fetch at 0x00000224E109EC00>
                 └ ccxt.async_support.gate()
  File "C:\shere-folder\arbitrator\.venv\Lib\site-packages\ccxt\async_support\base\exchange.py", line 234, in fetch
    session_method = getattr(final_session, method.lower())
                             │              │      └ <method 'lower' of 'str' objects>
                             │              └ 'GET'
                             └ None

AttributeError: 'NoneType' object has no attribute 'get'
2026-07-01 05:41:30 | ERROR    | [arbitrator.exchanges.ccxt_base:fetch_fee_schedule:1005] - market symbol not found for fees | exchange=mexc symbol=1000CAT/USDT:USDT
2026-07-01 05:41:30 | ERROR    | [arbitrator.exchanges.ccxt_base:fetch_fee_schedule:1005] - market symbol not found for fees | exchange=mexc symbol=ADI/USDT:USDT
2026-07-01 05:41:30 | ERROR    | [arbitrator.exchanges.ccxt_base:fetch_fee_schedule:1005] - market symbol not found for fees | exchange=mexc symbol=TRUMP/USDT:USDT
2026-07-01 05:41:35 | ERROR    | [arbitrator.exchanges.ccxt_base:fetch_fee_schedule:1005] - market symbol not found for fees | exchange=bitget symbol=1000000BABYDOGE/USDT:USDT
2026-07-01 05:41:35 | ERROR    | [arbitrator.exchanges.ccxt_base:fetch_fee_schedule:1005] - market symbol not found for fees | exchange=bitget symbol=AGT/USDT:USDT
2026-07-01 05:41:35 | ERROR    | [arbitrator.exchanges.ccxt_base:fetch_fee_schedule:1005] - market symbol not found for fees | exchange=bitget symbol=AIA/USDT:USDT
2026-07-01 05:41:35 | ERROR    | [arbitrator.exchanges.ccxt_base:fetch_fee_schedule:1005] - market symbol not found for fees | exchange=bitget symbol=AIGENSYN/USDT:USDT
2026-07-01 05:41:35 | ERROR    | [arbitrator.exchanges.ccxt_base:fetch_fee_schedule:1005] - market symbol not found for fees | exchange=bitget symbol=AIOT/USDT:USDT
2026-07-01 05:41:35 | ERROR    | [arbitrator.exchanges.ccxt_base:fetch_fee_schedule:1005] - market symbol not found for fees | exchange=bitget symbol=AKE/USDT:USDT
2026-07-01 05:41:35 | ERROR    | [arbitrator.exchanges.ccxt_base:fetch_fee_schedule:1005] - market symbol not found for fees | exchange=bitget symbol=ALPINE/USDT:USDT
2026-07-01 05:41:35 | ERROR    | [arbitrator.exchanges.ccxt_base:fetch_fee_schedule:1005] - market symbol not found for fees | exchange=bitget symbol=AMP/USDT:USDT
2026-07-01 05:41:35 | ERROR    | [arbitrator.exchanges.ccxt_base:fetch_fee_schedule:1005] - market symbol not found for fees | exchange=bitget symbol=APEX/USDT:USDT
2026-07-01 05:41:35 | ERROR    | [arbitrator.exchanges.ccxt_base:fetch_fee_schedule:1005] - market symbol not found for fees | exchange=bitget symbol=ASTEROID/USDT:USDT
2026-07-01 05:41:35 | ERROR    | [arbitrator.exchanges.ccxt_base:fetch_fee_schedule:1005] - market symbol not found for fees | exchange=bitget symbol=AVAAI/USDT:USDT
2026-07-01 05:41:35 | ERROR    | [arbitrator.exchanges.ccxt_base:fetch_fee_schedule:1005] - market symbol not found for fees | exchange=bitget symbol=B3/USDT:USDT
2026-07-01 05:41:35 | ERROR    | [arbitrator.exchanges.ccxt_base:fetch_fee_schedule:1005] - market symbol not found for fees | exchange=bitget symbol=BEAMX/USDT:USDT
2026-07-01 05:41:35 | ERROR    | [arbitrator.exchanges.ccxt_base:fetch_fee_schedule:1005] - market symbol not found for fees | exchange=bitget symbol=BEL/USDT:USDT
2026-07-01 05:41:35 | ERROR    | [arbitrator.exchanges.ccxt_base:fetch_fee_schedule:1005] - market symbol not found for fees | exchange=bitget symbol=BLEND/USDT:USDT
2026-07-01 05:41:35 | ERROR    | [arbitrator.exchanges.ccxt_base:fetch_fee_schedule:1005] - market symbol not found for fees | exchange=bitget symbol=BLUAI/USDT:USDT
2026-07-01 05:41:35 | ERROR    | [arbitrator.exchanges.ccxt_base:fetch_fee_schedule:1005] - market symbol not found for fees | exchange=bitget symbol=BMT/USDT:USDT
2026-07-01 05:41:35 | ERROR    | [arbitrator.exchanges.ccxt_base:fetch_fee_schedule:1005] - market symbol not found for fees | exchange=bitget symbol=BROCCOLIF3B/USDT:USDT
2026-07-01 05:41:35 | ERROR    | [arbitrator.exchanges.ccxt_base:fetch_fee_schedule:1005] - market symbol not found for fees | exchange=bitget symbol=BTR/USDT:USDT
2026-07-01 05:41:35 | ERROR    | [arbitrator.exchanges.ccxt_base:fetch_fee_schedule:1005] - market symbol not found for fees | exchange=bitget symbol=BULLA/USDT:USDT
2026-07-01 05:41:35 | ERROR    | [arbitrator.exchanges.ccxt_base:fetch_fee_schedule:1005] - market symbol not found for fees | exchange=bitget symbol=CHEEMS/USDT:USDT
2026-07-01 05:41:35 | ERROR    | [arbitrator.exchanges.ccxt_base:fetch_fee_schedule:1005] - market symbol not found for fees | exchange=bitget symbol=CLO/USDT:USDT
2026-07-01 05:41:35 | ERROR    | [arbitrator.exchanges.ccxt_base:fetch_fee_schedule:1005] - market symbol not found for fees | exchange=bitget symbol=COLLECT/USDT:USDT
2026-07-01 05:41:35 | ERROR    | [arbitrator.exchanges.ccxt_base:fetch_fee_schedule:1005] - market symbol not found for fees | exchange=bitget symbol=CORE/USDT:USDT
2026-07-01 05:41:36 | ERROR    | [arbitrator.exchanges.ccxt_base:fetch_fee_schedule:1005] - market symbol not found for fees | exchange=bitget symbol=CTC/USDT:USDT
2026-07-01 05:41:36 | ERROR    | [arbitrator.exchanges.ccxt_base:fetch_fee_schedule:1005] - market symbol not found for fees | exchange=bitget symbol=DUSK/USDT:USDT
2026-07-01 05:41:36 | ERROR    | [arbitrator.exchanges.ccxt_base:fetch_fee_schedule:1005] - market symbol not found for fees | exchange=bitget symbol=EDEN/USDT:USDT
2026-07-01 05:41:36 | ERROR    | [arbitrator.exchanges.ccxt_base:fetch_fee_schedule:1005] - market symbol not found for fees | exchange=bitget symbol=EDU/USDT:USDT
2026-07-01 05:41:36 | ERROR    | [arbitrator.exchanges.ccxt_base:fetch_fee_schedule:1005] - market symbol not found for fees | exchange=bitget symbol=FHE/USDT:USDT
2026-07-01 05:41:36 | ERROR    | [arbitrator.exchanges.ccxt_base:fetch_fee_schedule:1005] - market symbol not found for fees | exchange=bitget symbol=FLOW/USDT:USDT
2026-07-01 05:41:36 | ERROR    | [arbitrator.exchanges.ccxt_base:fetch_fee_schedule:1005] - market symbol not found for fees | exchange=bitget symbol=FLR/USDT:USDT
2026-07-01 05:41:36 | ERROR    | [arbitrator.exchanges.ccxt_base:fetch_fee_schedule:1005] - market symbol not found for fees | exchange=bitget symbol=GAIB/USDT:USDT
2026-07-01 05:41:36 | ERROR    | [arbitrator.exchanges.ccxt_base:fetch_fee_schedule:1005] - market symbol not found for fees | exchange=bitget symbol=GUA/USDT:USDT
2026-07-01 05:41:36 | ERROR    | [arbitrator.exchanges.ccxt_base:fetch_fee_schedule:1005] - market symbol not found for fees | exchange=bitget symbol=HANA/USDT:USDT
2026-07-01 05:41:36 | ERROR    | [arbitrator.exchanges.ccxt_base:fetch_fee_schedule:1005] - market symbol not found for fees | exchange=bitget symbol=HEI/USDT:USDT
2026-07-01 05:41:36 | ERROR    | [arbitrator.exchanges.ccxt_base:fetch_fee_schedule:1005] - market symbol not found for fees | exchange=bitget symbol=HEMI/USDT:USDT
2026-07-01 05:41:36 | ERROR    | [arbitrator.exchanges.ccxt_base:fetch_fee_schedule:1005] - market symbol not found for fees | exchange=bitget symbol=HIGH/USDT:USDT
2026-07-01 05:41:36 | ERROR    | [arbitrator.exchanges.ccxt_base:fetch_fee_schedule:1005] - market symbol not found for fees | exchange=bitget symbol=HMSTR/USDT:USDT
2026-07-01 05:41:36 | ERROR    | [arbitrator.exchanges.ccxt_base:fetch_fee_schedule:1005] - market symbol not found for fees | exchange=bitget symbol=HNT/USDT:USDT
2026-07-01 05:41:36 | ERROR    | [arbitrator.exchanges.ccxt_base:fetch_fee_schedule:1005] - market symbol not found for fees | exchange=bitget symbol=JELLYJELLY/USDT:USDT
2026-07-01 05:41:36 | ERROR    | [arbitrator.exchanges.ccxt_base:fetch_fee_schedule:1005] - market symbol not found for fees | exchange=bitget symbol=KOMA/USDT:USDT
2026-07-01 05:41:36 | ERROR    | [arbitrator.exchanges.ccxt_base:fetch_fee_schedule:1005] - market symbol not found for fees | exchange=bitget symbol=LIGHT/USDT:USDT
2026-07-01 05:41:36 | ERROR    | [arbitrator.exchanges.ccxt_base:fetch_fee_schedule:1005] - market symbol not found for fees | exchange=bitget symbol=LONGXIA/USDT:USDT
2026-07-01 05:41:36 | ERROR    | [arbitrator.exchanges.ccxt_base:fetch_fee_schedule:1005] - market symbol not found for fees | exchange=bitget symbol=LRC/USDT:USDT
2026-07-01 05:41:36 | ERROR    | [arbitrator.exchanges.ccxt_base:fetch_fee_schedule:1005] - market symbol not found for fees | exchange=bitget symbol=MAVIA/USDT:USDT
