2026-06-26 07:31:38 | ERROR    | [arbitrator.exchanges.ccxt_base:watch_order_book:245] - watch_order_book error | exchange=bitget symbol=0G/USDT:USDT
Traceback (most recent call last):

  File "c:\Users\dev_home\.cursor\extensions\ms-python.debugpy-2026.6.0-win32-x64\bundled\libs\debugpy\_vendored\pydevd\_pydev_bundle\pydev_monkey.py", line 1134, in __call__
    ret = self.original_func(*self.args, **self.kwargs)
          │    │              │    │       │    └ {}
          │    │              │    │       └ <_pydev_bundle.pydev_monkey._NewThreadStartupWithTrace object at 0x000001F66E41A110>
          │    │              │    └ ()
          │    │              └ <_pydev_bundle.pydev_monkey._NewThreadStartupWithTrace object at 0x000001F66E41A110>
          │    └ <bound method Thread._bootstrap of <Thread(opportunity-stream:0G/USDT:USDT, started daemon 23376)>>
          └ <_pydev_bundle.pydev_monkey._NewThreadStartupWithTrace object at 0x000001F66E41A110>

  File "C:\Users\dev_home\AppData\Local\Programs\Python\Python311\Lib\threading.py", line 1002, in _bootstrap
    self._bootstrap_inner()
    │    └ <function Thread._bootstrap_inner at 0x000001F639281300>
    └ <Thread(opportunity-stream:0G/USDT:USDT, started daemon 23376)>
  File "C:\Users\dev_home\AppData\Local\Programs\Python\Python311\Lib\threading.py", line 1045, in _bootstrap_inner
    self.run()
    │    └ <function Thread.run at 0x000001F639280FE0>
    └ <Thread(opportunity-stream:0G/USDT:USDT, started daemon 23376)>
  File "C:\Users\dev_home\AppData\Local\Programs\Python\Python311\Lib\threading.py", line 982, in run
    self._target(*self._args, **self._kwargs)
    │    │        │    │        │    └ {}
    │    │        │    │        └ <Thread(opportunity-stream:0G/USDT:USDT, started daemon 23376)>
    │    │        │    └ ()
    │    │        └ <Thread(opportunity-stream:0G/USDT:USDT, started daemon 23376)>
    │    └ <bound method OpportunityStreamWorker._thread_main of <arbitrator.application.opportunity_stream_worker.OpportunityStreamWork...
    └ <Thread(opportunity-stream:0G/USDT:USDT, started daemon 23376)>

  File "C:\shere-folder\arbitrator\src\arbitrator\application\opportunity_stream_worker.py", line 93, in _thread_main
    asyncio.run(self._async_main())
    │       │   │    └ <function OpportunityStreamWorker._async_main at 0x000001F645511E40>
    │       │   └ <arbitrator.application.opportunity_stream_worker.OpportunityStreamWorker object at 0x000001F66DE9EF50>
    │       └ <function run at 0x000001F63C563E20>
    └ <module 'asyncio' from 'C:\\Users\\dev_home\\AppData\\Local\\Programs\\Python\\Python311\\Lib\\asyncio\\__init__.py'>

  File "C:\Users\dev_home\AppData\Local\Programs\Python\Python311\Lib\asyncio\runners.py", line 190, in run
    return runner.run(main)
           │      │   └ <coroutine object OpportunityStreamWorker._async_main at 0x000001F66DEE0CC0>
           │      └ <function Runner.run at 0x000001F63C590680>
           └ <asyncio.runners.Runner object at 0x000001F66DE936D0>
  File "C:\Users\dev_home\AppData\Local\Programs\Python\Python311\Lib\asyncio\runners.py", line 118, in run
    return self._loop.run_until_complete(task)
           │    │     │                  └ <Task pending name='Task-146' coro=<OpportunityStreamWorker._async_main() running at C:\shere-folder\arbitrator\src\arbitrato...
           │    │     └ <function BaseEventLoop.run_until_complete at 0x000001F63C58E0C0>
           │    └ <ProactorEventLoop running=True closed=False debug=False>
           └ <asyncio.runners.Runner object at 0x000001F66DE936D0>
  File "C:\Users\dev_home\AppData\Local\Programs\Python\Python311\Lib\asyncio\base_events.py", line 640, in run_until_complete
    self.run_forever()
    │    └ <function ProactorEventLoop.run_forever at 0x000001F63C60C040>
    └ <ProactorEventLoop running=True closed=False debug=False>
  File "C:\Users\dev_home\AppData\Local\Programs\Python\Python311\Lib\asyncio\windows_events.py", line 321, in run_forever
    super().run_forever()
  File "C:\Users\dev_home\AppData\Local\Programs\Python\Python311\Lib\asyncio\base_events.py", line 607, in run_forever
    self._run_once()
    │    └ <function BaseEventLoop._run_once at 0x000001F63C58FE20>
    └ <ProactorEventLoop running=True closed=False debug=False>
  File "C:\Users\dev_home\AppData\Local\Programs\Python\Python311\Lib\asyncio\base_events.py", line 1922, in _run_once
    handle._run()
    │      └ <function Handle._run at 0x000001F63C3F3880>
    └ <Handle Task.task_wakeup(<Future finis...G/USDT:USDT')>)>
  File "C:\Users\dev_home\AppData\Local\Programs\Python\Python311\Lib\asyncio\events.py", line 80, in _run
    self._context.run(self._callback, *self._args)
    │    │            │    │           │    └ <member '_args' of 'Handle' objects>
    │    │            │    │           └ <Handle Task.task_wakeup(<Future finis...G/USDT:USDT')>)>
    │    │            │    └ <member '_callback' of 'Handle' objects>
    │    │            └ <Handle Task.task_wakeup(<Future finis...G/USDT:USDT')>)>
    │    └ <member '_context' of 'Handle' objects>
    └ <Handle Task.task_wakeup(<Future finis...G/USDT:USDT')>)>

> File "C:\shere-folder\arbitrator\src\arbitrator\exchanges\ccxt_base.py", line 233, in watch_order_book
    payload = await client.watch_order_book(symbol, limit)
                    │      │                │       └ 20
                    │      │                └ '0G/USDT:USDT'
                    │      └ <function bitget.watch_order_book at 0x000001F64514D440>
                    └ ccxt.async_support.bitget()

  File "C:\shere-folder\arbitrator\.venv\Lib\site-packages\ccxt\pro\bitget.py", line 703, in watch_order_book
    return await self.watch_order_book_for_symbols([symbol], limit, params)
                 │    │                             │        │      └ {}
                 │    │                             │        └ 20
                 │    │                             └ '0G/USDT:USDT'
                 │    └ <function bitget.watch_order_book_for_symbols at 0x000001F64514D620>
                 └ ccxt.async_support.bitget()
  File "C:\shere-folder\arbitrator\.venv\Lib\site-packages\ccxt\pro\bitget.py", line 790, in watch_order_book_for_symbols
    orderbook = await self.watch_public_multiple(uta, messageHashes, topics, params)
                      │    │                     │    │              │       └ {}
                      │    │                     │    │              └ [{'instType': 'USDT-FUTURES', 'channel': 'books', 'instId': '0GUSDT'}]
                      │    │                     │    └ ['orderbook:0G/USDT:USDT']
                      │    │                     └ False
                      │    └ <function bitget.watch_public_multiple at 0x000001F64514E480>
                      └ ccxt.async_support.bitget()
  File "C:\shere-folder\arbitrator\.venv\Lib\site-packages\ccxt\pro\bitget.py", line 2324, in watch_public_multiple
    return await self.watch_multiple(url, messageHashes, message, messageHashes)
                 │    │              │    │              │        └ ['orderbook:0G/USDT:USDT']
                 │    │              │    │              └ {'op': 'subscribe', 'args': [{'instType': 'USDT-FUTURES', 'channel': 'books', 'instId': '0GUSDT'}]}
                 │    │              │    └ ['orderbook:0G/USDT:USDT']
                 │    │              └ 'wss://ws.bitget.com/v2/ws/public'
                 │    └ <function Exchange.watch_multiple at 0x000001F6437DC9A0>
                 └ ccxt.async_support.bitget()

ccxt.base.errors.UnsubscribeError: bitget orderbook 0G/USDT:USDT
