2026-06-25 04:44:30 | ERROR    | [asyncio.base_events:call_exception_handler:1797] - [asyncio] Exception in callback Client.receive_loop.<locals>.after_interrupt(<Task cancell...nt_ws.py:312>>) at C:\shere-folder\arbitrator\.venv\Lib\site-packages\ccxt\async_support\base\ws\client.py:139
handle: <Handle Client.receive_loop.<locals>.after_interrupt(<Task cancell...nt_ws.py:312>>) at C:\shere-folder\arbitrator\.venv\Lib\site-packages\ccxt\async_support\base\ws\client.py:139>
Traceback (most recent call last):

  File "C:\shere-folder\arbitrator\src\arbitrator\exchanges\ccxt_base.py", line 913, in _stream_fanout
    symbol, ticker = await queue.get()
    │                      │     └ <function Queue.get at 0x0000024F832C1620>
    │                      └ <Queue at 0x24ff6a910d0 maxsize=0 _queue=[('BTW/USDT:USDT', Ticker(symbol='BTW/USDT:USDT', last=0.09515, high_24h=0.11995, lo...
    └ 'ICP/USDT:USDT'

  File "C:\Users\dev_home\AppData\Local\Programs\Python\Python311\Lib\asyncio\queues.py", line 158, in get
    await getter
          └ <Future finished result=None>

asyncio.exceptions.CancelledError


During handling of the above exception, another exception occurred:


Traceback (most recent call last):

  File "C:\Users\dev_home\AppData\Local\Programs\Python\Python311\Lib\asyncio\runners.py", line 190, in run
    return runner.run(main)
           │      │   └ <coroutine object ScreenerStreamWorker._async_main at 0x0000024F868E1E40>
           │      └ <function Runner.run at 0x0000024F832C0680>
           └ <asyncio.runners.Runner object at 0x0000024FB46512D0>
  File "C:\Users\dev_home\AppData\Local\Programs\Python\Python311\Lib\asyncio\runners.py", line 118, in run
    return self._loop.run_until_complete(task)
           │    │     │                  └ <Task cancelled name='Task-88' coro=<ScreenerStreamWorker._async_main() done, defined at C:\shere-folder\arbitrator\src\arbit...
           │    │     └ <function BaseEventLoop.run_until_complete at 0x0000024F832BA0C0>
           │    └ <ProactorEventLoop running=True closed=False debug=False>
           └ <asyncio.runners.Runner object at 0x0000024FB46512D0>
  File "C:\Users\dev_home\AppData\Local\Programs\Python\Python311\Lib\asyncio\base_events.py", line 653, in run_until_complete
    return future.result()
           │      └ <method 'result' of '_asyncio.Task' objects>
           └ <Task cancelled name='Task-88' coro=<ScreenerStreamWorker._async_main() done, defined at C:\shere-folder\arbitrator\src\arbit...

  File "C:\shere-folder\arbitrator\src\arbitrator\application\screener_stream_worker.py", line 152, in _async_main
    await self._stream_loop(named_exchanges, filtered_by_exchange)
          │    │            │                └ {'binance': ['0G/USDT:USDT', '1000000BOB/USDT:USDT', '1000000MOG/USDT:USDT', '1000BONK/USDT:USDT', '1000CAT/USDT:USDT', '1000...
          │    │            └ [NamedExchange(exchange_id='mexc', display_name='MEXC', gateway=<arbitrator.exchanges.mexc.Mexc object at 0x0000024F86BE6D10>...
          │    └ <function ScreenerStreamWorker._stream_loop at 0x0000024FB4BB94E0>
          └ <arbitrator.application.screener_stream_worker.ScreenerStreamWorker object at 0x0000024FB4BB1010>

  File "C:\shere-folder\arbitrator\src\arbitrator\application\screener_stream_worker.py", line 216, in _stream_loop
    await watcher.close()
          │       └ <function MultiExchangeWatcher.close at 0x0000024FB4B28FE0>
          └ <arbitrator.application.multi_exchange_watcher.MultiExchangeWatcher object at 0x0000024FF6ED4050>

  File "C:\shere-folder\arbitrator\src\arbitrator\application\multi_exchange_watcher.py", line 44, in close
    await self._cancel_watchers()
          │    └ <function MultiExchangeWatcher._cancel_watchers at 0x0000024FB4B291C0>
          └ <arbitrator.application.multi_exchange_watcher.MultiExchangeWatcher object at 0x0000024FF6ED4050>

  File "C:\shere-folder\arbitrator\src\arbitrator\application\multi_exchange_watcher.py", line 103, in _cancel_watchers
    await asyncio.gather(*self._tasks, return_exceptions=True)
          │       │       │    └ []
          │       │       └ <arbitrator.application.multi_exchange_watcher.MultiExchangeWatcher object at 0x0000024FF6ED4050>
          │       └ <function gather at 0x0000024F832AD1C0>
          └ <module 'asyncio' from 'C:\\Users\\dev_home\\AppData\\Local\\Programs\\Python\\Python311\\Lib\\asyncio\\__init__.py'>

  File "C:\shere-folder\arbitrator\src\arbitrator\application\multi_exchange_watcher.py", line 79, in _watch
    async for tickers in exch.gateway.watch_tickers(symbols):
              │          │    │                     └ ['0G/USDT:USDT', '1000000BABYDOGE/USDT:USDT', '1000000BOB/USDT:USDT', '1000000MOG/USDT:USDT', '1000BONK/USDT:USDT', '1000CAT/...
              │          │    └ <member 'gateway' of 'NamedExchange' objects>
              │          └ NamedExchange(exchange_id='bingx', display_name='BingX', gateway=<arbitrator.exchanges.bingx.Bingx object at 0x0000024FB510CF...
              └ {'ICP/USDT:USDT': Ticker(symbol='ICP/USDT:USDT', last=2.182, high_24h=2.219, low_24h=2.041, base_volume_24h=9679350.37, quote...

  File "C:\shere-folder\arbitrator\src\arbitrator\exchanges\ccxt_base.py", line 171, in watch_tickers
    async for update in self._stream_fanout(client, symbol_list):
              │         │    │              │       └ ['0G/USDT:USDT', '1000000BABYDOGE/USDT:USDT', '1000000BOB/USDT:USDT', '1000000MOG/USDT:USDT', '1000BONK/USDT:USDT', '1000CAT/...
              │         │    │              └ ccxt.async_support.bingx()
              │         │    └ <function CcxtBase._stream_fanout at 0x0000024F8C1EC720>
              │         └ <arbitrator.exchanges.bingx.Bingx object at 0x0000024FB510CF10>
              └ {'ICP/USDT:USDT': Ticker(symbol='ICP/USDT:USDT', last=2.182, high_24h=2.219, low_24h=2.041, base_volume_24h=9679350.37, quote...

  File "C:\shere-folder\arbitrator\src\arbitrator\exchanges\ccxt_base.py", line 923, in _stream_fanout
    await asyncio.gather(*tasks, return_exceptions=True)
          │       │       └ [<Task cancelled name='watch_ticker:bingx:0G/USDT:USDT' coro=<CcxtBase._stream_fanout.<locals>._watch_one() done, defined at ...
          │       └ <function gather at 0x0000024F832AD1C0>
          └ <module 'asyncio' from 'C:\\Users\\dev_home\\AppData\\Local\\Programs\\Python\\Python311\\Lib\\asyncio\\__init__.py'>

  File "C:\shere-folder\arbitrator\src\arbitrator\exchanges\ccxt_base.py", line 885, in _watch_one
    payload = await client.watch_ticker(symbol)
                    │      │            └ 'ZRX/USDT:USDT'
                    │      └ <function bingx.watch_ticker at 0x0000024F8BED42C0>
                    └ ccxt.async_support.bingx()

  File "C:\shere-folder\arbitrator\.venv\Lib\site-packages\ccxt\pro\bingx.py", line 177, in watch_ticker
    return await self.watch(url, messageHash, self.extend(request, params), messageHash, subscription)
                 │    │     │    │            │    │      │        │        │            └ {'unsubscribe': False, 'id': 'b43e3002-16be-4c55-8b48-e819f121d612'}
                 │    │     │    │            │    │      │        │        └ 'ticker::ZRX/USDT:USDT'
                 │    │     │    │            │    │      │        └ {}
                 │    │     │    │            │    │      └ {'id': 'b43e3002-16be-4c55-8b48-e819f121d612', 'dataType': 'ZRX-USDT@ticker', 'reqType': 'sub'}
                 │    │     │    │            │    └ <staticmethod(<function Exchange.extend at 0x0000024F88E18860>)>
                 │    │     │    │            └ ccxt.async_support.bingx()
                 │    │     │    └ 'ticker::ZRX/USDT:USDT'
                 │    │     └ 'wss://open-api-swap.bingx.com/swap-market'
                 │    └ <function Exchange.watch at 0x0000024F8A57B740>
                 └ ccxt.async_support.bingx()

asyncio.exceptions.CancelledError


During handling of the above exception, another exception occurred:


Traceback (most recent call last):

  File "c:\Users\dev_home\.cursor\extensions\ms-python.debugpy-2026.6.0-win32-x64\bundled\libs\debugpy\_vendored\pydevd\_pydev_bundle\pydev_monkey.py", line 1134, in __call__
    ret = self.original_func(*self.args, **self.kwargs)
          │    │              │    │       │    └ {}
          │    │              │    │       └ <_pydev_bundle.pydev_monkey._NewThreadStartupWithTrace object at 0x0000024F86BE6C50>
          │    │              │    └ ()
          │    │              └ <_pydev_bundle.pydev_monkey._NewThreadStartupWithTrace object at 0x0000024F86BE6C50>
          │    └ <bound method Thread._bootstrap of <Thread(screener-stream:1, started daemon 16316)>>
          └ <_pydev_bundle.pydev_monkey._NewThreadStartupWithTrace object at 0x0000024F86BE6C50>

  File "C:\Users\dev_home\AppData\Local\Programs\Python\Python311\Lib\threading.py", line 1002, in _bootstrap
    self._bootstrap_inner()
    │    └ <function Thread._bootstrap_inner at 0x0000024F80001300>
    └ <Thread(screener-stream:1, started daemon 16316)>
  File "C:\Users\dev_home\AppData\Local\Programs\Python\Python311\Lib\threading.py", line 1045, in _bootstrap_inner
    self.run()
    │    └ <function Thread.run at 0x0000024F80000FE0>
    └ <Thread(screener-stream:1, started daemon 16316)>
  File "C:\Users\dev_home\AppData\Local\Programs\Python\Python311\Lib\threading.py", line 982, in run
    self._target(*self._args, **self._kwargs)
    │    │        │    │        │    └ {}
    │    │        │    │        └ <Thread(screener-stream:1, started daemon 16316)>
    │    │        │    └ ()
    │    │        └ <Thread(screener-stream:1, started daemon 16316)>
    │    └ <bound method ScreenerStreamWorker._thread_main of <arbitrator.application.screener_stream_worker.ScreenerStreamWorker object...
    └ <Thread(screener-stream:1, started daemon 16316)>

  File "C:\shere-folder\arbitrator\src\arbitrator\application\screener_stream_worker.py", line 88, in _thread_main
    asyncio.run(self._async_main())
    │       │   │    └ <function ScreenerStreamWorker._async_main at 0x0000024FB4BB93A0>
    │       │   └ <arbitrator.application.screener_stream_worker.ScreenerStreamWorker object at 0x0000024FB4BB1010>
    │       └ <function run at 0x0000024F83293E20>
    └ <module 'asyncio' from 'C:\\Users\\dev_home\\AppData\\Local\\Programs\\Python\\Python311\\Lib\\asyncio\\__init__.py'>

  File "C:\Users\dev_home\AppData\Local\Programs\Python\Python311\Lib\asyncio\runners.py", line 189, in run
    with Runner(debug=debug) as runner:
         │            │         └ <asyncio.runners.Runner object at 0x0000024FB46512D0>
         │            └ None
         └ <class 'asyncio.runners.Runner'>
  File "C:\Users\dev_home\AppData\Local\Programs\Python\Python311\Lib\asyncio\runners.py", line 63, in __exit__
    self.close()
    │    └ <function Runner.close at 0x0000024F832C0540>
    └ <asyncio.runners.Runner object at 0x0000024FB46512D0>
  File "C:\Users\dev_home\AppData\Local\Programs\Python\Python311\Lib\asyncio\runners.py", line 71, in close
    _cancel_all_tasks(loop)
    │                 └ <ProactorEventLoop running=True closed=False debug=False>
    └ <function _cancel_all_tasks at 0x0000024F832C02C0>
  File "C:\Users\dev_home\AppData\Local\Programs\Python\Python311\Lib\asyncio\runners.py", line 201, in _cancel_all_tasks
    loop.run_until_complete(tasks.gather(*to_cancel, return_exceptions=True))
    │    │                  │     │       └ {<Task cancelled name='Task-3071' coro=<Client.ping_loop() done, defined at C:\shere-folder\arbitrator\.venv\Lib\site-package...
    │    │                  │     └ <function gather at 0x0000024F832AD1C0>
    │    │                  └ <module 'asyncio.tasks' from 'C:\\Users\\dev_home\\AppData\\Local\\Programs\\Python\\Python311\\Lib\\asyncio\\tasks.py'>
    │    └ <function BaseEventLoop.run_until_complete at 0x0000024F832BA0C0>
    └ <ProactorEventLoop running=True closed=False debug=False>
  File "C:\Users\dev_home\AppData\Local\Programs\Python\Python311\Lib\asyncio\base_events.py", line 640, in run_until_complete
    self.run_forever()
    │    └ <function ProactorEventLoop.run_forever at 0x0000024F8333C040>
    └ <ProactorEventLoop running=True closed=False debug=False>
  File "C:\Users\dev_home\AppData\Local\Programs\Python\Python311\Lib\asyncio\windows_events.py", line 321, in run_forever
    super().run_forever()
  File "C:\Users\dev_home\AppData\Local\Programs\Python\Python311\Lib\asyncio\base_events.py", line 607, in run_forever
    self._run_once()
    │    └ <function BaseEventLoop._run_once at 0x0000024F832BBE20>
    └ <ProactorEventLoop running=True closed=False debug=False>
  File "C:\Users\dev_home\AppData\Local\Programs\Python\Python311\Lib\asyncio\base_events.py", line 1922, in _run_once
    handle._run()
    │      └ <function Handle._run at 0x0000024F83123880>
    └ <Handle Client.receive_loop.<locals>.after_interrupt(<Task cancell...nt_ws.py:312>>) at C:\shere-folder\arbitrator\.venv\Lib\...
> File "C:\Users\dev_home\AppData\Local\Programs\Python\Python311\Lib\asyncio\events.py", line 80, in _run
    self._context.run(self._callback, *self._args)
    │    │            │    │           │    └ <member '_args' of 'Handle' objects>
    │    │            │    │           └ <Handle Client.receive_loop.<locals>.after_interrupt(<Task cancell...nt_ws.py:312>>) at C:\shere-folder\arbitrator\.venv\Lib\...
    │    │            │    └ <member '_callback' of 'Handle' objects>
    │    │            └ <Handle Client.receive_loop.<locals>.after_interrupt(<Task cancell...nt_ws.py:312>>) at C:\shere-folder\arbitrator\.venv\Lib\...
    │    └ <member '_context' of 'Handle' objects>
    └ <Handle Client.receive_loop.<locals>.after_interrupt(<Task cancell...nt_ws.py:312>>) at C:\shere-folder\arbitrator\.venv\Lib\...
  File "C:\shere-folder\arbitrator\.venv\Lib\site-packages\ccxt\async_support\base\ws\client.py", line 140, in after_interrupt
    exception = resolved.exception()
                │        └ <method 'exception' of '_asyncio.Task' objects>
                └ <Task cancelled name='Task-13495' coro=<ClientWebSocketResponse.receive() done, defined at C:\shere-folder\arbitrator\.venv\L...
  File "C:\shere-folder\arbitrator\.venv\Lib\site-packages\aiohttp\client_ws.py", line 312, in receive
    async def receive(self, timeout: Optional[float] = None) -> WSMessage:
                      │     │        │                          └ <class 'aiohttp._websocket.models.WSMessage'>
                      │     │        └ typing.Optional
                      │     └ None
                      └ <aiohttp.client_ws.ClientWebSocketResponse object at 0x0000025004A61250>

asyncio.exceptions.CancelledError
2026-06-25 04:44:30 | ERROR    | [asyncio.base_events:call_exception_handler:1797] - [asyncio] Exception in callback Client.receive_loop.<locals>.after_interrupt(<Task cancell...nt_ws.py:312>>) at C:\shere-folder\arbitrator\.venv\Lib\site-packages\ccxt\async_support\base\ws\client.py:139
handle: <Handle Client.receive_loop.<locals>.after_interrupt(<Task cancell...nt_ws.py:312>>) at C:\shere-folder\arbitrator\.venv\Lib\site-packages\ccxt\async_support\base\ws\client.py:139>
Traceback (most recent call last):

  File "C:\shere-folder\arbitrator\src\arbitrator\exchanges\ccxt_base.py", line 913, in _stream_fanout
    symbol, ticker = await queue.get()
    │                      │     └ <function Queue.get at 0x0000024F832C1620>
    │                      └ <Queue at 0x24ff6a910d0 maxsize=0 _queue=[('BTW/USDT:USDT', Ticker(symbol='BTW/USDT:USDT', last=0.09515, high_24h=0.11995, lo...
    └ 'ICP/USDT:USDT'

  File "C:\Users\dev_home\AppData\Local\Programs\Python\Python311\Lib\asyncio\queues.py", line 158, in get
    await getter
          └ <Future finished result=None>

asyncio.exceptions.CancelledError


During handling of the above exception, another exception occurred:


Traceback (most recent call last):

  File "C:\Users\dev_home\AppData\Local\Programs\Python\Python311\Lib\asyncio\runners.py", line 190, in run
    return runner.run(main)
           │      │   └ <coroutine object ScreenerStreamWorker._async_main at 0x0000024F868E1E40>
           │      └ <function Runner.run at 0x0000024F832C0680>
           └ <asyncio.runners.Runner object at 0x0000024FB46512D0>
  File "C:\Users\dev_home\AppData\Local\Programs\Python\Python311\Lib\asyncio\runners.py", line 118, in run
    return self._loop.run_until_complete(task)
           │    │     │                  └ <Task cancelled name='Task-88' coro=<ScreenerStreamWorker._async_main() done, defined at C:\shere-folder\arbitrator\src\arbit...
           │    │     └ <function BaseEventLoop.run_until_complete at 0x0000024F832BA0C0>
           │    └ <ProactorEventLoop running=True closed=False debug=False>
           └ <asyncio.runners.Runner object at 0x0000024FB46512D0>
  File "C:\Users\dev_home\AppData\Local\Programs\Python\Python311\Lib\asyncio\base_events.py", line 653, in run_until_complete
    return future.result()
           │      └ <method 'result' of '_asyncio.Task' objects>
           └ <Task cancelled name='Task-88' coro=<ScreenerStreamWorker._async_main() done, defined at C:\shere-folder\arbitrator\src\arbit...

  File "C:\shere-folder\arbitrator\src\arbitrator\application\screener_stream_worker.py", line 152, in _async_main
    await self._stream_loop(named_exchanges, filtered_by_exchange)
          │    │            │                └ {'binance': ['0G/USDT:USDT', '1000000BOB/USDT:USDT', '1000000MOG/USDT:USDT', '1000BONK/USDT:USDT', '1000CAT/USDT:USDT', '1000...
          │    │            └ [NamedExchange(exchange_id='mexc', display_name='MEXC', gateway=<arbitrator.exchanges.mexc.Mexc object at 0x0000024F86BE6D10>...
          │    └ <function ScreenerStreamWorker._stream_loop at 0x0000024FB4BB94E0>
          └ <arbitrator.application.screener_stream_worker.ScreenerStreamWorker object at 0x0000024FB4BB1010>

  File "C:\shere-folder\arbitrator\src\arbitrator\application\screener_stream_worker.py", line 216, in _stream_loop
    await watcher.close()
          │       └ <function MultiExchangeWatcher.close at 0x0000024FB4B28FE0>
          └ <arbitrator.application.multi_exchange_watcher.MultiExchangeWatcher object at 0x0000024FF6ED4050>

  File "C:\shere-folder\arbitrator\src\arbitrator\application\multi_exchange_watcher.py", line 44, in close
    await self._cancel_watchers()
          │    └ <function MultiExchangeWatcher._cancel_watchers at 0x0000024FB4B291C0>
          └ <arbitrator.application.multi_exchange_watcher.MultiExchangeWatcher object at 0x0000024FF6ED4050>

  File "C:\shere-folder\arbitrator\src\arbitrator\application\multi_exchange_watcher.py", line 103, in _cancel_watchers
    await asyncio.gather(*self._tasks, return_exceptions=True)
          │       │       │    └ []
          │       │       └ <arbitrator.application.multi_exchange_watcher.MultiExchangeWatcher object at 0x0000024FF6ED4050>
          │       └ <function gather at 0x0000024F832AD1C0>
          └ <module 'asyncio' from 'C:\\Users\\dev_home\\AppData\\Local\\Programs\\Python\\Python311\\Lib\\asyncio\\__init__.py'>

  File "C:\shere-folder\arbitrator\src\arbitrator\application\multi_exchange_watcher.py", line 79, in _watch
    async for tickers in exch.gateway.watch_tickers(symbols):
              │          │    │                     └ ['0G/USDT:USDT', '1000000BABYDOGE/USDT:USDT', '1000000BOB/USDT:USDT', '1000000MOG/USDT:USDT', '1000BONK/USDT:USDT', '1000CAT/...
              │          │    └ <member 'gateway' of 'NamedExchange' objects>
              │          └ NamedExchange(exchange_id='bingx', display_name='BingX', gateway=<arbitrator.exchanges.bingx.Bingx object at 0x0000024FB510CF...
              └ {'ICP/USDT:USDT': Ticker(symbol='ICP/USDT:USDT', last=2.182, high_24h=2.219, low_24h=2.041, base_volume_24h=9679350.37, quote...

  File "C:\shere-folder\arbitrator\src\arbitrator\exchanges\ccxt_base.py", line 171, in watch_tickers
    async for update in self._stream_fanout(client, symbol_list):
              │         │    │              │       └ ['0G/USDT:USDT', '1000000BABYDOGE/USDT:USDT', '1000000BOB/USDT:USDT', '1000000MOG/USDT:USDT', '1000BONK/USDT:USDT', '1000CAT/...
              │         │    │              └ ccxt.async_support.bingx()
              │         │    └ <function CcxtBase._stream_fanout at 0x0000024F8C1EC720>
              │         └ <arbitrator.exchanges.bingx.Bingx object at 0x0000024FB510CF10>
              └ {'ICP/USDT:USDT': Ticker(symbol='ICP/USDT:USDT', last=2.182, high_24h=2.219, low_24h=2.041, base_volume_24h=9679350.37, quote...

  File "C:\shere-folder\arbitrator\src\arbitrator\exchanges\ccxt_base.py", line 923, in _stream_fanout
    await asyncio.gather(*tasks, return_exceptions=True)
          │       │       └ [<Task cancelled name='watch_ticker:bingx:0G/USDT:USDT' coro=<CcxtBase._stream_fanout.<locals>._watch_one() done, defined at ...
          │       └ <function gather at 0x0000024F832AD1C0>
          └ <module 'asyncio' from 'C:\\Users\\dev_home\\AppData\\Local\\Programs\\Python\\Python311\\Lib\\asyncio\\__init__.py'>

  File "C:\shere-folder\arbitrator\src\arbitrator\exchanges\ccxt_base.py", line 885, in _watch_one
    payload = await client.watch_ticker(symbol)
                    │      │            └ 'ZRX/USDT:USDT'
                    │      └ <function bingx.watch_ticker at 0x0000024F8BED42C0>
                    └ ccxt.async_support.bingx()

  File "C:\shere-folder\arbitrator\.venv\Lib\site-packages\ccxt\pro\bingx.py", line 177, in watch_ticker
    return await self.watch(url, messageHash, self.extend(request, params), messageHash, subscription)
                 │    │     │    │            │    │      │        │        │            └ {'unsubscribe': False, 'id': 'b43e3002-16be-4c55-8b48-e819f121d612'}
                 │    │     │    │            │    │      │        │        └ 'ticker::ZRX/USDT:USDT'
                 │    │     │    │            │    │      │        └ {}
                 │    │     │    │            │    │      └ {'id': 'b43e3002-16be-4c55-8b48-e819f121d612', 'dataType': 'ZRX-USDT@ticker', 'reqType': 'sub'}
                 │    │     │    │            │    └ <staticmethod(<function Exchange.extend at 0x0000024F88E18860>)>
                 │    │     │    │            └ ccxt.async_support.bingx()
                 │    │     │    └ 'ticker::ZRX/USDT:USDT'
                 │    │     └ 'wss://open-api-swap.bingx.com/swap-market'
                 │    └ <function Exchange.watch at 0x0000024F8A57B740>
                 └ ccxt.async_support.bingx()

asyncio.exceptions.CancelledError


During handling of the above exception, another exception occurred:


Traceback (most recent call last):

  File "c:\Users\dev_home\.cursor\extensions\ms-python.debugpy-2026.6.0-win32-x64\bundled\libs\debugpy\_vendored\pydevd\_pydev_bundle\pydev_monkey.py", line 1134, in __call__
    ret = self.original_func(*self.args, **self.kwargs)
          │    │              │    │       │    └ {}
          │    │              │    │       └ <_pydev_bundle.pydev_monkey._NewThreadStartupWithTrace object at 0x0000024F86BE6C50>
          │    │              │    └ ()
          │    │              └ <_pydev_bundle.pydev_monkey._NewThreadStartupWithTrace object at 0x0000024F86BE6C50>
          │    └ <bound method Thread._bootstrap of <Thread(screener-stream:1, started daemon 16316)>>
          └ <_pydev_bundle.pydev_monkey._NewThreadStartupWithTrace object at 0x0000024F86BE6C50>

  File "C:\Users\dev_home\AppData\Local\Programs\Python\Python311\Lib\threading.py", line 1002, in _bootstrap
    self._bootstrap_inner()
    │    └ <function Thread._bootstrap_inner at 0x0000024F80001300>
    └ <Thread(screener-stream:1, started daemon 16316)>
  File "C:\Users\dev_home\AppData\Local\Programs\Python\Python311\Lib\threading.py", line 1045, in _bootstrap_inner
    self.run()
    │    └ <function Thread.run at 0x0000024F80000FE0>
    └ <Thread(screener-stream:1, started daemon 16316)>
  File "C:\Users\dev_home\AppData\Local\Programs\Python\Python311\Lib\threading.py", line 982, in run
    self._target(*self._args, **self._kwargs)
    │    │        │    │        │    └ {}
    │    │        │    │        └ <Thread(screener-stream:1, started daemon 16316)>
    │    │        │    └ ()
    │    │        └ <Thread(screener-stream:1, started daemon 16316)>
    │    └ <bound method ScreenerStreamWorker._thread_main of <arbitrator.application.screener_stream_worker.ScreenerStreamWorker object...
    └ <Thread(screener-stream:1, started daemon 16316)>

  File "C:\shere-folder\arbitrator\src\arbitrator\application\screener_stream_worker.py", line 88, in _thread_main
    asyncio.run(self._async_main())
    │       │   │    └ <function ScreenerStreamWorker._async_main at 0x0000024FB4BB93A0>
    │       │   └ <arbitrator.application.screener_stream_worker.ScreenerStreamWorker object at 0x0000024FB4BB1010>
    │       └ <function run at 0x0000024F83293E20>
    └ <module 'asyncio' from 'C:\\Users\\dev_home\\AppData\\Local\\Programs\\Python\\Python311\\Lib\\asyncio\\__init__.py'>

  File "C:\Users\dev_home\AppData\Local\Programs\Python\Python311\Lib\asyncio\runners.py", line 189, in run
    with Runner(debug=debug) as runner:
         │            │         └ <asyncio.runners.Runner object at 0x0000024FB46512D0>
         │            └ None
         └ <class 'asyncio.runners.Runner'>
  File "C:\Users\dev_home\AppData\Local\Programs\Python\Python311\Lib\asyncio\runners.py", line 63, in __exit__
    self.close()
    │    └ <function Runner.close at 0x0000024F832C0540>
    └ <asyncio.runners.Runner object at 0x0000024FB46512D0>
  File "C:\Users\dev_home\AppData\Local\Programs\Python\Python311\Lib\asyncio\runners.py", line 71, in close
    _cancel_all_tasks(loop)
    │                 └ <ProactorEventLoop running=True closed=False debug=False>
    └ <function _cancel_all_tasks at 0x0000024F832C02C0>
  File "C:\Users\dev_home\AppData\Local\Programs\Python\Python311\Lib\asyncio\runners.py", line 201, in _cancel_all_tasks
    loop.run_until_complete(tasks.gather(*to_cancel, return_exceptions=True))
    │    │                  │     │       └ {<Task cancelled name='Task-3071' coro=<Client.ping_loop() done, defined at C:\shere-folder\arbitrator\.venv\Lib\site-package...
    │    │                  │     └ <function gather at 0x0000024F832AD1C0>
    │    │                  └ <module 'asyncio.tasks' from 'C:\\Users\\dev_home\\AppData\\Local\\Programs\\Python\\Python311\\Lib\\asyncio\\tasks.py'>
    │    └ <function BaseEventLoop.run_until_complete at 0x0000024F832BA0C0>
    └ <ProactorEventLoop running=True closed=False debug=False>
  File "C:\Users\dev_home\AppData\Local\Programs\Python\Python311\Lib\asyncio\base_events.py", line 640, in run_until_complete
    self.run_forever()
    │    └ <function ProactorEventLoop.run_forever at 0x0000024F8333C040>
    └ <ProactorEventLoop running=True closed=False debug=False>
  File "C:\Users\dev_home\AppData\Local\Programs\Python\Python311\Lib\asyncio\windows_events.py", line 321, in run_forever
    super().run_forever()
  File "C:\Users\dev_home\AppData\Local\Programs\Python\Python311\Lib\asyncio\base_events.py", line 607, in run_forever
    self._run_once()
    │    └ <function BaseEventLoop._run_once at 0x0000024F832BBE20>
    └ <ProactorEventLoop running=True closed=False debug=False>
  File "C:\Users\dev_home\AppData\Local\Programs\Python\Python311\Lib\asyncio\base_events.py", line 1922, in _run_once
    handle._run()
    │      └ <function Handle._run at 0x0000024F83123880>
    └ <Handle Client.receive_loop.<locals>.after_interrupt(<Task cancell...nt_ws.py:312>>) at C:\shere-folder\arbitrator\.venv\Lib\...
> File "C:\Users\dev_home\AppData\Local\Programs\Python\Python311\Lib\asyncio\events.py", line 80, in _run
    self._context.run(self._callback, *self._args)
    │    │            │    │           │    └ <member '_args' of 'Handle' objects>
    │    │            │    │           └ <Handle Client.receive_loop.<locals>.after_interrupt(<Task cancell...nt_ws.py:312>>) at C:\shere-folder\arbitrator\.venv\Lib\...
    │    │            │    └ <member '_callback' of 'Handle' objects>
    │    │            └ <Handle Client.receive_loop.<locals>.after_interrupt(<Task cancell...nt_ws.py:312>>) at C:\shere-folder\arbitrator\.venv\Lib\...
    │    └ <member '_context' of 'Handle' objects>
    └ <Handle Client.receive_loop.<locals>.after_interrupt(<Task cancell...nt_ws.py:312>>) at C:\shere-folder\arbitrator\.venv\Lib\...
  File "C:\shere-folder\arbitrator\.venv\Lib\site-packages\ccxt\async_support\base\ws\client.py", line 140, in after_interrupt
    exception = resolved.exception()
                │        └ <method 'exception' of '_asyncio.Task' objects>
                └ <Task cancelled name='Task-13480' coro=<ClientWebSocketResponse.receive() done, defined at C:\shere-folder\arbitrator\.venv\L...
  File "C:\shere-folder\arbitrator\.venv\Lib\site-packages\aiohttp\client_ws.py", line 336, in receive
    msg = await self._reader.read()
                │    │       └ <cyfunction WebSocketDataQueue.read at 0x0000024F870D4280>
                │    └ <aiohttp._websocket.reader_c.WebSocketDataQueue object at 0x0000025003E38640>
                └ <aiohttp.client_ws.ClientWebSocketResponse object at 0x0000024FFDB0E850>

  File "aiohttp/_websocket/reader_c.py", line 118, in read
    raise

  File "aiohttp/_websocket/reader_c.py", line 115, in aiohttp._websocket.reader_c.WebSocketDataQueue.read
    await self._waiter

asyncio.exceptions.CancelledError
2026-06-25 04:44:30 | ERROR    | [asyncio.base_events:call_exception_handler:1797] - [asyncio] Task was destroyed but it is pending!
task: <Task pending name='Task-13508' coro=<ClientWebSocketResponse.receive() running at C:\shere-folder\arbitrator\.venv\Lib\site-packages\aiohttp\client_ws.py:312> cb=[Client.receive_loop.<locals>.after_interrupt() at C:\shere-folder\arbitrator\.venv\Lib\site-packages\ccxt\async_support\base\ws\client.py:139]>
2026-06-25 04:44:35 | ERROR    | [asyncio.base_events:call_exception_handler:1797] - [asyncio] Unclosed client session
client_session: <aiohttp.client.ClientSession object at 0x0000024FF8D3A3D0>
2026-06-25 04:44:35 | ERROR    | [asyncio.base_events:call_exception_handler:1797] - [asyncio] Unclosed client session
client_session: <aiohttp.client.ClientSession object at 0x0000024FF6ED4210>
2026-06-25 04:44:35 | ERROR    | [asyncio.base_events:call_exception_handler:1797] - [asyncio] Unclosed client session
client_session: <aiohttp.client.ClientSession object at 0x0000024FF6993450>
2026-06-25 04:44:35 | ERROR    | [asyncio.base_events:call_exception_handler:1797] - [asyncio] Unclosed client session
client_session: <aiohttp.client.ClientSession object at 0x0000024FF6984350>
