2026-07-01 02:52:53 | ERROR    | [arbitrator.exchanges.ccxt_base:_ensure_markets_loaded:1338] - load_markets failed | exchange=gate
Traceback (most recent call last):

  File "c:\Users\dev_home\.cursor\extensions\ms-python.debugpy-2026.6.0-win32-x64\bundled\libs\debugpy\_vendored\pydevd\_pydev_bundle\pydev_monkey.py", line 1134, in __call__
    ret = self.original_func(*self.args, **self.kwargs)
          │    │              │    │       │    └ {}
          │    │              │    │       └ <_pydev_bundle.pydev_monkey._NewThreadStartupWithTrace object at 0x000001DD182CAED0>
          │    │              │    └ ()
          │    │              └ <_pydev_bundle.pydev_monkey._NewThreadStartupWithTrace object at 0x000001DD182CAED0>
          │    └ <bound method Thread._bootstrap of <Thread(screener-stream:0, started daemon 15784)>>
          └ <_pydev_bundle.pydev_monkey._NewThreadStartupWithTrace object at 0x000001DD182CAED0>

  File "C:\Users\dev_home\AppData\Local\Programs\Python\Python311\Lib\threading.py", line 1002, in _bootstrap
    self._bootstrap_inner()
    │    └ <function Thread._bootstrap_inner at 0x000001DD0D6CCB80>
    └ <Thread(screener-stream:0, started daemon 15784)>
  File "C:\Users\dev_home\AppData\Local\Programs\Python\Python311\Lib\threading.py", line 1045, in _bootstrap_inner
    self.run()
    │    └ <function Thread.run at 0x000001DD0D6CC860>
    └ <Thread(screener-stream:0, started daemon 15784)>
  File "C:\Users\dev_home\AppData\Local\Programs\Python\Python311\Lib\threading.py", line 982, in run
    self._target(*self._args, **self._kwargs)
    │    │        │    │        │    └ {}
    │    │        │    │        └ <Thread(screener-stream:0, started daemon 15784)>
    │    │        │    └ ()
    │    │        └ <Thread(screener-stream:0, started daemon 15784)>
    │    └ <bound method ScreenerStreamWorker._thread_main of <arbitrator.application.screener_stream_worker.ScreenerStreamWorker object...
    └ <Thread(screener-stream:0, started daemon 15784)>

  File "C:\shere-folder\arbitrator\src\arbitrator\application\screener_stream_worker.py", line 88, in _thread_main
    asyncio.run(self._async_main())
    │       │   │    └ <function ScreenerStreamWorker._async_main at 0x000001DD16CF3F60>
    │       │   └ <arbitrator.application.screener_stream_worker.ScreenerStreamWorker object at 0x000001DD182CAC10>
    │       └ <function run at 0x000001DD0FF0ACA0>
    └ <module 'asyncio' from 'C:\\Users\\dev_home\\AppData\\Local\\Programs\\Python\\Python311\\Lib\\asyncio\\__init__.py'>

  File "C:\Users\dev_home\AppData\Local\Programs\Python\Python311\Lib\asyncio\runners.py", line 190, in run
    return runner.run(main)
           │      │   └ <coroutine object ScreenerStreamWorker._async_main at 0x000001DD18288680>
           │      └ <function Runner.run at 0x000001DD0FF0B100>
           └ <asyncio.runners.Runner object at 0x000001DD16727190>
  File "C:\Users\dev_home\AppData\Local\Programs\Python\Python311\Lib\asyncio\runners.py", line 118, in run
    return self._loop.run_until_complete(task)
           │    │     │                  └ <Task pending name='Task-3' coro=<ScreenerStreamWorker._async_main() running at C:\shere-folder\arbitrator\src\arbitrator\app...
           │    │     └ <function BaseEventLoop.run_until_complete at 0x000001DD0FF08B80>
           │    └ <ProactorEventLoop running=True closed=False debug=False>
           └ <asyncio.runners.Runner object at 0x000001DD16727190>
  File "C:\Users\dev_home\AppData\Local\Programs\Python\Python311\Lib\asyncio\base_events.py", line 640, in run_until_complete
    self.run_forever()
    │    └ <function ProactorEventLoop.run_forever at 0x000001DD0FFA1B20>
    └ <ProactorEventLoop running=True closed=False debug=False>
  File "C:\Users\dev_home\AppData\Local\Programs\Python\Python311\Lib\asyncio\windows_events.py", line 321, in run_forever
    super().run_forever()
  File "C:\Users\dev_home\AppData\Local\Programs\Python\Python311\Lib\asyncio\base_events.py", line 607, in run_forever
    self._run_once()
    │    └ <function BaseEventLoop._run_once at 0x000001DD0FF0A8E0>
    └ <ProactorEventLoop running=True closed=False debug=False>
  File "C:\Users\dev_home\AppData\Local\Programs\Python\Python311\Lib\asyncio\base_events.py", line 1922, in _run_once
    handle._run()
    │      └ <function Handle._run at 0x000001DD0FE76340>
    └ <Handle Task.task_wakeup(<Task finishe...ibute 'get'")>)>
  File "C:\Users\dev_home\AppData\Local\Programs\Python\Python311\Lib\asyncio\events.py", line 80, in _run
    self._context.run(self._callback, *self._args)
    │    │            │    │           │    └ <member '_args' of 'Handle' objects>
    │    │            │    │           └ <Handle Task.task_wakeup(<Task finishe...ibute 'get'")>)>
    │    │            │    └ <member '_callback' of 'Handle' objects>
    │    │            └ <Handle Task.task_wakeup(<Task finishe...ibute 'get'")>)>
    │    └ <member '_context' of 'Handle' objects>
    └ <Handle Task.task_wakeup(<Task finishe...ibute 'get'")>)>

  File "C:\shere-folder\arbitrator\src\arbitrator\exchanges\gate.py", line 46, in watch_tickers
    await self._ensure_markets_loaded(client)
          │    │                      └ ccxt.async_support.gate()
          │    └ <function CcxtBase._ensure_markets_loaded at 0x000001DD16CDA980>
          └ <arbitrator.exchanges.gate.Gate object at 0x000001DD182C9F50>

> File "C:\shere-folder\arbitrator\src\arbitrator\exchanges\ccxt_base.py", line 1335, in _ensure_markets_loaded
    await client.load_markets()
          │      └ <function Exchange.load_markets at 0x000001DD1495AE80>
          └ ccxt.async_support.gate()

  File "C:\shere-folder\arbitrator\.venv\Lib\site-packages\ccxt\async_support\base\exchange.py", line 365, in load_markets
    raise e
  File "C:\shere-folder\arbitrator\.venv\Lib\site-packages\ccxt\async_support\base\exchange.py", line 357, in load_markets
    result = await self.markets_loading
                   │    └ None
                   └ ccxt.async_support.gate()
  File "C:\shere-folder\arbitrator\.venv\Lib\site-packages\ccxt\async_support\base\exchange.py", line 324, in load_markets_helper
    markets = await self.fetch_markets(params)
                    │    │             └ {}
                    │    └ <function gate.fetch_markets at 0x000001DD15F34A40>
                    └ ccxt.async_support.gate()
  File "C:\shere-folder\arbitrator\.venv\Lib\site-packages\ccxt\async_support\gate.py", line 1343, in fetch_markets
    results = await asyncio.gather(*rawPromises)
                    │       │       └ [<coroutine object gate.fetch_spot_markets at 0x000001DD17BFD070>, <coroutine object gate.fetch_swap_markets at 0x000001DD183...
                    │       └ <function gather at 0x000001DD0FEC39C0>
                    └ <module 'asyncio' from 'C:\\Users\\dev_home\\AppData\\Local\\Programs\\Python\\Python311\\Lib\\asyncio\\__init__.py'>
  File "C:\shere-folder\arbitrator\.venv\Lib\site-packages\ccxt\async_support\gate.py", line 1667, in fetch_option_markets
    response = await self.publicOptionsGetContracts(query)
                     │    │                         └ {'underlying': 'CL_USDT'}
                     │    └ <function Entry.__init__.<locals>.unbound_method at 0x000001DD13603600>
                     └ ccxt.async_support.gate()
  File "C:\shere-folder\arbitrator\.venv\Lib\site-packages\ccxt\async_support\base\exchange.py", line 1033, in request
    return await self.fetch2(path, api, method, params, headers, body, config)
                 │    │      │     │    │       │       │        │     └ {'cost': 1}
                 │    │      │     │    │       │       │        └ None
                 │    │      │     │    │       │       └ None
                 │    │      │     │    │       └ {'underlying': 'CL_USDT'}
                 │    │      │     │    └ 'GET'
                 │    │      │     └ ['public', 'options']
                 │    │      └ 'contracts'
                 │    └ <function Exchange.fetch2 at 0x000001DD14A72F20>
                 └ ccxt.async_support.gate()
  File "C:\shere-folder\arbitrator\.venv\Lib\site-packages\ccxt\async_support\base\exchange.py", line 1029, in fetch2
    raise e
  File "C:\shere-folder\arbitrator\.venv\Lib\site-packages\ccxt\async_support\base\exchange.py", line 1017, in fetch2
    return await self.fetch(request['url'], request['method'], request['headers'], request['body'])
                 │    │     │               │                  │                   └ {'url': 'https://api.gateio.ws/api/v4/options/contracts?underlying=CL_USDT', 'method': 'GET', 'body': None, 'headers': None}
                 │    │     │               │                  └ {'url': 'https://api.gateio.ws/api/v4/options/contracts?underlying=CL_USDT', 'method': 'GET', 'body': None, 'headers': None}
                 │    │     │               └ {'url': 'https://api.gateio.ws/api/v4/options/contracts?underlying=CL_USDT', 'method': 'GET', 'body': None, 'headers': None}
                 │    │     └ {'url': 'https://api.gateio.ws/api/v4/options/contracts?underlying=CL_USDT', 'method': 'GET', 'body': None, 'headers': None}
                 │    └ <function Exchange.fetch at 0x000001DD1495ACA0>
                 └ ccxt.async_support.gate()
  File "C:\shere-folder\arbitrator\.venv\Lib\site-packages\ccxt\async_support\base\exchange.py", line 234, in fetch
    session_method = getattr(final_session, method.lower())
                             │              │      └ <method 'lower' of 'str' objects>
                             │              └ 'GET'
                             └ None

AttributeError: 'NoneType' object has no attribute 'get'
2026-07-01 02:53:29 | ERROR    | [arbitrator.exchanges.ccxt_base:fetch_fee_schedule:1004] - market symbol not found for fees | exchange=mexc symbol=1000CAT/USDT:USDT
2026-07-01 02:53:29 | ERROR    | [arbitrator.exchanges.ccxt_base:fetch_fee_schedule:1004] - market symbol not found for fees | exchange=mexc symbol=AMD/USDT:USDT
2026-07-01 02:53:29 | ERROR    | [arbitrator.exchanges.ccxt_base:fetch_fee_schedule:1004] - market symbol not found for fees | exchange=mexc symbol=ARC/USDT:USDT
2026-07-01 02:53:29 | ERROR    | [arbitrator.exchanges.ccxt_base:fetch_fee_schedule:1004] - market symbol not found for fees | exchange=mexc symbol=BE/USDT:USDT
2026-07-01 02:53:29 | ERROR    | [arbitrator.exchanges.ccxt_base:fetch_fee_schedule:1004] - market symbol not found for fees | exchange=mexc symbol=COST/USDT:USDT
2026-07-01 02:53:29 | ERROR    | [arbitrator.exchanges.ccxt_base:fetch_fee_schedule:1004] - market symbol not found for fees | exchange=mexc symbol=DELL/USDT:USDT
2026-07-01 02:53:29 | ERROR    | [arbitrator.exchanges.ccxt_base:fetch_fee_schedule:1004] - market symbol not found for fees | exchange=mexc symbol=HYUNDAI/USDT:USDT
2026-07-01 02:53:29 | ERROR    | [arbitrator.exchanges.ccxt_base:fetch_fee_schedule:1004] - market symbol not found for fees | exchange=mexc symbol=ROK/USDT:USDT
2026-07-01 02:53:29 | ERROR    | [arbitrator.exchanges.ccxt_base:fetch_fee_schedule:1004] - market symbol not found for fees | exchange=mexc symbol=UNITAS/USDT:USDT
2026-07-01 02:53:34 | ERROR    | [arbitrator.exchanges.ccxt_base:fetch_fee_schedule:1004] - market symbol not found for fees | exchange=bitget symbol=1000000BABYDOGE/USDT:USDT
2026-07-01 02:53:34 | ERROR    | [arbitrator.exchanges.ccxt_base:fetch_fee_schedule:1004] - market symbol not found for fees | exchange=bitget symbol=AGT/USDT:USDT
2026-07-01 02:53:34 | ERROR    | [arbitrator.exchanges.ccxt_base:fetch_fee_schedule:1004] - market symbol not found for fees | exchange=bitget symbol=AIA/USDT:USDT
2026-07-01 02:53:34 | ERROR    | [arbitrator.exchanges.ccxt_base:fetch_fee_schedule:1004] - market symbol not found for fees | exchange=bitget symbol=AIGENSYN/USDT:USDT
2026-07-01 02:53:34 | ERROR    | [arbitrator.exchanges.ccxt_base:fetch_fee_schedule:1004] - market symbol not found for fees | exchange=bitget symbol=AIOT/USDT:USDT
2026-07-01 02:53:34 | ERROR    | [arbitrator.exchanges.ccxt_base:fetch_fee_schedule:1004] - market symbol not found for fees | exchange=bitget symbol=AKE/USDT:USDT
2026-07-01 02:53:34 | ERROR    | [arbitrator.exchanges.ccxt_base:fetch_fee_schedule:1004] - market symbol not found for fees | exchange=bitget symbol=ALPINE/USDT:USDT
2026-07-01 02:53:34 | ERROR    | [arbitrator.exchanges.ccxt_base:fetch_fee_schedule:1004] - market symbol not found for fees | exchange=bitget symbol=AMP/USDT:USDT
2026-07-01 02:53:34 | ERROR    | [arbitrator.exchanges.ccxt_base:fetch_fee_schedule:1004] - market symbol not found for fees | exchange=bitget symbol=APEX/USDT:USDT
2026-07-01 02:53:34 | ERROR    | [arbitrator.exchanges.ccxt_base:fetch_fee_schedule:1004] - market symbol not found for fees | exchange=bitget symbol=ASTEROID/USDT:USDT
2026-07-01 02:53:34 | ERROR    | [arbitrator.exchanges.ccxt_base:fetch_fee_schedule:1004] - market symbol not found for fees | exchange=bitget symbol=AVAAI/USDT:USDT
2026-07-01 02:53:34 | ERROR    | [arbitrator.exchanges.ccxt_base:fetch_fee_schedule:1004] - market symbol not found for fees | exchange=bitget symbol=B3/USDT:USDT
2026-07-01 02:53:34 | ERROR    | [arbitrator.exchanges.ccxt_base:fetch_fee_schedule:1004] - market symbol not found for fees | exchange=bitget symbol=BEAMX/USDT:USDT
2026-07-01 02:53:34 | ERROR    | [arbitrator.exchanges.ccxt_base:fetch_fee_schedule:1004] - market symbol not found for fees | exchange=bitget symbol=BEL/USDT:USDT
2026-07-01 02:53:34 | ERROR    | [arbitrator.exchanges.ccxt_base:fetch_fee_schedule:1004] - market symbol not found for fees | exchange=bitget symbol=BLEND/USDT:USDT
2026-07-01 02:53:34 | ERROR    | [arbitrator.exchanges.ccxt_base:fetch_fee_schedule:1004] - market symbol not found for fees | exchange=bitget symbol=BLUAI/USDT:USDT
2026-07-01 02:53:34 | ERROR    | [arbitrator.exchanges.ccxt_base:fetch_fee_schedule:1004] - market symbol not found for fees | exchange=bitget symbol=BMT/USDT:USDT
2026-07-01 02:53:34 | ERROR    | [arbitrator.exchanges.ccxt_base:fetch_fee_schedule:1004] - market symbol not found for fees | exchange=bitget symbol=BROCCOLIF3B/USDT:USDT
2026-07-01 02:53:34 | ERROR    | [arbitrator.exchanges.ccxt_base:fetch_fee_schedule:1004] - market symbol not found for fees | exchange=bitget symbol=BTR/USDT:USDT
2026-07-01 02:53:34 | ERROR    | [arbitrator.exchanges.ccxt_base:fetch_fee_schedule:1004] - market symbol not found for fees | exchange=bitget symbol=BULLA/USDT:USDT
2026-07-01 02:53:34 | ERROR    | [arbitrator.exchanges.ccxt_base:fetch_fee_schedule:1004] - market symbol not found for fees | exchange=bitget symbol=CHEEMS/USDT:USDT
2026-07-01 02:53:34 | ERROR    | [arbitrator.exchanges.ccxt_base:fetch_fee_schedule:1004] - market symbol not found for fees | exchange=bitget symbol=CLO/USDT:USDT
2026-07-01 02:53:34 | ERROR    | [arbitrator.exchanges.ccxt_base:fetch_fee_schedule:1004] - market symbol not found for fees | exchange=bitget symbol=COLLECT/USDT:USDT
2026-07-01 02:53:34 | ERROR    | [arbitrator.exchanges.ccxt_base:fetch_fee_schedule:1004] - market symbol not found for fees | exchange=bitget symbol=CORE/USDT:USDT
2026-07-01 02:53:34 | ERROR    | [arbitrator.exchanges.ccxt_base:fetch_fee_schedule:1004] - market symbol not found for fees | exchange=bitget symbol=CTC/USDT:USDT
2026-07-01 02:53:34 | ERROR    | [arbitrator.exchanges.ccxt_base:fetch_fee_schedule:1004] - market symbol not found for fees | exchange=bitget symbol=DUSK/USDT:USDT
2026-07-01 02:53:34 | ERROR    | [arbitrator.exchanges.ccxt_base:fetch_fee_schedule:1004] - market symbol not found for fees | exchange=bitget symbol=EDEN/USDT:USDT
2026-07-01 02:53:34 | ERROR    | [arbitrator.exchanges.ccxt_base:fetch_fee_schedule:1004] - market symbol not found for fees | exchange=bitget symbol=EDU/USDT:USDT
2026-07-01 02:53:34 | ERROR    | [arbitrator.exchanges.ccxt_base:fetch_fee_schedule:1004] - market symbol not found for fees | exchange=bitget symbol=FHE/USDT:USDT
2026-07-01 02:53:34 | ERROR    | [arbitrator.exchanges.ccxt_base:fetch_fee_schedule:1004] - market symbol not found for fees | exchange=bitget symbol=FLOW/USDT:USDT
2026-07-01 02:53:34 | ERROR    | [arbitrator.exchanges.ccxt_base:fetch_fee_schedule:1004] - market symbol not found for fees | exchange=bitget symbol=FLR/USDT:USDT
2026-07-01 02:53:34 | ERROR    | [arbitrator.exchanges.ccxt_base:fetch_fee_schedule:1004] - market symbol not found for fees | exchange=bitget symbol=GAIB/USDT:USDT
2026-07-01 02:53:34 | ERROR    | [arbitrator.exchanges.ccxt_base:fetch_fee_schedule:1004] - market symbol not found for fees | exchange=bitget symbol=GUA/USDT:USDT
2026-07-01 02:53:34 | ERROR    | [arbitrator.exchanges.ccxt_base:fetch_fee_schedule:1004] - market symbol not found for fees | exchange=bitget symbol=HANA/USDT:USDT
2026-07-01 02:53:34 | ERROR    | [arbitrator.exchanges.ccxt_base:fetch_fee_schedule:1004] - market symbol not found for fees | exchange=bitget symbol=HEI/USDT:USDT
2026-07-01 02:53:34 | ERROR    | [arbitrator.exchanges.ccxt_base:fetch_fee_schedule:1004] - market symbol not found for fees | exchange=bitget symbol=HEMI/USDT:USDT
2026-07-01 02:53:34 | ERROR    | [arbitrator.exchanges.ccxt_base:fetch_fee_schedule:1004] - market symbol not found for fees | exchange=bitget symbol=HIGH/USDT:USDT
2026-07-01 02:53:34 | ERROR    | [arbitrator.exchanges.ccxt_base:fetch_fee_schedule:1004] - market symbol not found for fees | exchange=bitget symbol=HMSTR/USDT:USDT
2026-07-01 02:53:34 | ERROR    | [arbitrator.exchanges.ccxt_base:fetch_fee_schedule:1004] - market symbol not found for fees | exchange=bitget symbol=HNT/USDT:USDT
2026-07-01 02:53:34 | ERROR    | [arbitrator.exchanges.ccxt_base:fetch_fee_schedule:1004] - market symbol not found for fees | exchange=bitget symbol=JELLYJELLY/USDT:USDT
2026-07-01 02:53:34 | ERROR    | [arbitrator.exchanges.ccxt_base:fetch_fee_schedule:1004] - market symbol not found for fees | exchange=bitget symbol=KOMA/USDT:USDT
2026-07-01 02:53:34 | ERROR    | [arbitrator.exchanges.ccxt_base:fetch_fee_schedule:1004] - market symbol not found for fees | exchange=bitget symbol=LIGHT/USDT:USDT
2026-07-01 02:53:34 | ERROR    | [arbitrator.exchanges.ccxt_base:fetch_fee_schedule:1004] - market symbol not found for fees | exchange=bitget symbol=LONGXIA/USDT:USDT
2026-07-01 02:53:34 | ERROR    | [arbitrator.exchanges.ccxt_base:fetch_fee_schedule:1004] - market symbol not found for fees | exchange=bitget symbol=LRC/USDT:USDT
2026-07-01 02:53:34 | ERROR    | [arbitrator.exchanges.ccxt_base:fetch_fee_schedule:1004] - market symbol not found for fees | exchange=bitget symbol=MAVIA/USDT:USDT
2026-07-01 02:53:34 | ERROR    | [arbitrator.exchanges.ccxt_base:fetch_fee_schedule:1004] - market symbol not found for fees | exchange=bitget symbol=MEZO/USDT:USDT
2026-07-01 02:53:34 | ERROR    | [arbitrator.exchanges.ccxt_base:fetch_fee_schedule:1004] - market symbol not found for fees | exchange=bitget symbol=MITO/USDT:USDT
2026-07-01 02:53:34 | ERROR    | [arbitrator.exchanges.ccxt_base:fetch_fee_schedule:1004] - market symbol not found for fees | exchange=bitget symbol=MNT/USDT:USDT
2026-07-01 02:53:34 | ERROR    | [arbitrator.exchanges.ccxt_base:fetch_fee_schedule:1004] - market symbol not found for fees | exchange=bitget symbol=MONAD/USDT:USDT
2026-07-01 02:53:34 | ERROR    | [arbitrator.exchanges.ccxt_base:fetch_fee_schedule:1004] - market symbol not found for fees | exchange=bitget symbol=NES/USDT:USDT
2026-07-01 02:53:34 | ERROR    | [arbitrator.exchanges.ccxt_base:fetch_fee_schedule:1004] - market symbol not found for fees | exchange=bitget symbol=NOM/USDT:USDT
2026-07-01 02:53:34 | ERROR    | [arbitrator.exchanges.ccxt_base:fetch_fee_schedule:1004] - market symbol not found for fees | exchange=bitget symbol=OFC/USDT:USDT
2026-07-01 02:53:34 | ERROR    | [arbitrator.exchanges.ccxt_base:fetch_fee_schedule:1004] - market symbol not found for fees | exchange=bitget symbol=OKB/USDT:USDT
2026-07-01 02:53:34 | ERROR    | [arbitrator.exchanges.ccxt_base:fetch_fee_schedule:1004] - market symbol not found for fees | exchange=bitget symbol=ON/USDT:USDT
2026-07-01 02:53:34 | ERROR    | [arbitrator.exchanges.ccxt_base:fetch_fee_schedule:1004] - market symbol not found for fees | exchange=bitget symbol=OPENLEDGER/USDT:USDT
2026-07-01 02:53:34 | ERROR    | [arbitrator.exchanges.ccxt_base:fetch_fee_schedule:1004] - market symbol not found for fees | exchange=bitget symbol=PHAROS/USDT:USDT
2026-07-01 02:53:34 | ERROR    | [arbitrator.exchanges.ccxt_base:fetch_fee_schedule:1004] - market symbol not found for fees | exchange=bitget symbol=PLAY/USDT:USDT
2026-07-01 02:53:34 | ERROR    | [arbitrator.exchanges.ccxt_base:fetch_fee_schedule:1004] - market symbol not found for fees | exchange=bitget symbol=PORTAL/USDT:USDT
2026-07-01 02:53:34 | ERROR    | [arbitrator.exchanges.ccxt_base:fetch_fee_schedule:1004] - market symbol not found for fees | exchange=bitget symbol=PROMPT/USDT:USDT
2026-07-01 02:53:34 | ERROR    | [arbitrator.exchanges.ccxt_base:fetch_fee_schedule:1004] - market symbol not found for fees | exchange=bitget symbol=PTB/USDT:USDT
2026-07-01 02:53:34 | ERROR    | [arbitrator.exchanges.ccxt_base:fetch_fee_schedule:1004] - market symbol not found for fees | exchange=bitget symbol=PUFFER/USDT:USDT
2026-07-01 02:53:34 | ERROR    | [arbitrator.exchanges.ccxt_base:fetch_fee_schedule:1004] - market symbol not found for fees | exchange=bitget symbol=PUMPBTC/USDT:USDT
2026-07-01 02:53:34 | ERROR    | [arbitrator.exchanges.ccxt_base:fetch_fee_schedule:1004] - market symbol not found for fees | exchange=bitget symbol=RIF/USDT:USDT
2026-07-01 02:53:34 | ERROR    | [arbitrator.exchanges.ccxt_base:fetch_fee_schedule:1004] - market symbol not found for fees | exchange=bitget symbol=RLC/USDT:USDT
2026-07-01 02:53:34 | ERROR    | [arbitrator.exchanges.ccxt_base:fetch_fee_schedule:1004] - market symbol not found for fees | exchange=bitget symbol=RLS/USDT:USDT
2026-07-01 02:53:34 | ERROR    | [arbitrator.exchanges.ccxt_base:fetch_fee_schedule:1004] - market symbol not found for fees | exchange=bitget symbol=RON/USDT:USDT
2026-07-01 02:53:34 | ERROR    | [arbitrator.exchanges.ccxt_base:fetch_fee_schedule:1004] - market symbol not found for fees | exchange=bitget symbol=SAGA/USDT:USDT
2026-07-01 02:53:34 | ERROR    | [arbitrator.exchanges.ccxt_base:fetch_fee_schedule:1004] - market symbol not found for fees | exchange=bitget symbol=SATS/USDT:USDT
2026-07-01 02:53:34 | ERROR    | [arbitrator.exchanges.ccxt_base:fetch_fee_schedule:1004] - market symbol not found for fees | exchange=bitget symbol=SCR/USDT:USDT
2026-07-01 02:53:34 | ERROR    | [arbitrator.exchanges.ccxt_base:fetch_fee_schedule:1004] - market symbol not found for fees | exchange=bitget symbol=SNT/USDT:USDT
2026-07-01 02:53:34 | ERROR    | [arbitrator.exchanges.ccxt_base:fetch_fee_schedule:1004] - market symbol not found for fees | exchange=bitget symbol=SOLV/USDT:USDT
2026-07-01 02:53:34 | ERROR    | [arbitrator.exchanges.ccxt_base:fetch_fee_schedule:1004] - market symbol not found for fees | exchange=bitget symbol=ST/USDT:USDT
2026-07-01 02:53:34 | ERROR    | [arbitrator.exchanges.ccxt_base:fetch_fee_schedule:1004] - market symbol not found for fees | exchange=bitget symbol=STAR/USDT:USDT
2026-07-01 02:53:34 | ERROR    | [arbitrator.exchanges.ccxt_base:fetch_fee_schedule:1004] - market symbol not found for fees | exchange=bitget symbol=SWARMS/USDT:USDT
2026-07-01 02:53:34 | ERROR    | [arbitrator.exchanges.ccxt_base:fetch_fee_schedule:1004] - market symbol not found for fees | exchange=bitget symbol=TA/USDT:USDT
2026-07-01 02:53:34 | ERROR    | [arbitrator.exchanges.ccxt_base:fetch_fee_schedule:1004] - market symbol not found for fees | exchange=bitget symbol=TAKE/USDT:USDT
2026-07-01 02:53:34 | ERROR    | [arbitrator.exchanges.ccxt_base:fetch_fee_schedule:1004] - market symbol not found for fees | exchange=bitget symbol=TRUTH/USDT:USDT
2026-07-01 02:53:34 | ERROR    | [arbitrator.exchanges.ccxt_base:fetch_fee_schedule:1004] - market symbol not found for fees | exchange=bitget symbol=TURTLE/USDT:USDT
2026-07-01 02:53:34 | ERROR    | [arbitrator.exchanges.ccxt_base:fetch_fee_schedule:1004] - market symbol not found for fees | exchange=bitget symbol=TWT/USDT:USDT
2026-07-01 02:53:34 | ERROR    | [arbitrator.exchanges.ccxt_base:fetch_fee_schedule:1004] - market symbol not found for fees | exchange=bitget symbol=ULTIMA/USDT:USDT
2026-07-01 02:53:34 | ERROR    | [arbitrator.exchanges.ccxt_base:fetch_fee_schedule:1004] - market symbol not found for fees | exchange=bitget symbol=UP/USDT:USDT
2026-07-01 02:53:34 | ERROR    | [arbitrator.exchanges.ccxt_base:fetch_fee_schedule:1004] - market symbol not found for fees | exchange=bitget symbol=VELO/USDT:USDT
2026-07-01 02:53:34 | ERROR    | [arbitrator.exchanges.ccxt_base:fetch_fee_schedule:1004] - market symbol not found for fees | exchange=bitget symbol=VIC/USDT:USDT
2026-07-01 02:53:34 | ERROR    | [arbitrator.exchanges.ccxt_base:fetch_fee_schedule:1004] - market symbol not found for fees | exchange=bitget symbol=VINE/USDT:USDT
2026-07-01 02:53:34 | ERROR    | [arbitrator.exchanges.ccxt_base:fetch_fee_schedule:1004] - market symbol not found for fees | exchange=bitget symbol=WAVES/USDT:USDT
2026-07-01 02:53:34 | ERROR    | [arbitrator.exchanges.ccxt_base:fetch_fee_schedule:1004] - market symbol not found for fees | exchange=bitget symbol=WOTAMALAILE/USDT:USDT
2026-07-01 02:53:34 | ERROR    | [arbitrator.exchanges.ccxt_base:fetch_fee_schedule:1004] - market symbol not found for fees | exchange=bitget symbol=XCN/USDT:USDT
2026-07-01 02:53:34 | ERROR    | [arbitrator.exchanges.ccxt_base:fetch_fee_schedule:1004] - market symbol not found for fees | exchange=bitget symbol=XDC/USDT:USDT
2026-07-01 02:53:34 | ERROR    | [arbitrator.exchanges.ccxt_base:fetch_fee_schedule:1004] - market symbol not found for fees | exchange=bitget symbol=XNY/USDT:USDT
2026-07-01 02:53:34 | ERROR    | [arbitrator.exchanges.ccxt_base:fetch_fee_schedule:1004] - market symbol not found for fees | exchange=bitget symbol=YFI/USDT:USDT
2026-07-01 02:53:34 | ERROR    | [arbitrator.exchanges.ccxt_base:fetch_fee_schedule:1004] - market symbol not found for fees | exchange=bitget symbol=ZBCN/USDT:USDT
2026-07-01 02:53:34 | ERROR    | [arbitrator.exchanges.ccxt_base:fetch_fee_schedule:1004] - market symbol not found for fees | exchange=bitget symbol=ZEREBRO/USDT:USDT
