2026-06-25 05:06:07 | ERROR    | [asyncio.base_events:call_exception_handler:1797] - [asyncio] Exception in callback Client.receive_loop.<locals>.after_interrupt(<Task cancell...nt_ws.py:312>>) at C:\shere-folder\arbitrator\.venv\Lib\site-packages\ccxt\async_support\base\ws\client.py:139
handle: <Handle Client.receive_loop.<locals>.after_interrupt(<Task cancell...nt_ws.py:312>>) at C:\shere-folder\arbitrator\.venv\Lib\site-packages\ccxt\async_support\base\ws\client.py:139>
Traceback (most recent call last):

  File "C:\shere-folder\arbitrator\src\arbitrator\exchanges\ccxt_base.py", line 922, in _stream_fanout
    symbol, ticker = await queue.get()
    │                      │     └ <function Queue.get at 0x000001E032C71620>
    │                      └ <Queue at 0x1e0abb60950 maxsize=0 _queue=[('AIO/USDT:USDT', Ticker(symbol='AIO/USDT:USDT', last=0.11989, high_24h=0.13014, lo...
    └ 'BICO/USDT:USDT'

  File "C:\Users\dev_home\AppData\Local\Programs\Python\Python311\Lib\asyncio\queues.py", line 158, in get
    await getter
          └ <Future finished result=None>

asyncio.exceptions.CancelledError


During handling of the above exception, another exception occurred:


Traceback (most recent call last):

  File "C:\Users\dev_home\AppData\Local\Programs\Python\Python311\Lib\asyncio\runners.py", line 190, in run
    return runner.run(main)
           │      │   └ <coroutine object ScreenerStreamWorker._async_main at 0x000001E064864B80>
           │      └ <function Runner.run at 0x000001E032C70680>
           └ <asyncio.runners.Runner object at 0x000001E0648AC550>
  File "C:\Users\dev_home\AppData\Local\Programs\Python\Python311\Lib\asyncio\runners.py", line 118, in run
    return self._loop.run_until_complete(task)
           │    │     │                  └ <Task cancelled name='Task-114' coro=<ScreenerStreamWorker._async_main() done, defined at C:\shere-folder\arbitrator\src\arbi...
           │    │     └ <function BaseEventLoop.run_until_complete at 0x000001E032C6E0C0>
           │    └ <ProactorEventLoop running=True closed=False debug=False>
           └ <asyncio.runners.Runner object at 0x000001E0648AC550>
  File "C:\Users\dev_home\AppData\Local\Programs\Python\Python311\Lib\asyncio\base_events.py", line 653, in run_until_complete
    return future.result()
           │      └ <method 'result' of '_asyncio.Task' objects>
           └ <Task cancelled name='Task-114' coro=<ScreenerStreamWorker._async_main() done, defined at C:\shere-folder\arbitrator\src\arbi...

  File "C:\shere-folder\arbitrator\src\arbitrator\application\screener_stream_worker.py", line 152, in _async_main
    await self._stream_loop(named_exchanges, filtered_by_exchange)
          │    │            │                └ {'binance': ['0G/USDT:USDT', '1000000BOB/USDT:USDT', '1000000MOG/USDT:USDT', '1000BONK/USDT:USDT', '1000CAT/USDT:USDT', '1000...
          │    │            └ [NamedExchange(exchange_id='mexc', display_name='MEXC', gateway=<arbitrator.exchanges.mexc.Mexc object at 0x000001E064890F10>...
          │    └ <function ScreenerStreamWorker._stream_loop at 0x000001E0645471A0>
          └ <arbitrator.application.screener_stream_worker.ScreenerStreamWorker object at 0x000001E0625C0450>

  File "C:\shere-folder\arbitrator\src\arbitrator\application\screener_stream_worker.py", line 216, in _stream_loop
    await watcher.close()
          │       └ <function MultiExchangeWatcher.close at 0x000001E0644A7A60>
          └ <arbitrator.application.multi_exchange_watcher.MultiExchangeWatcher object at 0x000001E0B5E4E610>

  File "C:\shere-folder\arbitrator\src\arbitrator\application\multi_exchange_watcher.py", line 44, in close
    await self._cancel_watchers()
          │    └ <function MultiExchangeWatcher._cancel_watchers at 0x000001E0644A7C40>
          └ <arbitrator.application.multi_exchange_watcher.MultiExchangeWatcher object at 0x000001E0B5E4E610>

  File "C:\shere-folder\arbitrator\src\arbitrator\application\multi_exchange_watcher.py", line 103, in _cancel_watchers
    await asyncio.gather(*self._tasks, return_exceptions=True)
          │       │       │    └ []
          │       │       └ <arbitrator.application.multi_exchange_watcher.MultiExchangeWatcher object at 0x000001E0B5E4E610>
          │       └ <function gather at 0x000001E032C5D1C0>
          └ <module 'asyncio' from 'C:\\Users\\dev_home\\AppData\\Local\\Programs\\Python\\Python311\\Lib\\asyncio\\__init__.py'>

  File "C:\shere-folder\arbitrator\src\arbitrator\application\multi_exchange_watcher.py", line 79, in _watch
    async for tickers in exch.gateway.watch_tickers(symbols):
              │          │    │                     └ ['0G/USDT:USDT', '1000000BABYDOGE/USDT:USDT', '1000000BOB/USDT:USDT', '1000000MOG/USDT:USDT', '1000BONK/USDT:USDT', '1000CAT/...
              │          │    └ <member 'gateway' of 'NamedExchange' objects>
              │          └ NamedExchange(exchange_id='bingx', display_name='BingX', gateway=<arbitrator.exchanges.bingx.Bingx object at 0x000001E0648911...
              └ {'BICO/USDT:USDT': Ticker(symbol='BICO/USDT:USDT', last=0.02219, high_24h=0.02794, low_24h=0.0219, base_volume_24h=80302531.0...

  File "C:\shere-folder\arbitrator\src\arbitrator\exchanges\ccxt_base.py", line 172, in watch_tickers
    async for update in self._stream_fanout(client, symbol_list):
              │         │    │              │       └ ['0G/USDT:USDT', '1000000BABYDOGE/USDT:USDT', '1000000BOB/USDT:USDT', '1000000MOG/USDT:USDT', '1000BONK/USDT:USDT', '1000CAT/...
              │         │    │              └ ccxt.async_support.bingx()
              │         │    └ <function CcxtBase._stream_fanout at 0x000001E03BB77600>
              │         └ <arbitrator.exchanges.bingx.Bingx object at 0x000001E064891150>
              └ {'BICO/USDT:USDT': Ticker(symbol='BICO/USDT:USDT', last=0.02219, high_24h=0.02794, low_24h=0.0219, base_volume_24h=80302531.0...

  File "C:\shere-folder\arbitrator\src\arbitrator\exchanges\ccxt_base.py", line 932, in _stream_fanout
    await asyncio.gather(*tasks, return_exceptions=True)
          │       │       └ [<Task cancelled name='watch_ticker:bingx:0G/USDT:USDT' coro=<CcxtBase._stream_fanout.<locals>._watch_one() done, defined at ...
          │       └ <function gather at 0x000001E032C5D1C0>
          └ <module 'asyncio' from 'C:\\Users\\dev_home\\AppData\\Local\\Programs\\Python\\Python311\\Lib\\asyncio\\__init__.py'>

  File "C:\shere-folder\arbitrator\src\arbitrator\exchanges\ccxt_base.py", line 894, in _watch_one
    payload = await client.watch_ticker(symbol)
                    │      │            └ 'ZRX/USDT:USDT'
                    │      └ <function bingx.watch_ticker at 0x000001E03B866DE0>
                    └ ccxt.async_support.bingx()

  File "C:\shere-folder\arbitrator\.venv\Lib\site-packages\ccxt\pro\bingx.py", line 177, in watch_ticker
    return await self.watch(url, messageHash, self.extend(request, params), messageHash, subscription)
                 │    │     │    │            │    │      │        │        │            └ {'unsubscribe': False, 'id': '139958e2-7a85-4a4d-9b7a-d34760bba395'}
                 │    │     │    │            │    │      │        │        └ 'ticker::ZRX/USDT:USDT'
                 │    │     │    │            │    │      │        └ {}
                 │    │     │    │            │    │      └ {'id': '139958e2-7a85-4a4d-9b7a-d34760bba395', 'dataType': 'ZRX-USDT@ticker', 'reqType': 'sub'}
                 │    │     │    │            │    └ <staticmethod(<function Exchange.extend at 0x000001E0387AA840>)>
                 │    │     │    │            └ ccxt.async_support.bingx()
                 │    │     │    └ 'ticker::ZRX/USDT:USDT'
                 │    │     └ 'wss://open-api-swap.bingx.com/swap-market'
                 │    └ <function Exchange.watch at 0x000001E039F0E020>
                 └ ccxt.async_support.bingx()

asyncio.exceptions.CancelledError


During handling of the above exception, another exception occurred:


Traceback (most recent call last):

  File "c:\Users\dev_home\.cursor\extensions\ms-python.debugpy-2026.6.0-win32-x64\bundled\libs\debugpy\_vendored\pydevd\_pydev_bundle\pydev_monkey.py", line 1134, in __call__
    ret = self.original_func(*self.args, **self.kwargs)
          │    │              │    │       │    └ {}
          │    │              │    │       └ <_pydev_bundle.pydev_monkey._NewThreadStartupWithTrace object at 0x000001E06486A0D0>
          │    │              │    └ ()
          │    │              └ <_pydev_bundle.pydev_monkey._NewThreadStartupWithTrace object at 0x000001E06486A0D0>
          │    └ <bound method Thread._bootstrap of <Thread(screener-stream:1, started daemon 21256)>>
          └ <_pydev_bundle.pydev_monkey._NewThreadStartupWithTrace object at 0x000001E06486A0D0>

  File "C:\Users\dev_home\AppData\Local\Programs\Python\Python311\Lib\threading.py", line 1002, in _bootstrap
    self._bootstrap_inner()
    │    └ <function Thread._bootstrap_inner at 0x000001E02F9A1300>
    └ <Thread(screener-stream:1, started daemon 21256)>
  File "C:\Users\dev_home\AppData\Local\Programs\Python\Python311\Lib\threading.py", line 1045, in _bootstrap_inner
    self.run()
    │    └ <function Thread.run at 0x000001E02F9A0FE0>
    └ <Thread(screener-stream:1, started daemon 21256)>
  File "C:\Users\dev_home\AppData\Local\Programs\Python\Python311\Lib\threading.py", line 982, in run
    self._target(*self._args, **self._kwargs)
    │    │        │    │        │    └ {}
    │    │        │    │        └ <Thread(screener-stream:1, started daemon 21256)>
    │    │        │    └ ()
    │    │        └ <Thread(screener-stream:1, started daemon 21256)>
    │    └ <bound method ScreenerStreamWorker._thread_main of <arbitrator.application.screener_stream_worker.ScreenerStreamWorker object...
    └ <Thread(screener-stream:1, started daemon 21256)>

  File "C:\shere-folder\arbitrator\src\arbitrator\application\screener_stream_worker.py", line 88, in _thread_main
    asyncio.run(self._async_main())
    │       │   │    └ <function ScreenerStreamWorker._async_main at 0x000001E064547060>
    │       │   └ <arbitrator.application.screener_stream_worker.ScreenerStreamWorker object at 0x000001E0625C0450>
    │       └ <function run at 0x000001E032C43E20>
    └ <module 'asyncio' from 'C:\\Users\\dev_home\\AppData\\Local\\Programs\\Python\\Python311\\Lib\\asyncio\\__init__.py'>

  File "C:\Users\dev_home\AppData\Local\Programs\Python\Python311\Lib\asyncio\runners.py", line 189, in run
    with Runner(debug=debug) as runner:
         │            │         └ <asyncio.runners.Runner object at 0x000001E0648AC550>
         │            └ None
         └ <class 'asyncio.runners.Runner'>
  File "C:\Users\dev_home\AppData\Local\Programs\Python\Python311\Lib\asyncio\runners.py", line 63, in __exit__
    self.close()
    │    └ <function Runner.close at 0x000001E032C70540>
    └ <asyncio.runners.Runner object at 0x000001E0648AC550>
  File "C:\Users\dev_home\AppData\Local\Programs\Python\Python311\Lib\asyncio\runners.py", line 71, in close
    _cancel_all_tasks(loop)
    │                 └ <ProactorEventLoop running=True closed=False debug=False>
    └ <function _cancel_all_tasks at 0x000001E032C702C0>
  File "C:\Users\dev_home\AppData\Local\Programs\Python\Python311\Lib\asyncio\runners.py", line 201, in _cancel_all_tasks
    loop.run_until_complete(tasks.gather(*to_cancel, return_exceptions=True))
    │    │                  │     │       └ {<Task cancelled name='Task-2447' coro=<Exchange.watch.<locals>.after.<locals>.send_message() done, defined at C:\shere-folde...
    │    │                  │     └ <function gather at 0x000001E032C5D1C0>
    │    │                  └ <module 'asyncio.tasks' from 'C:\\Users\\dev_home\\AppData\\Local\\Programs\\Python\\Python311\\Lib\\asyncio\\tasks.py'>
    │    └ <function BaseEventLoop.run_until_complete at 0x000001E032C6E0C0>
    └ <ProactorEventLoop running=True closed=False debug=False>
  File "C:\Users\dev_home\AppData\Local\Programs\Python\Python311\Lib\asyncio\base_events.py", line 640, in run_until_complete
    self.run_forever()
    │    └ <function ProactorEventLoop.run_forever at 0x000001E032CEC040>
    └ <ProactorEventLoop running=True closed=False debug=False>
  File "C:\Users\dev_home\AppData\Local\Programs\Python\Python311\Lib\asyncio\windows_events.py", line 321, in run_forever
    super().run_forever()
  File "C:\Users\dev_home\AppData\Local\Programs\Python\Python311\Lib\asyncio\base_events.py", line 607, in run_forever
    self._run_once()
    │    └ <function BaseEventLoop._run_once at 0x000001E032C6FE20>
    └ <ProactorEventLoop running=True closed=False debug=False>
  File "C:\Users\dev_home\AppData\Local\Programs\Python\Python311\Lib\asyncio\base_events.py", line 1922, in _run_once
    handle._run()
    │      └ <function Handle._run at 0x000001E032AD3880>
    └ <Handle Client.receive_loop.<locals>.after_interrupt(<Task cancell...nt_ws.py:312>>) at C:\shere-folder\arbitrator\.venv\Lib\...
> File "C:\Users\dev_home\AppData\Local\Programs\Python\Python311\Lib\asyncio\events.py", line 80, in _run
    self._context.run(self._callback, *self._args)
    │    │            │    │           │    └ <member '_args' of 'Handle' objects>
    │    │            │    │           └ <Handle Client.receive_loop.<locals>.after_interrupt(<Task cancell...nt_ws.py:312>>) at C:\shere-folder\arbitrator\.venv\Lib\...
    │    │            │    └ <member '_callback' of 'Handle' objects>
    │    │            └ <Handle Client.receive_loop.<locals>.after_interrupt(<Task cancell...nt_ws.py:312>>) at C:\shere-folder\arbitrator\.venv\Lib\...
    │    └ <member '_context' of 'Handle' objects>
    └ <Handle Client.receive_loop.<locals>.after_interrupt(<Task cancell...nt_ws.py:312>>) at C:\shere-folder\arbitrator\.venv\Lib\...
  File "C:\shere-folder\arbitrator\.venv\Lib\site-packages\ccxt\async_support\base\ws\client.py", line 140, in after_interrupt
    exception = resolved.exception()
                │        └ <method 'exception' of '_asyncio.Task' objects>
                └ <Task cancelled name='Task-3255' coro=<ClientWebSocketResponse.receive() done, defined at C:\shere-folder\arbitrator\.venv\Li...
  File "C:\shere-folder\arbitrator\.venv\Lib\site-packages\aiohttp\client_ws.py", line 312, in receive
    async def receive(self, timeout: Optional[float] = None) -> WSMessage:
                      │     │        │                          └ <class 'aiohttp._websocket.models.WSMessage'>
                      │     │        └ typing.Optional
                      │     └ None
                      └ <aiohttp.client_ws.ClientWebSocketResponse object at 0x000001E0B1EFB4D0>

asyncio.exceptions.CancelledError
2026-06-25 05:06:07 | ERROR    | [asyncio.base_events:call_exception_handler:1797] - [asyncio] Exception in callback Client.receive_loop.<locals>.after_interrupt(<Task cancell...nt_ws.py:312>>) at C:\shere-folder\arbitrator\.venv\Lib\site-packages\ccxt\async_support\base\ws\client.py:139
handle: <Handle Client.receive_loop.<locals>.after_interrupt(<Task cancell...nt_ws.py:312>>) at C:\shere-folder\arbitrator\.venv\Lib\site-packages\ccxt\async_support\base\ws\client.py:139>
Traceback (most recent call last):

  File "C:\shere-folder\arbitrator\src\arbitrator\exchanges\ccxt_base.py", line 922, in _stream_fanout
    symbol, ticker = await queue.get()
    │                      │     └ <function Queue.get at 0x000001E032C71620>
    │                      └ <Queue at 0x1e0abb60950 maxsize=0 _queue=[('AIO/USDT:USDT', Ticker(symbol='AIO/USDT:USDT', last=0.11989, high_24h=0.13014, lo...
    └ 'BICO/USDT:USDT'

  File "C:\Users\dev_home\AppData\Local\Programs\Python\Python311\Lib\asyncio\queues.py", line 158, in get
    await getter
          └ <Future finished result=None>

asyncio.exceptions.CancelledError


During handling of the above exception, another exception occurred:


Traceback (most recent call last):

  File "C:\Users\dev_home\AppData\Local\Programs\Python\Python311\Lib\asyncio\runners.py", line 190, in run
    return runner.run(main)
           │      │   └ <coroutine object ScreenerStreamWorker._async_main at 0x000001E064864B80>
           │      └ <function Runner.run at 0x000001E032C70680>
           └ <asyncio.runners.Runner object at 0x000001E0648AC550>
  File "C:\Users\dev_home\AppData\Local\Programs\Python\Python311\Lib\asyncio\runners.py", line 118, in run
    return self._loop.run_until_complete(task)
           │    │     │                  └ <Task cancelled name='Task-114' coro=<ScreenerStreamWorker._async_main() done, defined at C:\shere-folder\arbitrator\src\arbi...
           │    │     └ <function BaseEventLoop.run_until_complete at 0x000001E032C6E0C0>
           │    └ <ProactorEventLoop running=True closed=False debug=False>
           └ <asyncio.runners.Runner object at 0x000001E0648AC550>
  File "C:\Users\dev_home\AppData\Local\Programs\Python\Python311\Lib\asyncio\base_events.py", line 653, in run_until_complete
    return future.result()
           │      └ <method 'result' of '_asyncio.Task' objects>
           └ <Task cancelled name='Task-114' coro=<ScreenerStreamWorker._async_main() done, defined at C:\shere-folder\arbitrator\src\arbi...

  File "C:\shere-folder\arbitrator\src\arbitrator\application\screener_stream_worker.py", line 152, in _async_main
    await self._stream_loop(named_exchanges, filtered_by_exchange)
          │    │            │                └ {'binance': ['0G/USDT:USDT', '1000000BOB/USDT:USDT', '1000000MOG/USDT:USDT', '1000BONK/USDT:USDT', '1000CAT/USDT:USDT', '1000...
          │    │            └ [NamedExchange(exchange_id='mexc', display_name='MEXC', gateway=<arbitrator.exchanges.mexc.Mexc object at 0x000001E064890F10>...
          │    └ <function ScreenerStreamWorker._stream_loop at 0x000001E0645471A0>
          └ <arbitrator.application.screener_stream_worker.ScreenerStreamWorker object at 0x000001E0625C0450>

  File "C:\shere-folder\arbitrator\src\arbitrator\application\screener_stream_worker.py", line 216, in _stream_loop
    await watcher.close()
          │       └ <function MultiExchangeWatcher.close at 0x000001E0644A7A60>
          └ <arbitrator.application.multi_exchange_watcher.MultiExchangeWatcher object at 0x000001E0B5E4E610>

  File "C:\shere-folder\arbitrator\src\arbitrator\application\multi_exchange_watcher.py", line 44, in close
    await self._cancel_watchers()
          │    └ <function MultiExchangeWatcher._cancel_watchers at 0x000001E0644A7C40>
          └ <arbitrator.application.multi_exchange_watcher.MultiExchangeWatcher object at 0x000001E0B5E4E610>

  File "C:\shere-folder\arbitrator\src\arbitrator\application\multi_exchange_watcher.py", line 103, in _cancel_watchers
    await asyncio.gather(*self._tasks, return_exceptions=True)
          │       │       │    └ []
          │       │       └ <arbitrator.application.multi_exchange_watcher.MultiExchangeWatcher object at 0x000001E0B5E4E610>
          │       └ <function gather at 0x000001E032C5D1C0>
          └ <module 'asyncio' from 'C:\\Users\\dev_home\\AppData\\Local\\Programs\\Python\\Python311\\Lib\\asyncio\\__init__.py'>

  File "C:\shere-folder\arbitrator\src\arbitrator\application\multi_exchange_watcher.py", line 79, in _watch
    async for tickers in exch.gateway.watch_tickers(symbols):
              │          │    │                     └ ['0G/USDT:USDT', '1000000BABYDOGE/USDT:USDT', '1000000BOB/USDT:USDT', '1000000MOG/USDT:USDT', '1000BONK/USDT:USDT', '1000CAT/...
              │          │    └ <member 'gateway' of 'NamedExchange' objects>
              │          └ NamedExchange(exchange_id='bingx', display_name='BingX', gateway=<arbitrator.exchanges.bingx.Bingx object at 0x000001E0648911...
              └ {'BICO/USDT:USDT': Ticker(symbol='BICO/USDT:USDT', last=0.02219, high_24h=0.02794, low_24h=0.0219, base_volume_24h=80302531.0...

  File "C:\shere-folder\arbitrator\src\arbitrator\exchanges\ccxt_base.py", line 172, in watch_tickers
    async for update in self._stream_fanout(client, symbol_list):
              │         │    │              │       └ ['0G/USDT:USDT', '1000000BABYDOGE/USDT:USDT', '1000000BOB/USDT:USDT', '1000000MOG/USDT:USDT', '1000BONK/USDT:USDT', '1000CAT/...
              │         │    │              └ ccxt.async_support.bingx()
              │         │    └ <function CcxtBase._stream_fanout at 0x000001E03BB77600>
              │         └ <arbitrator.exchanges.bingx.Bingx object at 0x000001E064891150>
              └ {'BICO/USDT:USDT': Ticker(symbol='BICO/USDT:USDT', last=0.02219, high_24h=0.02794, low_24h=0.0219, base_volume_24h=80302531.0...

  File "C:\shere-folder\arbitrator\src\arbitrator\exchanges\ccxt_base.py", line 932, in _stream_fanout
    await asyncio.gather(*tasks, return_exceptions=True)
          │       │       └ [<Task cancelled name='watch_ticker:bingx:0G/USDT:USDT' coro=<CcxtBase._stream_fanout.<locals>._watch_one() done, defined at ...
          │       └ <function gather at 0x000001E032C5D1C0>
          └ <module 'asyncio' from 'C:\\Users\\dev_home\\AppData\\Local\\Programs\\Python\\Python311\\Lib\\asyncio\\__init__.py'>

  File "C:\shere-folder\arbitrator\src\arbitrator\exchanges\ccxt_base.py", line 894, in _watch_one
    payload = await client.watch_ticker(symbol)
                    │      │            └ 'ZRX/USDT:USDT'
                    │      └ <function bingx.watch_ticker at 0x000001E03B866DE0>
                    └ ccxt.async_support.bingx()

  File "C:\shere-folder\arbitrator\.venv\Lib\site-packages\ccxt\pro\bingx.py", line 177, in watch_ticker
    return await self.watch(url, messageHash, self.extend(request, params), messageHash, subscription)
                 │    │     │    │            │    │      │        │        │            └ {'unsubscribe': False, 'id': '139958e2-7a85-4a4d-9b7a-d34760bba395'}
                 │    │     │    │            │    │      │        │        └ 'ticker::ZRX/USDT:USDT'
                 │    │     │    │            │    │      │        └ {}
                 │    │     │    │            │    │      └ {'id': '139958e2-7a85-4a4d-9b7a-d34760bba395', 'dataType': 'ZRX-USDT@ticker', 'reqType': 'sub'}
                 │    │     │    │            │    └ <staticmethod(<function Exchange.extend at 0x000001E0387AA840>)>
                 │    │     │    │            └ ccxt.async_support.bingx()
                 │    │     │    └ 'ticker::ZRX/USDT:USDT'
                 │    │     └ 'wss://open-api-swap.bingx.com/swap-market'
                 │    └ <function Exchange.watch at 0x000001E039F0E020>
                 └ ccxt.async_support.bingx()

asyncio.exceptions.CancelledError


During handling of the above exception, another exception occurred:


Traceback (most recent call last):

  File "c:\Users\dev_home\.cursor\extensions\ms-python.debugpy-2026.6.0-win32-x64\bundled\libs\debugpy\_vendored\pydevd\_pydev_bundle\pydev_monkey.py", line 1134, in __call__
    ret = self.original_func(*self.args, **self.kwargs)
          │    │              │    │       │    └ {}
          │    │              │    │       └ <_pydev_bundle.pydev_monkey._NewThreadStartupWithTrace object at 0x000001E06486A0D0>
          │    │              │    └ ()
          │    │              └ <_pydev_bundle.pydev_monkey._NewThreadStartupWithTrace object at 0x000001E06486A0D0>
          │    └ <bound method Thread._bootstrap of <Thread(screener-stream:1, started daemon 21256)>>
          └ <_pydev_bundle.pydev_monkey._NewThreadStartupWithTrace object at 0x000001E06486A0D0>

  File "C:\Users\dev_home\AppData\Local\Programs\Python\Python311\Lib\threading.py", line 1002, in _bootstrap
    self._bootstrap_inner()
    │    └ <function Thread._bootstrap_inner at 0x000001E02F9A1300>
    └ <Thread(screener-stream:1, started daemon 21256)>
  File "C:\Users\dev_home\AppData\Local\Programs\Python\Python311\Lib\threading.py", line 1045, in _bootstrap_inner
    self.run()
    │    └ <function Thread.run at 0x000001E02F9A0FE0>
    └ <Thread(screener-stream:1, started daemon 21256)>
  File "C:\Users\dev_home\AppData\Local\Programs\Python\Python311\Lib\threading.py", line 982, in run
    self._target(*self._args, **self._kwargs)
    │    │        │    │        │    └ {}
    │    │        │    │        └ <Thread(screener-stream:1, started daemon 21256)>
    │    │        │    └ ()
    │    │        └ <Thread(screener-stream:1, started daemon 21256)>
    │    └ <bound method ScreenerStreamWorker._thread_main of <arbitrator.application.screener_stream_worker.ScreenerStreamWorker object...
    └ <Thread(screener-stream:1, started daemon 21256)>

  File "C:\shere-folder\arbitrator\src\arbitrator\application\screener_stream_worker.py", line 88, in _thread_main
    asyncio.run(self._async_main())
    │       │   │    └ <function ScreenerStreamWorker._async_main at 0x000001E064547060>
    │       │   └ <arbitrator.application.screener_stream_worker.ScreenerStreamWorker object at 0x000001E0625C0450>
    │       └ <function run at 0x000001E032C43E20>
    └ <module 'asyncio' from 'C:\\Users\\dev_home\\AppData\\Local\\Programs\\Python\\Python311\\Lib\\asyncio\\__init__.py'>

  File "C:\Users\dev_home\AppData\Local\Programs\Python\Python311\Lib\asyncio\runners.py", line 189, in run
    with Runner(debug=debug) as runner:
         │            │         └ <asyncio.runners.Runner object at 0x000001E0648AC550>
         │            └ None
         └ <class 'asyncio.runners.Runner'>
  File "C:\Users\dev_home\AppData\Local\Programs\Python\Python311\Lib\asyncio\runners.py", line 63, in __exit__
    self.close()
    │    └ <function Runner.close at 0x000001E032C70540>
    └ <asyncio.runners.Runner object at 0x000001E0648AC550>
  File "C:\Users\dev_home\AppData\Local\Programs\Python\Python311\Lib\asyncio\runners.py", line 71, in close
    _cancel_all_tasks(loop)
    │                 └ <ProactorEventLoop running=True closed=False debug=False>
    └ <function _cancel_all_tasks at 0x000001E032C702C0>
  File "C:\Users\dev_home\AppData\Local\Programs\Python\Python311\Lib\asyncio\runners.py", line 201, in _cancel_all_tasks
    loop.run_until_complete(tasks.gather(*to_cancel, return_exceptions=True))
    │    │                  │     │       └ {<Task cancelled name='Task-2447' coro=<Exchange.watch.<locals>.after.<locals>.send_message() done, defined at C:\shere-folde...
    │    │                  │     └ <function gather at 0x000001E032C5D1C0>
    │    │                  └ <module 'asyncio.tasks' from 'C:\\Users\\dev_home\\AppData\\Local\\Programs\\Python\\Python311\\Lib\\asyncio\\tasks.py'>
    │    └ <function BaseEventLoop.run_until_complete at 0x000001E032C6E0C0>
    └ <ProactorEventLoop running=True closed=False debug=False>
  File "C:\Users\dev_home\AppData\Local\Programs\Python\Python311\Lib\asyncio\base_events.py", line 640, in run_until_complete
    self.run_forever()
    │    └ <function ProactorEventLoop.run_forever at 0x000001E032CEC040>
    └ <ProactorEventLoop running=True closed=False debug=False>
  File "C:\Users\dev_home\AppData\Local\Programs\Python\Python311\Lib\asyncio\windows_events.py", line 321, in run_forever
    super().run_forever()
  File "C:\Users\dev_home\AppData\Local\Programs\Python\Python311\Lib\asyncio\base_events.py", line 607, in run_forever
    self._run_once()
    │    └ <function BaseEventLoop._run_once at 0x000001E032C6FE20>
    └ <ProactorEventLoop running=True closed=False debug=False>
  File "C:\Users\dev_home\AppData\Local\Programs\Python\Python311\Lib\asyncio\base_events.py", line 1922, in _run_once
    handle._run()
    │      └ <function Handle._run at 0x000001E032AD3880>
    └ <Handle Client.receive_loop.<locals>.after_interrupt(<Task cancell...nt_ws.py:312>>) at C:\shere-folder\arbitrator\.venv\Lib\...
> File "C:\Users\dev_home\AppData\Local\Programs\Python\Python311\Lib\asyncio\events.py", line 80, in _run
    self._context.run(self._callback, *self._args)
    │    │            │    │           │    └ <member '_args' of 'Handle' objects>
    │    │            │    │           └ <Handle Client.receive_loop.<locals>.after_interrupt(<Task cancell...nt_ws.py:312>>) at C:\shere-folder\arbitrator\.venv\Lib\...
    │    │            │    └ <member '_callback' of 'Handle' objects>
    │    │            └ <Handle Client.receive_loop.<locals>.after_interrupt(<Task cancell...nt_ws.py:312>>) at C:\shere-folder\arbitrator\.venv\Lib\...
    │    └ <member '_context' of 'Handle' objects>
    └ <Handle Client.receive_loop.<locals>.after_interrupt(<Task cancell...nt_ws.py:312>>) at C:\shere-folder\arbitrator\.venv\Lib\...
  File "C:\shere-folder\arbitrator\.venv\Lib\site-packages\ccxt\async_support\base\ws\client.py", line 140, in after_interrupt
    exception = resolved.exception()
                │        └ <method 'exception' of '_asyncio.Task' objects>
                └ <Task cancelled name='Task-3256' coro=<ClientWebSocketResponse.receive() done, defined at C:\shere-folder\arbitrator\.venv\Li...
  File "C:\shere-folder\arbitrator\.venv\Lib\site-packages\aiohttp\client_ws.py", line 312, in receive
    async def receive(self, timeout: Optional[float] = None) -> WSMessage:
                      │     │        │                          └ <class 'aiohttp._websocket.models.WSMessage'>
                      │     │        └ typing.Optional
                      │     └ None
                      └ <aiohttp.client_ws.ClientWebSocketResponse object at 0x000001E0A9CD3D50>

asyncio.exceptions.CancelledError
2026-06-25 05:06:07 | ERROR    | [asyncio.base_events:call_exception_handler:1797] - [asyncio] Exception in callback Client.receive_loop.<locals>.after_interrupt(<Task cancell...nt_ws.py:312>>) at C:\shere-folder\arbitrator\.venv\Lib\site-packages\ccxt\async_support\base\ws\client.py:139
handle: <Handle Client.receive_loop.<locals>.after_interrupt(<Task cancell...nt_ws.py:312>>) at C:\shere-folder\arbitrator\.venv\Lib\site-packages\ccxt\async_support\base\ws\client.py:139>
Traceback (most recent call last):

  File "C:\shere-folder\arbitrator\src\arbitrator\exchanges\ccxt_base.py", line 922, in _stream_fanout
    symbol, ticker = await queue.get()
    │                      │     └ <function Queue.get at 0x000001E032C71620>
    │                      └ <Queue at 0x1e0abb60950 maxsize=0 _queue=[('AIO/USDT:USDT', Ticker(symbol='AIO/USDT:USDT', last=0.11989, high_24h=0.13014, lo...
    └ 'BICO/USDT:USDT'

  File "C:\Users\dev_home\AppData\Local\Programs\Python\Python311\Lib\asyncio\queues.py", line 158, in get
    await getter
          └ <Future finished result=None>

asyncio.exceptions.CancelledError


During handling of the above exception, another exception occurred:


Traceback (most recent call last):

  File "C:\Users\dev_home\AppData\Local\Programs\Python\Python311\Lib\asyncio\runners.py", line 190, in run
    return runner.run(main)
           │      │   └ <coroutine object ScreenerStreamWorker._async_main at 0x000001E064864B80>
           │      └ <function Runner.run at 0x000001E032C70680>
           └ <asyncio.runners.Runner object at 0x000001E0648AC550>
  File "C:\Users\dev_home\AppData\Local\Programs\Python\Python311\Lib\asyncio\runners.py", line 118, in run
    return self._loop.run_until_complete(task)
           │    │     │                  └ <Task cancelled name='Task-114' coro=<ScreenerStreamWorker._async_main() done, defined at C:\shere-folder\arbitrator\src\arbi...
           │    │     └ <function BaseEventLoop.run_until_complete at 0x000001E032C6E0C0>
           │    └ <ProactorEventLoop running=True closed=False debug=False>
           └ <asyncio.runners.Runner object at 0x000001E0648AC550>
  File "C:\Users\dev_home\AppData\Local\Programs\Python\Python311\Lib\asyncio\base_events.py", line 653, in run_until_complete
    return future.result()
           │      └ <method 'result' of '_asyncio.Task' objects>
           └ <Task cancelled name='Task-114' coro=<ScreenerStreamWorker._async_main() done, defined at C:\shere-folder\arbitrator\src\arbi...

  File "C:\shere-folder\arbitrator\src\arbitrator\application\screener_stream_worker.py", line 152, in _async_main
    await self._stream_loop(named_exchanges, filtered_by_exchange)
          │    │            │                └ {'binance': ['0G/USDT:USDT', '1000000BOB/USDT:USDT', '1000000MOG/USDT:USDT', '1000BONK/USDT:USDT', '1000CAT/USDT:USDT', '1000...
          │    │            └ [NamedExchange(exchange_id='mexc', display_name='MEXC', gateway=<arbitrator.exchanges.mexc.Mexc object at 0x000001E064890F10>...
          │    └ <function ScreenerStreamWorker._stream_loop at 0x000001E0645471A0>
          └ <arbitrator.application.screener_stream_worker.ScreenerStreamWorker object at 0x000001E0625C0450>

  File "C:\shere-folder\arbitrator\src\arbitrator\application\screener_stream_worker.py", line 216, in _stream_loop
    await watcher.close()
          │       └ <function MultiExchangeWatcher.close at 0x000001E0644A7A60>
          └ <arbitrator.application.multi_exchange_watcher.MultiExchangeWatcher object at 0x000001E0B5E4E610>

  File "C:\shere-folder\arbitrator\src\arbitrator\application\multi_exchange_watcher.py", line 44, in close
    await self._cancel_watchers()
          │    └ <function MultiExchangeWatcher._cancel_watchers at 0x000001E0644A7C40>
          └ <arbitrator.application.multi_exchange_watcher.MultiExchangeWatcher object at 0x000001E0B5E4E610>

  File "C:\shere-folder\arbitrator\src\arbitrator\application\multi_exchange_watcher.py", line 103, in _cancel_watchers
    await asyncio.gather(*self._tasks, return_exceptions=True)
          │       │       │    └ []
          │       │       └ <arbitrator.application.multi_exchange_watcher.MultiExchangeWatcher object at 0x000001E0B5E4E610>
          │       └ <function gather at 0x000001E032C5D1C0>
          └ <module 'asyncio' from 'C:\\Users\\dev_home\\AppData\\Local\\Programs\\Python\\Python311\\Lib\\asyncio\\__init__.py'>

  File "C:\shere-folder\arbitrator\src\arbitrator\application\multi_exchange_watcher.py", line 79, in _watch
    async for tickers in exch.gateway.watch_tickers(symbols):
              │          │    │                     └ ['0G/USDT:USDT', '1000000BABYDOGE/USDT:USDT', '1000000BOB/USDT:USDT', '1000000MOG/USDT:USDT', '1000BONK/USDT:USDT', '1000CAT/...
              │          │    └ <member 'gateway' of 'NamedExchange' objects>
              │          └ NamedExchange(exchange_id='bingx', display_name='BingX', gateway=<arbitrator.exchanges.bingx.Bingx object at 0x000001E0648911...
              └ {'BICO/USDT:USDT': Ticker(symbol='BICO/USDT:USDT', last=0.02219, high_24h=0.02794, low_24h=0.0219, base_volume_24h=80302531.0...

  File "C:\shere-folder\arbitrator\src\arbitrator\exchanges\ccxt_base.py", line 172, in watch_tickers
    async for update in self._stream_fanout(client, symbol_list):
              │         │    │              │       └ ['0G/USDT:USDT', '1000000BABYDOGE/USDT:USDT', '1000000BOB/USDT:USDT', '1000000MOG/USDT:USDT', '1000BONK/USDT:USDT', '1000CAT/...
              │         │    │              └ ccxt.async_support.bingx()
              │         │    └ <function CcxtBase._stream_fanout at 0x000001E03BB77600>
              │         └ <arbitrator.exchanges.bingx.Bingx object at 0x000001E064891150>
              └ {'BICO/USDT:USDT': Ticker(symbol='BICO/USDT:USDT', last=0.02219, high_24h=0.02794, low_24h=0.0219, base_volume_24h=80302531.0...

  File "C:\shere-folder\arbitrator\src\arbitrator\exchanges\ccxt_base.py", line 932, in _stream_fanout
    await asyncio.gather(*tasks, return_exceptions=True)
          │       │       └ [<Task cancelled name='watch_ticker:bingx:0G/USDT:USDT' coro=<CcxtBase._stream_fanout.<locals>._watch_one() done, defined at ...
          │       └ <function gather at 0x000001E032C5D1C0>
          └ <module 'asyncio' from 'C:\\Users\\dev_home\\AppData\\Local\\Programs\\Python\\Python311\\Lib\\asyncio\\__init__.py'>

  File "C:\shere-folder\arbitrator\src\arbitrator\exchanges\ccxt_base.py", line 894, in _watch_one
    payload = await client.watch_ticker(symbol)
                    │      │            └ 'ZRX/USDT:USDT'
                    │      └ <function bingx.watch_ticker at 0x000001E03B866DE0>
                    └ ccxt.async_support.bingx()

  File "C:\shere-folder\arbitrator\.venv\Lib\site-packages\ccxt\pro\bingx.py", line 177, in watch_ticker
    return await self.watch(url, messageHash, self.extend(request, params), messageHash, subscription)
                 │    │     │    │            │    │      │        │        │            └ {'unsubscribe': False, 'id': '139958e2-7a85-4a4d-9b7a-d34760bba395'}
                 │    │     │    │            │    │      │        │        └ 'ticker::ZRX/USDT:USDT'
                 │    │     │    │            │    │      │        └ {}
                 │    │     │    │            │    │      └ {'id': '139958e2-7a85-4a4d-9b7a-d34760bba395', 'dataType': 'ZRX-USDT@ticker', 'reqType': 'sub'}
                 │    │     │    │            │    └ <staticmethod(<function Exchange.extend at 0x000001E0387AA840>)>
                 │    │     │    │            └ ccxt.async_support.bingx()
                 │    │     │    └ 'ticker::ZRX/USDT:USDT'
                 │    │     └ 'wss://open-api-swap.bingx.com/swap-market'
                 │    └ <function Exchange.watch at 0x000001E039F0E020>
                 └ ccxt.async_support.bingx()

asyncio.exceptions.CancelledError


During handling of the above exception, another exception occurred:


Traceback (most recent call last):

  File "c:\Users\dev_home\.cursor\extensions\ms-python.debugpy-2026.6.0-win32-x64\bundled\libs\debugpy\_vendored\pydevd\_pydev_bundle\pydev_monkey.py", line 1134, in __call__
    ret = self.original_func(*self.args, **self.kwargs)
          │    │              │    │       │    └ {}
          │    │              │    │       └ <_pydev_bundle.pydev_monkey._NewThreadStartupWithTrace object at 0x000001E06486A0D0>
          │    │              │    └ ()
          │    │              └ <_pydev_bundle.pydev_monkey._NewThreadStartupWithTrace object at 0x000001E06486A0D0>
          │    └ <bound method Thread._bootstrap of <Thread(screener-stream:1, started daemon 21256)>>
          └ <_pydev_bundle.pydev_monkey._NewThreadStartupWithTrace object at 0x000001E06486A0D0>

  File "C:\Users\dev_home\AppData\Local\Programs\Python\Python311\Lib\threading.py", line 1002, in _bootstrap
    self._bootstrap_inner()
    │    └ <function Thread._bootstrap_inner at 0x000001E02F9A1300>
    └ <Thread(screener-stream:1, started daemon 21256)>
  File "C:\Users\dev_home\AppData\Local\Programs\Python\Python311\Lib\threading.py", line 1045, in _bootstrap_inner
    self.run()
    │    └ <function Thread.run at 0x000001E02F9A0FE0>
    └ <Thread(screener-stream:1, started daemon 21256)>
  File "C:\Users\dev_home\AppData\Local\Programs\Python\Python311\Lib\threading.py", line 982, in run
    self._target(*self._args, **self._kwargs)
    │    │        │    │        │    └ {}
    │    │        │    │        └ <Thread(screener-stream:1, started daemon 21256)>
    │    │        │    └ ()
    │    │        └ <Thread(screener-stream:1, started daemon 21256)>
    │    └ <bound method ScreenerStreamWorker._thread_main of <arbitrator.application.screener_stream_worker.ScreenerStreamWorker object...
    └ <Thread(screener-stream:1, started daemon 21256)>

  File "C:\shere-folder\arbitrator\src\arbitrator\application\screener_stream_worker.py", line 88, in _thread_main
    asyncio.run(self._async_main())
    │       │   │    └ <function ScreenerStreamWorker._async_main at 0x000001E064547060>
    │       │   └ <arbitrator.application.screener_stream_worker.ScreenerStreamWorker object at 0x000001E0625C0450>
    │       └ <function run at 0x000001E032C43E20>
    └ <module 'asyncio' from 'C:\\Users\\dev_home\\AppData\\Local\\Programs\\Python\\Python311\\Lib\\asyncio\\__init__.py'>

  File "C:\Users\dev_home\AppData\Local\Programs\Python\Python311\Lib\asyncio\runners.py", line 189, in run
    with Runner(debug=debug) as runner:
         │            │         └ <asyncio.runners.Runner object at 0x000001E0648AC550>
         │            └ None
         └ <class 'asyncio.runners.Runner'>
  File "C:\Users\dev_home\AppData\Local\Programs\Python\Python311\Lib\asyncio\runners.py", line 63, in __exit__
    self.close()
    │    └ <function Runner.close at 0x000001E032C70540>
    └ <asyncio.runners.Runner object at 0x000001E0648AC550>
  File "C:\Users\dev_home\AppData\Local\Programs\Python\Python311\Lib\asyncio\runners.py", line 71, in close
    _cancel_all_tasks(loop)
    │                 └ <ProactorEventLoop running=True closed=False debug=False>
    └ <function _cancel_all_tasks at 0x000001E032C702C0>
  File "C:\Users\dev_home\AppData\Local\Programs\Python\Python311\Lib\asyncio\runners.py", line 201, in _cancel_all_tasks
    loop.run_until_complete(tasks.gather(*to_cancel, return_exceptions=True))
    │    │                  │     │       └ {<Task cancelled name='Task-2447' coro=<Exchange.watch.<locals>.after.<locals>.send_message() done, defined at C:\shere-folde...
    │    │                  │     └ <function gather at 0x000001E032C5D1C0>
    │    │                  └ <module 'asyncio.tasks' from 'C:\\Users\\dev_home\\AppData\\Local\\Programs\\Python\\Python311\\Lib\\asyncio\\tasks.py'>
    │    └ <function BaseEventLoop.run_until_complete at 0x000001E032C6E0C0>
    └ <ProactorEventLoop running=True closed=False debug=False>
  File "C:\Users\dev_home\AppData\Local\Programs\Python\Python311\Lib\asyncio\base_events.py", line 640, in run_until_complete
    self.run_forever()
    │    └ <function ProactorEventLoop.run_forever at 0x000001E032CEC040>
    └ <ProactorEventLoop running=True closed=False debug=False>
  File "C:\Users\dev_home\AppData\Local\Programs\Python\Python311\Lib\asyncio\windows_events.py", line 321, in run_forever
    super().run_forever()
  File "C:\Users\dev_home\AppData\Local\Programs\Python\Python311\Lib\asyncio\base_events.py", line 607, in run_forever
    self._run_once()
    │    └ <function BaseEventLoop._run_once at 0x000001E032C6FE20>
    └ <ProactorEventLoop running=True closed=False debug=False>
  File "C:\Users\dev_home\AppData\Local\Programs\Python\Python311\Lib\asyncio\base_events.py", line 1922, in _run_once
    handle._run()
    │      └ <function Handle._run at 0x000001E032AD3880>
    └ <Handle Client.receive_loop.<locals>.after_interrupt(<Task cancell...nt_ws.py:312>>) at C:\shere-folder\arbitrator\.venv\Lib\...
> File "C:\Users\dev_home\AppData\Local\Programs\Python\Python311\Lib\asyncio\events.py", line 80, in _run
    self._context.run(self._callback, *self._args)
    │    │            │    │           │    └ <member '_args' of 'Handle' objects>
    │    │            │    │           └ <Handle Client.receive_loop.<locals>.after_interrupt(<Task cancell...nt_ws.py:312>>) at C:\shere-folder\arbitrator\.venv\Lib\...
    │    │            │    └ <member '_callback' of 'Handle' objects>
    │    │            └ <Handle Client.receive_loop.<locals>.after_interrupt(<Task cancell...nt_ws.py:312>>) at C:\shere-folder\arbitrator\.venv\Lib\...
    │    └ <member '_context' of 'Handle' objects>
    └ <Handle Client.receive_loop.<locals>.after_interrupt(<Task cancell...nt_ws.py:312>>) at C:\shere-folder\arbitrator\.venv\Lib\...
  File "C:\shere-folder\arbitrator\.venv\Lib\site-packages\ccxt\async_support\base\ws\client.py", line 140, in after_interrupt
    exception = resolved.exception()
                │        └ <method 'exception' of '_asyncio.Task' objects>
                └ <Task cancelled name='Task-3251' coro=<ClientWebSocketResponse.receive() done, defined at C:\shere-folder\arbitrator\.venv\Li...
  File "C:\shere-folder\arbitrator\.venv\Lib\site-packages\aiohttp\client_ws.py", line 336, in receive
    msg = await self._reader.read()
                │    │       └ <cyfunction WebSocketDataQueue.read at 0x000001E036A741C0>
                │    └ <aiohttp._websocket.reader_c.WebSocketDataQueue object at 0x000001E0AC78CCC0>
                └ <aiohttp.client_ws.ClientWebSocketResponse object at 0x000001E0AA177250>

  File "aiohttp/_websocket/reader_c.py", line 118, in read
    raise

  File "aiohttp/_websocket/reader_c.py", line 115, in aiohttp._websocket.reader_c.WebSocketDataQueue.read
    await self._waiter

asyncio.exceptions.CancelledError
2026-06-25 05:06:08 | ERROR    | [asyncio.base_events:call_exception_handler:1797] - [asyncio] Task was destroyed but it is pending!
task: <Task pending name='Task-3272' coro=<ClientWebSocketResponse.receive() running at C:\shere-folder\arbitrator\.venv\Lib\site-packages\aiohttp\client_ws.py:312> cb=[Client.receive_loop.<locals>.after_interrupt() at C:\shere-folder\arbitrator\.venv\Lib\site-packages\ccxt\async_support\base\ws\client.py:139]>
2026-06-25 05:06:12 | ERROR    | [asyncio.base_events:call_exception_handler:1797] - [asyncio] Unclosed client session
client_session: <aiohttp.client.ClientSession object at 0x000001E0AFA0E7D0>
2026-06-25 05:06:12 | ERROR    | [asyncio.base_events:call_exception_handler:1797] - [asyncio] Unclosed client session
client_session: <aiohttp.client.ClientSession object at 0x000001E0ACE413D0>
2026-06-25 05:06:12 | ERROR    | [asyncio.base_events:call_exception_handler:1797] - [asyncio] Unclosed client session
client_session: <aiohttp.client.ClientSession object at 0x000001E0B47D5810>
2026-06-25 05:06:12 | ERROR    | [asyncio.base_events:call_exception_handler:1797] - [asyncio] Unclosed client session
client_session: <aiohttp.client.ClientSession object at 0x000001E0B3DE91D0>
2026-06-25 05:06:12 | ERROR    | [asyncio.base_events:call_exception_handler:1797] - [asyncio] Unclosed connector
connections: ['deque([(<aiohttp.client_proto.ResponseHandler object at 0x000001E0AB35C130>, 127394.703), (<aiohttp.client_proto.ResponseHandler object at 0x000001E0AA298670>, 127396.296)])']
connector: <aiohttp.connector.TCPConnector object at 0x000001E0ACE41A90>
