2026-07-01 05:36:25 | ERROR    | [arbitrator.exchanges.ccxt_base:_ensure_markets_loaded:1351] - load_markets failed | exchange=gate
Traceback (most recent call last):

  File "c:\Users\dev_home\.cursor\extensions\ms-python.debugpy-2026.6.0-win32-x64\bundled\libs\debugpy\_vendored\pydevd\_pydev_bundle\pydev_monkey.py", line 1134, in __call__
    ret = self.original_func(*self.args, **self.kwargs)
          │    │              │    │       │    └ {}
          │    │              │    │       └ <_pydev_bundle.pydev_monkey._NewThreadStartupWithTrace object at 0x00000208AE31A150>
          │    │              │    └ ()
          │    │              └ <_pydev_bundle.pydev_monkey._NewThreadStartupWithTrace object at 0x00000208AE31A150>
          │    └ <bound method Thread._bootstrap of <Thread(screener-stream:0, started daemon 3256)>>
          └ <_pydev_bundle.pydev_monkey._NewThreadStartupWithTrace object at 0x00000208AE31A150>

  File "C:\Users\dev_home\AppData\Local\Programs\Python\Python311\Lib\threading.py", line 1002, in _bootstrap
    self._bootstrap_inner()
    │    └ <function Thread._bootstrap_inner at 0x00000208A36ACB80>
    └ <Thread(screener-stream:0, started daemon 3256)>
  File "C:\Users\dev_home\AppData\Local\Programs\Python\Python311\Lib\threading.py", line 1045, in _bootstrap_inner
    self.run()
    │    └ <function Thread.run at 0x00000208A36AC860>
    └ <Thread(screener-stream:0, started daemon 3256)>
  File "C:\Users\dev_home\AppData\Local\Programs\Python\Python311\Lib\threading.py", line 982, in run
    self._target(*self._args, **self._kwargs)
    │    │        │    │        │    └ {}
    │    │        │    │        └ <Thread(screener-stream:0, started daemon 3256)>
    │    │        │    └ ()
    │    │        └ <Thread(screener-stream:0, started daemon 3256)>
    │    └ <bound method ScreenerStreamWorker._thread_main of <arbitrator.application.screener_stream_worker.ScreenerStreamWorker object...
    └ <Thread(screener-stream:0, started daemon 3256)>

  File "C:\shere-folder\arbitrator\src\arbitrator\application\screener_stream_worker.py", line 88, in _thread_main
    asyncio.run(self._async_main())
    │       │   │    └ <function ScreenerStreamWorker._async_main at 0x00000208ACD07F60>
    │       │   └ <arbitrator.application.screener_stream_worker.ScreenerStreamWorker object at 0x00000208AE319DD0>
    │       └ <function run at 0x00000208A5F1ACA0>
    └ <module 'asyncio' from 'C:\\Users\\dev_home\\AppData\\Local\\Programs\\Python\\Python311\\Lib\\asyncio\\__init__.py'>

  File "C:\Users\dev_home\AppData\Local\Programs\Python\Python311\Lib\asyncio\runners.py", line 190, in run
    return runner.run(main)
           │      │   └ <coroutine object ScreenerStreamWorker._async_main at 0x00000208AE2B8A40>
           │      └ <function Runner.run at 0x00000208A5F1B100>
           └ <asyncio.runners.Runner object at 0x00000208AE16B890>
  File "C:\Users\dev_home\AppData\Local\Programs\Python\Python311\Lib\asyncio\runners.py", line 118, in run
    return self._loop.run_until_complete(task)
           │    │     │                  └ <Task pending name='Task-3' coro=<ScreenerStreamWorker._async_main() running at C:\shere-folder\arbitrator\src\arbitrator\app...
           │    │     └ <function BaseEventLoop.run_until_complete at 0x00000208A5F18B80>
           │    └ <ProactorEventLoop running=True closed=False debug=False>
           └ <asyncio.runners.Runner object at 0x00000208AE16B890>
  File "C:\Users\dev_home\AppData\Local\Programs\Python\Python311\Lib\asyncio\base_events.py", line 640, in run_until_complete
    self.run_forever()
    │    └ <function ProactorEventLoop.run_forever at 0x00000208A5FB1B20>
    └ <ProactorEventLoop running=True closed=False debug=False>
  File "C:\Users\dev_home\AppData\Local\Programs\Python\Python311\Lib\asyncio\windows_events.py", line 321, in run_forever
    super().run_forever()
  File "C:\Users\dev_home\AppData\Local\Programs\Python\Python311\Lib\asyncio\base_events.py", line 607, in run_forever
    self._run_once()
    │    └ <function BaseEventLoop._run_once at 0x00000208A5F1A8E0>
    └ <ProactorEventLoop running=True closed=False debug=False>
  File "C:\Users\dev_home\AppData\Local\Programs\Python\Python311\Lib\asyncio\base_events.py", line 1922, in _run_once
    handle._run()
    │      └ <function Handle._run at 0x00000208A5E86340>
    └ <Handle Task.task_wakeup(<Task finishe...ertionError()>)>
  File "C:\Users\dev_home\AppData\Local\Programs\Python\Python311\Lib\asyncio\events.py", line 80, in _run
    self._context.run(self._callback, *self._args)
    │    │            │    │           │    └ <member '_args' of 'Handle' objects>
    │    │            │    │           └ <Handle Task.task_wakeup(<Task finishe...ertionError()>)>
    │    │            │    └ <member '_callback' of 'Handle' objects>
    │    │            └ <Handle Task.task_wakeup(<Task finishe...ertionError()>)>
    │    └ <member '_context' of 'Handle' objects>
    └ <Handle Task.task_wakeup(<Task finishe...ertionError()>)>

  File "C:\shere-folder\arbitrator\src\arbitrator\exchanges\gate.py", line 46, in watch_tickers
    await self._ensure_markets_loaded(client)
          │    │                      └ ccxt.async_support.gate()
          │    └ <function CcxtBase._ensure_markets_loaded at 0x00000208ACCEA980>
          └ <arbitrator.exchanges.gate.Gate object at 0x00000208AE325810>

> File "C:\shere-folder\arbitrator\src\arbitrator\exchanges\ccxt_base.py", line 1348, in _ensure_markets_loaded
    await client.load_markets()
          │      └ <function Exchange.load_markets at 0x00000208AA96EDE0>
          └ ccxt.async_support.gate()

  File "C:\shere-folder\arbitrator\.venv\Lib\site-packages\ccxt\async_support\base\exchange.py", line 365, in load_markets
    raise e
  File "C:\shere-folder\arbitrator\.venv\Lib\site-packages\ccxt\async_support\base\exchange.py", line 357, in load_markets
    result = await self.markets_loading
                   │    └ None
                   └ ccxt.async_support.gate()
  File "C:\shere-folder\arbitrator\.venv\Lib\site-packages\ccxt\async_support\base\exchange.py", line 324, in load_markets_helper
    markets = await self.fetch_markets(params)
                    │    │             └ {}
                    │    └ <function gate.fetch_markets at 0x00000208ABF449A0>
                    └ ccxt.async_support.gate()
  File "C:\shere-folder\arbitrator\.venv\Lib\site-packages\ccxt\async_support\gate.py", line 1343, in fetch_markets
    results = await asyncio.gather(*rawPromises)
                    │       │       └ [<coroutine object gate.fetch_spot_markets at 0x00000208B6AC3DA0>, <coroutine object gate.fetch_swap_markets at 0x00000208B25...
                    │       └ <function gather at 0x00000208A5ED39C0>
                    └ <module 'asyncio' from 'C:\\Users\\dev_home\\AppData\\Local\\Programs\\Python\\Python311\\Lib\\asyncio\\__init__.py'>
  File "C:\shere-folder\arbitrator\.venv\Lib\site-packages\ccxt\async_support\gate.py", line 1667, in fetch_option_markets
    response = await self.publicOptionsGetContracts(query)
                     │    │                         └ {'underlying': 'ADA_USDT'}
                     │    └ <function Entry.__init__.<locals>.unbound_method at 0x00000208A962B560>
                     └ ccxt.async_support.gate()
  File "C:\shere-folder\arbitrator\.venv\Lib\site-packages\ccxt\async_support\base\exchange.py", line 1033, in request
    return await self.fetch2(path, api, method, params, headers, body, config)
                 │    │      │     │    │       │       │        │     └ {'cost': 1}
                 │    │      │     │    │       │       │        └ None
                 │    │      │     │    │       │       └ None
                 │    │      │     │    │       └ {'underlying': 'ADA_USDT'}
                 │    │      │     │    └ 'GET'
                 │    │      │     └ ['public', 'options']
                 │    │      └ 'contracts'
                 │    └ <function Exchange.fetch2 at 0x00000208AAA82E80>
                 └ ccxt.async_support.gate()
  File "C:\shere-folder\arbitrator\.venv\Lib\site-packages\ccxt\async_support\base\exchange.py", line 1029, in fetch2
    raise e
  File "C:\shere-folder\arbitrator\.venv\Lib\site-packages\ccxt\async_support\base\exchange.py", line 1017, in fetch2
    return await self.fetch(request['url'], request['method'], request['headers'], request['body'])
                 │    │     │               │                  │                   └ {'url': 'https://api.gateio.ws/api/v4/options/contracts?underlying=ADA_USDT', 'method': 'GET', 'body': None, 'headers': None}
                 │    │     │               │                  └ {'url': 'https://api.gateio.ws/api/v4/options/contracts?underlying=ADA_USDT', 'method': 'GET', 'body': None, 'headers': None}
                 │    │     │               └ {'url': 'https://api.gateio.ws/api/v4/options/contracts?underlying=ADA_USDT', 'method': 'GET', 'body': None, 'headers': None}
                 │    │     └ {'url': 'https://api.gateio.ws/api/v4/options/contracts?underlying=ADA_USDT', 'method': 'GET', 'body': None, 'headers': None}
                 │    └ <function Exchange.fetch at 0x00000208AA96EC00>
                 └ ccxt.async_support.gate()
  File "C:\shere-folder\arbitrator\.venv\Lib\site-packages\ccxt\async_support\base\exchange.py", line 241, in fetch
    async with session_method(yarl.URL(url, encoded=True),
               │              │    │   └ 'https://api.gateio.ws/api/v4/options/contracts?underlying=ADA_USDT'
               │              │    └ <class 'yarl.URL'>
               │              └ <module 'yarl' from 'C:\\shere-folder\\arbitrator\\.venv\\Lib\\site-packages\\yarl\\__init__.py'>
               └ <bound method ClientSession.get of <aiohttp.client.ClientSession object at 0x00000208AE42C590>>
  File "C:\shere-folder\arbitrator\.venv\Lib\site-packages\aiohttp\client.py", line 1521, in __aenter__
    self._resp: _RetType = await self._coro
    │    │                       │    └ <member '_coro' of '_BaseRequestContextManager' objects>
    │    │                       └ <aiohttp.client._BaseRequestContextManager object at 0x00000208AE3FEA40>
    │    └ <member '_resp' of '_BaseRequestContextManager' objects>
    └ <aiohttp.client._BaseRequestContextManager object at 0x00000208AE3FEA40>
  File "C:\shere-folder\arbitrator\.venv\Lib\site-packages\aiohttp\client.py", line 788, in _request
    resp = await handler(req)
                 │       └ <aiohttp.client_reqrep.ClientRequest object at 0x00000208D1F9D290>
                 └ <function ClientSession._request.<locals>._connect_and_send_request at 0x00000208CA397BA0>
  File "C:\shere-folder\arbitrator\.venv\Lib\site-packages\aiohttp\client.py", line 740, in _connect_and_send_request
    assert self._connector is not None
           │    └ None
           └ <aiohttp.client.ClientSession object at 0x00000208AE42C590>

AssertionError: assert self._connector is not None
2026-07-01 05:36:28 | ERROR    | [arbitrator.exchanges.ccxt_base:_ensure_markets_loaded:1351] - load_markets failed | exchange=bingx
Traceback (most recent call last):

  File "c:\Users\dev_home\.cursor\extensions\ms-python.debugpy-2026.6.0-win32-x64\bundled\libs\debugpy\_vendored\pydevd\_pydev_bundle\pydev_monkey.py", line 1134, in __call__
    ret = self.original_func(*self.args, **self.kwargs)
          │    │              │    │       │    └ {}
          │    │              │    │       └ <_pydev_bundle.pydev_monkey._NewThreadStartupWithTrace object at 0x00000208AE31A150>
          │    │              │    └ ()
          │    │              └ <_pydev_bundle.pydev_monkey._NewThreadStartupWithTrace object at 0x00000208AE31A150>
          │    └ <bound method Thread._bootstrap of <Thread(screener-stream:0, started daemon 3256)>>
          └ <_pydev_bundle.pydev_monkey._NewThreadStartupWithTrace object at 0x00000208AE31A150>

  File "C:\Users\dev_home\AppData\Local\Programs\Python\Python311\Lib\threading.py", line 1002, in _bootstrap
    self._bootstrap_inner()
    │    └ <function Thread._bootstrap_inner at 0x00000208A36ACB80>
    └ <Thread(screener-stream:0, started daemon 3256)>
  File "C:\Users\dev_home\AppData\Local\Programs\Python\Python311\Lib\threading.py", line 1045, in _bootstrap_inner
    self.run()
    │    └ <function Thread.run at 0x00000208A36AC860>
    └ <Thread(screener-stream:0, started daemon 3256)>
  File "C:\Users\dev_home\AppData\Local\Programs\Python\Python311\Lib\threading.py", line 982, in run
    self._target(*self._args, **self._kwargs)
    │    │        │    │        │    └ {}
    │    │        │    │        └ <Thread(screener-stream:0, started daemon 3256)>
    │    │        │    └ ()
    │    │        └ <Thread(screener-stream:0, started daemon 3256)>
    │    └ <bound method ScreenerStreamWorker._thread_main of <arbitrator.application.screener_stream_worker.ScreenerStreamWorker object...
    └ <Thread(screener-stream:0, started daemon 3256)>

  File "C:\shere-folder\arbitrator\src\arbitrator\application\screener_stream_worker.py", line 88, in _thread_main
    asyncio.run(self._async_main())
    │       │   │    └ <function ScreenerStreamWorker._async_main at 0x00000208ACD07F60>
    │       │   └ <arbitrator.application.screener_stream_worker.ScreenerStreamWorker object at 0x00000208AE319DD0>
    │       └ <function run at 0x00000208A5F1ACA0>
    └ <module 'asyncio' from 'C:\\Users\\dev_home\\AppData\\Local\\Programs\\Python\\Python311\\Lib\\asyncio\\__init__.py'>

  File "C:\Users\dev_home\AppData\Local\Programs\Python\Python311\Lib\asyncio\runners.py", line 190, in run
    return runner.run(main)
           │      │   └ <coroutine object ScreenerStreamWorker._async_main at 0x00000208AE2B8A40>
           │      └ <function Runner.run at 0x00000208A5F1B100>
           └ <asyncio.runners.Runner object at 0x00000208AE16B890>
  File "C:\Users\dev_home\AppData\Local\Programs\Python\Python311\Lib\asyncio\runners.py", line 118, in run
    return self._loop.run_until_complete(task)
           │    │     │                  └ <Task pending name='Task-3' coro=<ScreenerStreamWorker._async_main() running at C:\shere-folder\arbitrator\src\arbitrator\app...
           │    │     └ <function BaseEventLoop.run_until_complete at 0x00000208A5F18B80>
           │    └ <ProactorEventLoop running=True closed=False debug=False>
           └ <asyncio.runners.Runner object at 0x00000208AE16B890>
  File "C:\Users\dev_home\AppData\Local\Programs\Python\Python311\Lib\asyncio\base_events.py", line 640, in run_until_complete
    self.run_forever()
    │    └ <function ProactorEventLoop.run_forever at 0x00000208A5FB1B20>
    └ <ProactorEventLoop running=True closed=False debug=False>
  File "C:\Users\dev_home\AppData\Local\Programs\Python\Python311\Lib\asyncio\windows_events.py", line 321, in run_forever
    super().run_forever()
  File "C:\Users\dev_home\AppData\Local\Programs\Python\Python311\Lib\asyncio\base_events.py", line 607, in run_forever
    self._run_once()
    │    └ <function BaseEventLoop._run_once at 0x00000208A5F1A8E0>
    └ <ProactorEventLoop running=True closed=False debug=False>
  File "C:\Users\dev_home\AppData\Local\Programs\Python\Python311\Lib\asyncio\base_events.py", line 1922, in _run_once
    handle._run()
    │      └ <function Handle._run at 0x00000208A5E86340>
    └ <Handle Task.task_wakeup(<Task finishe...n is closed')>)>
  File "C:\Users\dev_home\AppData\Local\Programs\Python\Python311\Lib\asyncio\events.py", line 80, in _run
    self._context.run(self._callback, *self._args)
    │    │            │    │           │    └ <member '_args' of 'Handle' objects>
    │    │            │    │           └ <Handle Task.task_wakeup(<Task finishe...n is closed')>)>
    │    │            │    └ <member '_callback' of 'Handle' objects>
    │    │            └ <Handle Task.task_wakeup(<Task finishe...n is closed')>)>
    │    └ <member '_context' of 'Handle' objects>
    └ <Handle Task.task_wakeup(<Task finishe...n is closed')>)>

  File "C:\shere-folder\arbitrator\src\arbitrator\exchanges\ccxt_base.py", line 196, in watch_tickers
    await self._ensure_markets_loaded(client)
          │    │                      └ ccxt.async_support.bingx()
          │    └ <function CcxtBase._ensure_markets_loaded at 0x00000208ACCEA980>
          └ <arbitrator.exchanges.bingx.Bingx object at 0x00000208AE3258D0>

> File "C:\shere-folder\arbitrator\src\arbitrator\exchanges\ccxt_base.py", line 1348, in _ensure_markets_loaded
    await client.load_markets()
          │      └ <function Exchange.load_markets at 0x00000208AA96EDE0>
          └ ccxt.async_support.bingx()

  File "C:\shere-folder\arbitrator\.venv\Lib\site-packages\ccxt\async_support\base\exchange.py", line 365, in load_markets
    raise e
  File "C:\shere-folder\arbitrator\.venv\Lib\site-packages\ccxt\async_support\base\exchange.py", line 357, in load_markets
    result = await self.markets_loading
                   │    └ None
                   └ ccxt.async_support.bingx()
  File "C:\shere-folder\arbitrator\.venv\Lib\site-packages\ccxt\async_support\base\exchange.py", line 322, in load_markets_helper
    currencies = await self.fetch_currencies()
                       │    └ <function bingx.fetch_currencies at 0x00000208ABB7D760>
                       └ ccxt.async_support.bingx()
  File "C:\shere-folder\arbitrator\.venv\Lib\site-packages\ccxt\async_support\bingx.py", line 835, in fetch_currencies
    response = await self.walletsV1PrivateGetCapitalConfigGetall(params)
                     │    │                                      └ {}
                     │    └ <function Entry.__init__.<locals>.unbound_method at 0x00000208A8C220C0>
                     └ ccxt.async_support.bingx()
  File "C:\shere-folder\arbitrator\.venv\Lib\site-packages\ccxt\async_support\base\exchange.py", line 1033, in request
    return await self.fetch2(path, api, method, params, headers, body, config)
                 │    │      │     │    │       │       │        │     └ {'cost': 5}
                 │    │      │     │    │       │       │        └ None
                 │    │      │     │    │       │       └ None
                 │    │      │     │    │       └ {}
                 │    │      │     │    └ 'GET'
                 │    │      │     └ ['wallets', 'v1', 'private']
                 │    │      └ 'capital/config/getall'
                 │    └ <function Exchange.fetch2 at 0x00000208AAA82E80>
                 └ ccxt.async_support.bingx()
  File "C:\shere-folder\arbitrator\.venv\Lib\site-packages\ccxt\async_support\base\exchange.py", line 1029, in fetch2
    raise e
  File "C:\shere-folder\arbitrator\.venv\Lib\site-packages\ccxt\async_support\base\exchange.py", line 1017, in fetch2
    return await self.fetch(request['url'], request['method'], request['headers'], request['body'])
                 │    │     │               │                  │                   └ {'url': 'https://open-api.bingx.com/openApi/wallets/v1/capital/config/getall?timestamp=1782873388320&signature=b71a653d441d7f...
                 │    │     │               │                  └ {'url': 'https://open-api.bingx.com/openApi/wallets/v1/capital/config/getall?timestamp=1782873388320&signature=b71a653d441d7f...
                 │    │     │               └ {'url': 'https://open-api.bingx.com/openApi/wallets/v1/capital/config/getall?timestamp=1782873388320&signature=b71a653d441d7f...
                 │    │     └ {'url': 'https://open-api.bingx.com/openApi/wallets/v1/capital/config/getall?timestamp=1782873388320&signature=b71a653d441d7f...
                 │    └ <function Exchange.fetch at 0x00000208AA96EC00>
                 └ ccxt.async_support.bingx()
  File "C:\shere-folder\arbitrator\.venv\Lib\site-packages\ccxt\async_support\base\exchange.py", line 241, in fetch
    async with session_method(yarl.URL(url, encoded=True),
               │              │    │   └ 'https://open-api.bingx.com/openApi/wallets/v1/capital/config/getall?timestamp=1782873388320&signature=b71a653d441d7f1236438f...
               │              │    └ <class 'yarl.URL'>
               │              └ <module 'yarl' from 'C:\\shere-folder\\arbitrator\\.venv\\Lib\\site-packages\\yarl\\__init__.py'>
               └ <bound method ClientSession.get of <aiohttp.client.ClientSession object at 0x00000208BF9F9550>>
  File "C:\shere-folder\arbitrator\.venv\Lib\site-packages\aiohttp\client.py", line 1521, in __aenter__
    self._resp: _RetType = await self._coro
    │    │                       │    └ <member '_coro' of '_BaseRequestContextManager' objects>
    │    │                       └ <aiohttp.client._BaseRequestContextManager object at 0x00000208BA0F91E0>
    │    └ <member '_resp' of '_BaseRequestContextManager' objects>
    └ <aiohttp.client._BaseRequestContextManager object at 0x00000208BA0F91E0>
  File "C:\shere-folder\arbitrator\.venv\Lib\site-packages\aiohttp\client.py", line 534, in _request
    raise RuntimeError("Session is closed")

RuntimeError: Session is closed
2026-07-01 05:36:28 | ERROR    | [arbitrator.application.multi_exchange_watcher:_watch:102] - Watcher failed, reconnecting | exchange=bingx
Traceback (most recent call last):

  File "c:\Users\dev_home\.cursor\extensions\ms-python.debugpy-2026.6.0-win32-x64\bundled\libs\debugpy\_vendored\pydevd\_pydev_bundle\pydev_monkey.py", line 1134, in __call__
    ret = self.original_func(*self.args, **self.kwargs)
          │    │              │    │       │    └ {}
          │    │              │    │       └ <_pydev_bundle.pydev_monkey._NewThreadStartupWithTrace object at 0x00000208AE31A150>
          │    │              │    └ ()
          │    │              └ <_pydev_bundle.pydev_monkey._NewThreadStartupWithTrace object at 0x00000208AE31A150>
          │    └ <bound method Thread._bootstrap of <Thread(screener-stream:0, started daemon 3256)>>
          └ <_pydev_bundle.pydev_monkey._NewThreadStartupWithTrace object at 0x00000208AE31A150>

  File "C:\Users\dev_home\AppData\Local\Programs\Python\Python311\Lib\threading.py", line 1002, in _bootstrap
    self._bootstrap_inner()
    │    └ <function Thread._bootstrap_inner at 0x00000208A36ACB80>
    └ <Thread(screener-stream:0, started daemon 3256)>
  File "C:\Users\dev_home\AppData\Local\Programs\Python\Python311\Lib\threading.py", line 1045, in _bootstrap_inner
    self.run()
    │    └ <function Thread.run at 0x00000208A36AC860>
    └ <Thread(screener-stream:0, started daemon 3256)>
  File "C:\Users\dev_home\AppData\Local\Programs\Python\Python311\Lib\threading.py", line 982, in run
    self._target(*self._args, **self._kwargs)
    │    │        │    │        │    └ {}
    │    │        │    │        └ <Thread(screener-stream:0, started daemon 3256)>
    │    │        │    └ ()
    │    │        └ <Thread(screener-stream:0, started daemon 3256)>
    │    └ <bound method ScreenerStreamWorker._thread_main of <arbitrator.application.screener_stream_worker.ScreenerStreamWorker object...
    └ <Thread(screener-stream:0, started daemon 3256)>

  File "C:\shere-folder\arbitrator\src\arbitrator\application\screener_stream_worker.py", line 88, in _thread_main
    asyncio.run(self._async_main())
    │       │   │    └ <function ScreenerStreamWorker._async_main at 0x00000208ACD07F60>
    │       │   └ <arbitrator.application.screener_stream_worker.ScreenerStreamWorker object at 0x00000208AE319DD0>
    │       └ <function run at 0x00000208A5F1ACA0>
    └ <module 'asyncio' from 'C:\\Users\\dev_home\\AppData\\Local\\Programs\\Python\\Python311\\Lib\\asyncio\\__init__.py'>

  File "C:\Users\dev_home\AppData\Local\Programs\Python\Python311\Lib\asyncio\runners.py", line 190, in run
    return runner.run(main)
           │      │   └ <coroutine object ScreenerStreamWorker._async_main at 0x00000208AE2B8A40>
           │      └ <function Runner.run at 0x00000208A5F1B100>
           └ <asyncio.runners.Runner object at 0x00000208AE16B890>
  File "C:\Users\dev_home\AppData\Local\Programs\Python\Python311\Lib\asyncio\runners.py", line 118, in run
    return self._loop.run_until_complete(task)
           │    │     │                  └ <Task pending name='Task-3' coro=<ScreenerStreamWorker._async_main() running at C:\shere-folder\arbitrator\src\arbitrator\app...
           │    │     └ <function BaseEventLoop.run_until_complete at 0x00000208A5F18B80>
           │    └ <ProactorEventLoop running=True closed=False debug=False>
           └ <asyncio.runners.Runner object at 0x00000208AE16B890>
  File "C:\Users\dev_home\AppData\Local\Programs\Python\Python311\Lib\asyncio\base_events.py", line 640, in run_until_complete
    self.run_forever()
    │    └ <function ProactorEventLoop.run_forever at 0x00000208A5FB1B20>
    └ <ProactorEventLoop running=True closed=False debug=False>
  File "C:\Users\dev_home\AppData\Local\Programs\Python\Python311\Lib\asyncio\windows_events.py", line 321, in run_forever
    super().run_forever()
  File "C:\Users\dev_home\AppData\Local\Programs\Python\Python311\Lib\asyncio\base_events.py", line 607, in run_forever
    self._run_once()
    │    └ <function BaseEventLoop._run_once at 0x00000208A5F1A8E0>
    └ <ProactorEventLoop running=True closed=False debug=False>
  File "C:\Users\dev_home\AppData\Local\Programs\Python\Python311\Lib\asyncio\base_events.py", line 1922, in _run_once
    handle._run()
    │      └ <function Handle._run at 0x00000208A5E86340>
    └ <Handle Task.task_wakeup(<Task finishe...n is closed')>)>
  File "C:\Users\dev_home\AppData\Local\Programs\Python\Python311\Lib\asyncio\events.py", line 80, in _run
    self._context.run(self._callback, *self._args)
    │    │            │    │           │    └ <member '_args' of 'Handle' objects>
    │    │            │    │           └ <Handle Task.task_wakeup(<Task finishe...n is closed')>)>
    │    │            │    └ <member '_callback' of 'Handle' objects>
    │    │            └ <Handle Task.task_wakeup(<Task finishe...n is closed')>)>
    │    └ <member '_context' of 'Handle' objects>
    └ <Handle Task.task_wakeup(<Task finishe...n is closed')>)>

> File "C:\shere-folder\arbitrator\src\arbitrator\application\multi_exchange_watcher.py", line 88, in _watch
    async for tickers in exch.gateway.watch_tickers(symbols):
                         │    │                     └ ['0G/USDT:USDT', '1000000BABYDOGE/USDT:USDT', '1000000MOG/USDT:USDT', '1000BONK/USDT:USDT', '1000CAT/USDT:USDT', '1INCH/USDT:...
                         │    └ <member 'gateway' of 'NamedExchange' objects>
                         └ NamedExchange(exchange_id='bingx', display_name='BingX', gateway=<arbitrator.exchanges.bingx.Bingx object at 0x00000208AE3258...

  File "C:\shere-folder\arbitrator\src\arbitrator\exchanges\ccxt_base.py", line 196, in watch_tickers
    await self._ensure_markets_loaded(client)
          │    │                      └ ccxt.async_support.bingx()
          │    └ <function CcxtBase._ensure_markets_loaded at 0x00000208ACCEA980>
          └ <arbitrator.exchanges.bingx.Bingx object at 0x00000208AE3258D0>

  File "C:\shere-folder\arbitrator\src\arbitrator\exchanges\ccxt_base.py", line 1348, in _ensure_markets_loaded
    await client.load_markets()
          │      └ <function Exchange.load_markets at 0x00000208AA96EDE0>
          └ ccxt.async_support.bingx()

  File "C:\shere-folder\arbitrator\.venv\Lib\site-packages\ccxt\async_support\base\exchange.py", line 365, in load_markets
    raise e
  File "C:\shere-folder\arbitrator\.venv\Lib\site-packages\ccxt\async_support\base\exchange.py", line 357, in load_markets
    result = await self.markets_loading
                   │    └ None
                   └ ccxt.async_support.bingx()
  File "C:\shere-folder\arbitrator\.venv\Lib\site-packages\ccxt\async_support\base\exchange.py", line 322, in load_markets_helper
    currencies = await self.fetch_currencies()
                       │    └ <function bingx.fetch_currencies at 0x00000208ABB7D760>
                       └ ccxt.async_support.bingx()
  File "C:\shere-folder\arbitrator\.venv\Lib\site-packages\ccxt\async_support\bingx.py", line 835, in fetch_currencies
    response = await self.walletsV1PrivateGetCapitalConfigGetall(params)
                     │    │                                      └ {}
                     │    └ <function Entry.__init__.<locals>.unbound_method at 0x00000208A8C220C0>
                     └ ccxt.async_support.bingx()
  File "C:\shere-folder\arbitrator\.venv\Lib\site-packages\ccxt\async_support\base\exchange.py", line 1033, in request
    return await self.fetch2(path, api, method, params, headers, body, config)
                 │    │      │     │    │       │       │        │     └ {'cost': 5}
                 │    │      │     │    │       │       │        └ None
                 │    │      │     │    │       │       └ None
                 │    │      │     │    │       └ {}
                 │    │      │     │    └ 'GET'
                 │    │      │     └ ['wallets', 'v1', 'private']
                 │    │      └ 'capital/config/getall'
                 │    └ <function Exchange.fetch2 at 0x00000208AAA82E80>
                 └ ccxt.async_support.bingx()
  File "C:\shere-folder\arbitrator\.venv\Lib\site-packages\ccxt\async_support\base\exchange.py", line 1029, in fetch2
    raise e
  File "C:\shere-folder\arbitrator\.venv\Lib\site-packages\ccxt\async_support\base\exchange.py", line 1017, in fetch2
    return await self.fetch(request['url'], request['method'], request['headers'], request['body'])
                 │    │     │               │                  │                   └ {'url': 'https://open-api.bingx.com/openApi/wallets/v1/capital/config/getall?timestamp=1782873388320&signature=b71a653d441d7f...
                 │    │     │               │                  └ {'url': 'https://open-api.bingx.com/openApi/wallets/v1/capital/config/getall?timestamp=1782873388320&signature=b71a653d441d7f...
                 │    │     │               └ {'url': 'https://open-api.bingx.com/openApi/wallets/v1/capital/config/getall?timestamp=1782873388320&signature=b71a653d441d7f...
                 │    │     └ {'url': 'https://open-api.bingx.com/openApi/wallets/v1/capital/config/getall?timestamp=1782873388320&signature=b71a653d441d7f...
                 │    └ <function Exchange.fetch at 0x00000208AA96EC00>
                 └ ccxt.async_support.bingx()
  File "C:\shere-folder\arbitrator\.venv\Lib\site-packages\ccxt\async_support\base\exchange.py", line 241, in fetch
    async with session_method(yarl.URL(url, encoded=True),
               │              │    │   └ 'https://open-api.bingx.com/openApi/wallets/v1/capital/config/getall?timestamp=1782873388320&signature=b71a653d441d7f1236438f...
               │              │    └ <class 'yarl.URL'>
               │              └ <module 'yarl' from 'C:\\shere-folder\\arbitrator\\.venv\\Lib\\site-packages\\yarl\\__init__.py'>
               └ <bound method ClientSession.get of <aiohttp.client.ClientSession object at 0x00000208BF9F9550>>
  File "C:\shere-folder\arbitrator\.venv\Lib\site-packages\aiohttp\client.py", line 1521, in __aenter__
    self._resp: _RetType = await self._coro
    │    │                       │    └ <member '_coro' of '_BaseRequestContextManager' objects>
    │    │                       └ <aiohttp.client._BaseRequestContextManager object at 0x00000208BA0F91E0>
    │    └ <member '_resp' of '_BaseRequestContextManager' objects>
    └ <aiohttp.client._BaseRequestContextManager object at 0x00000208BA0F91E0>
  File "C:\shere-folder\arbitrator\.venv\Lib\site-packages\aiohttp\client.py", line 534, in _request
    raise RuntimeError("Session is closed")

RuntimeError: Session is closed
2026-07-01 05:36:46 | ERROR    | [arbitrator.exchanges.ccxt_base:_ensure_markets_loaded:1351] - load_markets failed | exchange=gate
Traceback (most recent call last):

  File "c:\Users\dev_home\.cursor\extensions\ms-python.debugpy-2026.6.0-win32-x64\bundled\libs\debugpy\_vendored\pydevd\_pydev_bundle\pydev_monkey.py", line 1134, in __call__
    ret = self.original_func(*self.args, **self.kwargs)
          │    │              │    │       │    └ {}
          │    │              │    │       └ <_pydev_bundle.pydev_monkey._NewThreadStartupWithTrace object at 0x00000208AE31A150>
          │    │              │    └ ()
          │    │              └ <_pydev_bundle.pydev_monkey._NewThreadStartupWithTrace object at 0x00000208AE31A150>
          │    └ <bound method Thread._bootstrap of <Thread(screener-stream:0, started daemon 3256)>>
          └ <_pydev_bundle.pydev_monkey._NewThreadStartupWithTrace object at 0x00000208AE31A150>

  File "C:\Users\dev_home\AppData\Local\Programs\Python\Python311\Lib\threading.py", line 1002, in _bootstrap
    self._bootstrap_inner()
    │    └ <function Thread._bootstrap_inner at 0x00000208A36ACB80>
    └ <Thread(screener-stream:0, started daemon 3256)>
  File "C:\Users\dev_home\AppData\Local\Programs\Python\Python311\Lib\threading.py", line 1045, in _bootstrap_inner
    self.run()
    │    └ <function Thread.run at 0x00000208A36AC860>
    └ <Thread(screener-stream:0, started daemon 3256)>
  File "C:\Users\dev_home\AppData\Local\Programs\Python\Python311\Lib\threading.py", line 982, in run
    self._target(*self._args, **self._kwargs)
    │    │        │    │        │    └ {}
    │    │        │    │        └ <Thread(screener-stream:0, started daemon 3256)>
    │    │        │    └ ()
    │    │        └ <Thread(screener-stream:0, started daemon 3256)>
    │    └ <bound method ScreenerStreamWorker._thread_main of <arbitrator.application.screener_stream_worker.ScreenerStreamWorker object...
    └ <Thread(screener-stream:0, started daemon 3256)>

  File "C:\shere-folder\arbitrator\src\arbitrator\application\screener_stream_worker.py", line 88, in _thread_main
    asyncio.run(self._async_main())
    │       │   │    └ <function ScreenerStreamWorker._async_main at 0x00000208ACD07F60>
    │       │   └ <arbitrator.application.screener_stream_worker.ScreenerStreamWorker object at 0x00000208AE319DD0>
    │       └ <function run at 0x00000208A5F1ACA0>
    └ <module 'asyncio' from 'C:\\Users\\dev_home\\AppData\\Local\\Programs\\Python\\Python311\\Lib\\asyncio\\__init__.py'>

  File "C:\Users\dev_home\AppData\Local\Programs\Python\Python311\Lib\asyncio\runners.py", line 190, in run
    return runner.run(main)
           │      │   └ <coroutine object ScreenerStreamWorker._async_main at 0x00000208AE2B8A40>
           │      └ <function Runner.run at 0x00000208A5F1B100>
           └ <asyncio.runners.Runner object at 0x00000208AE16B890>
  File "C:\Users\dev_home\AppData\Local\Programs\Python\Python311\Lib\asyncio\runners.py", line 118, in run
    return self._loop.run_until_complete(task)
           │    │     │                  └ <Task cancelling name='Task-3' coro=<ScreenerStreamWorker._async_main() running at C:\shere-folder\arbitrator\src\arbitrator\...
           │    │     └ <function BaseEventLoop.run_until_complete at 0x00000208A5F18B80>
           │    └ <ProactorEventLoop running=True closed=False debug=False>
           └ <asyncio.runners.Runner object at 0x00000208AE16B890>
  File "C:\Users\dev_home\AppData\Local\Programs\Python\Python311\Lib\asyncio\base_events.py", line 640, in run_until_complete
    self.run_forever()
    │    └ <function ProactorEventLoop.run_forever at 0x00000208A5FB1B20>
    └ <ProactorEventLoop running=True closed=False debug=False>
  File "C:\Users\dev_home\AppData\Local\Programs\Python\Python311\Lib\asyncio\windows_events.py", line 321, in run_forever
    super().run_forever()
  File "C:\Users\dev_home\AppData\Local\Programs\Python\Python311\Lib\asyncio\base_events.py", line 607, in run_forever
    self._run_once()
    │    └ <function BaseEventLoop._run_once at 0x00000208A5F1A8E0>
    └ <ProactorEventLoop running=True closed=False debug=False>
  File "C:\Users\dev_home\AppData\Local\Programs\Python\Python311\Lib\asyncio\base_events.py", line 1922, in _run_once
    handle._run()
    │      └ <function Handle._run at 0x00000208A5E86340>
    └ <Handle Task.task_wakeup(<Task finishe...er shutdown')>)>
  File "C:\Users\dev_home\AppData\Local\Programs\Python\Python311\Lib\asyncio\events.py", line 80, in _run
    self._context.run(self._callback, *self._args)
    │    │            │    │           │    └ <member '_args' of 'Handle' objects>
    │    │            │    │           └ <Handle Task.task_wakeup(<Task finishe...er shutdown')>)>
    │    │            │    └ <member '_callback' of 'Handle' objects>
    │    │            └ <Handle Task.task_wakeup(<Task finishe...er shutdown')>)>
    │    └ <member '_context' of 'Handle' objects>
    └ <Handle Task.task_wakeup(<Task finishe...er shutdown')>)>

  File "C:\shere-folder\arbitrator\src\arbitrator\exchanges\gate.py", line 46, in watch_tickers
    await self._ensure_markets_loaded(client)
          │    │                      └ ccxt.async_support.gate()
          │    └ <function CcxtBase._ensure_markets_loaded at 0x00000208ACCEA980>
          └ <arbitrator.exchanges.gate.Gate object at 0x00000208AE325810>

> File "C:\shere-folder\arbitrator\src\arbitrator\exchanges\ccxt_base.py", line 1348, in _ensure_markets_loaded
    await client.load_markets()
          │      └ <function Exchange.load_markets at 0x00000208AA96EDE0>
          └ ccxt.async_support.gate()

  File "C:\shere-folder\arbitrator\.venv\Lib\site-packages\ccxt\async_support\base\exchange.py", line 365, in load_markets
    raise e
  File "C:\shere-folder\arbitrator\.venv\Lib\site-packages\ccxt\async_support\base\exchange.py", line 357, in load_markets
    result = await self.markets_loading
                   │    └ None
                   └ ccxt.async_support.gate()
  File "C:\shere-folder\arbitrator\.venv\Lib\site-packages\ccxt\async_support\base\exchange.py", line 324, in load_markets_helper
    markets = await self.fetch_markets(params)
                    │    │             └ {}
                    │    └ <function gate.fetch_markets at 0x00000208ABF449A0>
                    └ ccxt.async_support.gate()
  File "C:\shere-folder\arbitrator\.venv\Lib\site-packages\ccxt\async_support\gate.py", line 1343, in fetch_markets
    results = await asyncio.gather(*rawPromises)
                    │       │       └ [<coroutine object gate.fetch_spot_markets at 0x00000208B6A9AD00>, <coroutine object gate.fetch_swap_markets at 0x00000208C8B...
                    │       └ <function gather at 0x00000208A5ED39C0>
                    └ <module 'asyncio' from 'C:\\Users\\dev_home\\AppData\\Local\\Programs\\Python\\Python311\\Lib\\asyncio\\__init__.py'>
  File "C:\shere-folder\arbitrator\.venv\Lib\site-packages\ccxt\async_support\gate.py", line 1667, in fetch_option_markets
    response = await self.publicOptionsGetContracts(query)
                     │    │                         └ {'underlying': 'XRP_USDT'}
                     │    └ <function Entry.__init__.<locals>.unbound_method at 0x00000208A962B560>
                     └ ccxt.async_support.gate()
  File "C:\shere-folder\arbitrator\.venv\Lib\site-packages\ccxt\async_support\base\exchange.py", line 1033, in request
    return await self.fetch2(path, api, method, params, headers, body, config)
                 │    │      │     │    │       │       │        │     └ {'cost': 1}
                 │    │      │     │    │       │       │        └ None
                 │    │      │     │    │       │       └ None
                 │    │      │     │    │       └ {'underlying': 'XRP_USDT'}
                 │    │      │     │    └ 'GET'
                 │    │      │     └ ['public', 'options']
                 │    │      └ 'contracts'
                 │    └ <function Exchange.fetch2 at 0x00000208AAA82E80>
                 └ ccxt.async_support.gate()
  File "C:\shere-folder\arbitrator\.venv\Lib\site-packages\ccxt\async_support\base\exchange.py", line 1029, in fetch2
    raise e
  File "C:\shere-folder\arbitrator\.venv\Lib\site-packages\ccxt\async_support\base\exchange.py", line 1017, in fetch2
    return await self.fetch(request['url'], request['method'], request['headers'], request['body'])
                 │    │     │               │                  │                   └ {'url': 'https://api.gateio.ws/api/v4/options/contracts?underlying=XRP_USDT', 'method': 'GET', 'body': None, 'headers': None}
                 │    │     │               │                  └ {'url': 'https://api.gateio.ws/api/v4/options/contracts?underlying=XRP_USDT', 'method': 'GET', 'body': None, 'headers': None}
                 │    │     │               └ {'url': 'https://api.gateio.ws/api/v4/options/contracts?underlying=XRP_USDT', 'method': 'GET', 'body': None, 'headers': None}
                 │    │     └ {'url': 'https://api.gateio.ws/api/v4/options/contracts?underlying=XRP_USDT', 'method': 'GET', 'body': None, 'headers': None}
                 │    └ <function Exchange.fetch at 0x00000208AA96EC00>
                 └ ccxt.async_support.gate()
  File "C:\shere-folder\arbitrator\.venv\Lib\site-packages\ccxt\async_support\base\exchange.py", line 241, in fetch
    async with session_method(yarl.URL(url, encoded=True),
               │              │    │   └ 'https://api.gateio.ws/api/v4/options/contracts?underlying=XRP_USDT'
               │              │    └ <class 'yarl.URL'>
               │              └ <module 'yarl' from 'C:\\shere-folder\\arbitrator\\.venv\\Lib\\site-packages\\yarl\\__init__.py'>
               └ <bound method ClientSession.get of <aiohttp.client.ClientSession object at 0x00000208CF53C390>>
  File "C:\shere-folder\arbitrator\.venv\Lib\site-packages\aiohttp\client.py", line 1521, in __aenter__
    self._resp: _RetType = await self._coro
    │    │                       │    └ <member '_coro' of '_BaseRequestContextManager' objects>
    │    │                       └ <aiohttp.client._BaseRequestContextManager object at 0x00000208C7744BE0>
    │    └ <member '_resp' of '_BaseRequestContextManager' objects>
    └ <aiohttp.client._BaseRequestContextManager object at 0x00000208C7744BE0>
  File "C:\shere-folder\arbitrator\.venv\Lib\site-packages\aiohttp\client.py", line 673, in _request
    auth = await self._loop.run_in_executor(
                 │    │     └ <function BaseEventLoop.run_in_executor at 0x00000208A5F19440>
                 │    └ <ProactorEventLoop running=True closed=False debug=False>
                 └ <aiohttp.client.ClientSession object at 0x00000208CF53C390>
  File "C:\Users\dev_home\AppData\Local\Programs\Python\Python311\Lib\asyncio\base_events.py", line 829, in run_in_executor
    executor.submit(func, *args), loop=self)
    │        │      │      │           └ <ProactorEventLoop running=True closed=False debug=False>
    │        │      │      └ ('api.gateio.ws',)
    │        │      └ <bound method ClientSession._get_netrc_auth of <aiohttp.client.ClientSession object at 0x00000208CF53C390>>
    │        └ <function ThreadPoolExecutor.submit at 0x00000208AE323E20>
    └ <concurrent.futures.thread.ThreadPoolExecutor object at 0x00000208AE43A210>
  File "C:\Users\dev_home\AppData\Local\Programs\Python\Python311\Lib\concurrent\futures\thread.py", line 167, in submit
    raise RuntimeError('cannot schedule new futures after shutdown')

RuntimeError: cannot schedule new futures after shutdown
