2026-06-25 04:34:18 | ERROR    | [arbitrator.exchanges.ccxt_base:_watch_chunk:837] - watch_tickers error | exchange=mexc chunk=3 symbols=34
Traceback (most recent call last):

  File "c:\Users\dev_home\.cursor\extensions\ms-python.debugpy-2026.6.0-win32-x64\bundled\libs\debugpy\_vendored\pydevd\_pydev_bundle\pydev_monkey.py", line 1134, in __call__
    ret = self.original_func(*self.args, **self.kwargs)
          │    │              │    │       │    └ {}
          │    │              │    │       └ <_pydev_bundle.pydev_monkey._NewThreadStartupWithTrace object at 0x0000017386F18BD0>
          │    │              │    └ ()
          │    │              └ <_pydev_bundle.pydev_monkey._NewThreadStartupWithTrace object at 0x0000017386F18BD0>
          │    └ <bound method Thread._bootstrap of <Thread(screener-stream:1, started daemon 9040)>>
          └ <_pydev_bundle.pydev_monkey._NewThreadStartupWithTrace object at 0x0000017386F18BD0>

  File "C:\Users\dev_home\AppData\Local\Programs\Python\Python311\Lib\threading.py", line 1002, in _bootstrap
    self._bootstrap_inner()
    │    └ <function Thread._bootstrap_inner at 0x00000173D22D1300>
    └ <Thread(screener-stream:1, started daemon 9040)>
  File "C:\Users\dev_home\AppData\Local\Programs\Python\Python311\Lib\threading.py", line 1045, in _bootstrap_inner
    self.run()
    │    └ <function Thread.run at 0x00000173D22D0FE0>
    └ <Thread(screener-stream:1, started daemon 9040)>
  File "C:\Users\dev_home\AppData\Local\Programs\Python\Python311\Lib\threading.py", line 982, in run
    self._target(*self._args, **self._kwargs)
    │    │        │    │        │    └ {}
    │    │        │    │        └ <Thread(screener-stream:1, started daemon 9040)>
    │    │        │    └ ()
    │    │        └ <Thread(screener-stream:1, started daemon 9040)>
    │    └ <bound method ScreenerStreamWorker._thread_main of <arbitrator.application.screener_stream_worker.ScreenerStreamWorker object...
    └ <Thread(screener-stream:1, started daemon 9040)>

  File "C:\shere-folder\arbitrator\src\arbitrator\application\screener_stream_worker.py", line 88, in _thread_main
    asyncio.run(self._async_main())
    │       │   │    └ <function ScreenerStreamWorker._async_main at 0x0000017386F782C0>
    │       │   └ <arbitrator.application.screener_stream_worker.ScreenerStreamWorker object at 0x00000173871699D0>
    │       └ <function run at 0x00000173D55B3E20>
    └ <module 'asyncio' from 'C:\\Users\\dev_home\\AppData\\Local\\Programs\\Python\\Python311\\Lib\\asyncio\\__init__.py'>

  File "C:\Users\dev_home\AppData\Local\Programs\Python\Python311\Lib\asyncio\runners.py", line 190, in run
    return runner.run(main)
           │      │   └ <coroutine object ScreenerStreamWorker._async_main at 0x0000017386F17C40>
           │      └ <function Runner.run at 0x00000173D55E0680>
           └ <asyncio.runners.Runner object at 0x000001738716B6D0>
  File "C:\Users\dev_home\AppData\Local\Programs\Python\Python311\Lib\asyncio\runners.py", line 118, in run
    return self._loop.run_until_complete(task)
           │    │     │                  └ <Task pending name='Task-83' coro=<ScreenerStreamWorker._async_main() running at C:\shere-folder\arbitrator\src\arbitrator\ap...
           │    │     └ <function BaseEventLoop.run_until_complete at 0x00000173D55DE0C0>
           │    └ <ProactorEventLoop running=True closed=False debug=False>
           └ <asyncio.runners.Runner object at 0x000001738716B6D0>
  File "C:\Users\dev_home\AppData\Local\Programs\Python\Python311\Lib\asyncio\base_events.py", line 640, in run_until_complete
    self.run_forever()
    │    └ <function ProactorEventLoop.run_forever at 0x00000173D565C040>
    └ <ProactorEventLoop running=True closed=False debug=False>
  File "C:\Users\dev_home\AppData\Local\Programs\Python\Python311\Lib\asyncio\windows_events.py", line 321, in run_forever
    super().run_forever()
  File "C:\Users\dev_home\AppData\Local\Programs\Python\Python311\Lib\asyncio\base_events.py", line 607, in run_forever
    self._run_once()
    │    └ <function BaseEventLoop._run_once at 0x00000173D55DFE20>
    └ <ProactorEventLoop running=True closed=False debug=False>
  File "C:\Users\dev_home\AppData\Local\Programs\Python\Python311\Lib\asyncio\base_events.py", line 1922, in _run_once
    handle._run()
    │      └ <function Handle._run at 0x00000173D5443880>
    └ <Handle Task.task_wakeup(<Future finis...ion timeout')>)>
  File "C:\Users\dev_home\AppData\Local\Programs\Python\Python311\Lib\asyncio\events.py", line 80, in _run
    self._context.run(self._callback, *self._args)
    │    │            │    │           │    └ <member '_args' of 'Handle' objects>
    │    │            │    │           └ <Handle Task.task_wakeup(<Future finis...ion timeout')>)>
    │    │            │    └ <member '_callback' of 'Handle' objects>
    │    │            └ <Handle Task.task_wakeup(<Future finis...ion timeout')>)>
    │    └ <member '_context' of 'Handle' objects>
    └ <Handle Task.task_wakeup(<Future finis...ion timeout')>)>

> File "C:\shere-folder\arbitrator\src\arbitrator\exchanges\ccxt_base.py", line 833, in _watch_chunk
    payload = await client.watch_tickers(chunk)
                    │      │             └ ['RE/USDT:USDT', 'RECALL/USDT:USDT', 'RESOLV/USDT:USDT', 'RIVER/USDT:USDT', 'SAND/USDT:USDT', 'SEI/USDT:USDT', 'SIGN/USDT:USD...
                    │      └ <function mexc.watch_tickers at 0x00000173DE3F6A20>
                    └ ccxt.async_support.mexc()

  File "C:\shere-folder\arbitrator\.venv\Lib\site-packages\ccxt\pro\mexc.py", line 257, in watch_tickers
    ticker = await self.watch_multiple(url, messageHashes, self.extend(request, params), messageHashes)
                   │    │              │    │              │    │      │        │        └ ['ticker']
                   │    │              │    │              │    │      │        └ {}
                   │    │              │    │              │    │      └ {'method': 'sub.tickers', 'params': {}}
                   │    │              │    │              │    └ <staticmethod(<function Exchange.extend at 0x00000173DB1407C0>)>
                   │    │              │    │              └ ccxt.async_support.mexc()
                   │    │              │    └ ['ticker']
                   │    │              └ 'wss://contract.mexc.com/edge'
                   │    └ <function Exchange.watch_multiple at 0x00000173DC89F600>
                   └ ccxt.async_support.mexc()

ccxt.base.errors.RequestTimeout: Connection timeout
2026-06-25 04:34:20 | ERROR    | [arbitrator.exchanges.ccxt_base:_watch_chunk:837] - watch_tickers error | exchange=mexc chunk=0 symbols=50
Traceback (most recent call last):

  File "c:\Users\dev_home\.cursor\extensions\ms-python.debugpy-2026.6.0-win32-x64\bundled\libs\debugpy\_vendored\pydevd\_pydev_bundle\pydev_monkey.py", line 1134, in __call__
    ret = self.original_func(*self.args, **self.kwargs)
          │    │              │    │       │    └ {}
          │    │              │    │       └ <_pydev_bundle.pydev_monkey._NewThreadStartupWithTrace object at 0x0000017386F18BD0>
          │    │              │    └ ()
          │    │              └ <_pydev_bundle.pydev_monkey._NewThreadStartupWithTrace object at 0x0000017386F18BD0>
          │    └ <bound method Thread._bootstrap of <Thread(screener-stream:1, started daemon 9040)>>
          └ <_pydev_bundle.pydev_monkey._NewThreadStartupWithTrace object at 0x0000017386F18BD0>

  File "C:\Users\dev_home\AppData\Local\Programs\Python\Python311\Lib\threading.py", line 1002, in _bootstrap
    self._bootstrap_inner()
    │    └ <function Thread._bootstrap_inner at 0x00000173D22D1300>
    └ <Thread(screener-stream:1, started daemon 9040)>
  File "C:\Users\dev_home\AppData\Local\Programs\Python\Python311\Lib\threading.py", line 1045, in _bootstrap_inner
    self.run()
    │    └ <function Thread.run at 0x00000173D22D0FE0>
    └ <Thread(screener-stream:1, started daemon 9040)>
  File "C:\Users\dev_home\AppData\Local\Programs\Python\Python311\Lib\threading.py", line 982, in run
    self._target(*self._args, **self._kwargs)
    │    │        │    │        │    └ {}
    │    │        │    │        └ <Thread(screener-stream:1, started daemon 9040)>
    │    │        │    └ ()
    │    │        └ <Thread(screener-stream:1, started daemon 9040)>
    │    └ <bound method ScreenerStreamWorker._thread_main of <arbitrator.application.screener_stream_worker.ScreenerStreamWorker object...
    └ <Thread(screener-stream:1, started daemon 9040)>

  File "C:\shere-folder\arbitrator\src\arbitrator\application\screener_stream_worker.py", line 88, in _thread_main
    asyncio.run(self._async_main())
    │       │   │    └ <function ScreenerStreamWorker._async_main at 0x0000017386F782C0>
    │       │   └ <arbitrator.application.screener_stream_worker.ScreenerStreamWorker object at 0x00000173871699D0>
    │       └ <function run at 0x00000173D55B3E20>
    └ <module 'asyncio' from 'C:\\Users\\dev_home\\AppData\\Local\\Programs\\Python\\Python311\\Lib\\asyncio\\__init__.py'>

  File "C:\Users\dev_home\AppData\Local\Programs\Python\Python311\Lib\asyncio\runners.py", line 190, in run
    return runner.run(main)
           │      │   └ <coroutine object ScreenerStreamWorker._async_main at 0x0000017386F17C40>
           │      └ <function Runner.run at 0x00000173D55E0680>
           └ <asyncio.runners.Runner object at 0x000001738716B6D0>
  File "C:\Users\dev_home\AppData\Local\Programs\Python\Python311\Lib\asyncio\runners.py", line 118, in run
    return self._loop.run_until_complete(task)
           │    │     │                  └ <Task pending name='Task-83' coro=<ScreenerStreamWorker._async_main() running at C:\shere-folder\arbitrator\src\arbitrator\ap...
           │    │     └ <function BaseEventLoop.run_until_complete at 0x00000173D55DE0C0>
           │    └ <ProactorEventLoop running=True closed=False debug=False>
           └ <asyncio.runners.Runner object at 0x000001738716B6D0>
  File "C:\Users\dev_home\AppData\Local\Programs\Python\Python311\Lib\asyncio\base_events.py", line 640, in run_until_complete
    self.run_forever()
    │    └ <function ProactorEventLoop.run_forever at 0x00000173D565C040>
    └ <ProactorEventLoop running=True closed=False debug=False>
  File "C:\Users\dev_home\AppData\Local\Programs\Python\Python311\Lib\asyncio\windows_events.py", line 321, in run_forever
    super().run_forever()
  File "C:\Users\dev_home\AppData\Local\Programs\Python\Python311\Lib\asyncio\base_events.py", line 607, in run_forever
    self._run_once()
    │    └ <function BaseEventLoop._run_once at 0x00000173D55DFE20>
    └ <ProactorEventLoop running=True closed=False debug=False>
  File "C:\Users\dev_home\AppData\Local\Programs\Python\Python311\Lib\asyncio\base_events.py", line 1922, in _run_once
    handle._run()
    │      └ <function Handle._run at 0x00000173D5443880>
    └ <Handle Task.task_wakeup(<Future finis...ion timeout')>)>
  File "C:\Users\dev_home\AppData\Local\Programs\Python\Python311\Lib\asyncio\events.py", line 80, in _run
    self._context.run(self._callback, *self._args)
    │    │            │    │           │    └ <member '_args' of 'Handle' objects>
    │    │            │    │           └ <Handle Task.task_wakeup(<Future finis...ion timeout')>)>
    │    │            │    └ <member '_callback' of 'Handle' objects>
    │    │            └ <Handle Task.task_wakeup(<Future finis...ion timeout')>)>
    │    └ <member '_context' of 'Handle' objects>
    └ <Handle Task.task_wakeup(<Future finis...ion timeout')>)>

> File "C:\shere-folder\arbitrator\src\arbitrator\exchanges\ccxt_base.py", line 833, in _watch_chunk
    payload = await client.watch_tickers(chunk)
                    │      │             └ ['0G/USDT:USDT', '1000000BABYDOGE/USDT:USDT', '1000000MOG/USDT:USDT', '1000BONK/USDT:USDT', '1INCH/USDT:USDT', '2Z/USDT:USDT'...
                    │      └ <function mexc.watch_tickers at 0x00000173DE3F6A20>
                    └ ccxt.async_support.mexc()

  File "C:\shere-folder\arbitrator\.venv\Lib\site-packages\ccxt\pro\mexc.py", line 257, in watch_tickers
    ticker = await self.watch_multiple(url, messageHashes, self.extend(request, params), messageHashes)
                   │    │              │    │              │    │      │        │        └ ['ticker']
                   │    │              │    │              │    │      │        └ {}
                   │    │              │    │              │    │      └ {'method': 'sub.tickers', 'params': {}}
                   │    │              │    │              │    └ <staticmethod(<function Exchange.extend at 0x00000173DB1407C0>)>
                   │    │              │    │              └ ccxt.async_support.mexc()
                   │    │              │    └ ['ticker']
                   │    │              └ 'wss://contract.mexc.com/edge'
                   │    └ <function Exchange.watch_multiple at 0x00000173DC89F600>
                   └ ccxt.async_support.mexc()

ccxt.base.errors.RequestTimeout: Connection timeout
2026-06-25 04:34:20 | ERROR    | [arbitrator.exchanges.ccxt_base:_watch_chunk:837] - watch_tickers error | exchange=mexc chunk=1 symbols=50
Traceback (most recent call last):

  File "c:\Users\dev_home\.cursor\extensions\ms-python.debugpy-2026.6.0-win32-x64\bundled\libs\debugpy\_vendored\pydevd\_pydev_bundle\pydev_monkey.py", line 1134, in __call__
    ret = self.original_func(*self.args, **self.kwargs)
          │    │              │    │       │    └ {}
          │    │              │    │       └ <_pydev_bundle.pydev_monkey._NewThreadStartupWithTrace object at 0x0000017386F18BD0>
          │    │              │    └ ()
          │    │              └ <_pydev_bundle.pydev_monkey._NewThreadStartupWithTrace object at 0x0000017386F18BD0>
          │    └ <bound method Thread._bootstrap of <Thread(screener-stream:1, started daemon 9040)>>
          └ <_pydev_bundle.pydev_monkey._NewThreadStartupWithTrace object at 0x0000017386F18BD0>

  File "C:\Users\dev_home\AppData\Local\Programs\Python\Python311\Lib\threading.py", line 1002, in _bootstrap
    self._bootstrap_inner()
    │    └ <function Thread._bootstrap_inner at 0x00000173D22D1300>
    └ <Thread(screener-stream:1, started daemon 9040)>
  File "C:\Users\dev_home\AppData\Local\Programs\Python\Python311\Lib\threading.py", line 1045, in _bootstrap_inner
    self.run()
    │    └ <function Thread.run at 0x00000173D22D0FE0>
    └ <Thread(screener-stream:1, started daemon 9040)>
  File "C:\Users\dev_home\AppData\Local\Programs\Python\Python311\Lib\threading.py", line 982, in run
    self._target(*self._args, **self._kwargs)
    │    │        │    │        │    └ {}
    │    │        │    │        └ <Thread(screener-stream:1, started daemon 9040)>
    │    │        │    └ ()
    │    │        └ <Thread(screener-stream:1, started daemon 9040)>
    │    └ <bound method ScreenerStreamWorker._thread_main of <arbitrator.application.screener_stream_worker.ScreenerStreamWorker object...
    └ <Thread(screener-stream:1, started daemon 9040)>

  File "C:\shere-folder\arbitrator\src\arbitrator\application\screener_stream_worker.py", line 88, in _thread_main
    asyncio.run(self._async_main())
    │       │   │    └ <function ScreenerStreamWorker._async_main at 0x0000017386F782C0>
    │       │   └ <arbitrator.application.screener_stream_worker.ScreenerStreamWorker object at 0x00000173871699D0>
    │       └ <function run at 0x00000173D55B3E20>
    └ <module 'asyncio' from 'C:\\Users\\dev_home\\AppData\\Local\\Programs\\Python\\Python311\\Lib\\asyncio\\__init__.py'>

  File "C:\Users\dev_home\AppData\Local\Programs\Python\Python311\Lib\asyncio\runners.py", line 190, in run
    return runner.run(main)
           │      │   └ <coroutine object ScreenerStreamWorker._async_main at 0x0000017386F17C40>
           │      └ <function Runner.run at 0x00000173D55E0680>
           └ <asyncio.runners.Runner object at 0x000001738716B6D0>
  File "C:\Users\dev_home\AppData\Local\Programs\Python\Python311\Lib\asyncio\runners.py", line 118, in run
    return self._loop.run_until_complete(task)
           │    │     │                  └ <Task pending name='Task-83' coro=<ScreenerStreamWorker._async_main() running at C:\shere-folder\arbitrator\src\arbitrator\ap...
           │    │     └ <function BaseEventLoop.run_until_complete at 0x00000173D55DE0C0>
           │    └ <ProactorEventLoop running=True closed=False debug=False>
           └ <asyncio.runners.Runner object at 0x000001738716B6D0>
  File "C:\Users\dev_home\AppData\Local\Programs\Python\Python311\Lib\asyncio\base_events.py", line 640, in run_until_complete
    self.run_forever()
    │    └ <function ProactorEventLoop.run_forever at 0x00000173D565C040>
    └ <ProactorEventLoop running=True closed=False debug=False>
  File "C:\Users\dev_home\AppData\Local\Programs\Python\Python311\Lib\asyncio\windows_events.py", line 321, in run_forever
    super().run_forever()
  File "C:\Users\dev_home\AppData\Local\Programs\Python\Python311\Lib\asyncio\base_events.py", line 607, in run_forever
    self._run_once()
    │    └ <function BaseEventLoop._run_once at 0x00000173D55DFE20>
    └ <ProactorEventLoop running=True closed=False debug=False>
  File "C:\Users\dev_home\AppData\Local\Programs\Python\Python311\Lib\asyncio\base_events.py", line 1922, in _run_once
    handle._run()
    │      └ <function Handle._run at 0x00000173D5443880>
    └ <Handle Task.task_wakeup(<Future finis...ion timeout')>)>
  File "C:\Users\dev_home\AppData\Local\Programs\Python\Python311\Lib\asyncio\events.py", line 80, in _run
    self._context.run(self._callback, *self._args)
    │    │            │    │           │    └ <member '_args' of 'Handle' objects>
    │    │            │    │           └ <Handle Task.task_wakeup(<Future finis...ion timeout')>)>
    │    │            │    └ <member '_callback' of 'Handle' objects>
    │    │            └ <Handle Task.task_wakeup(<Future finis...ion timeout')>)>
    │    └ <member '_context' of 'Handle' objects>
    └ <Handle Task.task_wakeup(<Future finis...ion timeout')>)>

> File "C:\shere-folder\arbitrator\src\arbitrator\exchanges\ccxt_base.py", line 833, in _watch_chunk
    payload = await client.watch_tickers(chunk)
                    │      │             └ ['AT/USDT:USDT', 'ATH/USDT:USDT', 'ATOM/USDT:USDT', 'AUCTION/USDT:USDT', 'AVA/USDT:USDT', 'AVAAI/USDT:USDT', 'AVAX/USDT:USDT'...
                    │      └ <function mexc.watch_tickers at 0x00000173DE3F6A20>
                    └ ccxt.async_support.mexc()

  File "C:\shere-folder\arbitrator\.venv\Lib\site-packages\ccxt\pro\mexc.py", line 257, in watch_tickers
    ticker = await self.watch_multiple(url, messageHashes, self.extend(request, params), messageHashes)
                   │    │              │    │              │    │      │        │        └ ['ticker']
                   │    │              │    │              │    │      │        └ {}
                   │    │              │    │              │    │      └ {'method': 'sub.tickers', 'params': {}}
                   │    │              │    │              │    └ <staticmethod(<function Exchange.extend at 0x00000173DB1407C0>)>
                   │    │              │    │              └ ccxt.async_support.mexc()
                   │    │              │    └ ['ticker']
                   │    │              └ 'wss://contract.mexc.com/edge'
                   │    └ <function Exchange.watch_multiple at 0x00000173DC89F600>
                   └ ccxt.async_support.mexc()

ccxt.base.errors.RequestTimeout: Connection timeout
2026-06-25 04:35:57 | ERROR    | [asyncio.base_events:call_exception_handler:1797] - [asyncio] Future exception was never retrieved
future: <Future finished exception=RequestTimeout('Connection timeout')>
ccxt.base.errors.RequestTimeout: Connection timeout
2026-06-25 04:35:57 | ERROR    | [asyncio.base_events:call_exception_handler:1797] - [asyncio] Future exception was never retrieved
future: <Future finished exception=RequestTimeout('Connection timeout')>
ccxt.base.errors.RequestTimeout: Connection timeout
2026-06-25 04:35:57 | ERROR    | [asyncio.base_events:call_exception_handler:1797] - [asyncio] Future exception was never retrieved
future: <Future finished exception=RequestTimeout('Connection timeout')>
ccxt.base.errors.RequestTimeout: Connection timeout
2026-06-25 04:35:57 | ERROR    | [asyncio.base_events:call_exception_handler:1797] - [asyncio] Future exception was never retrieved
future: <Future finished exception=RequestTimeout('Connection timeout')>
ccxt.base.errors.RequestTimeout: Connection timeout
2026-06-25 04:35:57 | ERROR    | [asyncio.base_events:call_exception_handler:1797] - [asyncio] Future exception was never retrieved
future: <Future finished exception=RequestTimeout('Connection timeout')>
ccxt.base.errors.RequestTimeout: Connection timeout
2026-06-25 04:35:57 | ERROR    | [asyncio.base_events:call_exception_handler:1797] - [asyncio] Future exception was never retrieved
future: <Future finished exception=RequestTimeout('Connection timeout')>
ccxt.base.errors.RequestTimeout: Connection timeout
2026-06-25 04:35:57 | ERROR    | [asyncio.base_events:call_exception_handler:1797] - [asyncio] Future exception was never retrieved
future: <Future finished exception=RequestTimeout('Connection timeout')>
ccxt.base.errors.RequestTimeout: Connection timeout
2026-06-25 04:35:57 | ERROR    | [asyncio.base_events:call_exception_handler:1797] - [asyncio] Future exception was never retrieved
future: <Future finished exception=RequestTimeout('Connection timeout')>
ccxt.base.errors.RequestTimeout: Connection timeout
2026-06-25 04:35:57 | ERROR    | [asyncio.base_events:call_exception_handler:1797] - [asyncio] Future exception was never retrieved
future: <Future finished exception=RequestTimeout('Connection timeout')>
ccxt.base.errors.RequestTimeout: Connection timeout
2026-06-25 04:35:57 | ERROR    | [asyncio.base_events:call_exception_handler:1797] - [asyncio] Future exception was never retrieved
future: <Future finished exception=RequestTimeout('Connection timeout')>
ccxt.base.errors.RequestTimeout: Connection timeout
2026-06-25 04:35:57 | ERROR    | [asyncio.base_events:call_exception_handler:1797] - [asyncio] Future exception was never retrieved
future: <Future finished exception=RequestTimeout('Connection timeout')>
ccxt.base.errors.RequestTimeout: Connection timeout
2026-06-25 04:35:57 | ERROR    | [asyncio.base_events:call_exception_handler:1797] - [asyncio] Future exception was never retrieved
future: <Future finished exception=RequestTimeout('Connection timeout')>
ccxt.base.errors.RequestTimeout: Connection timeout
2026-06-25 04:35:57 | ERROR    | [asyncio.base_events:call_exception_handler:1797] - [asyncio] Future exception was never retrieved
future: <Future finished exception=RequestTimeout('Connection timeout')>
ccxt.base.errors.RequestTimeout: Connection timeout
2026-06-25 04:35:57 | ERROR    | [asyncio.base_events:call_exception_handler:1797] - [asyncio] Future exception was never retrieved
future: <Future finished exception=RequestTimeout('Connection timeout')>
ccxt.base.errors.RequestTimeout: Connection timeout
2026-06-25 04:35:57 | ERROR    | [asyncio.base_events:call_exception_handler:1797] - [asyncio] Future exception was never retrieved
future: <Future finished exception=RequestTimeout('Connection timeout')>
ccxt.base.errors.RequestTimeout: Connection timeout
2026-06-25 04:35:57 | ERROR    | [asyncio.base_events:call_exception_handler:1797] - [asyncio] Future exception was never retrieved
future: <Future finished exception=RequestTimeout('Connection timeout')>
ccxt.base.errors.RequestTimeout: Connection timeout
2026-06-25 04:35:57 | ERROR    | [asyncio.base_events:call_exception_handler:1797] - [asyncio] Future exception was never retrieved
future: <Future finished exception=RequestTimeout('Connection timeout')>
ccxt.base.errors.RequestTimeout: Connection timeout
2026-06-25 04:35:57 | ERROR    | [asyncio.base_events:call_exception_handler:1797] - [asyncio] Future exception was never retrieved
future: <Future finished exception=RequestTimeout('Connection timeout')>
ccxt.base.errors.RequestTimeout: Connection timeout
2026-06-25 04:35:57 | ERROR    | [asyncio.base_events:call_exception_handler:1797] - [asyncio] Future exception was never retrieved
future: <Future finished exception=RequestTimeout('Connection timeout')>
ccxt.base.errors.RequestTimeout: Connection timeout
2026-06-25 04:35:57 | ERROR    | [asyncio.base_events:call_exception_handler:1797] - [asyncio] Future exception was never retrieved
future: <Future finished exception=RequestTimeout('Connection timeout')>
ccxt.base.errors.RequestTimeout: Connection timeout
2026-06-25 04:35:57 | ERROR    | [asyncio.base_events:call_exception_handler:1797] - [asyncio] Future exception was never retrieved
future: <Future finished exception=RequestTimeout('Connection timeout')>
ccxt.base.errors.RequestTimeout: Connection timeout
2026-06-25 04:35:57 | ERROR    | [asyncio.base_events:call_exception_handler:1797] - [asyncio] Future exception was never retrieved
future: <Future finished exception=RequestTimeout('Connection timeout')>
ccxt.base.errors.RequestTimeout: Connection timeout
2026-06-25 04:35:57 | ERROR    | [asyncio.base_events:call_exception_handler:1797] - [asyncio] Future exception was never retrieved
future: <Future finished exception=RequestTimeout('Connection timeout')>
ccxt.base.errors.RequestTimeout: Connection timeout
2026-06-25 04:35:57 | ERROR    | [asyncio.base_events:call_exception_handler:1797] - [asyncio] Future exception was never retrieved
future: <Future finished exception=RequestTimeout('Connection timeout')>
ccxt.base.errors.RequestTimeout: Connection timeout
2026-06-25 04:35:57 | ERROR    | [asyncio.base_events:call_exception_handler:1797] - [asyncio] Future exception was never retrieved
future: <Future finished exception=RequestTimeout('Connection timeout')>
ccxt.base.errors.RequestTimeout: Connection timeout
2026-06-25 04:35:57 | ERROR    | [asyncio.base_events:call_exception_handler:1797] - [asyncio] Future exception was never retrieved
future: <Future finished exception=RequestTimeout('Connection timeout')>
ccxt.base.errors.RequestTimeout: Connection timeout
2026-06-25 04:35:57 | ERROR    | [asyncio.base_events:call_exception_handler:1797] - [asyncio] Future exception was never retrieved
future: <Future finished exception=RequestTimeout('Connection timeout')>
ccxt.base.errors.RequestTimeout: Connection timeout
2026-06-25 04:35:57 | ERROR    | [asyncio.base_events:call_exception_handler:1797] - [asyncio] Future exception was never retrieved
future: <Future finished exception=RequestTimeout('Connection timeout')>
ccxt.base.errors.RequestTimeout: Connection timeout
2026-06-25 04:35:57 | ERROR    | [asyncio.base_events:call_exception_handler:1797] - [asyncio] Future exception was never retrieved
future: <Future finished exception=RequestTimeout('Connection timeout')>
ccxt.base.errors.RequestTimeout: Connection timeout
2026-06-25 04:35:57 | ERROR    | [asyncio.base_events:call_exception_handler:1797] - [asyncio] Future exception was never retrieved
future: <Future finished exception=RequestTimeout('Connection timeout')>
ccxt.base.errors.RequestTimeout: Connection timeout
2026-06-25 04:35:57 | ERROR    | [asyncio.base_events:call_exception_handler:1797] - [asyncio] Future exception was never retrieved
future: <Future finished exception=RequestTimeout('Connection timeout')>
ccxt.base.errors.RequestTimeout: Connection timeout
2026-06-25 04:35:57 | ERROR    | [asyncio.base_events:call_exception_handler:1797] - [asyncio] Future exception was never retrieved
future: <Future finished exception=RequestTimeout('Connection timeout')>
ccxt.base.errors.RequestTimeout: Connection timeout
2026-06-25 04:35:57 | ERROR    | [asyncio.base_events:call_exception_handler:1797] - [asyncio] Future exception was never retrieved
future: <Future finished exception=RequestTimeout('Connection timeout')>
ccxt.base.errors.RequestTimeout: Connection timeout
2026-06-25 04:35:57 | ERROR    | [asyncio.base_events:call_exception_handler:1797] - [asyncio] Future exception was never retrieved
future: <Future finished exception=RequestTimeout('Connection timeout')>
ccxt.base.errors.RequestTimeout: Connection timeout
2026-06-25 04:35:57 | ERROR    | [asyncio.base_events:call_exception_handler:1797] - [asyncio] Future exception was never retrieved
future: <Future finished exception=RequestTimeout('Connection timeout')>
ccxt.base.errors.RequestTimeout: Connection timeout
2026-06-25 04:35:57 | ERROR    | [asyncio.base_events:call_exception_handler:1797] - [asyncio] Future exception was never retrieved
future: <Future finished exception=RequestTimeout('Connection timeout')>
ccxt.base.errors.RequestTimeout: Connection timeout
2026-06-25 04:35:57 | ERROR    | [asyncio.base_events:call_exception_handler:1797] - [asyncio] Future exception was never retrieved
future: <Future finished exception=RequestTimeout('Connection timeout')>
ccxt.base.errors.RequestTimeout: Connection timeout
2026-06-25 04:35:57 | ERROR    | [asyncio.base_events:call_exception_handler:1797] - [asyncio] Future exception was never retrieved
future: <Future finished exception=RequestTimeout('Connection timeout')>
ccxt.base.errors.RequestTimeout: Connection timeout
2026-06-25 04:35:57 | ERROR    | [asyncio.base_events:call_exception_handler:1797] - [asyncio] Future exception was never retrieved
future: <Future finished exception=RequestTimeout('Connection timeout')>
ccxt.base.errors.RequestTimeout: Connection timeout
2026-06-25 04:35:57 | ERROR    | [asyncio.base_events:call_exception_handler:1797] - [asyncio] Future exception was never retrieved
future: <Future finished exception=RequestTimeout('Connection timeout')>
ccxt.base.errors.RequestTimeout: Connection timeout
2026-06-25 04:35:57 | ERROR    | [asyncio.base_events:call_exception_handler:1797] - [asyncio] Future exception was never retrieved
future: <Future finished exception=RequestTimeout('Connection timeout')>
ccxt.base.errors.RequestTimeout: Connection timeout
2026-06-25 04:35:57 | ERROR    | [asyncio.base_events:call_exception_handler:1797] - [asyncio] Future exception was never retrieved
future: <Future finished exception=RequestTimeout('Connection timeout')>
ccxt.base.errors.RequestTimeout: Connection timeout
2026-06-25 04:35:57 | ERROR    | [asyncio.base_events:call_exception_handler:1797] - [asyncio] Future exception was never retrieved
future: <Future finished exception=RequestTimeout('Connection timeout')>
ccxt.base.errors.RequestTimeout: Connection timeout
2026-06-25 04:35:57 | ERROR    | [asyncio.base_events:call_exception_handler:1797] - [asyncio] Future exception was never retrieved
future: <Future finished exception=RequestTimeout('Connection timeout')>
ccxt.base.errors.RequestTimeout: Connection timeout
2026-06-25 04:35:57 | ERROR    | [asyncio.base_events:call_exception_handler:1797] - [asyncio] Future exception was never retrieved
future: <Future finished exception=RequestTimeout('Connection timeout')>
ccxt.base.errors.RequestTimeout: Connection timeout
2026-06-25 04:35:57 | ERROR    | [asyncio.base_events:call_exception_handler:1797] - [asyncio] Future exception was never retrieved
future: <Future finished exception=RequestTimeout('Connection timeout')>
ccxt.base.errors.RequestTimeout: Connection timeout
2026-06-25 04:35:57 | ERROR    | [asyncio.base_events:call_exception_handler:1797] - [asyncio] Future exception was never retrieved
future: <Future finished exception=RequestTimeout('Connection timeout')>
ccxt.base.errors.RequestTimeout: Connection timeout
2026-06-25 04:35:58 | ERROR    | [asyncio.base_events:call_exception_handler:1797] - [asyncio] Future exception was never retrieved
future: <Future finished exception=RequestTimeout('Connection timeout')>
ccxt.base.errors.RequestTimeout: Connection timeout
2026-06-25 04:35:58 | ERROR    | [asyncio.base_events:call_exception_handler:1797] - [asyncio] Future exception was never retrieved
future: <Future finished exception=RequestTimeout('Connection timeout')>
ccxt.base.errors.RequestTimeout: Connection timeout
2026-06-25 04:35:58 | ERROR    | [asyncio.base_events:call_exception_handler:1797] - [asyncio] Future exception was never retrieved
future: <Future finished exception=RequestTimeout('Connection timeout')>
ccxt.base.errors.RequestTimeout: Connection timeout
2026-06-25 04:35:58 | ERROR    | [asyncio.base_events:call_exception_handler:1797] - [asyncio] Future exception was never retrieved
future: <Future finished exception=RequestTimeout('Connection timeout')>
ccxt.base.errors.RequestTimeout: Connection timeout
2026-06-25 04:35:58 | ERROR    | [asyncio.base_events:call_exception_handler:1797] - [asyncio] Future exception was never retrieved
future: <Future finished exception=RequestTimeout('Connection timeout')>
ccxt.base.errors.RequestTimeout: Connection timeout
2026-06-25 04:35:58 | ERROR    | [asyncio.base_events:call_exception_handler:1797] - [asyncio] Future exception was never retrieved
future: <Future finished exception=RequestTimeout('Connection timeout')>
ccxt.base.errors.RequestTimeout: Connection timeout
2026-06-25 04:35:58 | ERROR    | [asyncio.base_events:call_exception_handler:1797] - [asyncio] Future exception was never retrieved
future: <Future finished exception=RequestTimeout('Connection timeout')>
ccxt.base.errors.RequestTimeout: Connection timeout
2026-06-25 04:35:58 | ERROR    | [asyncio.base_events:call_exception_handler:1797] - [asyncio] Future exception was never retrieved
future: <Future finished exception=RequestTimeout('Connection timeout')>
ccxt.base.errors.RequestTimeout: Connection timeout
2026-06-25 04:35:58 | ERROR    | [asyncio.base_events:call_exception_handler:1797] - [asyncio] Future exception was never retrieved
future: <Future finished exception=RequestTimeout('Connection timeout')>
ccxt.base.errors.RequestTimeout: Connection timeout
2026-06-25 04:35:58 | ERROR    | [asyncio.base_events:call_exception_handler:1797] - [asyncio] Future exception was never retrieved
future: <Future finished exception=RequestTimeout('Connection timeout')>
ccxt.base.errors.RequestTimeout: Connection timeout
2026-06-25 04:35:58 | ERROR    | [asyncio.base_events:call_exception_handler:1797] - [asyncio] Future exception was never retrieved
future: <Future finished exception=RequestTimeout('Connection timeout')>
ccxt.base.errors.RequestTimeout: Connection timeout
2026-06-25 04:35:58 | ERROR    | [asyncio.base_events:call_exception_handler:1797] - [asyncio] Future exception was never retrieved
future: <Future finished exception=RequestTimeout('Connection timeout')>
ccxt.base.errors.RequestTimeout: Connection timeout
2026-06-25 04:35:58 | ERROR    | [asyncio.base_events:call_exception_handler:1797] - [asyncio] Future exception was never retrieved
future: <Future finished exception=RequestTimeout('Connection timeout')>
ccxt.base.errors.RequestTimeout: Connection timeout
2026-06-25 04:35:58 | ERROR    | [asyncio.base_events:call_exception_handler:1797] - [asyncio] Future exception was never retrieved
future: <Future finished exception=RequestTimeout('Connection timeout')>
ccxt.base.errors.RequestTimeout: Connection timeout
2026-06-25 04:35:58 | ERROR    | [asyncio.base_events:call_exception_handler:1797] - [asyncio] Future exception was never retrieved
future: <Future finished exception=RequestTimeout('Connection timeout')>
ccxt.base.errors.RequestTimeout: Connection timeout
2026-06-25 04:35:58 | ERROR    | [asyncio.base_events:call_exception_handler:1797] - [asyncio] Future exception was never retrieved
future: <Future finished exception=RequestTimeout('Connection timeout')>
ccxt.base.errors.RequestTimeout: Connection timeout
2026-06-25 04:35:58 | ERROR    | [asyncio.base_events:call_exception_handler:1797] - [asyncio] Future exception was never retrieved
future: <Future finished exception=RequestTimeout('Connection timeout')>
ccxt.base.errors.RequestTimeout: Connection timeout
2026-06-25 04:35:58 | ERROR    | [asyncio.base_events:call_exception_handler:1797] - [asyncio] Future exception was never retrieved
future: <Future finished exception=RequestTimeout('Connection timeout')>
ccxt.base.errors.RequestTimeout: Connection timeout
2026-06-25 04:35:58 | ERROR    | [asyncio.base_events:call_exception_handler:1797] - [asyncio] Future exception was never retrieved
future: <Future finished exception=RequestTimeout('Connection timeout')>
ccxt.base.errors.RequestTimeout: Connection timeout
2026-06-25 04:35:58 | ERROR    | [asyncio.base_events:call_exception_handler:1797] - [asyncio] Future exception was never retrieved
future: <Future finished exception=RequestTimeout('Connection timeout')>
ccxt.base.errors.RequestTimeout: Connection timeout
2026-06-25 04:35:58 | ERROR    | [asyncio.base_events:call_exception_handler:1797] - [asyncio] Future exception was never retrieved
future: <Future finished exception=RequestTimeout('Connection timeout')>
ccxt.base.errors.RequestTimeout: Connection timeout
2026-06-25 04:35:58 | ERROR    | [asyncio.base_events:call_exception_handler:1797] - [asyncio] Future exception was never retrieved
future: <Future finished exception=RequestTimeout('Connection timeout')>
ccxt.base.errors.RequestTimeout: Connection timeout
2026-06-25 04:35:58 | ERROR    | [asyncio.base_events:call_exception_handler:1797] - [asyncio] Future exception was never retrieved
future: <Future finished exception=RequestTimeout('Connection timeout')>
ccxt.base.errors.RequestTimeout: Connection timeout
2026-06-25 04:35:58 | ERROR    | [asyncio.base_events:call_exception_handler:1797] - [asyncio] Future exception was never retrieved
future: <Future finished exception=RequestTimeout('Connection timeout')>
ccxt.base.errors.RequestTimeout: Connection timeout
2026-06-25 04:35:58 | ERROR    | [asyncio.base_events:call_exception_handler:1797] - [asyncio] Future exception was never retrieved
future: <Future finished exception=RequestTimeout('Connection timeout')>
ccxt.base.errors.RequestTimeout: Connection timeout
2026-06-25 04:35:58 | ERROR    | [asyncio.base_events:call_exception_handler:1797] - [asyncio] Future exception was never retrieved
future: <Future finished exception=RequestTimeout('Connection timeout')>
ccxt.base.errors.RequestTimeout: Connection timeout
2026-06-25 04:35:58 | ERROR    | [asyncio.base_events:call_exception_handler:1797] - [asyncio] Future exception was never retrieved
future: <Future finished exception=RequestTimeout('Connection timeout')>
ccxt.base.errors.RequestTimeout: Connection timeout
2026-06-25 04:35:58 | ERROR    | [asyncio.base_events:call_exception_handler:1797] - [asyncio] Future exception was never retrieved
future: <Future finished exception=RequestTimeout('Connection timeout')>
ccxt.base.errors.RequestTimeout: Connection timeout
2026-06-25 04:35:58 | ERROR    | [asyncio.base_events:call_exception_handler:1797] - [asyncio] Future exception was never retrieved
future: <Future finished exception=RequestTimeout('Connection timeout')>
ccxt.base.errors.RequestTimeout: Connection timeout
2026-06-25 04:35:58 | ERROR    | [asyncio.base_events:call_exception_handler:1797] - [asyncio] Future exception was never retrieved
future: <Future finished exception=RequestTimeout('Connection timeout')>
ccxt.base.errors.RequestTimeout: Connection timeout
2026-06-25 04:35:58 | ERROR    | [asyncio.base_events:call_exception_handler:1797] - [asyncio] Future exception was never retrieved
future: <Future finished exception=RequestTimeout('Connection timeout')>
ccxt.base.errors.RequestTimeout: Connection timeout
2026-06-25 04:35:58 | ERROR    | [asyncio.base_events:call_exception_handler:1797] - [asyncio] Future exception was never retrieved
future: <Future finished exception=RequestTimeout('Connection timeout')>
ccxt.base.errors.RequestTimeout: Connection timeout
2026-06-25 04:35:58 | ERROR    | [asyncio.base_events:call_exception_handler:1797] - [asyncio] Future exception was never retrieved
future: <Future finished exception=RequestTimeout('Connection timeout')>
ccxt.base.errors.RequestTimeout: Connection timeout
2026-06-25 04:35:58 | ERROR    | [asyncio.base_events:call_exception_handler:1797] - [asyncio] Future exception was never retrieved
future: <Future finished exception=RequestTimeout('Connection timeout')>
ccxt.base.errors.RequestTimeout: Connection timeout
2026-06-25 04:35:58 | ERROR    | [asyncio.base_events:call_exception_handler:1797] - [asyncio] Future exception was never retrieved
future: <Future finished exception=RequestTimeout('Connection timeout')>
ccxt.base.errors.RequestTimeout: Connection timeout
2026-06-25 04:35:58 | ERROR    | [asyncio.base_events:call_exception_handler:1797] - [asyncio] Future exception was never retrieved
future: <Future finished exception=RequestTimeout('Connection timeout')>
ccxt.base.errors.RequestTimeout: Connection timeout
2026-06-25 04:35:58 | ERROR    | [asyncio.base_events:call_exception_handler:1797] - [asyncio] Future exception was never retrieved
future: <Future finished exception=RequestTimeout('Connection timeout')>
ccxt.base.errors.RequestTimeout: Connection timeout
2026-06-25 04:35:58 | ERROR    | [asyncio.base_events:call_exception_handler:1797] - [asyncio] Future exception was never retrieved
future: <Future finished exception=RequestTimeout('Connection timeout')>
ccxt.base.errors.RequestTimeout: Connection timeout
2026-06-25 04:35:58 | ERROR    | [asyncio.base_events:call_exception_handler:1797] - [asyncio] Future exception was never retrieved
future: <Future finished exception=RequestTimeout('Connection timeout')>
ccxt.base.errors.RequestTimeout: Connection timeout
2026-06-25 04:35:58 | ERROR    | [asyncio.base_events:call_exception_handler:1797] - [asyncio] Future exception was never retrieved
future: <Future finished exception=RequestTimeout('Connection timeout')>
ccxt.base.errors.RequestTimeout: Connection timeout
2026-06-25 04:35:58 | ERROR    | [asyncio.base_events:call_exception_handler:1797] - [asyncio] Future exception was never retrieved
future: <Future finished exception=RequestTimeout('Connection timeout')>
ccxt.base.errors.RequestTimeout: Connection timeout
2026-06-25 04:35:58 | ERROR    | [asyncio.base_events:call_exception_handler:1797] - [asyncio] Future exception was never retrieved
future: <Future finished exception=RequestTimeout('Connection timeout')>
ccxt.base.errors.RequestTimeout: Connection timeout
2026-06-25 04:35:58 | ERROR    | [asyncio.base_events:call_exception_handler:1797] - [asyncio] Future exception was never retrieved
future: <Future finished exception=RequestTimeout('Connection timeout')>
ccxt.base.errors.RequestTimeout: Connection timeout
2026-06-25 04:35:58 | ERROR    | [asyncio.base_events:call_exception_handler:1797] - [asyncio] Future exception was never retrieved
future: <Future finished exception=RequestTimeout('Connection timeout')>
ccxt.base.errors.RequestTimeout: Connection timeout
2026-06-25 04:35:58 | ERROR    | [asyncio.base_events:call_exception_handler:1797] - [asyncio] Future exception was never retrieved
future: <Future finished exception=RequestTimeout('Connection timeout')>
ccxt.base.errors.RequestTimeout: Connection timeout
2026-06-25 04:35:58 | ERROR    | [asyncio.base_events:call_exception_handler:1797] - [asyncio] Future exception was never retrieved
future: <Future finished exception=RequestTimeout('Connection timeout')>
ccxt.base.errors.RequestTimeout: Connection timeout
2026-06-25 04:35:58 | ERROR    | [asyncio.base_events:call_exception_handler:1797] - [asyncio] Future exception was never retrieved
future: <Future finished exception=RequestTimeout('Connection timeout')>
ccxt.base.errors.RequestTimeout: Connection timeout
2026-06-25 04:35:58 | ERROR    | [asyncio.base_events:call_exception_handler:1797] - [asyncio] Future exception was never retrieved
future: <Future finished exception=RequestTimeout('Connection timeout')>
ccxt.base.errors.RequestTimeout: Connection timeout
2026-06-25 04:35:58 | ERROR    | [asyncio.base_events:call_exception_handler:1797] - [asyncio] Future exception was never retrieved
future: <Future finished exception=RequestTimeout('Connection timeout')>
ccxt.base.errors.RequestTimeout: Connection timeout
2026-06-25 04:35:58 | ERROR    | [asyncio.base_events:call_exception_handler:1797] - [asyncio] Future exception was never retrieved
future: <Future finished exception=RequestTimeout('Connection timeout')>
ccxt.base.errors.RequestTimeout: Connection timeout
2026-06-25 04:35:58 | ERROR    | [asyncio.base_events:call_exception_handler:1797] - [asyncio] Future exception was never retrieved
future: <Future finished exception=RequestTimeout('Connection timeout')>
ccxt.base.errors.RequestTimeout: Connection timeout
2026-06-25 04:35:58 | ERROR    | [asyncio.base_events:call_exception_handler:1797] - [asyncio] Future exception was never retrieved
future: <Future finished exception=RequestTimeout('Connection timeout')>
ccxt.base.errors.RequestTimeout: Connection timeout
2026-06-25 04:35:58 | ERROR    | [asyncio.base_events:call_exception_handler:1797] - [asyncio] Future exception was never retrieved
future: <Future finished exception=RequestTimeout('Connection timeout')>
ccxt.base.errors.RequestTimeout: Connection timeout
2026-06-25 04:35:58 | ERROR    | [asyncio.base_events:call_exception_handler:1797] - [asyncio] Future exception was never retrieved
future: <Future finished exception=RequestTimeout('Connection timeout')>
ccxt.base.errors.RequestTimeout: Connection timeout
2026-06-25 04:35:58 | ERROR    | [asyncio.base_events:call_exception_handler:1797] - [asyncio] Future exception was never retrieved
future: <Future finished exception=RequestTimeout('Connection timeout')>
ccxt.base.errors.RequestTimeout: Connection timeout
2026-06-25 04:35:58 | ERROR    | [asyncio.base_events:call_exception_handler:1797] - [asyncio] Future exception was never retrieved
future: <Future finished exception=RequestTimeout('Connection timeout')>
ccxt.base.errors.RequestTimeout: Connection timeout
2026-06-25 04:35:58 | ERROR    | [asyncio.base_events:call_exception_handler:1797] - [asyncio] Future exception was never retrieved
future: <Future finished exception=RequestTimeout('Connection timeout')>
ccxt.base.errors.RequestTimeout: Connection timeout
2026-06-25 04:35:59 | ERROR    | [arbitrator.exchanges.ccxt_base:_watch_chunk:837] - watch_tickers error | exchange=bitget chunk=1 symbols=50
Traceback (most recent call last):

  File "c:\Users\dev_home\.cursor\extensions\ms-python.debugpy-2026.6.0-win32-x64\bundled\libs\debugpy\_vendored\pydevd\_pydev_bundle\pydev_monkey.py", line 1134, in __call__
    ret = self.original_func(*self.args, **self.kwargs)
          │    │              │    │       │    └ {}
          │    │              │    │       └ <_pydev_bundle.pydev_monkey._NewThreadStartupWithTrace object at 0x0000017386F18BD0>
          │    │              │    └ ()
          │    │              └ <_pydev_bundle.pydev_monkey._NewThreadStartupWithTrace object at 0x0000017386F18BD0>
          │    └ <bound method Thread._bootstrap of <Thread(screener-stream:1, started daemon 9040)>>
          └ <_pydev_bundle.pydev_monkey._NewThreadStartupWithTrace object at 0x0000017386F18BD0>

  File "C:\Users\dev_home\AppData\Local\Programs\Python\Python311\Lib\threading.py", line 1002, in _bootstrap
    self._bootstrap_inner()
    │    └ <function Thread._bootstrap_inner at 0x00000173D22D1300>
    └ <Thread(screener-stream:1, started daemon 9040)>
  File "C:\Users\dev_home\AppData\Local\Programs\Python\Python311\Lib\threading.py", line 1045, in _bootstrap_inner
    self.run()
    │    └ <function Thread.run at 0x00000173D22D0FE0>
    └ <Thread(screener-stream:1, started daemon 9040)>
  File "C:\Users\dev_home\AppData\Local\Programs\Python\Python311\Lib\threading.py", line 982, in run
    self._target(*self._args, **self._kwargs)
    │    │        │    │        │    └ {}
    │    │        │    │        └ <Thread(screener-stream:1, started daemon 9040)>
    │    │        │    └ ()
    │    │        └ <Thread(screener-stream:1, started daemon 9040)>
    │    └ <bound method ScreenerStreamWorker._thread_main of <arbitrator.application.screener_stream_worker.ScreenerStreamWorker object...
    └ <Thread(screener-stream:1, started daemon 9040)>

  File "C:\shere-folder\arbitrator\src\arbitrator\application\screener_stream_worker.py", line 88, in _thread_main
    asyncio.run(self._async_main())
    │       │   │    └ <function ScreenerStreamWorker._async_main at 0x0000017386F782C0>
    │       │   └ <arbitrator.application.screener_stream_worker.ScreenerStreamWorker object at 0x00000173871699D0>
    │       └ <function run at 0x00000173D55B3E20>
    └ <module 'asyncio' from 'C:\\Users\\dev_home\\AppData\\Local\\Programs\\Python\\Python311\\Lib\\asyncio\\__init__.py'>

  File "C:\Users\dev_home\AppData\Local\Programs\Python\Python311\Lib\asyncio\runners.py", line 190, in run
    return runner.run(main)
           │      │   └ <coroutine object ScreenerStreamWorker._async_main at 0x0000017386F17C40>
           │      └ <function Runner.run at 0x00000173D55E0680>
           └ <asyncio.runners.Runner object at 0x000001738716B6D0>
  File "C:\Users\dev_home\AppData\Local\Programs\Python\Python311\Lib\asyncio\runners.py", line 118, in run
    return self._loop.run_until_complete(task)
           │    │     │                  └ <Task pending name='Task-83' coro=<ScreenerStreamWorker._async_main() running at C:\shere-folder\arbitrator\src\arbitrator\ap...
           │    │     └ <function BaseEventLoop.run_until_complete at 0x00000173D55DE0C0>
           │    └ <ProactorEventLoop running=True closed=False debug=False>
           └ <asyncio.runners.Runner object at 0x000001738716B6D0>
  File "C:\Users\dev_home\AppData\Local\Programs\Python\Python311\Lib\asyncio\base_events.py", line 640, in run_until_complete
    self.run_forever()
    │    └ <function ProactorEventLoop.run_forever at 0x00000173D565C040>
    └ <ProactorEventLoop running=True closed=False debug=False>
  File "C:\Users\dev_home\AppData\Local\Programs\Python\Python311\Lib\asyncio\windows_events.py", line 321, in run_forever
    super().run_forever()
  File "C:\Users\dev_home\AppData\Local\Programs\Python\Python311\Lib\asyncio\base_events.py", line 607, in run_forever
    self._run_once()
    │    └ <function BaseEventLoop._run_once at 0x00000173D55DFE20>
    └ <ProactorEventLoop running=True closed=False debug=False>
  File "C:\Users\dev_home\AppData\Local\Programs\Python\Python311\Lib\asyncio\base_events.py", line 1922, in _run_once
    handle._run()
    │      └ <function Handle._run at 0x00000173D5443880>
    └ <Handle Task.task_wakeup(<Future finis...ion timeout')>)>
  File "C:\Users\dev_home\AppData\Local\Programs\Python\Python311\Lib\asyncio\events.py", line 80, in _run
    self._context.run(self._callback, *self._args)
    │    │            │    │           │    └ <member '_args' of 'Handle' objects>
    │    │            │    │           └ <Handle Task.task_wakeup(<Future finis...ion timeout')>)>
    │    │            │    └ <member '_callback' of 'Handle' objects>
    │    │            └ <Handle Task.task_wakeup(<Future finis...ion timeout')>)>
    │    └ <member '_context' of 'Handle' objects>
    └ <Handle Task.task_wakeup(<Future finis...ion timeout')>)>

> File "C:\shere-folder\arbitrator\src\arbitrator\exchanges\ccxt_base.py", line 833, in _watch_chunk
    payload = await client.watch_tickers(chunk)
                    │      │             └ ['AUCTION/USDT:USDT', 'AVA/USDT:USDT', 'AVAX/USDT:USDT', 'AVNT/USDT:USDT', 'AWE/USDT:USDT', 'AXL/USDT:USDT', 'AXS/USDT:USDT',...
                    │      └ <function bitget.watch_tickers at 0x00000173DE1FB4C0>
                    └ ccxt.async_support.bitget()

  File "C:\shere-folder\arbitrator\.venv\Lib\site-packages\ccxt\pro\bitget.py", line 205, in watch_tickers
    tickers = await self.watch_public_multiple(uta, messageHashes, topics, params)
                    │    │                     │    │              │       └ {}
                    │    │                     │    │              └ [{'instType': 'USDT-FUTURES', 'channel': 'ticker', 'instId': 'AUCTIONUSDT'}, {'instType': 'USDT-FUTURES', 'channel': 'ticker'...
                    │    │                     │    └ ['ticker:AUCTION/USDT:USDT', 'ticker:AVA/USDT:USDT', 'ticker:AVAX/USDT:USDT', 'ticker:AVNT/USDT:USDT', 'ticker:AWE/USDT:USDT'...
                    │    │                     └ False
                    │    └ <function bitget.watch_public_multiple at 0x00000173DE210B80>
                    └ ccxt.async_support.bitget()
  File "C:\shere-folder\arbitrator\.venv\Lib\site-packages\ccxt\pro\bitget.py", line 2324, in watch_public_multiple
    return await self.watch_multiple(url, messageHashes, message, messageHashes)
                 │    │              │    │              │        └ ['ticker:AUCTION/USDT:USDT', 'ticker:AVA/USDT:USDT', 'ticker:AVAX/USDT:USDT', 'ticker:AVNT/USDT:USDT', 'ticker:AWE/USDT:USDT'...
                 │    │              │    │              └ {'op': 'subscribe', 'args': [{'instType': 'USDT-FUTURES', 'channel': 'ticker', 'instId': 'AUCTIONUSDT'}, {'instType': 'USDT-F...
                 │    │              │    └ ['ticker:AUCTION/USDT:USDT', 'ticker:AVA/USDT:USDT', 'ticker:AVAX/USDT:USDT', 'ticker:AVNT/USDT:USDT', 'ticker:AWE/USDT:USDT'...
                 │    │              └ 'wss://ws.bitget.com/v2/ws/public'
                 │    └ <function Exchange.watch_multiple at 0x00000173DC89F600>
                 └ ccxt.async_support.bitget()

ccxt.base.errors.RequestTimeout: Connection timeout
2026-06-25 04:35:59 | ERROR    | [arbitrator.exchanges.ccxt_base:_watch_chunk:837] - watch_tickers error | exchange=bitget chunk=4 symbols=7
Traceback (most recent call last):

  File "c:\Users\dev_home\.cursor\extensions\ms-python.debugpy-2026.6.0-win32-x64\bundled\libs\debugpy\_vendored\pydevd\_pydev_bundle\pydev_monkey.py", line 1134, in __call__
    ret = self.original_func(*self.args, **self.kwargs)
          │    │              │    │       │    └ {}
          │    │              │    │       └ <_pydev_bundle.pydev_monkey._NewThreadStartupWithTrace object at 0x0000017386F18BD0>
          │    │              │    └ ()
          │    │              └ <_pydev_bundle.pydev_monkey._NewThreadStartupWithTrace object at 0x0000017386F18BD0>
          │    └ <bound method Thread._bootstrap of <Thread(screener-stream:1, started daemon 9040)>>
          └ <_pydev_bundle.pydev_monkey._NewThreadStartupWithTrace object at 0x0000017386F18BD0>

  File "C:\Users\dev_home\AppData\Local\Programs\Python\Python311\Lib\threading.py", line 1002, in _bootstrap
    self._bootstrap_inner()
    │    └ <function Thread._bootstrap_inner at 0x00000173D22D1300>
    └ <Thread(screener-stream:1, started daemon 9040)>
  File "C:\Users\dev_home\AppData\Local\Programs\Python\Python311\Lib\threading.py", line 1045, in _bootstrap_inner
    self.run()
    │    └ <function Thread.run at 0x00000173D22D0FE0>
    └ <Thread(screener-stream:1, started daemon 9040)>
  File "C:\Users\dev_home\AppData\Local\Programs\Python\Python311\Lib\threading.py", line 982, in run
    self._target(*self._args, **self._kwargs)
    │    │        │    │        │    └ {}
    │    │        │    │        └ <Thread(screener-stream:1, started daemon 9040)>
    │    │        │    └ ()
    │    │        └ <Thread(screener-stream:1, started daemon 9040)>
    │    └ <bound method ScreenerStreamWorker._thread_main of <arbitrator.application.screener_stream_worker.ScreenerStreamWorker object...
    └ <Thread(screener-stream:1, started daemon 9040)>

  File "C:\shere-folder\arbitrator\src\arbitrator\application\screener_stream_worker.py", line 88, in _thread_main
    asyncio.run(self._async_main())
    │       │   │    └ <function ScreenerStreamWorker._async_main at 0x0000017386F782C0>
    │       │   └ <arbitrator.application.screener_stream_worker.ScreenerStreamWorker object at 0x00000173871699D0>
    │       └ <function run at 0x00000173D55B3E20>
    └ <module 'asyncio' from 'C:\\Users\\dev_home\\AppData\\Local\\Programs\\Python\\Python311\\Lib\\asyncio\\__init__.py'>

  File "C:\Users\dev_home\AppData\Local\Programs\Python\Python311\Lib\asyncio\runners.py", line 190, in run
    return runner.run(main)
           │      │   └ <coroutine object ScreenerStreamWorker._async_main at 0x0000017386F17C40>
           │      └ <function Runner.run at 0x00000173D55E0680>
           └ <asyncio.runners.Runner object at 0x000001738716B6D0>
  File "C:\Users\dev_home\AppData\Local\Programs\Python\Python311\Lib\asyncio\runners.py", line 118, in run
    return self._loop.run_until_complete(task)
           │    │     │                  └ <Task pending name='Task-83' coro=<ScreenerStreamWorker._async_main() running at C:\shere-folder\arbitrator\src\arbitrator\ap...
           │    │     └ <function BaseEventLoop.run_until_complete at 0x00000173D55DE0C0>
           │    └ <ProactorEventLoop running=True closed=False debug=False>
           └ <asyncio.runners.Runner object at 0x000001738716B6D0>
  File "C:\Users\dev_home\AppData\Local\Programs\Python\Python311\Lib\asyncio\base_events.py", line 640, in run_until_complete
    self.run_forever()
    │    └ <function ProactorEventLoop.run_forever at 0x00000173D565C040>
    └ <ProactorEventLoop running=True closed=False debug=False>
  File "C:\Users\dev_home\AppData\Local\Programs\Python\Python311\Lib\asyncio\windows_events.py", line 321, in run_forever
    super().run_forever()
  File "C:\Users\dev_home\AppData\Local\Programs\Python\Python311\Lib\asyncio\base_events.py", line 607, in run_forever
    self._run_once()
    │    └ <function BaseEventLoop._run_once at 0x00000173D55DFE20>
    └ <ProactorEventLoop running=True closed=False debug=False>
  File "C:\Users\dev_home\AppData\Local\Programs\Python\Python311\Lib\asyncio\base_events.py", line 1922, in _run_once
    handle._run()
    │      └ <function Handle._run at 0x00000173D5443880>
    └ <Handle Task.task_wakeup(<Future finis...ion timeout')>)>
  File "C:\Users\dev_home\AppData\Local\Programs\Python\Python311\Lib\asyncio\events.py", line 80, in _run
    self._context.run(self._callback, *self._args)
    │    │            │    │           │    └ <member '_args' of 'Handle' objects>
    │    │            │    │           └ <Handle Task.task_wakeup(<Future finis...ion timeout')>)>
    │    │            │    └ <member '_callback' of 'Handle' objects>
    │    │            └ <Handle Task.task_wakeup(<Future finis...ion timeout')>)>
    │    └ <member '_context' of 'Handle' objects>
    └ <Handle Task.task_wakeup(<Future finis...ion timeout')>)>

> File "C:\shere-folder\arbitrator\src\arbitrator\exchanges\ccxt_base.py", line 833, in _watch_chunk
    payload = await client.watch_tickers(chunk)
                    │      │             └ ['XPT/USDT:USDT', 'XVS/USDT:USDT', 'YGG/USDT:USDT', 'ZAMA/USDT:USDT', 'ZEN/USDT:USDT', 'ZKP/USDT:USDT', 'ZRO/USDT:USDT']
                    │      └ <function bitget.watch_tickers at 0x00000173DE1FB4C0>
                    └ ccxt.async_support.bitget()

  File "C:\shere-folder\arbitrator\.venv\Lib\site-packages\ccxt\pro\bitget.py", line 205, in watch_tickers
    tickers = await self.watch_public_multiple(uta, messageHashes, topics, params)
                    │    │                     │    │              │       └ {}
                    │    │                     │    │              └ [{'instType': 'USDT-FUTURES', 'channel': 'ticker', 'instId': 'XPTUSDT'}, {'instType': 'USDT-FUTURES', 'channel': 'ticker', 'i...
                    │    │                     │    └ ['ticker:XPT/USDT:USDT', 'ticker:XVS/USDT:USDT', 'ticker:YGG/USDT:USDT', 'ticker:ZAMA/USDT:USDT', 'ticker:ZEN/USDT:USDT', 'ti...
                    │    │                     └ False
                    │    └ <function bitget.watch_public_multiple at 0x00000173DE210B80>
                    └ ccxt.async_support.bitget()
  File "C:\shere-folder\arbitrator\.venv\Lib\site-packages\ccxt\pro\bitget.py", line 2324, in watch_public_multiple
    return await self.watch_multiple(url, messageHashes, message, messageHashes)
                 │    │              │    │              │        └ ['ticker:XPT/USDT:USDT', 'ticker:XVS/USDT:USDT', 'ticker:YGG/USDT:USDT', 'ticker:ZAMA/USDT:USDT', 'ticker:ZEN/USDT:USDT', 'ti...
                 │    │              │    │              └ {'op': 'subscribe', 'args': [{'instType': 'USDT-FUTURES', 'channel': 'ticker', 'instId': 'XPTUSDT'}, {'instType': 'USDT-FUTUR...
                 │    │              │    └ ['ticker:XPT/USDT:USDT', 'ticker:XVS/USDT:USDT', 'ticker:YGG/USDT:USDT', 'ticker:ZAMA/USDT:USDT', 'ticker:ZEN/USDT:USDT', 'ti...
                 │    │              └ 'wss://ws.bitget.com/v2/ws/public'
                 │    └ <function Exchange.watch_multiple at 0x00000173DC89F600>
                 └ ccxt.async_support.bitget()

ccxt.base.errors.RequestTimeout: Connection timeout
2026-06-25 04:35:59 | ERROR    | [arbitrator.exchanges.ccxt_base:_watch_chunk:837] - watch_tickers error | exchange=bitget chunk=3 symbols=50
Traceback (most recent call last):

  File "c:\Users\dev_home\.cursor\extensions\ms-python.debugpy-2026.6.0-win32-x64\bundled\libs\debugpy\_vendored\pydevd\_pydev_bundle\pydev_monkey.py", line 1134, in __call__
    ret = self.original_func(*self.args, **self.kwargs)
          │    │              │    │       │    └ {}
          │    │              │    │       └ <_pydev_bundle.pydev_monkey._NewThreadStartupWithTrace object at 0x0000017386F18BD0>
          │    │              │    └ ()
          │    │              └ <_pydev_bundle.pydev_monkey._NewThreadStartupWithTrace object at 0x0000017386F18BD0>
          │    └ <bound method Thread._bootstrap of <Thread(screener-stream:1, started daemon 9040)>>
          └ <_pydev_bundle.pydev_monkey._NewThreadStartupWithTrace object at 0x0000017386F18BD0>

  File "C:\Users\dev_home\AppData\Local\Programs\Python\Python311\Lib\threading.py", line 1002, in _bootstrap
    self._bootstrap_inner()
    │    └ <function Thread._bootstrap_inner at 0x00000173D22D1300>
    └ <Thread(screener-stream:1, started daemon 9040)>
  File "C:\Users\dev_home\AppData\Local\Programs\Python\Python311\Lib\threading.py", line 1045, in _bootstrap_inner
    self.run()
    │    └ <function Thread.run at 0x00000173D22D0FE0>
    └ <Thread(screener-stream:1, started daemon 9040)>
  File "C:\Users\dev_home\AppData\Local\Programs\Python\Python311\Lib\threading.py", line 982, in run
    self._target(*self._args, **self._kwargs)
    │    │        │    │        │    └ {}
    │    │        │    │        └ <Thread(screener-stream:1, started daemon 9040)>
    │    │        │    └ ()
    │    │        └ <Thread(screener-stream:1, started daemon 9040)>
    │    └ <bound method ScreenerStreamWorker._thread_main of <arbitrator.application.screener_stream_worker.ScreenerStreamWorker object...
    └ <Thread(screener-stream:1, started daemon 9040)>

  File "C:\shere-folder\arbitrator\src\arbitrator\application\screener_stream_worker.py", line 88, in _thread_main
    asyncio.run(self._async_main())
    │       │   │    └ <function ScreenerStreamWorker._async_main at 0x0000017386F782C0>
    │       │   └ <arbitrator.application.screener_stream_worker.ScreenerStreamWorker object at 0x00000173871699D0>
    │       └ <function run at 0x00000173D55B3E20>
    └ <module 'asyncio' from 'C:\\Users\\dev_home\\AppData\\Local\\Programs\\Python\\Python311\\Lib\\asyncio\\__init__.py'>

  File "C:\Users\dev_home\AppData\Local\Programs\Python\Python311\Lib\asyncio\runners.py", line 190, in run
    return runner.run(main)
           │      │   └ <coroutine object ScreenerStreamWorker._async_main at 0x0000017386F17C40>
           │      └ <function Runner.run at 0x00000173D55E0680>
           └ <asyncio.runners.Runner object at 0x000001738716B6D0>
  File "C:\Users\dev_home\AppData\Local\Programs\Python\Python311\Lib\asyncio\runners.py", line 118, in run
    return self._loop.run_until_complete(task)
           │    │     │                  └ <Task pending name='Task-83' coro=<ScreenerStreamWorker._async_main() running at C:\shere-folder\arbitrator\src\arbitrator\ap...
           │    │     └ <function BaseEventLoop.run_until_complete at 0x00000173D55DE0C0>
           │    └ <ProactorEventLoop running=True closed=False debug=False>
           └ <asyncio.runners.Runner object at 0x000001738716B6D0>
  File "C:\Users\dev_home\AppData\Local\Programs\Python\Python311\Lib\asyncio\base_events.py", line 640, in run_until_complete
    self.run_forever()
    │    └ <function ProactorEventLoop.run_forever at 0x00000173D565C040>
    └ <ProactorEventLoop running=True closed=False debug=False>
  File "C:\Users\dev_home\AppData\Local\Programs\Python\Python311\Lib\asyncio\windows_events.py", line 321, in run_forever
    super().run_forever()
  File "C:\Users\dev_home\AppData\Local\Programs\Python\Python311\Lib\asyncio\base_events.py", line 607, in run_forever
    self._run_once()
    │    └ <function BaseEventLoop._run_once at 0x00000173D55DFE20>
    └ <ProactorEventLoop running=True closed=False debug=False>
  File "C:\Users\dev_home\AppData\Local\Programs\Python\Python311\Lib\asyncio\base_events.py", line 1922, in _run_once
    handle._run()
    │      └ <function Handle._run at 0x00000173D5443880>
    └ <Handle Task.task_wakeup(<Future finis...ion timeout')>)>
  File "C:\Users\dev_home\AppData\Local\Programs\Python\Python311\Lib\asyncio\events.py", line 80, in _run
    self._context.run(self._callback, *self._args)
    │    │            │    │           │    └ <member '_args' of 'Handle' objects>
    │    │            │    │           └ <Handle Task.task_wakeup(<Future finis...ion timeout')>)>
    │    │            │    └ <member '_callback' of 'Handle' objects>
    │    │            └ <Handle Task.task_wakeup(<Future finis...ion timeout')>)>
    │    └ <member '_context' of 'Handle' objects>
    └ <Handle Task.task_wakeup(<Future finis...ion timeout')>)>

> File "C:\shere-folder\arbitrator\src\arbitrator\exchanges\ccxt_base.py", line 833, in _watch_chunk
    payload = await client.watch_tickers(chunk)
                    │      │             └ ['NOKSTOCK/USDT:USDT', 'NVDA/USDT:USDT', 'O/USDT:USDT', 'ONDO/USDT:USDT', 'ONG/USDT:USDT', 'OPEN/USDT:USDT', 'ORCL/USDT:USDT'...
                    │      └ <function bitget.watch_tickers at 0x00000173DE1FB4C0>
                    └ ccxt.async_support.bitget()

  File "C:\shere-folder\arbitrator\.venv\Lib\site-packages\ccxt\pro\bitget.py", line 205, in watch_tickers
    tickers = await self.watch_public_multiple(uta, messageHashes, topics, params)
                    │    │                     │    │              │       └ {}
                    │    │                     │    │              └ [{'instType': 'USDT-FUTURES', 'channel': 'ticker', 'instId': 'NOKSTOCKUSDT'}, {'instType': 'USDT-FUTURES', 'channel': 'ticker...
                    │    │                     │    └ ['ticker:NOKSTOCK/USDT:USDT', 'ticker:NVDA/USDT:USDT', 'ticker:O/USDT:USDT', 'ticker:ONDO/USDT:USDT', 'ticker:ONG/USDT:USDT',...
                    │    │                     └ False
                    │    └ <function bitget.watch_public_multiple at 0x00000173DE210B80>
                    └ ccxt.async_support.bitget()
  File "C:\shere-folder\arbitrator\.venv\Lib\site-packages\ccxt\pro\bitget.py", line 2324, in watch_public_multiple
    return await self.watch_multiple(url, messageHashes, message, messageHashes)
                 │    │              │    │              │        └ ['ticker:NOKSTOCK/USDT:USDT', 'ticker:NVDA/USDT:USDT', 'ticker:O/USDT:USDT', 'ticker:ONDO/USDT:USDT', 'ticker:ONG/USDT:USDT',...
                 │    │              │    │              └ {'op': 'subscribe', 'args': [{'instType': 'USDT-FUTURES', 'channel': 'ticker', 'instId': 'NOKSTOCKUSDT'}, {'instType': 'USDT-...
                 │    │              │    └ ['ticker:NOKSTOCK/USDT:USDT', 'ticker:NVDA/USDT:USDT', 'ticker:O/USDT:USDT', 'ticker:ONDO/USDT:USDT', 'ticker:ONG/USDT:USDT',...
                 │    │              └ 'wss://ws.bitget.com/v2/ws/public'
                 │    └ <function Exchange.watch_multiple at 0x00000173DC89F600>
                 └ ccxt.async_support.bitget()

ccxt.base.errors.RequestTimeout: Connection timeout
2026-06-25 04:37:14 | ERROR    | [arbitrator.exchanges.ccxt_base:_watch_chunk:837] - watch_tickers error | exchange=mexc chunk=1 symbols=50
Traceback (most recent call last):

  File "c:\Users\dev_home\.cursor\extensions\ms-python.debugpy-2026.6.0-win32-x64\bundled\libs\debugpy\_vendored\pydevd\_pydev_bundle\pydev_monkey.py", line 1134, in __call__
    ret = self.original_func(*self.args, **self.kwargs)
          │    │              │    │       │    └ {}
          │    │              │    │       └ <_pydev_bundle.pydev_monkey._NewThreadStartupWithTrace object at 0x0000017386F18BD0>
          │    │              │    └ ()
          │    │              └ <_pydev_bundle.pydev_monkey._NewThreadStartupWithTrace object at 0x0000017386F18BD0>
          │    └ <bound method Thread._bootstrap of <Thread(screener-stream:1, started daemon 9040)>>
          └ <_pydev_bundle.pydev_monkey._NewThreadStartupWithTrace object at 0x0000017386F18BD0>

  File "C:\Users\dev_home\AppData\Local\Programs\Python\Python311\Lib\threading.py", line 1002, in _bootstrap
    self._bootstrap_inner()
    │    └ <function Thread._bootstrap_inner at 0x00000173D22D1300>
    └ <Thread(screener-stream:1, started daemon 9040)>
  File "C:\Users\dev_home\AppData\Local\Programs\Python\Python311\Lib\threading.py", line 1045, in _bootstrap_inner
    self.run()
    │    └ <function Thread.run at 0x00000173D22D0FE0>
    └ <Thread(screener-stream:1, started daemon 9040)>
  File "C:\Users\dev_home\AppData\Local\Programs\Python\Python311\Lib\threading.py", line 982, in run
    self._target(*self._args, **self._kwargs)
    │    │        │    │        │    └ {}
    │    │        │    │        └ <Thread(screener-stream:1, started daemon 9040)>
    │    │        │    └ ()
    │    │        └ <Thread(screener-stream:1, started daemon 9040)>
    │    └ <bound method ScreenerStreamWorker._thread_main of <arbitrator.application.screener_stream_worker.ScreenerStreamWorker object...
    └ <Thread(screener-stream:1, started daemon 9040)>

  File "C:\shere-folder\arbitrator\src\arbitrator\application\screener_stream_worker.py", line 88, in _thread_main
    asyncio.run(self._async_main())
    │       │   │    └ <function ScreenerStreamWorker._async_main at 0x0000017386F782C0>
    │       │   └ <arbitrator.application.screener_stream_worker.ScreenerStreamWorker object at 0x00000173871699D0>
    │       └ <function run at 0x00000173D55B3E20>
    └ <module 'asyncio' from 'C:\\Users\\dev_home\\AppData\\Local\\Programs\\Python\\Python311\\Lib\\asyncio\\__init__.py'>

  File "C:\Users\dev_home\AppData\Local\Programs\Python\Python311\Lib\asyncio\runners.py", line 190, in run
    return runner.run(main)
           │      │   └ <coroutine object ScreenerStreamWorker._async_main at 0x0000017386F17C40>
           │      └ <function Runner.run at 0x00000173D55E0680>
           └ <asyncio.runners.Runner object at 0x000001738716B6D0>
  File "C:\Users\dev_home\AppData\Local\Programs\Python\Python311\Lib\asyncio\runners.py", line 118, in run
    return self._loop.run_until_complete(task)
           │    │     │                  └ <Task pending name='Task-83' coro=<ScreenerStreamWorker._async_main() running at C:\shere-folder\arbitrator\src\arbitrator\ap...
           │    │     └ <function BaseEventLoop.run_until_complete at 0x00000173D55DE0C0>
           │    └ <ProactorEventLoop running=True closed=False debug=False>
           └ <asyncio.runners.Runner object at 0x000001738716B6D0>
  File "C:\Users\dev_home\AppData\Local\Programs\Python\Python311\Lib\asyncio\base_events.py", line 640, in run_until_complete
    self.run_forever()
    │    └ <function ProactorEventLoop.run_forever at 0x00000173D565C040>
    └ <ProactorEventLoop running=True closed=False debug=False>
  File "C:\Users\dev_home\AppData\Local\Programs\Python\Python311\Lib\asyncio\windows_events.py", line 321, in run_forever
    super().run_forever()
  File "C:\Users\dev_home\AppData\Local\Programs\Python\Python311\Lib\asyncio\base_events.py", line 607, in run_forever
    self._run_once()
    │    └ <function BaseEventLoop._run_once at 0x00000173D55DFE20>
    └ <ProactorEventLoop running=True closed=False debug=False>
  File "C:\Users\dev_home\AppData\Local\Programs\Python\Python311\Lib\asyncio\base_events.py", line 1922, in _run_once
    handle._run()
    │      └ <function Handle._run at 0x00000173D5443880>
    └ <Handle Task.task_wakeup(<Future finis...g code 1006')>)>
  File "C:\Users\dev_home\AppData\Local\Programs\Python\Python311\Lib\asyncio\events.py", line 80, in _run
    self._context.run(self._callback, *self._args)
    │    │            │    │           │    └ <member '_args' of 'Handle' objects>
    │    │            │    │           └ <Handle Task.task_wakeup(<Future finis...g code 1006')>)>
    │    │            │    └ <member '_callback' of 'Handle' objects>
    │    │            └ <Handle Task.task_wakeup(<Future finis...g code 1006')>)>
    │    └ <member '_context' of 'Handle' objects>
    └ <Handle Task.task_wakeup(<Future finis...g code 1006')>)>

> File "C:\shere-folder\arbitrator\src\arbitrator\exchanges\ccxt_base.py", line 833, in _watch_chunk
    payload = await client.watch_tickers(chunk)
                    │      │             └ ['AT/USDT:USDT', 'ATH/USDT:USDT', 'ATOM/USDT:USDT', 'AUCTION/USDT:USDT', 'AVA/USDT:USDT', 'AVAAI/USDT:USDT', 'AVAX/USDT:USDT'...
                    │      └ <function mexc.watch_tickers at 0x00000173DE3F6A20>
                    └ ccxt.async_support.mexc()

  File "C:\shere-folder\arbitrator\.venv\Lib\site-packages\ccxt\pro\mexc.py", line 257, in watch_tickers
    ticker = await self.watch_multiple(url, messageHashes, self.extend(request, params), messageHashes)
                   │    │              │    │              │    │      │        │        └ ['ticker']
                   │    │              │    │              │    │      │        └ {}
                   │    │              │    │              │    │      └ {'method': 'sub.tickers', 'params': {}}
                   │    │              │    │              │    └ <staticmethod(<function Exchange.extend at 0x00000173DB1407C0>)>
                   │    │              │    │              └ ccxt.async_support.mexc()
                   │    │              │    └ ['ticker']
                   │    │              └ 'wss://contract.mexc.com/edge'
                   │    └ <function Exchange.watch_multiple at 0x00000173DC89F600>
                   └ ccxt.async_support.mexc()

ccxt.base.errors.NetworkError: Connection closed by remote server, closing code 1006
2026-06-25 04:37:14 | ERROR    | [arbitrator.exchanges.ccxt_base:_watch_chunk:837] - watch_tickers error | exchange=mexc chunk=2 symbols=50
Traceback (most recent call last):

  File "c:\Users\dev_home\.cursor\extensions\ms-python.debugpy-2026.6.0-win32-x64\bundled\libs\debugpy\_vendored\pydevd\_pydev_bundle\pydev_monkey.py", line 1134, in __call__
    ret = self.original_func(*self.args, **self.kwargs)
          │    │              │    │       │    └ {}
          │    │              │    │       └ <_pydev_bundle.pydev_monkey._NewThreadStartupWithTrace object at 0x0000017386F18BD0>
          │    │              │    └ ()
          │    │              └ <_pydev_bundle.pydev_monkey._NewThreadStartupWithTrace object at 0x0000017386F18BD0>
          │    └ <bound method Thread._bootstrap of <Thread(screener-stream:1, started daemon 9040)>>
          └ <_pydev_bundle.pydev_monkey._NewThreadStartupWithTrace object at 0x0000017386F18BD0>

  File "C:\Users\dev_home\AppData\Local\Programs\Python\Python311\Lib\threading.py", line 1002, in _bootstrap
    self._bootstrap_inner()
    │    └ <function Thread._bootstrap_inner at 0x00000173D22D1300>
    └ <Thread(screener-stream:1, started daemon 9040)>
  File "C:\Users\dev_home\AppData\Local\Programs\Python\Python311\Lib\threading.py", line 1045, in _bootstrap_inner
    self.run()
    │    └ <function Thread.run at 0x00000173D22D0FE0>
    └ <Thread(screener-stream:1, started daemon 9040)>
  File "C:\Users\dev_home\AppData\Local\Programs\Python\Python311\Lib\threading.py", line 982, in run
    self._target(*self._args, **self._kwargs)
    │    │        │    │        │    └ {}
    │    │        │    │        └ <Thread(screener-stream:1, started daemon 9040)>
    │    │        │    └ ()
    │    │        └ <Thread(screener-stream:1, started daemon 9040)>
    │    └ <bound method ScreenerStreamWorker._thread_main of <arbitrator.application.screener_stream_worker.ScreenerStreamWorker object...
    └ <Thread(screener-stream:1, started daemon 9040)>

  File "C:\shere-folder\arbitrator\src\arbitrator\application\screener_stream_worker.py", line 88, in _thread_main
    asyncio.run(self._async_main())
    │       │   │    └ <function ScreenerStreamWorker._async_main at 0x0000017386F782C0>
    │       │   └ <arbitrator.application.screener_stream_worker.ScreenerStreamWorker object at 0x00000173871699D0>
    │       └ <function run at 0x00000173D55B3E20>
    └ <module 'asyncio' from 'C:\\Users\\dev_home\\AppData\\Local\\Programs\\Python\\Python311\\Lib\\asyncio\\__init__.py'>

  File "C:\Users\dev_home\AppData\Local\Programs\Python\Python311\Lib\asyncio\runners.py", line 190, in run
    return runner.run(main)
           │      │   └ <coroutine object ScreenerStreamWorker._async_main at 0x0000017386F17C40>
           │      └ <function Runner.run at 0x00000173D55E0680>
           └ <asyncio.runners.Runner object at 0x000001738716B6D0>
  File "C:\Users\dev_home\AppData\Local\Programs\Python\Python311\Lib\asyncio\runners.py", line 118, in run
    return self._loop.run_until_complete(task)
           │    │     │                  └ <Task pending name='Task-83' coro=<ScreenerStreamWorker._async_main() running at C:\shere-folder\arbitrator\src\arbitrator\ap...
           │    │     └ <function BaseEventLoop.run_until_complete at 0x00000173D55DE0C0>
           │    └ <ProactorEventLoop running=True closed=False debug=False>
           └ <asyncio.runners.Runner object at 0x000001738716B6D0>
  File "C:\Users\dev_home\AppData\Local\Programs\Python\Python311\Lib\asyncio\base_events.py", line 640, in run_until_complete
    self.run_forever()
    │    └ <function ProactorEventLoop.run_forever at 0x00000173D565C040>
    └ <ProactorEventLoop running=True closed=False debug=False>
  File "C:\Users\dev_home\AppData\Local\Programs\Python\Python311\Lib\asyncio\windows_events.py", line 321, in run_forever
    super().run_forever()
  File "C:\Users\dev_home\AppData\Local\Programs\Python\Python311\Lib\asyncio\base_events.py", line 607, in run_forever
    self._run_once()
    │    └ <function BaseEventLoop._run_once at 0x00000173D55DFE20>
    └ <ProactorEventLoop running=True closed=False debug=False>
  File "C:\Users\dev_home\AppData\Local\Programs\Python\Python311\Lib\asyncio\base_events.py", line 1922, in _run_once
    handle._run()
    │      └ <function Handle._run at 0x00000173D5443880>
    └ <Handle Task.task_wakeup(<Future finis...g code 1006')>)>
  File "C:\Users\dev_home\AppData\Local\Programs\Python\Python311\Lib\asyncio\events.py", line 80, in _run
    self._context.run(self._callback, *self._args)
    │    │            │    │           │    └ <member '_args' of 'Handle' objects>
    │    │            │    │           └ <Handle Task.task_wakeup(<Future finis...g code 1006')>)>
    │    │            │    └ <member '_callback' of 'Handle' objects>
    │    │            └ <Handle Task.task_wakeup(<Future finis...g code 1006')>)>
    │    └ <member '_context' of 'Handle' objects>
    └ <Handle Task.task_wakeup(<Future finis...g code 1006')>)>

> File "C:\shere-folder\arbitrator\src\arbitrator\exchanges\ccxt_base.py", line 833, in _watch_chunk
    payload = await client.watch_tickers(chunk)
                    │      │             └ ['COTI/USDT:USDT', 'COW/USDT:USDT', 'CTR/USDT:USDT', 'CVX/USDT:USDT', 'CYBER/USDT:USDT', 'DEEP/USDT:USDT', 'EDGE/USDT:USDT', ...
                    │      └ <function mexc.watch_tickers at 0x00000173DE3F6A20>
                    └ ccxt.async_support.mexc()

  File "C:\shere-folder\arbitrator\.venv\Lib\site-packages\ccxt\pro\mexc.py", line 257, in watch_tickers
    ticker = await self.watch_multiple(url, messageHashes, self.extend(request, params), messageHashes)
                   │    │              │    │              │    │      │        │        └ ['ticker']
                   │    │              │    │              │    │      │        └ {}
                   │    │              │    │              │    │      └ {'method': 'sub.tickers', 'params': {}}
                   │    │              │    │              │    └ <staticmethod(<function Exchange.extend at 0x00000173DB1407C0>)>
                   │    │              │    │              └ ccxt.async_support.mexc()
                   │    │              │    └ ['ticker']
                   │    │              └ 'wss://contract.mexc.com/edge'
                   │    └ <function Exchange.watch_multiple at 0x00000173DC89F600>
                   └ ccxt.async_support.mexc()

ccxt.base.errors.NetworkError: Connection closed by remote server, closing code 1006
2026-06-25 04:37:15 | ERROR    | [arbitrator.exchanges.ccxt_base:_watch_chunk:837] - watch_tickers error | exchange=mexc chunk=3 symbols=34
Traceback (most recent call last):

  File "c:\Users\dev_home\.cursor\extensions\ms-python.debugpy-2026.6.0-win32-x64\bundled\libs\debugpy\_vendored\pydevd\_pydev_bundle\pydev_monkey.py", line 1134, in __call__
    ret = self.original_func(*self.args, **self.kwargs)
          │    │              │    │       │    └ {}
          │    │              │    │       └ <_pydev_bundle.pydev_monkey._NewThreadStartupWithTrace object at 0x0000017386F18BD0>
          │    │              │    └ ()
          │    │              └ <_pydev_bundle.pydev_monkey._NewThreadStartupWithTrace object at 0x0000017386F18BD0>
          │    └ <bound method Thread._bootstrap of <Thread(screener-stream:1, started daemon 9040)>>
          └ <_pydev_bundle.pydev_monkey._NewThreadStartupWithTrace object at 0x0000017386F18BD0>

  File "C:\Users\dev_home\AppData\Local\Programs\Python\Python311\Lib\threading.py", line 1002, in _bootstrap
    self._bootstrap_inner()
    │    └ <function Thread._bootstrap_inner at 0x00000173D22D1300>
    └ <Thread(screener-stream:1, started daemon 9040)>
  File "C:\Users\dev_home\AppData\Local\Programs\Python\Python311\Lib\threading.py", line 1045, in _bootstrap_inner
    self.run()
    │    └ <function Thread.run at 0x00000173D22D0FE0>
    └ <Thread(screener-stream:1, started daemon 9040)>
  File "C:\Users\dev_home\AppData\Local\Programs\Python\Python311\Lib\threading.py", line 982, in run
    self._target(*self._args, **self._kwargs)
    │    │        │    │        │    └ {}
    │    │        │    │        └ <Thread(screener-stream:1, started daemon 9040)>
    │    │        │    └ ()
    │    │        └ <Thread(screener-stream:1, started daemon 9040)>
    │    └ <bound method ScreenerStreamWorker._thread_main of <arbitrator.application.screener_stream_worker.ScreenerStreamWorker object...
    └ <Thread(screener-stream:1, started daemon 9040)>

  File "C:\shere-folder\arbitrator\src\arbitrator\application\screener_stream_worker.py", line 88, in _thread_main
    asyncio.run(self._async_main())
    │       │   │    └ <function ScreenerStreamWorker._async_main at 0x0000017386F782C0>
    │       │   └ <arbitrator.application.screener_stream_worker.ScreenerStreamWorker object at 0x00000173871699D0>
    │       └ <function run at 0x00000173D55B3E20>
    └ <module 'asyncio' from 'C:\\Users\\dev_home\\AppData\\Local\\Programs\\Python\\Python311\\Lib\\asyncio\\__init__.py'>

  File "C:\Users\dev_home\AppData\Local\Programs\Python\Python311\Lib\asyncio\runners.py", line 190, in run
    return runner.run(main)
           │      │   └ <coroutine object ScreenerStreamWorker._async_main at 0x0000017386F17C40>
           │      └ <function Runner.run at 0x00000173D55E0680>
           └ <asyncio.runners.Runner object at 0x000001738716B6D0>
  File "C:\Users\dev_home\AppData\Local\Programs\Python\Python311\Lib\asyncio\runners.py", line 118, in run
    return self._loop.run_until_complete(task)
           │    │     │                  └ <Task pending name='Task-83' coro=<ScreenerStreamWorker._async_main() running at C:\shere-folder\arbitrator\src\arbitrator\ap...
           │    │     └ <function BaseEventLoop.run_until_complete at 0x00000173D55DE0C0>
           │    └ <ProactorEventLoop running=True closed=False debug=False>
           └ <asyncio.runners.Runner object at 0x000001738716B6D0>
  File "C:\Users\dev_home\AppData\Local\Programs\Python\Python311\Lib\asyncio\base_events.py", line 640, in run_until_complete
    self.run_forever()
    │    └ <function ProactorEventLoop.run_forever at 0x00000173D565C040>
    └ <ProactorEventLoop running=True closed=False debug=False>
  File "C:\Users\dev_home\AppData\Local\Programs\Python\Python311\Lib\asyncio\windows_events.py", line 321, in run_forever
    super().run_forever()
  File "C:\Users\dev_home\AppData\Local\Programs\Python\Python311\Lib\asyncio\base_events.py", line 607, in run_forever
    self._run_once()
    │    └ <function BaseEventLoop._run_once at 0x00000173D55DFE20>
    └ <ProactorEventLoop running=True closed=False debug=False>
  File "C:\Users\dev_home\AppData\Local\Programs\Python\Python311\Lib\asyncio\base_events.py", line 1922, in _run_once
    handle._run()
    │      └ <function Handle._run at 0x00000173D5443880>
    └ <Handle Task.task_wakeup(<Future finis...g code 1006')>)>
  File "C:\Users\dev_home\AppData\Local\Programs\Python\Python311\Lib\asyncio\events.py", line 80, in _run
    self._context.run(self._callback, *self._args)
    │    │            │    │           │    └ <member '_args' of 'Handle' objects>
    │    │            │    │           └ <Handle Task.task_wakeup(<Future finis...g code 1006')>)>
    │    │            │    └ <member '_callback' of 'Handle' objects>
    │    │            └ <Handle Task.task_wakeup(<Future finis...g code 1006')>)>
    │    └ <member '_context' of 'Handle' objects>
    └ <Handle Task.task_wakeup(<Future finis...g code 1006')>)>

> File "C:\shere-folder\arbitrator\src\arbitrator\exchanges\ccxt_base.py", line 833, in _watch_chunk
    payload = await client.watch_tickers(chunk)
                    │      │             └ ['RE/USDT:USDT', 'RECALL/USDT:USDT', 'RESOLV/USDT:USDT', 'RIVER/USDT:USDT', 'SAND/USDT:USDT', 'SEI/USDT:USDT', 'SIGN/USDT:USD...
                    │      └ <function mexc.watch_tickers at 0x00000173DE3F6A20>
                    └ ccxt.async_support.mexc()

  File "C:\shere-folder\arbitrator\.venv\Lib\site-packages\ccxt\pro\mexc.py", line 257, in watch_tickers
    ticker = await self.watch_multiple(url, messageHashes, self.extend(request, params), messageHashes)
                   │    │              │    │              │    │      │        │        └ ['ticker']
                   │    │              │    │              │    │      │        └ {}
                   │    │              │    │              │    │      └ {'method': 'sub.tickers', 'params': {}}
                   │    │              │    │              │    └ <staticmethod(<function Exchange.extend at 0x00000173DB1407C0>)>
                   │    │              │    │              └ ccxt.async_support.mexc()
                   │    │              │    └ ['ticker']
                   │    │              └ 'wss://contract.mexc.com/edge'
                   │    └ <function Exchange.watch_multiple at 0x00000173DC89F600>
                   └ ccxt.async_support.mexc()

ccxt.base.errors.NetworkError: Connection closed by remote server, closing code 1006
